[ 0 ms ] START
[ 0 ms ] worker_60174: Hello, I'm new worker!
[ 0 ms ] worker_60174: Incomming connection info: 0.0.0.0 : 0New client socket was created: 4

[ 0 ms ] worker_60174: Start wait for client data...
[ 107 ms ] worker_60174: 1448 bytes were received from client 4
[ 107 ms ] worker_60174: Start to process client request
[ 107 ms ] worker_60174: Request is not valid!
[ 107 ms ] worker_60174: Send response to client
[ 107 ms ] worker_60174: Start wait for client data...
[ 108 ms ] worker_60174: 1448 bytes were received from client 4
[ 108 ms ] worker_60174: Start to process client request
[ 108 ms ] worker_60174: Request is not valid!
[ 108 ms ] worker_60174: Send response to client
[ 108 ms ] worker_60174: Start wait for client data...
[ 109 ms ] worker_60174: 1448 bytes were received from client 4
[ 109 ms ] worker_60174: Start to process client request
[ 109 ms ] worker_60174: Request is not valid!
[ 109 ms ] worker_60174: Send response to client
[ 109 ms ] worker_60174: Start wait for client data...
[ 110 ms ] worker_60174: 2896 bytes were received from client 4
[ 110 ms ] worker_60174: Start to process client request
[ 110 ms ] worker_60174: Request is not valid!
[ 110 ms ] worker_60174: Send response to client
[ 110 ms ] worker_60174: Start wait for client data...
[ 112 ms ] worker_60174: 1448 bytes were received from client 4
[ 112 ms ] worker_60174: Start to process client request
[ 112 ms ] worker_60174: Request is not valid!
[ 112 ms ] worker_60174: Send response to client
[ 112 ms ] worker_60174: Start wait for client data...
[ 113 ms ] worker_60174: 1170 bytes were received from client 4
[ 113 ms ] worker_60174: Start to process client request
[ 113 ms ] worker_60174: Request is not valid!
[ 113 ms ] worker_60174: Send response to client
[ 113 ms ] worker_60174: Start wait for client data...
[ 259 ms ] worker_60174: Receive 0 bytes. Client closed connection. Goodbye!
[ 259 ms ] worker_60174: Exit
[ 259 ms ] END
