[ 0 ms ] START
[ 0 ms ] worker_60198: Hello, I'm new worker!
[ 0 ms ] worker_60198: Incomming connection info: 0.0.0.0 : 0New client socket was created: 4

[ 0 ms ] worker_60198: Start wait for client data...
[ 14 ms ] worker_60198: 1448 bytes were received from client 4
[ 14 ms ] worker_60198: Start to process client request
[ 14 ms ] worker_60198: Request is not valid!
[ 14 ms ] worker_60198: Send response to client
[ 14 ms ] worker_60198: Start wait for client data...
[ 15 ms ] worker_60198: 1448 bytes were received from client 4
[ 15 ms ] worker_60198: Start to process client request
[ 15 ms ] worker_60198: Request is not valid!
[ 15 ms ] worker_60198: Send response to client
[ 15 ms ] worker_60198: Start wait for client data...
[ 17 ms ] worker_60198: 1448 bytes were received from client 4
[ 17 ms ] worker_60198: Start to process client request
[ 17 ms ] worker_60198: Request is not valid!
[ 17 ms ] worker_60198: Send response to client
[ 17 ms ] worker_60198: Start wait for client data...
[ 17 ms ] worker_60198: 1448 bytes were received from client 4
[ 17 ms ] worker_60198: Start to process client request
[ 17 ms ] worker_60198: Request is not valid!
[ 17 ms ] worker_60198: Send response to client
[ 17 ms ] worker_60198: Start wait for client data...
[ 17 ms ] worker_60198: 1448 bytes were received from client 4
[ 17 ms ] worker_60198: Start to process client request
[ 17 ms ] worker_60198: Request is not valid!
[ 17 ms ] worker_60198: Send response to client
[ 17 ms ] worker_60198: Start wait for client data...
[ 17 ms ] worker_60198: 1448 bytes were received from client 4
[ 17 ms ] worker_60198: Start to process client request
[ 18 ms ] worker_60198: Request is not valid!
[ 18 ms ] worker_60198: Send response to client
[ 18 ms ] worker_60198: Start wait for client data...
[ 19 ms ] worker_60198: 1448 bytes were received from client 4
[ 19 ms ] worker_60198: Start to process client request
[ 19 ms ] worker_60198: Request is not valid!
[ 19 ms ] worker_60198: Send response to client
[ 19 ms ] worker_60198: Start wait for client data...
[ 21 ms ] worker_60198: 2896 bytes were received from client 4
[ 21 ms ] worker_60198: Start to process client request
[ 21 ms ] worker_60198: Request is not valid!
[ 21 ms ] worker_60198: Send response to client
[ 21 ms ] worker_60198: Start wait for client data...
[ 23 ms ] worker_60198: 1448 bytes were received from client 4
[ 23 ms ] worker_60198: Start to process client request
[ 23 ms ] worker_60198: Request is not valid!
[ 23 ms ] worker_60198: Send response to client
[ 23 ms ] worker_60198: Start wait for client data...
[ 2165 ms ] worker_60198: Error was occurred while receiving data from client
[ 2165 ms ] worker_60198: Exit
[ 2165 ms ] END
