[ 0 ms ] START
[ 0 ms ] worker_60195: Hello, I'm new worker!
[ 0 ms ] worker_60195: Incomming connection info: 0.0.0.0 : 0New client socket was created: 4

[ 0 ms ] worker_60195: Start wait for client data...
[ 10 ms ] worker_60195: 1448 bytes were received from client 4
[ 10 ms ] worker_60195: Start to process client request
[ 10 ms ] worker_60195: Request is not valid!
[ 10 ms ] worker_60195: Send response to client
[ 11 ms ] worker_60195: Start wait for client data...
[ 12 ms ] worker_60195: 1448 bytes were received from client 4
[ 12 ms ] worker_60195: Start to process client request
[ 12 ms ] worker_60195: Request is not valid!
[ 12 ms ] worker_60195: Send response to client
[ 12 ms ] worker_60195: Start wait for client data...
[ 13 ms ] worker_60195: 2310 bytes were received from client 4
[ 13 ms ] worker_60195: Start to process client request
[ 13 ms ] worker_60195: Request is not valid!
[ 13 ms ] worker_60195: Send response to client
[ 13 ms ] worker_60195: Start wait for client data...
[ 231 ms ] worker_60195: Receive 0 bytes. Client closed connection. Goodbye!
[ 231 ms ] worker_60195: Exit
[ 232 ms ] END
