[ 0 ms ] START
[ 0 ms ] worker_60199: Hello, I'm new worker!
[ 0 ms ] worker_60199: Incomming connection info: 0.0.0.0 : 0New client socket was created: 4

[ 0 ms ] worker_60199: Start wait for client data...
[ 0 ms ] worker_60199: 2896 bytes were received from client 4
[ 0 ms ] worker_60199: Start to process client request
[ 0 ms ] worker_60199: Request is not valid!
[ 0 ms ] worker_60199: Send response to client
[ 0 ms ] worker_60199: Start wait for client data...
[ 3 ms ] worker_60199: 1448 bytes were received from client 4
[ 3 ms ] worker_60199: Start to process client request
[ 3 ms ] worker_60199: Request is not valid!
[ 3 ms ] worker_60199: Send response to client
[ 3 ms ] worker_60199: Start wait for client data...
[ 3 ms ] worker_60199: 1448 bytes were received from client 4
[ 3 ms ] worker_60199: Start to process client request
[ 3 ms ] worker_60199: Request is not valid!
[ 3 ms ] worker_60199: Send response to client
[ 3 ms ] worker_60199: Start wait for client data...
[ 4 ms ] worker_60199: 1448 bytes were received from client 4
[ 4 ms ] worker_60199: Start to process client request
[ 4 ms ] worker_60199: Request is not valid!
[ 4 ms ] worker_60199: Send response to client
[ 4 ms ] worker_60199: Start wait for client data...
[ 4 ms ] worker_60199: 1448 bytes were received from client 4
[ 4 ms ] worker_60199: Start to process client request
[ 4 ms ] worker_60199: Request is not valid!
[ 4 ms ] worker_60199: Send response to client
[ 4 ms ] worker_60199: Start wait for client data...
[ 5 ms ] worker_60199: 1448 bytes were received from client 4
[ 5 ms ] worker_60199: Start to process client request
[ 5 ms ] worker_60199: Request is not valid!
[ 5 ms ] worker_60199: Send response to client
[ 5 ms ] worker_60199: Start wait for client data...
[ 7 ms ] worker_60199: 1448 bytes were received from client 4
[ 7 ms ] worker_60199: Start to process client request
[ 7 ms ] worker_60199: Request is not valid!
[ 7 ms ] worker_60199: Send response to client
[ 7 ms ] worker_60199: Start wait for client data...
[ 8 ms ] worker_60199: 2896 bytes were received from client 4
[ 8 ms ] worker_60199: Start to process client request
[ 8 ms ] worker_60199: Request is not valid!
[ 8 ms ] worker_60199: Send response to client
[ 8 ms ] worker_60199: Start wait for client data...
[ 2160 ms ] worker_60199: Error was occurred while receiving data from client
[ 2160 ms ] worker_60199: Exit
[ 2160 ms ] END
