[ 0 ms ] START
[ 0 ms ] worker_60221: Hello, I'm new worker!
[ 0 ms ] worker_60221: Incomming connection info: 0.0.0.0 : 0New client socket was created: 4

[ 0 ms ] worker_60221: Start wait for client data...
[ 0 ms ] worker_60221: 1448 bytes were received from client 4
[ 0 ms ] worker_60221: Start to process client request
[ 0 ms ] worker_60221: Request is not valid!
[ 0 ms ] worker_60221: Send response to client
[ 0 ms ] worker_60221: Start wait for client data...
[ 138 ms ] worker_60221: 1448 bytes were received from client 4
[ 138 ms ] worker_60221: Start to process client request
[ 138 ms ] worker_60221: Request is not valid!
[ 138 ms ] worker_60221: Send response to client
[ 138 ms ] worker_60221: Start wait for client data...
[ 138 ms ] worker_60221: 1448 bytes were received from client 4
[ 138 ms ] worker_60221: Start to process client request
[ 138 ms ] worker_60221: Request is not valid!
[ 138 ms ] worker_60221: Send response to client
[ 138 ms ] worker_60221: Start wait for client data...
[ 198 ms ] worker_60221: 2896 bytes were received from client 4
[ 198 ms ] worker_60221: Start to process client request
[ 198 ms ] worker_60221: Request is not valid!
[ 198 ms ] worker_60221: Send response to client
[ 198 ms ] worker_60221: Start wait for client data...
[ 198 ms ] worker_60221: 1448 bytes were received from client 4
[ 198 ms ] worker_60221: Start to process client request
[ 199 ms ] worker_60221: Request is not valid!
[ 199 ms ] worker_60221: Send response to client
[ 199 ms ] worker_60221: Start wait for client data...
[ 228 ms ] worker_60221: Error was occurred while receiving data from client
[ 229 ms ] worker_60221: Exit
[ 229 ms ] END
