[ 0 ms ] START
[ 0 ms ] worker_60180: Hello, I'm new worker!
[ 0 ms ] worker_60180: Incomming connection info: 0.0.0.0 : 0New client socket was created: 4

[ 0 ms ] worker_60180: Start wait for client data...
[ 76 ms ] worker_60180: 1448 bytes were received from client 4
[ 76 ms ] worker_60180: Start to process client request
[ 76 ms ] worker_60180: Request is not valid!
[ 76 ms ] worker_60180: Send response to client
[ 76 ms ] worker_60180: Start wait for client data...
[ 76 ms ] worker_60180: 1448 bytes were received from client 4
[ 76 ms ] worker_60180: Start to process client request
[ 76 ms ] worker_60180: Request is not valid!
[ 76 ms ] worker_60180: Send response to client
[ 76 ms ] worker_60180: Start wait for client data...
[ 77 ms ] worker_60180: 1448 bytes were received from client 4
[ 77 ms ] worker_60180: Start to process client request
[ 77 ms ] worker_60180: Request is not valid!
[ 77 ms ] worker_60180: Send response to client
[ 77 ms ] worker_60180: Start wait for client data...
[ 78 ms ] worker_60180: 1448 bytes were received from client 4
[ 78 ms ] worker_60180: Start to process client request
[ 78 ms ] worker_60180: Request is not valid!
[ 78 ms ] worker_60180: Send response to client
[ 78 ms ] worker_60180: Start wait for client data...
[ 80 ms ] worker_60180: 1448 bytes were received from client 4
[ 80 ms ] worker_60180: Start to process client request
[ 80 ms ] worker_60180: Request is not valid!
[ 80 ms ] worker_60180: Send response to client
[ 80 ms ] worker_60180: Start wait for client data...
[ 80 ms ] worker_60180: 1448 bytes were received from client 4
[ 80 ms ] worker_60180: Start to process client request
[ 80 ms ] worker_60180: Request is not valid!
[ 80 ms ] worker_60180: Send response to client
[ 80 ms ] worker_60180: Start wait for client data...
[ 82 ms ] worker_60180: 2896 bytes were received from client 4
[ 82 ms ] worker_60180: Start to process client request
[ 82 ms ] worker_60180: Request is not valid!
[ 82 ms ] worker_60180: Send response to client
[ 82 ms ] worker_60180: Start wait for client data...
[ 83 ms ] worker_60180: 1448 bytes were received from client 4
[ 83 ms ] worker_60180: Start to process client request
[ 83 ms ] worker_60180: Request is not valid!
[ 83 ms ] worker_60180: Send response to client
[ 83 ms ] worker_60180: Start wait for client data...
[ 84 ms ] worker_60180: 642 bytes were received from client 4
[ 84 ms ] worker_60180: Start to process client request
[ 84 ms ] worker_60180: Request is not valid!
[ 84 ms ] worker_60180: Send response to client
[ 84 ms ] worker_60180: Start wait for client data...
[ 251 ms ] worker_60180: Error was occurred while receiving data from client
[ 251 ms ] worker_60180: Exit
[ 252 ms ] END
