[ 0 ms ] START
[ 0 ms ] worker_60211: Hello, I'm new worker!
[ 0 ms ] worker_60211: Incomming connection info: 0.0.0.0 : 0New client socket was created: 4

[ 0 ms ] worker_60211: Start wait for client data...
[ 4 ms ] worker_60211: 1448 bytes were received from client 4
[ 4 ms ] worker_60211: Start to process client request
[ 4 ms ] worker_60211: Request is not valid!
[ 4 ms ] worker_60211: Send response to client
[ 4 ms ] worker_60211: Start wait for client data...
[ 5 ms ] worker_60211: 1448 bytes were received from client 4
[ 5 ms ] worker_60211: Start to process client request
[ 5 ms ] worker_60211: Request is not valid!
[ 5 ms ] worker_60211: Send response to client
[ 5 ms ] worker_60211: Start wait for client data...
[ 5 ms ] worker_60211: 1448 bytes were received from client 4
[ 5 ms ] worker_60211: Start to process client request
[ 5 ms ] worker_60211: Request is not valid!
[ 5 ms ] worker_60211: Send response to client
[ 5 ms ] worker_60211: Start wait for client data...
[ 5 ms ] worker_60211: 1448 bytes were received from client 4
[ 5 ms ] worker_60211: Start to process client request
[ 5 ms ] worker_60211: Request is not valid!
[ 5 ms ] worker_60211: Send response to client
[ 5 ms ] worker_60211: Start wait for client data...
[ 5 ms ] worker_60211: 1448 bytes were received from client 4
[ 5 ms ] worker_60211: Start to process client request
[ 5 ms ] worker_60211: Request is not valid!
[ 5 ms ] worker_60211: Send response to client
[ 5 ms ] worker_60211: Start wait for client data...
[ 5 ms ] worker_60211: 4344 bytes were received from client 4
[ 5 ms ] worker_60211: Start to process client request
[ 5 ms ] worker_60211: Request is not valid!
[ 5 ms ] worker_60211: Send response to client
[ 5 ms ] worker_60211: Start wait for client data...
[ 6 ms ] worker_60211: 462 bytes were received from client 4
[ 6 ms ] worker_60211: Start to process client request
[ 6 ms ] worker_60211: Request is not valid!
[ 6 ms ] worker_60211: Send response to client
[ 6 ms ] worker_60211: Start wait for client data...
[ 156 ms ] worker_60211: Error was occurred while receiving data from client
[ 156 ms ] worker_60211: Exit
[ 156 ms ] END
