[ 0 ms ] START
[ 0 ms ] worker_60182: Hello, I'm new worker!
[ 0 ms ] worker_60182: Incomming connection info: 0.0.0.0 : 0New client socket was created: 4

[ 0 ms ] worker_60182: Start wait for client data...
[ 3 ms ] worker_60182: 1448 bytes were received from client 4
[ 3 ms ] worker_60182: Start to process client request
[ 3 ms ] worker_60182: Request is not valid!
[ 3 ms ] worker_60182: Send response to client
[ 3 ms ] worker_60182: Start wait for client data...
[ 5 ms ] worker_60182: 2896 bytes were received from client 4
[ 5 ms ] worker_60182: Start to process client request
[ 5 ms ] worker_60182: Request is not valid!
[ 5 ms ] worker_60182: Send response to client
[ 5 ms ] worker_60182: Start wait for client data...
[ 12 ms ] worker_60182: 1448 bytes were received from client 4
[ 12 ms ] worker_60182: Start to process client request
[ 12 ms ] worker_60182: Request is not valid!
[ 12 ms ] worker_60182: Send response to client
[ 12 ms ] worker_60182: Start wait for client data...
[ 12 ms ] worker_60182: 1448 bytes were received from client 4
[ 12 ms ] worker_60182: Start to process client request
[ 12 ms ] worker_60182: Request is not valid!
[ 12 ms ] worker_60182: Send response to client
[ 12 ms ] worker_60182: Start wait for client data...
[ 13 ms ] worker_60182: 1448 bytes were received from client 4
[ 13 ms ] worker_60182: Start to process client request
[ 13 ms ] worker_60182: Request is not valid!
[ 13 ms ] worker_60182: Send response to client
[ 13 ms ] worker_60182: Start wait for client data...
[ 15 ms ] worker_60182: 1420 bytes were received from client 4
[ 15 ms ] worker_60182: Start to process client request
[ 15 ms ] worker_60182: Request is not valid!
[ 15 ms ] worker_60182: Send response to client
[ 15 ms ] worker_60182: Start wait for client data...
[ 170 ms ] worker_60182: Receive 0 bytes. Client closed connection. Goodbye!
[ 170 ms ] worker_60182: Exit
[ 170 ms ] END
