[ 0 ms ] START
[ 0 ms ] worker_60220: Hello, I'm new worker!
[ 0 ms ] worker_60220: Incomming connection info: 0.0.0.0 : 0New client socket was created: 4

[ 0 ms ] worker_60220: Start wait for client data...
[ 0 ms ] worker_60220: 1448 bytes were received from client 4
[ 0 ms ] worker_60220: Start to process client request
[ 0 ms ] worker_60220: Request is not valid!
[ 0 ms ] worker_60220: Send response to client
[ 0 ms ] worker_60220: Start wait for client data...
[ 140 ms ] worker_60220: 1448 bytes were received from client 4
[ 140 ms ] worker_60220: Start to process client request
[ 140 ms ] worker_60220: Request is not valid!
[ 140 ms ] worker_60220: Send response to client
[ 140 ms ] worker_60220: Start wait for client data...
[ 141 ms ] worker_60220: 1448 bytes were received from client 4
[ 141 ms ] worker_60220: Start to process client request
[ 141 ms ] worker_60220: Request is not valid!
[ 141 ms ] worker_60220: Send response to client
[ 141 ms ] worker_60220: Start wait for client data...
[ 195 ms ] worker_60220: 2896 bytes were received from client 4
[ 195 ms ] worker_60220: Start to process client request
[ 195 ms ] worker_60220: Request is not valid!
[ 195 ms ] worker_60220: Send response to client
[ 195 ms ] worker_60220: Start wait for client data...
[ 195 ms ] worker_60220: 1448 bytes were received from client 4
[ 195 ms ] worker_60220: Start to process client request
[ 195 ms ] worker_60220: Request is not valid!
[ 195 ms ] worker_60220: Send response to client
[ 195 ms ] worker_60220: Start wait for client data...
[ 228 ms ] worker_60220: Error was occurred while receiving data from client
[ 229 ms ] worker_60220: Exit
[ 229 ms ] END
