[ 0 ms ] START
[ 0 ms ] worker_60162: Hello, I'm new worker!
[ 0 ms ] worker_60162: Incomming connection info: 0.0.0.0 : 0New client socket was created: 4

[ 0 ms ] worker_60162: Start wait for client data...
[ 13 ms ] worker_60162: 1448 bytes were received from client 4
[ 13 ms ] worker_60162: Start to process client request
[ 13 ms ] worker_60162: Request is not valid!
[ 13 ms ] worker_60162: Send response to client
[ 13 ms ] worker_60162: Start wait for client data...
[ 13 ms ] worker_60162: 1448 bytes were received from client 4
[ 13 ms ] worker_60162: Start to process client request
[ 13 ms ] worker_60162: Request is not valid!
[ 13 ms ] worker_60162: Send response to client
[ 13 ms ] worker_60162: Start wait for client data...
[ 17 ms ] worker_60162: 2896 bytes were received from client 4
[ 17 ms ] worker_60162: Start to process client request
[ 17 ms ] worker_60162: Request is not valid!
[ 17 ms ] worker_60162: Send response to client
[ 17 ms ] worker_60162: Start wait for client data...
[ 17 ms ] worker_60162: 2896 bytes were received from client 4
[ 17 ms ] worker_60162: Start to process client request
[ 17 ms ] worker_60162: Request is not valid!
[ 17 ms ] worker_60162: Send response to client
[ 17 ms ] worker_60162: Start wait for client data...
[ 17 ms ] worker_60162: 1448 bytes were received from client 4
[ 17 ms ] worker_60162: Start to process client request
[ 17 ms ] worker_60162: Request is not valid!
[ 17 ms ] worker_60162: Send response to client
[ 17 ms ] worker_60162: Start wait for client data...
[ 18 ms ] worker_60162: 2896 bytes were received from client 4
[ 18 ms ] worker_60162: Start to process client request
[ 18 ms ] worker_60162: Request is not valid!
[ 18 ms ] worker_60162: Send response to client
[ 18 ms ] worker_60162: Start wait for client data...
[ 18 ms ] worker_60162: 954 bytes were received from client 4
[ 18 ms ] worker_60162: Start to process client request
[ 18 ms ] worker_60162: Request is not valid!
[ 18 ms ] worker_60162: Send response to client
[ 18 ms ] worker_60162: Start wait for client data...
[ 60 ms ] worker_60162: Error was occurred while receiving data from client
[ 60 ms ] worker_60162: Exit
[ 61 ms ] END
