[ 0 ms ] START
[ 0 ms ] worker_60181: Hello, I'm new worker!
[ 0 ms ] worker_60181: Incomming connection info: 0.0.0.0 : 0New client socket was created: 4

[ 0 ms ] worker_60181: Start wait for client data...
[ 17 ms ] worker_60181: 1448 bytes were received from client 4
[ 17 ms ] worker_60181: Start to process client request
[ 17 ms ] worker_60181: Request is not valid!
[ 17 ms ] worker_60181: Send response to client
[ 17 ms ] worker_60181: Start wait for client data...
[ 18 ms ] worker_60181: 1448 bytes were received from client 4
[ 18 ms ] worker_60181: Start to process client request
[ 18 ms ] worker_60181: Request is not valid!
[ 18 ms ] worker_60181: Send response to client
[ 18 ms ] worker_60181: Start wait for client data...
[ 18 ms ] worker_60181: 1448 bytes were received from client 4
[ 18 ms ] worker_60181: Start to process client request
[ 18 ms ] worker_60181: Request is not valid!
[ 18 ms ] worker_60181: Send response to client
[ 18 ms ] worker_60181: Start wait for client data...
[ 19 ms ] worker_60181: 1448 bytes were received from client 4
[ 19 ms ] worker_60181: Start to process client request
[ 19 ms ] worker_60181: Request is not valid!
[ 19 ms ] worker_60181: Send response to client
[ 19 ms ] worker_60181: Start wait for client data...
[ 21 ms ] worker_60181: 1448 bytes were received from client 4
[ 21 ms ] worker_60181: Start to process client request
[ 21 ms ] worker_60181: Request is not valid!
[ 21 ms ] worker_60181: Send response to client
[ 21 ms ] worker_60181: Start wait for client data...
[ 22 ms ] worker_60181: 1448 bytes were received from client 4
[ 22 ms ] worker_60181: Start to process client request
[ 22 ms ] worker_60181: Request is not valid!
[ 22 ms ] worker_60181: Send response to client
[ 22 ms ] worker_60181: Start wait for client data...
[ 22 ms ] worker_60181: 1448 bytes were received from client 4
[ 22 ms ] worker_60181: Start to process client request
[ 22 ms ] worker_60181: Request is not valid!
[ 22 ms ] worker_60181: Send response to client
[ 22 ms ] worker_60181: Start wait for client data...
[ 23 ms ] worker_60181: 1448 bytes were received from client 4
[ 24 ms ] worker_60181: Start to process client request
[ 24 ms ] worker_60181: Request is not valid!
[ 24 ms ] worker_60181: Send response to client
[ 24 ms ] worker_60181: Start wait for client data...
[ 24 ms ] worker_60181: 1448 bytes were received from client 4
[ 24 ms ] worker_60181: Start to process client request
[ 24 ms ] worker_60181: Request is not valid!
[ 24 ms ] worker_60181: Send response to client
[ 24 ms ] worker_60181: Start wait for client data...
[ 24 ms ] worker_60181: 642 bytes were received from client 4
[ 25 ms ] worker_60181: Start to process client request
[ 25 ms ] worker_60181: Request is not valid!
[ 25 ms ] worker_60181: Send response to client
[ 25 ms ] worker_60181: Start wait for client data...
[ 176 ms ] worker_60181: Receive 0 bytes. Client closed connection. Goodbye!
[ 176 ms ] worker_60181: Exit
[ 176 ms ] END
