[ 0 ms ] START
[ 0 ms ] worker_60215: Hello, I'm new worker!
[ 0 ms ] worker_60215: Incomming connection info: 0.0.0.0 : 0New client socket was created: 4

[ 0 ms ] worker_60215: Start wait for client data...
[ 0 ms ] worker_60215: 5792 bytes were received from client 4
[ 0 ms ] worker_60215: Start to process client request
[ 0 ms ] worker_60215: Request is not valid!
[ 0 ms ] worker_60215: Send response to client
[ 0 ms ] worker_60215: Start wait for client data...
[ 3057 ms ] worker_60215: 1448 bytes were received from client 4
[ 3057 ms ] worker_60215: Start to process client request
[ 3057 ms ] worker_60215: Request is not valid!
[ 3057 ms ] worker_60215: Send response to client
[ 3057 ms ] worker_60215: Start wait for client data...
[ 3060 ms ] worker_60215: 2896 bytes were received from client 4
[ 3060 ms ] worker_60215: Start to process client request
[ 3060 ms ] worker_60215: Request is not valid!
[ 3060 ms ] worker_60215: Send response to client
[ 3060 ms ] worker_60215: Start wait for client data...
[ 3064 ms ] worker_60215: Error was occurred while receiving data from client
[ 3064 ms ] worker_60215: Exit
[ 3064 ms ] END
