[ 0 ms ] START
[ 0 ms ] worker_60172: Hello, I'm new worker!
[ 0 ms ] worker_60172: Incomming connection info: 0.0.0.0 : 0New client socket was created: 4

[ 0 ms ] worker_60172: Start wait for client data...
[ 8 ms ] worker_60172: 1448 bytes were received from client 4
[ 8 ms ] worker_60172: Start to process client request
[ 8 ms ] worker_60172: Request is not valid!
[ 8 ms ] worker_60172: Send response to client
[ 8 ms ] worker_60172: Start wait for client data...
[ 8 ms ] worker_60172: 1448 bytes were received from client 4
[ 8 ms ] worker_60172: Start to process client request
[ 8 ms ] worker_60172: Request is not valid!
[ 8 ms ] worker_60172: Send response to client
[ 8 ms ] worker_60172: Start wait for client data...
[ 10 ms ] worker_60172: 1448 bytes were received from client 4
[ 10 ms ] worker_60172: Start to process client request
[ 10 ms ] worker_60172: Request is not valid!
[ 10 ms ] worker_60172: Send response to client
[ 10 ms ] worker_60172: Start wait for client data...
[ 11 ms ] worker_60172: 1448 bytes were received from client 4
[ 11 ms ] worker_60172: Start to process client request
[ 11 ms ] worker_60172: Request is not valid!
[ 11 ms ] worker_60172: Send response to client
[ 11 ms ] worker_60172: Start wait for client data...
[ 15 ms ] worker_60172: 1448 bytes were received from client 4
[ 15 ms ] worker_60172: Start to process client request
[ 15 ms ] worker_60172: Request is not valid!
[ 15 ms ] worker_60172: Send response to client
[ 15 ms ] worker_60172: Start wait for client data...
[ 15 ms ] worker_60172: 1448 bytes were received from client 4
[ 15 ms ] worker_60172: Start to process client request
[ 15 ms ] worker_60172: Request is not valid!
[ 15 ms ] worker_60172: Send response to client
[ 15 ms ] worker_60172: Start wait for client data...
[ 15 ms ] worker_60172: 1448 bytes were received from client 4
[ 15 ms ] worker_60172: Start to process client request
[ 15 ms ] worker_60172: Request is not valid!
[ 15 ms ] worker_60172: Send response to client
[ 15 ms ] worker_60172: Start wait for client data...
[ 37 ms ] worker_60172: 1032 bytes were received from client 4
[ 37 ms ] worker_60172: Start to process client request
[ 37 ms ] worker_60172: Request is not valid!
[ 37 ms ] worker_60172: Send response to client
[ 37 ms ] worker_60172: Start wait for client data...
[ 183 ms ] worker_60172: Receive 0 bytes. Client closed connection. Goodbye!
[ 183 ms ] worker_60172: Exit
[ 183 ms ] END
