[ 0 ms ] START
[ 0 ms ] worker_61952: Hello, I'm new worker!
[ 0 ms ] worker_61952: Incomming connection info: 0.0.0.0 : 0New client socket was created: 4

[ 0 ms ] worker_61952: Start wait for client data...
[ 114 ms ] worker_61952: 1448 bytes were received from client 4
[ 114 ms ] worker_61952: Start to process client request
[ 114 ms ] worker_61952: Request is not valid!
[ 114 ms ] worker_61952: Send response to client
[ 114 ms ] worker_61952: Start wait for client data...
[ 115 ms ] worker_61952: 2896 bytes were received from client 4
[ 115 ms ] worker_61952: Start to process client request
[ 115 ms ] worker_61952: Request is not valid!
[ 115 ms ] worker_61952: Send response to client
[ 115 ms ] worker_61952: Start wait for client data...
[ 116 ms ] worker_61952: 1448 bytes were received from client 4
[ 116 ms ] worker_61952: Start to process client request
[ 116 ms ] worker_61952: Request is not valid!
[ 116 ms ] worker_61952: Send response to client
[ 116 ms ] worker_61952: Start wait for client data...
[ 117 ms ] worker_61952: 1448 bytes were received from client 4
[ 117 ms ] worker_61952: Start to process client request
[ 117 ms ] worker_61952: Request is not valid!
[ 117 ms ] worker_61952: Send response to client
[ 118 ms ] worker_61952: Start wait for client data...
[ 118 ms ] worker_61952: 1448 bytes were received from client 4
[ 118 ms ] worker_61952: Start to process client request
[ 119 ms ] worker_61952: Request is not valid!
[ 119 ms ] worker_61952: Send response to client
[ 119 ms ] worker_61952: Start wait for client data...
[ 120 ms ] worker_61952: 1448 bytes were received from client 4
[ 120 ms ] worker_61952: Start to process client request
[ 120 ms ] worker_61952: Request is not valid!
[ 120 ms ] worker_61952: Send response to client
[ 120 ms ] worker_61952: Start wait for client data...
[ 121 ms ] worker_61952: 2896 bytes were received from client 4
[ 121 ms ] worker_61952: Start to process client request
[ 121 ms ] worker_61952: Request is not valid!
[ 121 ms ] worker_61952: Send response to client
[ 121 ms ] worker_61952: Start wait for client data...
[ 122 ms ] worker_61952: 1448 bytes were received from client 4
[ 122 ms ] worker_61952: Start to process client request
[ 122 ms ] worker_61952: Request is not valid!
[ 122 ms ] worker_61952: Send response to client
[ 122 ms ] worker_61952: Start wait for client data...
[ 289 ms ] worker_61952: 2896 bytes were received from client 4
[ 289 ms ] worker_61952: Start to process client request
[ 289 ms ] worker_61952: Request is not valid!
[ 289 ms ] worker_61952: Send response to client
[ 289 ms ] worker_61952: Start wait for client data...
[ 290 ms ] worker_61952: 1448 bytes were received from client 4
[ 290 ms ] worker_61952: Start to process client request
[ 290 ms ] worker_61952: Request is not valid!
[ 290 ms ] worker_61952: Send response to client
[ 290 ms ] worker_61952: Start wait for client data...
[ 292 ms ] worker_61952: 1184 bytes were received from client 4
[ 292 ms ] worker_61952: Start to process client request
[ 292 ms ] worker_61952: Request is not valid!
[ 292 ms ] worker_61952: Send response to client
[ 292 ms ] worker_61952: Start wait for client data...
[ 292 ms ] worker_61952: Receive 0 bytes. Client closed connection. Goodbye!
[ 292 ms ] worker_61952: Exit
[ 293 ms ] END
