[ 0 ms ] START
[ 0 ms ] worker_61969: Hello, I'm new worker!
[ 0 ms ] worker_61969: Incomming connection info: 0.0.0.0 : 0New client socket was created: 4

[ 0 ms ] worker_61969: Start wait for client data...
[ 42 ms ] worker_61969: 1448 bytes were received from client 4
[ 42 ms ] worker_61969: Start to process client request
[ 42 ms ] worker_61969: Request is not valid!
[ 42 ms ] worker_61969: Send response to client
[ 42 ms ] worker_61969: Start wait for client data...
[ 44 ms ] worker_61969: 1448 bytes were received from client 4
[ 44 ms ] worker_61969: Start to process client request
[ 44 ms ] worker_61969: Request is not valid!
[ 44 ms ] worker_61969: Send response to client
[ 44 ms ] worker_61969: Start wait for client data...
[ 45 ms ] worker_61969: 1448 bytes were received from client 4
[ 45 ms ] worker_61969: Start to process client request
[ 45 ms ] worker_61969: Request is not valid!
[ 45 ms ] worker_61969: Send response to client
[ 45 ms ] worker_61969: Start wait for client data...
[ 45 ms ] worker_61969: 1448 bytes were received from client 4
[ 45 ms ] worker_61969: Start to process client request
[ 45 ms ] worker_61969: Request is not valid!
[ 45 ms ] worker_61969: Send response to client
[ 45 ms ] worker_61969: Start wait for client data...
[ 46 ms ] worker_61969: 1448 bytes were received from client 4
[ 46 ms ] worker_61969: Start to process client request
[ 46 ms ] worker_61969: Request is not valid!
[ 46 ms ] worker_61969: Send response to client
[ 46 ms ] worker_61969: Start wait for client data...
[ 47 ms ] worker_61969: 2896 bytes were received from client 4
[ 47 ms ] worker_61969: Start to process client request
[ 47 ms ] worker_61969: Request is not valid!
[ 47 ms ] worker_61969: Send response to client
[ 47 ms ] worker_61969: Start wait for client data...
[ 49 ms ] worker_61969: 1448 bytes were received from client 4
[ 49 ms ] worker_61969: Start to process client request
[ 49 ms ] worker_61969: Request is not valid!
[ 49 ms ] worker_61969: Send response to client
[ 49 ms ] worker_61969: Start wait for client data...
[ 50 ms ] worker_61969: 2896 bytes were received from client 4
[ 50 ms ] worker_61969: Start to process client request
[ 50 ms ] worker_61969: Request is not valid!
[ 50 ms ] worker_61969: Send response to client
[ 50 ms ] worker_61969: Start wait for client data...
[ 254 ms ] worker_61969: 1448 bytes were received from client 4
[ 254 ms ] worker_61969: Start to process client request
[ 254 ms ] worker_61969: Request is not valid!
[ 254 ms ] worker_61969: Send response to client
[ 254 ms ] worker_61969: Start wait for client data...
[ 256 ms ] worker_61969: Error was occurred while receiving data from client
[ 256 ms ] worker_61969: Exit
[ 256 ms ] END
