[ 0 ms ] START
[ 0 ms ] worker_61975: Hello, I'm new worker!
[ 0 ms ] worker_61975: Incomming connection info: 0.0.0.0 : 0New client socket was created: 4

[ 0 ms ] worker_61975: Start wait for client data...
[ 188 ms ] worker_61975: 1448 bytes were received from client 4
[ 188 ms ] worker_61975: Start to process client request
[ 188 ms ] worker_61975: Request is not valid!
[ 188 ms ] worker_61975: Send response to client
[ 188 ms ] worker_61975: Start wait for client data...
[ 190 ms ] worker_61975: 1448 bytes were received from client 4
[ 190 ms ] worker_61975: Start to process client request
[ 190 ms ] worker_61975: Request is not valid!
[ 190 ms ] worker_61975: Send response to client
[ 190 ms ] worker_61975: Start wait for client data...
[ 190 ms ] worker_61975: 1448 bytes were received from client 4
[ 190 ms ] worker_61975: Start to process client request
[ 190 ms ] worker_61975: Request is not valid!
[ 190 ms ] worker_61975: Send response to client
[ 190 ms ] worker_61975: Start wait for client data...
[ 191 ms ] worker_61975: 2896 bytes were received from client 4
[ 191 ms ] worker_61975: Start to process client request
[ 191 ms ] worker_61975: Request is not valid!
[ 191 ms ] worker_61975: Send response to client
[ 191 ms ] worker_61975: Start wait for client data...
[ 193 ms ] worker_61975: 1448 bytes were received from client 4
[ 193 ms ] worker_61975: Start to process client request
[ 193 ms ] worker_61975: Request is not valid!
[ 193 ms ] worker_61975: Send response to client
[ 193 ms ] worker_61975: Start wait for client data...
[ 194 ms ] worker_61975: 1448 bytes were received from client 4
[ 194 ms ] worker_61975: Start to process client request
[ 194 ms ] worker_61975: Request is not valid!
[ 194 ms ] worker_61975: Send response to client
[ 194 ms ] worker_61975: Start wait for client data...
[ 195 ms ] worker_61975: 1448 bytes were received from client 4
[ 195 ms ] worker_61975: Start to process client request
[ 195 ms ] worker_61975: Request is not valid!
[ 195 ms ] worker_61975: Send response to client
[ 195 ms ] worker_61975: Start wait for client data...
[ 196 ms ] worker_61975: 1448 bytes were received from client 4
[ 196 ms ] worker_61975: Start to process client request
[ 196 ms ] worker_61975: Request is not valid!
[ 196 ms ] worker_61975: Send response to client
[ 196 ms ] worker_61975: Start wait for client data...
[ 196 ms ] worker_61975: 1448 bytes were received from client 4
[ 196 ms ] worker_61975: Start to process client request
[ 196 ms ] worker_61975: Request is not valid!
[ 196 ms ] worker_61975: Send response to client
[ 196 ms ] worker_61975: Start wait for client data...
[ 304 ms ] worker_61975: 1448 bytes were received from client 4
[ 304 ms ] worker_61975: Start to process client request
[ 304 ms ] worker_61975: Request is not valid!
[ 304 ms ] worker_61975: Send response to client
[ 304 ms ] worker_61975: Start wait for client data...
[ 321 ms ] worker_61975: Error was occurred while receiving data from client
[ 321 ms ] worker_61975: Exit
[ 321 ms ] END
