[ 0 ms ] START
[ 0 ms ] worker_61967: Hello, I'm new worker!
[ 0 ms ] worker_61967: Incomming connection info: 0.0.0.0 : 0New client socket was created: 4

[ 0 ms ] worker_61967: Start wait for client data...
[ 211 ms ] worker_61967: 1448 bytes were received from client 4
[ 211 ms ] worker_61967: Start to process client request
[ 211 ms ] worker_61967: Request is not valid!
[ 211 ms ] worker_61967: Send response to client
[ 211 ms ] worker_61967: Start wait for client data...
[ 212 ms ] worker_61967: 1448 bytes were received from client 4
[ 212 ms ] worker_61967: Start to process client request
[ 212 ms ] worker_61967: Request is not valid!
[ 212 ms ] worker_61967: Send response to client
[ 212 ms ] worker_61967: Start wait for client data...
[ 213 ms ] worker_61967: 1448 bytes were received from client 4
[ 213 ms ] worker_61967: Start to process client request
[ 213 ms ] worker_61967: Request is not valid!
[ 213 ms ] worker_61967: Send response to client
[ 213 ms ] worker_61967: Start wait for client data...
[ 214 ms ] worker_61967: 1448 bytes were received from client 4
[ 214 ms ] worker_61967: Start to process client request
[ 214 ms ] worker_61967: Request is not valid!
[ 214 ms ] worker_61967: Send response to client
[ 214 ms ] worker_61967: Start wait for client data...
[ 215 ms ] worker_61967: 1448 bytes were received from client 4
[ 215 ms ] worker_61967: Start to process client request
[ 215 ms ] worker_61967: Request is not valid!
[ 215 ms ] worker_61967: Send response to client
[ 215 ms ] worker_61967: Start wait for client data...
[ 218 ms ] worker_61967: 1448 bytes were received from client 4
[ 218 ms ] worker_61967: Start to process client request
[ 218 ms ] worker_61967: Request is not valid!
[ 218 ms ] worker_61967: Send response to client
[ 218 ms ] worker_61967: Start wait for client data...
[ 220 ms ] worker_61967: 1448 bytes were received from client 4
[ 220 ms ] worker_61967: Start to process client request
[ 220 ms ] worker_61967: Request is not valid!
[ 220 ms ] worker_61967: Send response to client
[ 220 ms ] worker_61967: Start wait for client data...
[ 221 ms ] worker_61967: 1448 bytes were received from client 4
[ 221 ms ] worker_61967: Start to process client request
[ 221 ms ] worker_61967: Request is not valid!
[ 221 ms ] worker_61967: Send response to client
[ 221 ms ] worker_61967: Start wait for client data...
[ 222 ms ] worker_61967: 2896 bytes were received from client 4
[ 222 ms ] worker_61967: Start to process client request
[ 222 ms ] worker_61967: Request is not valid!
[ 222 ms ] worker_61967: Send response to client
[ 222 ms ] worker_61967: Start wait for client data...
[ 322 ms ] worker_61967: 1448 bytes were received from client 4
[ 322 ms ] worker_61967: Start to process client request
[ 322 ms ] worker_61967: Request is not valid!
[ 322 ms ] worker_61967: Send response to client
[ 322 ms ] worker_61967: Start wait for client data...
[ 324 ms ] worker_61967: Error was occurred while receiving data from client
[ 324 ms ] worker_61967: Exit
[ 324 ms ] END
