[ 0 ms ] START
[ 0 ms ] worker_61961: Hello, I'm new worker!
[ 0 ms ] worker_61961: Incomming connection info: 0.0.0.0 : 0New client socket was created: 4

[ 0 ms ] worker_61961: Start wait for client data...
[ 158 ms ] worker_61961: 1448 bytes were received from client 4
[ 158 ms ] worker_61961: Start to process client request
[ 158 ms ] worker_61961: Request is not valid!
[ 158 ms ] worker_61961: Send response to client
[ 158 ms ] worker_61961: Start wait for client data...
[ 159 ms ] worker_61961: 2896 bytes were received from client 4
[ 159 ms ] worker_61961: Start to process client request
[ 159 ms ] worker_61961: Request is not valid!
[ 159 ms ] worker_61961: Send response to client
[ 159 ms ] worker_61961: Start wait for client data...
[ 159 ms ] worker_61961: 1448 bytes were received from client 4
[ 159 ms ] worker_61961: Start to process client request
[ 159 ms ] worker_61961: Request is not valid!
[ 159 ms ] worker_61961: Send response to client
[ 159 ms ] worker_61961: Start wait for client data...
[ 160 ms ] worker_61961: 1448 bytes were received from client 4
[ 160 ms ] worker_61961: Start to process client request
[ 160 ms ] worker_61961: Request is not valid!
[ 160 ms ] worker_61961: Send response to client
[ 160 ms ] worker_61961: Start wait for client data...
[ 162 ms ] worker_61961: 1448 bytes were received from client 4
[ 162 ms ] worker_61961: Start to process client request
[ 162 ms ] worker_61961: Request is not valid!
[ 162 ms ] worker_61961: Send response to client
[ 162 ms ] worker_61961: Start wait for client data...
[ 162 ms ] worker_61961: 1448 bytes were received from client 4
[ 162 ms ] worker_61961: Start to process client request
[ 162 ms ] worker_61961: Request is not valid!
[ 162 ms ] worker_61961: Send response to client
[ 162 ms ] worker_61961: Start wait for client data...
[ 163 ms ] worker_61961: 1448 bytes were received from client 4
[ 163 ms ] worker_61961: Start to process client request
[ 163 ms ] worker_61961: Request is not valid!
[ 163 ms ] worker_61961: Send response to client
[ 163 ms ] worker_61961: Start wait for client data...
[ 165 ms ] worker_61961: 1448 bytes were received from client 4
[ 165 ms ] worker_61961: Start to process client request
[ 165 ms ] worker_61961: Request is not valid!
[ 165 ms ] worker_61961: Send response to client
[ 165 ms ] worker_61961: Start wait for client data...
[ 166 ms ] worker_61961: 1448 bytes were received from client 4
[ 166 ms ] worker_61961: Start to process client request
[ 166 ms ] worker_61961: Request is not valid!
[ 166 ms ] worker_61961: Send response to client
[ 166 ms ] worker_61961: Start wait for client data...
[ 299 ms ] worker_61961: 1448 bytes were received from client 4
[ 299 ms ] worker_61961: Start to process client request
[ 299 ms ] worker_61961: Request is not valid!
[ 299 ms ] worker_61961: Send response to client
[ 299 ms ] worker_61961: Start wait for client data...
[ 301 ms ] worker_61961: 1448 bytes were received from client 4
[ 301 ms ] worker_61961: Start to process client request
[ 301 ms ] worker_61961: Request is not valid!
[ 301 ms ] worker_61961: Send response to client
[ 301 ms ] worker_61961: Start wait for client data...
[ 301 ms ] worker_61961: 1448 bytes were received from client 4
[ 301 ms ] worker_61961: Start to process client request
[ 301 ms ] worker_61961: Request is not valid!
[ 301 ms ] worker_61961: Send response to client
[ 301 ms ] worker_61961: Start wait for client data...
[ 302 ms ] worker_61961: 1184 bytes were received from client 4
[ 302 ms ] worker_61961: Start to process client request
[ 302 ms ] worker_61961: Request is not valid!
[ 302 ms ] worker_61961: Send response to client
[ 302 ms ] worker_61961: Start wait for client data...
[ 302 ms ] worker_61961: Receive 0 bytes. Client closed connection. Goodbye!
[ 302 ms ] worker_61961: Exit
[ 302 ms ] END
