[ 0 ms ] START
[ 0 ms ] worker_61972: Hello, I'm new worker!
[ 0 ms ] worker_61972: Incomming connection info: 0.0.0.0 : 0New client socket was created: 4

[ 0 ms ] worker_61972: Start wait for client data...
[ 182 ms ] worker_61972: 1448 bytes were received from client 4
[ 182 ms ] worker_61972: Start to process client request
[ 182 ms ] worker_61972: Request is not valid!
[ 182 ms ] worker_61972: Send response to client
[ 182 ms ] worker_61972: Start wait for client data...
[ 183 ms ] worker_61972: 1448 bytes were received from client 4
[ 183 ms ] worker_61972: Start to process client request
[ 183 ms ] worker_61972: Request is not valid!
[ 183 ms ] worker_61972: Send response to client
[ 183 ms ] worker_61972: Start wait for client data...
[ 184 ms ] worker_61972: 1448 bytes were received from client 4
[ 184 ms ] worker_61972: Start to process client request
[ 184 ms ] worker_61972: Request is not valid!
[ 184 ms ] worker_61972: Send response to client
[ 184 ms ] worker_61972: Start wait for client data...
[ 185 ms ] worker_61972: 2896 bytes were received from client 4
[ 185 ms ] worker_61972: Start to process client request
[ 185 ms ] worker_61972: Request is not valid!
[ 185 ms ] worker_61972: Send response to client
[ 185 ms ] worker_61972: Start wait for client data...
[ 188 ms ] worker_61972: 2896 bytes were received from client 4
[ 188 ms ] worker_61972: Start to process client request
[ 188 ms ] worker_61972: Request is not valid!
[ 188 ms ] worker_61972: Send response to client
[ 188 ms ] worker_61972: Start wait for client data...
[ 191 ms ] worker_61972: 1448 bytes were received from client 4
[ 191 ms ] worker_61972: Start to process client request
[ 191 ms ] worker_61972: Request is not valid!
[ 191 ms ] worker_61972: Send response to client
[ 191 ms ] worker_61972: Start wait for client data...
[ 191 ms ] worker_61972: 1448 bytes were received from client 4
[ 191 ms ] worker_61972: Start to process client request
[ 191 ms ] worker_61972: Request is not valid!
[ 191 ms ] worker_61972: Send response to client
[ 191 ms ] worker_61972: Start wait for client data...
[ 191 ms ] worker_61972: 1448 bytes were received from client 4
[ 191 ms ] worker_61972: Start to process client request
[ 191 ms ] worker_61972: Request is not valid!
[ 191 ms ] worker_61972: Send response to client
[ 191 ms ] worker_61972: Start wait for client data...
[ 306 ms ] worker_61972: 1448 bytes were received from client 4
[ 306 ms ] worker_61972: Start to process client request
[ 306 ms ] worker_61972: Request is not valid!
[ 306 ms ] worker_61972: Send response to client
[ 306 ms ] worker_61972: Start wait for client data...
[ 308 ms ] worker_61972: Error was occurred while receiving data from client
[ 308 ms ] worker_61972: Exit
[ 308 ms ] END
