[ 0 ms ] START
[ 0 ms ] worker_61402: Hello, I'm new worker!
[ 0 ms ] worker_61402: Incomming connection info: 0.0.0.0 : 0New client socket was created: 4

[ 0 ms ] worker_61402: Start wait for client data...
[ 16 ms ] worker_61402: 1448 bytes were received from client 4
[ 16 ms ] worker_61402: Start to process client request
[ 16 ms ] worker_61402: Request is not valid!
[ 16 ms ] worker_61402: Send response to client
[ 16 ms ] worker_61402: Start wait for client data...
[ 25 ms ] worker_61402: 1448 bytes were received from client 4
[ 25 ms ] worker_61402: Start to process client request
[ 25 ms ] worker_61402: Request is not valid!
[ 25 ms ] worker_61402: Send response to client
[ 25 ms ] worker_61402: Start wait for client data...
[ 25 ms ] worker_61402: 2896 bytes were received from client 4
[ 25 ms ] worker_61402: Start to process client request
[ 25 ms ] worker_61402: Request is not valid!
[ 25 ms ] worker_61402: Send response to client
[ 25 ms ] worker_61402: Start wait for client data...
[ 25 ms ] worker_61402: 1448 bytes were received from client 4
[ 25 ms ] worker_61402: Start to process client request
[ 25 ms ] worker_61402: Request is not valid!
[ 25 ms ] worker_61402: Send response to client
[ 25 ms ] worker_61402: Start wait for client data...
[ 26 ms ] worker_61402: 1448 bytes were received from client 4
[ 26 ms ] worker_61402: Start to process client request
[ 26 ms ] worker_61402: Request is not valid!
[ 26 ms ] worker_61402: Send response to client
[ 26 ms ] worker_61402: Start wait for client data...
[ 31 ms ] worker_61402: 376 bytes were received from client 4
[ 31 ms ] worker_61402: Start to process client request
[ 31 ms ] worker_61402: Request is not valid!
[ 31 ms ] worker_61402: Send response to client
[ 31 ms ] worker_61402: Start wait for client data...
[ 47 ms ] worker_61402: Receive 0 bytes. Client closed connection. Goodbye!
[ 47 ms ] worker_61402: Exit
[ 48 ms ] END
