[ 0 ms ] START
[ 0 ms ] worker_61395: Hello, I'm new worker!
[ 0 ms ] worker_61395: Incomming connection info: 0.0.0.0 : 0New client socket was created: 4

[ 0 ms ] worker_61395: Start wait for client data...
[ 5 ms ] worker_61395: 1448 bytes were received from client 4
[ 5 ms ] worker_61395: Start to process client request
[ 5 ms ] worker_61395: Request is not valid!
[ 5 ms ] worker_61395: Send response to client
[ 5 ms ] worker_61395: Start wait for client data...
[ 6 ms ] worker_61395: 2896 bytes were received from client 4
[ 6 ms ] worker_61395: Start to process client request
[ 6 ms ] worker_61395: Request is not valid!
[ 6 ms ] worker_61395: Send response to client
[ 6 ms ] worker_61395: Start wait for client data...
[ 7 ms ] worker_61395: 1448 bytes were received from client 4
[ 7 ms ] worker_61395: Start to process client request
[ 7 ms ] worker_61395: Request is not valid!
[ 7 ms ] worker_61395: Send response to client
[ 7 ms ] worker_61395: Start wait for client data...
[ 8 ms ] worker_61395: 1448 bytes were received from client 4
[ 8 ms ] worker_61395: Start to process client request
[ 8 ms ] worker_61395: Request is not valid!
[ 8 ms ] worker_61395: Send response to client
[ 8 ms ] worker_61395: Start wait for client data...
[ 10 ms ] worker_61395: 1448 bytes were received from client 4
[ 10 ms ] worker_61395: Start to process client request
[ 10 ms ] worker_61395: Request is not valid!
[ 10 ms ] worker_61395: Send response to client
[ 10 ms ] worker_61395: Start wait for client data...
[ 11 ms ] worker_61395: 1448 bytes were received from client 4
[ 11 ms ] worker_61395: Start to process client request
[ 11 ms ] worker_61395: Request is not valid!
[ 11 ms ] worker_61395: Send response to client
[ 11 ms ] worker_61395: Start wait for client data...
[ 12 ms ] worker_61395: 1448 bytes were received from client 4
[ 12 ms ] worker_61395: Start to process client request
[ 12 ms ] worker_61395: Request is not valid!
[ 12 ms ] worker_61395: Send response to client
[ 12 ms ] worker_61395: Start wait for client data...
[ 12 ms ] worker_61395: 1448 bytes were received from client 4
[ 12 ms ] worker_61395: Start to process client request
[ 12 ms ] worker_61395: Request is not valid!
[ 12 ms ] worker_61395: Send response to client
[ 12 ms ] worker_61395: Start wait for client data...
[ 16 ms ] worker_61395: 538 bytes were received from client 4
[ 16 ms ] worker_61395: Start to process client request
[ 16 ms ] worker_61395: Request is not valid!
[ 16 ms ] worker_61395: Send response to client
[ 16 ms ] worker_61395: Start wait for client data...
[ 41 ms ] worker_61395: Receive 0 bytes. Client closed connection. Goodbye!
[ 41 ms ] worker_61395: Exit
[ 42 ms ] END
