[ 0 ms ] START
[ 0 ms ] worker_60599: Hello, I'm new worker!
[ 0 ms ] worker_60599: Incomming connection info: 0.0.0.0 : 0New client socket was created: 4

[ 0 ms ] worker_60599: Start wait for client data...
[ 8 ms ] worker_60599: 1448 bytes were received from client 4
[ 8 ms ] worker_60599: Start to process client request
[ 8 ms ] worker_60599: Request is not valid!
[ 8 ms ] worker_60599: Send response to client
[ 8 ms ] worker_60599: Start wait for client data...
[ 8 ms ] worker_60599: 1448 bytes were received from client 4
[ 8 ms ] worker_60599: Start to process client request
[ 8 ms ] worker_60599: Request is not valid!
[ 8 ms ] worker_60599: Send response to client
[ 8 ms ] worker_60599: Start wait for client data...
[ 8 ms ] worker_60599: 1448 bytes were received from client 4
[ 8 ms ] worker_60599: Start to process client request
[ 8 ms ] worker_60599: Request is not valid!
[ 8 ms ] worker_60599: Send response to client
[ 8 ms ] worker_60599: Start wait for client data...
[ 8 ms ] worker_60599: 1448 bytes were received from client 4
[ 8 ms ] worker_60599: Start to process client request
[ 8 ms ] worker_60599: Request is not valid!
[ 8 ms ] worker_60599: Send response to client
[ 8 ms ] worker_60599: Start wait for client data...
[ 17 ms ] worker_60599: 2896 bytes were received from client 4
[ 17 ms ] worker_60599: Start to process client request
[ 17 ms ] worker_60599: Request is not valid!
[ 17 ms ] worker_60599: Send response to client
[ 17 ms ] worker_60599: Start wait for client data...
[ 17 ms ] worker_60599: 1448 bytes were received from client 4
[ 17 ms ] worker_60599: Start to process client request
[ 17 ms ] worker_60599: Request is not valid!
[ 17 ms ] worker_60599: Send response to client
[ 17 ms ] worker_60599: Start wait for client data...
[ 17 ms ] worker_60599: 2312 bytes were received from client 4
[ 17 ms ] worker_60599: Start to process client request
[ 17 ms ] worker_60599: Request is not valid!
[ 17 ms ] worker_60599: Send response to client
[ 17 ms ] worker_60599: Start wait for client data...
[ 90 ms ] worker_60599: Receive 0 bytes. Client closed connection. Goodbye!
[ 90 ms ] worker_60599: Exit
[ 90 ms ] END
