[ 0 ms ] START
[ 0 ms ] worker_60601: Hello, I'm new worker!
[ 0 ms ] worker_60601: Incomming connection info: 0.0.0.0 : 0New client socket was created: 4

[ 0 ms ] worker_60601: Start wait for client data...
[ 29 ms ] worker_60601: 2896 bytes were received from client 4
[ 29 ms ] worker_60601: Start to process client request
[ 29 ms ] worker_60601: Request is not valid!
[ 29 ms ] worker_60601: Send response to client
[ 29 ms ] worker_60601: Start wait for client data...
[ 29 ms ] worker_60601: 2896 bytes were received from client 4
[ 29 ms ] worker_60601: Start to process client request
[ 29 ms ] worker_60601: Request is not valid!
[ 29 ms ] worker_60601: Send response to client
[ 29 ms ] worker_60601: Start wait for client data...
[ 29 ms ] worker_60601: 1448 bytes were received from client 4
[ 29 ms ] worker_60601: Start to process client request
[ 29 ms ] worker_60601: Request is not valid!
[ 29 ms ] worker_60601: Send response to client
[ 29 ms ] worker_60601: Start wait for client data...
[ 30 ms ] worker_60601: 2896 bytes were received from client 4
[ 30 ms ] worker_60601: Start to process client request
[ 30 ms ] worker_60601: Request is not valid!
[ 30 ms ] worker_60601: Send response to client
[ 30 ms ] worker_60601: Start wait for client data...
[ 30 ms ] worker_60601: 1448 bytes were received from client 4
[ 30 ms ] worker_60601: Start to process client request
[ 30 ms ] worker_60601: Request is not valid!
[ 30 ms ] worker_60601: Send response to client
[ 30 ms ] worker_60601: Start wait for client data...
[ 30 ms ] worker_60601: 864 bytes were received from client 4
[ 30 ms ] worker_60601: Start to process client request
[ 30 ms ] worker_60601: Request is not valid!
[ 30 ms ] worker_60601: Send response to client
[ 30 ms ] worker_60601: Start wait for client data...
[ 109 ms ] worker_60601: Error was occurred while receiving data from client
[ 109 ms ] worker_60601: Exit
[ 109 ms ] END
