[ 0 ms ] START
[ 0 ms ] worker_60636: Hello, I'm new worker!
[ 0 ms ] worker_60636: Incomming connection info: 0.0.0.0 : 0New client socket was created: 4

[ 0 ms ] worker_60636: Start wait for client data...
[ 39 ms ] worker_60636: 1448 bytes were received from client 4
[ 39 ms ] worker_60636: Start to process client request
[ 39 ms ] worker_60636: Request is not valid!
[ 39 ms ] worker_60636: Send response to client
[ 39 ms ] worker_60636: Start wait for client data...
[ 40 ms ] worker_60636: 1448 bytes were received from client 4
[ 40 ms ] worker_60636: Start to process client request
[ 40 ms ] worker_60636: Request is not valid!
[ 40 ms ] worker_60636: Send response to client
[ 40 ms ] worker_60636: Start wait for client data...
[ 41 ms ] worker_60636: 1448 bytes were received from client 4
[ 41 ms ] worker_60636: Start to process client request
[ 41 ms ] worker_60636: Request is not valid!
[ 41 ms ] worker_60636: Send response to client
[ 41 ms ] worker_60636: Start wait for client data...
[ 42 ms ] worker_60636: 1448 bytes were received from client 4
[ 42 ms ] worker_60636: Start to process client request
[ 42 ms ] worker_60636: Request is not valid!
[ 42 ms ] worker_60636: Send response to client
[ 42 ms ] worker_60636: Start wait for client data...
[ 44 ms ] worker_60636: 1448 bytes were received from client 4
[ 44 ms ] worker_60636: Start to process client request
[ 44 ms ] worker_60636: Request is not valid!
[ 44 ms ] worker_60636: Send response to client
[ 44 ms ] worker_60636: Start wait for client data...
[ 44 ms ] worker_60636: 2896 bytes were received from client 4
[ 44 ms ] worker_60636: Start to process client request
[ 44 ms ] worker_60636: Request is not valid!
[ 44 ms ] worker_60636: Send response to client
[ 44 ms ] worker_60636: Start wait for client data...
[ 46 ms ] worker_60636: 1448 bytes were received from client 4
[ 46 ms ] worker_60636: Start to process client request
[ 46 ms ] worker_60636: Request is not valid!
[ 46 ms ] worker_60636: Send response to client
[ 46 ms ] worker_60636: Start wait for client data...
[ 46 ms ] worker_60636: 2896 bytes were received from client 4
[ 46 ms ] worker_60636: Start to process client request
[ 46 ms ] worker_60636: Request is not valid!
[ 46 ms ] worker_60636: Send response to client
[ 46 ms ] worker_60636: Start wait for client data...
[ 75 ms ] worker_60636: 1448 bytes were received from client 4
[ 75 ms ] worker_60636: Start to process client request
[ 75 ms ] worker_60636: Request is not valid!
[ 75 ms ] worker_60636: Send response to client
[ 75 ms ] worker_60636: Start wait for client data...
[ 78 ms ] worker_60636: Error was occurred while receiving data from client
[ 78 ms ] worker_60636: Exit
[ 78 ms ] END
