[ 0 ms ] START
[ 0 ms ] worker_60619: Hello, I'm new worker!
[ 0 ms ] worker_60619: Incomming connection info: 0.0.0.0 : 0New client socket was created: 4

[ 0 ms ] worker_60619: Start wait for client data...
[ 40 ms ] worker_60619: 2896 bytes were received from client 4
[ 40 ms ] worker_60619: Start to process client request
[ 40 ms ] worker_60619: Request is not valid!
[ 40 ms ] worker_60619: Send response to client
[ 40 ms ] worker_60619: Start wait for client data...
[ 40 ms ] worker_60619: 1448 bytes were received from client 4
[ 40 ms ] worker_60619: Start to process client request
[ 40 ms ] worker_60619: Request is not valid!
[ 40 ms ] worker_60619: Send response to client
[ 40 ms ] worker_60619: Start wait for client data...
[ 40 ms ] worker_60619: 1448 bytes were received from client 4
[ 40 ms ] worker_60619: Start to process client request
[ 40 ms ] worker_60619: Request is not valid!
[ 40 ms ] worker_60619: Send response to client
[ 40 ms ] worker_60619: Start wait for client data...
[ 40 ms ] worker_60619: 1448 bytes were received from client 4
[ 40 ms ] worker_60619: Start to process client request
[ 40 ms ] worker_60619: Request is not valid!
[ 40 ms ] worker_60619: Send response to client
[ 40 ms ] worker_60619: Start wait for client data...
[ 40 ms ] worker_60619: 2896 bytes were received from client 4
[ 40 ms ] worker_60619: Start to process client request
[ 40 ms ] worker_60619: Request is not valid!
[ 40 ms ] worker_60619: Send response to client
[ 40 ms ] worker_60619: Start wait for client data...
[ 40 ms ] worker_60619: 1448 bytes were received from client 4
[ 40 ms ] worker_60619: Start to process client request
[ 40 ms ] worker_60619: Request is not valid!
[ 40 ms ] worker_60619: Send response to client
[ 40 ms ] worker_60619: Start wait for client data...
[ 41 ms ] worker_60619: 1448 bytes were received from client 4
[ 41 ms ] worker_60619: Start to process client request
[ 41 ms ] worker_60619: Request is not valid!
[ 41 ms ] worker_60619: Send response to client
[ 41 ms ] worker_60619: Start wait for client data...
[ 41 ms ] worker_60619: 1448 bytes were received from client 4
[ 41 ms ] worker_60619: Start to process client request
[ 41 ms ] worker_60619: Request is not valid!
[ 41 ms ] worker_60619: Send response to client
[ 41 ms ] worker_60619: Start wait for client data...
[ 57 ms ] worker_60619: 1448 bytes were received from client 4
[ 57 ms ] worker_60619: Start to process client request
[ 57 ms ] worker_60619: Request is not valid!
[ 57 ms ] worker_60619: Send response to client
[ 57 ms ] worker_60619: Start wait for client data...
[ 57 ms ] worker_60619: 2896 bytes were received from client 4
[ 57 ms ] worker_60619: Start to process client request
[ 57 ms ] worker_60619: Request is not valid!
[ 57 ms ] worker_60619: Send response to client
[ 57 ms ] worker_60619: Start wait for client data...
[ 57 ms ] worker_60619: 486 bytes were received from client 4
[ 57 ms ] worker_60619: Start to process client request
[ 57 ms ] worker_60619: Request is not valid!
[ 57 ms ] worker_60619: Send response to client
[ 57 ms ] worker_60619: Start wait for client data...
[ 62 ms ] worker_60619: Receive 0 bytes. Client closed connection. Goodbye!
[ 62 ms ] worker_60619: Exit
[ 62 ms ] END
