[ 0 ms ] START
[ 0 ms ] worker_60598: Hello, I'm new worker!
[ 0 ms ] worker_60598: Incomming connection info: 0.0.0.0 : 0New client socket was created: 4

[ 0 ms ] worker_60598: Start wait for client data...
[ 7 ms ] worker_60598: 1448 bytes were received from client 4
[ 7 ms ] worker_60598: Start to process client request
[ 7 ms ] worker_60598: Request is not valid!
[ 7 ms ] worker_60598: Send response to client
[ 7 ms ] worker_60598: Start wait for client data...
[ 7 ms ] worker_60598: 1448 bytes were received from client 4
[ 7 ms ] worker_60598: Start to process client request
[ 7 ms ] worker_60598: Request is not valid!
[ 7 ms ] worker_60598: Send response to client
[ 7 ms ] worker_60598: Start wait for client data...
[ 7 ms ] worker_60598: 1448 bytes were received from client 4
[ 7 ms ] worker_60598: Start to process client request
[ 7 ms ] worker_60598: Request is not valid!
[ 7 ms ] worker_60598: Send response to client
[ 7 ms ] worker_60598: Start wait for client data...
[ 8 ms ] worker_60598: 284 bytes were received from client 4
[ 8 ms ] worker_60598: Start to process client request
[ 8 ms ] worker_60598: Request is not valid!
[ 8 ms ] worker_60598: Send response to client
[ 8 ms ] worker_60598: Start wait for client data...
[ 89 ms ] worker_60598: Receive 0 bytes. Client closed connection. Goodbye!
[ 90 ms ] worker_60598: Exit
[ 90 ms ] END
