[ 0 ms ] START
[ 0 ms ] worker_60607: Hello, I'm new worker!
[ 0 ms ] worker_60607: Incomming connection info: 0.0.0.0 : 0New client socket was created: 4

[ 0 ms ] worker_60607: Start wait for client data...
[ 24 ms ] worker_60607: 1448 bytes were received from client 4
[ 24 ms ] worker_60607: Start to process client request
[ 24 ms ] worker_60607: Request is not valid!
[ 24 ms ] worker_60607: Send response to client
[ 24 ms ] worker_60607: Start wait for client data...
[ 24 ms ] worker_60607: 1448 bytes were received from client 4
[ 24 ms ] worker_60607: Start to process client request
[ 24 ms ] worker_60607: Request is not valid!
[ 24 ms ] worker_60607: Send response to client
[ 24 ms ] worker_60607: Start wait for client data...
[ 25 ms ] worker_60607: 1448 bytes were received from client 4
[ 25 ms ] worker_60607: Start to process client request
[ 25 ms ] worker_60607: Request is not valid!
[ 25 ms ] worker_60607: Send response to client
[ 25 ms ] worker_60607: Start wait for client data...
[ 25 ms ] worker_60607: 1448 bytes were received from client 4
[ 25 ms ] worker_60607: Start to process client request
[ 25 ms ] worker_60607: Request is not valid!
[ 25 ms ] worker_60607: Send response to client
[ 25 ms ] worker_60607: Start wait for client data...
[ 25 ms ] worker_60607: 1218 bytes were received from client 4
[ 25 ms ] worker_60607: Start to process client request
[ 25 ms ] worker_60607: Request is not valid!
[ 25 ms ] worker_60607: Send response to client
[ 25 ms ] worker_60607: Start wait for client data...
[ 103 ms ] worker_60607: Error was occurred while receiving data from client
[ 103 ms ] worker_60607: Exit
[ 104 ms ] END
