[ 0 ms ] START
[ 0 ms ] worker_60618: Hello, I'm new worker!
[ 0 ms ] worker_60618: Incomming connection info: 0.0.0.0 : 0New client socket was created: 4

[ 0 ms ] worker_60618: Start wait for client data...
[ 14 ms ] worker_60618: 1448 bytes were received from client 4
[ 14 ms ] worker_60618: Start to process client request
[ 14 ms ] worker_60618: Request is not valid!
[ 14 ms ] worker_60618: Send response to client
[ 14 ms ] worker_60618: Start wait for client data...
[ 14 ms ] worker_60618: 1448 bytes were received from client 4
[ 14 ms ] worker_60618: Start to process client request
[ 14 ms ] worker_60618: Request is not valid!
[ 14 ms ] worker_60618: Send response to client
[ 14 ms ] worker_60618: Start wait for client data...
[ 14 ms ] worker_60618: 1448 bytes were received from client 4
[ 14 ms ] worker_60618: Start to process client request
[ 14 ms ] worker_60618: Request is not valid!
[ 14 ms ] worker_60618: Send response to client
[ 14 ms ] worker_60618: Start wait for client data...
[ 15 ms ] worker_60618: 2896 bytes were received from client 4
[ 15 ms ] worker_60618: Start to process client request
[ 15 ms ] worker_60618: Request is not valid!
[ 15 ms ] worker_60618: Send response to client
[ 15 ms ] worker_60618: Start wait for client data...
[ 16 ms ] worker_60618: 1448 bytes were received from client 4
[ 16 ms ] worker_60618: Start to process client request
[ 16 ms ] worker_60618: Request is not valid!
[ 16 ms ] worker_60618: Send response to client
[ 16 ms ] worker_60618: Start wait for client data...
[ 26 ms ] worker_60618: 1448 bytes were received from client 4
[ 26 ms ] worker_60618: Start to process client request
[ 26 ms ] worker_60618: Request is not valid!
[ 26 ms ] worker_60618: Send response to client
[ 26 ms ] worker_60618: Start wait for client data...
[ 26 ms ] worker_60618: 2896 bytes were received from client 4
[ 26 ms ] worker_60618: Start to process client request
[ 26 ms ] worker_60618: Request is not valid!
[ 26 ms ] worker_60618: Send response to client
[ 26 ms ] worker_60618: Start wait for client data...
[ 26 ms ] worker_60618: 1448 bytes were received from client 4
[ 26 ms ] worker_60618: Start to process client request
[ 26 ms ] worker_60618: Request is not valid!
[ 26 ms ] worker_60618: Send response to client
[ 26 ms ] worker_60618: Start wait for client data...
[ 51 ms ] worker_60618: 1448 bytes were received from client 4
[ 52 ms ] worker_60618: Start to process client request
[ 52 ms ] worker_60618: Request is not valid!
[ 52 ms ] worker_60618: Send response to client
[ 52 ms ] worker_60618: Start wait for client data...
[ 54 ms ] worker_60618: 2896 bytes were received from client 4
[ 54 ms ] worker_60618: Start to process client request
[ 54 ms ] worker_60618: Request is not valid!
[ 54 ms ] worker_60618: Send response to client
[ 54 ms ] worker_60618: Start wait for client data...
[ 54 ms ] worker_60618: 486 bytes were received from client 4
[ 54 ms ] worker_60618: Start to process client request
[ 54 ms ] worker_60618: Request is not valid!
[ 54 ms ] worker_60618: Send response to client
[ 54 ms ] worker_60618: Start wait for client data...
[ 64 ms ] worker_60618: Error was occurred while receiving data from client
[ 64 ms ] worker_60618: Exit
[ 64 ms ] END
