[ 0 ms ] START
[ 0 ms ] worker_60644: Hello, I'm new worker!
[ 0 ms ] worker_60644: Incomming connection info: 0.0.0.0 : 0New client socket was created: 4

[ 0 ms ] worker_60644: Start wait for client data...
[ 1 ms ] worker_60644: 1448 bytes were received from client 4
[ 1 ms ] worker_60644: Start to process client request
[ 1 ms ] worker_60644: Request is not valid!
[ 1 ms ] worker_60644: Send response to client
[ 1 ms ] worker_60644: Start wait for client data...
[ 2 ms ] worker_60644: 1448 bytes were received from client 4
[ 2 ms ] worker_60644: Start to process client request
[ 2 ms ] worker_60644: Request is not valid!
[ 2 ms ] worker_60644: Send response to client
[ 2 ms ] worker_60644: Start wait for client data...
[ 3 ms ] worker_60644: 2018 bytes were received from client 4
[ 3 ms ] worker_60644: Start to process client request
[ 3 ms ] worker_60644: Request is not valid!
[ 3 ms ] worker_60644: Send response to client
[ 3 ms ] worker_60644: Start wait for client data...
[ 52 ms ] worker_60644: Receive 0 bytes. Client closed connection. Goodbye!
[ 52 ms ] worker_60644: Exit
[ 53 ms ] END
