[ 0 ms ] START
[ 0 ms ] worker_60608: Hello, I'm new worker!
[ 0 ms ] worker_60608: Incomming connection info: 0.0.0.0 : 0New client socket was created: 4

[ 0 ms ] worker_60608: Start wait for client data...
[ 24 ms ] worker_60608: 2896 bytes were received from client 4
[ 24 ms ] worker_60608: Start to process client request
[ 24 ms ] worker_60608: Request is not valid!
[ 24 ms ] worker_60608: Send response to client
[ 24 ms ] worker_60608: Start wait for client data...
[ 24 ms ] worker_60608: 1448 bytes were received from client 4
[ 24 ms ] worker_60608: Start to process client request
[ 24 ms ] worker_60608: Request is not valid!
[ 24 ms ] worker_60608: Send response to client
[ 24 ms ] worker_60608: Start wait for client data...
[ 24 ms ] worker_60608: 1448 bytes were received from client 4
[ 24 ms ] worker_60608: Start to process client request
[ 24 ms ] worker_60608: Request is not valid!
[ 24 ms ] worker_60608: Send response to client
[ 24 ms ] worker_60608: Start wait for client data...
[ 24 ms ] worker_60608: 2896 bytes were received from client 4
[ 25 ms ] worker_60608: Start to process client request
[ 25 ms ] worker_60608: Request is not valid!
[ 25 ms ] worker_60608: Send response to client
[ 25 ms ] worker_60608: Start wait for client data...
[ 25 ms ] worker_60608: 1448 bytes were received from client 4
[ 25 ms ] worker_60608: Start to process client request
[ 25 ms ] worker_60608: Request is not valid!
[ 25 ms ] worker_60608: Send response to client
[ 25 ms ] worker_60608: Start wait for client data...
[ 33 ms ] worker_60608: 2896 bytes were received from client 4
[ 33 ms ] worker_60608: Start to process client request
[ 33 ms ] worker_60608: Request is not valid!
[ 33 ms ] worker_60608: Send response to client
[ 33 ms ] worker_60608: Start wait for client data...
[ 33 ms ] worker_60608: 1448 bytes were received from client 4
[ 33 ms ] worker_60608: Start to process client request
[ 33 ms ] worker_60608: Request is not valid!
[ 33 ms ] worker_60608: Send response to client
[ 33 ms ] worker_60608: Start wait for client data...
[ 85 ms ] worker_60608: 1448 bytes were received from client 4
[ 85 ms ] worker_60608: Start to process client request
[ 85 ms ] worker_60608: Request is not valid!
[ 85 ms ] worker_60608: Send response to client
[ 85 ms ] worker_60608: Start wait for client data...
[ 86 ms ] worker_60608: 1206 bytes were received from client 4
[ 86 ms ] worker_60608: Start to process client request
[ 86 ms ] worker_60608: Request is not valid!
[ 86 ms ] worker_60608: Send response to client
[ 86 ms ] worker_60608: Start wait for client data...
[ 90 ms ] worker_60608: Receive 0 bytes. Client closed connection. Goodbye!
[ 91 ms ] worker_60608: Exit
[ 91 ms ] END
