[ 0 ms ] START
[ 0 ms ] worker_60621: Hello, I'm new worker!
[ 0 ms ] worker_60621: Incomming connection info: 0.0.0.0 : 0New client socket was created: 4

[ 0 ms ] worker_60621: Start wait for client data...
[ 27 ms ] worker_60621: 1448 bytes were received from client 4
[ 27 ms ] worker_60621: Start to process client request
[ 27 ms ] worker_60621: Request is not valid!
[ 27 ms ] worker_60621: Send response to client
[ 27 ms ] worker_60621: Start wait for client data...
[ 29 ms ] worker_60621: 1448 bytes were received from client 4
[ 29 ms ] worker_60621: Start to process client request
[ 29 ms ] worker_60621: Request is not valid!
[ 29 ms ] worker_60621: Send response to client
[ 29 ms ] worker_60621: Start wait for client data...
[ 37 ms ] worker_60621: 1206 bytes were received from client 4
[ 37 ms ] worker_60621: Start to process client request
[ 37 ms ] worker_60621: Request is not valid!
[ 37 ms ] worker_60621: Send response to client
[ 37 ms ] worker_60621: Start wait for client data...
[ 54 ms ] worker_60621: Receive 0 bytes. Client closed connection. Goodbye!
[ 54 ms ] worker_60621: Exit
[ 54 ms ] END
