[ 0 ms ] START
[ 0 ms ] worker_60626: Hello, I'm new worker!
[ 0 ms ] worker_60626: Incomming connection info: 0.0.0.0 : 0New client socket was created: 4

[ 0 ms ] worker_60626: Start wait for client data...
[ 2 ms ] worker_60626: 1448 bytes were received from client 4
[ 2 ms ] worker_60626: Start to process client request
[ 2 ms ] worker_60626: Request is not valid!
[ 2 ms ] worker_60626: Send response to client
[ 2 ms ] worker_60626: Start wait for client data...
[ 3 ms ] worker_60626: 2896 bytes were received from client 4
[ 3 ms ] worker_60626: Start to process client request
[ 3 ms ] worker_60626: Request is not valid!
[ 3 ms ] worker_60626: Send response to client
[ 3 ms ] worker_60626: Start wait for client data...
[ 3 ms ] worker_60626: 2896 bytes were received from client 4
[ 3 ms ] worker_60626: Start to process client request
[ 3 ms ] worker_60626: Request is not valid!
[ 3 ms ] worker_60626: Send response to client
[ 3 ms ] worker_60626: Start wait for client data...
[ 3 ms ] worker_60626: 1448 bytes were received from client 4
[ 3 ms ] worker_60626: Start to process client request
[ 3 ms ] worker_60626: Request is not valid!
[ 3 ms ] worker_60626: Send response to client
[ 3 ms ] worker_60626: Start wait for client data...
[ 3 ms ] worker_60626: 1448 bytes were received from client 4
[ 3 ms ] worker_60626: Start to process client request
[ 3 ms ] worker_60626: Request is not valid!
[ 3 ms ] worker_60626: Send response to client
[ 3 ms ] worker_60626: Start wait for client data...
[ 5 ms ] worker_60626: 2896 bytes were received from client 4
[ 5 ms ] worker_60626: Start to process client request
[ 5 ms ] worker_60626: Request is not valid!
[ 5 ms ] worker_60626: Send response to client
[ 5 ms ] worker_60626: Start wait for client data...
[ 5 ms ] worker_60626: 1448 bytes were received from client 4
[ 5 ms ] worker_60626: Start to process client request
[ 5 ms ] worker_60626: Request is not valid!
[ 5 ms ] worker_60626: Send response to client
[ 5 ms ] worker_60626: Start wait for client data...
[ 42 ms ] worker_60626: 1448 bytes were received from client 4
[ 42 ms ] worker_60626: Start to process client request
[ 42 ms ] worker_60626: Request is not valid!
[ 42 ms ] worker_60626: Send response to client
[ 42 ms ] worker_60626: Start wait for client data...
[ 42 ms ] worker_60626: 1448 bytes were received from client 4
[ 42 ms ] worker_60626: Start to process client request
[ 42 ms ] worker_60626: Request is not valid!
[ 42 ms ] worker_60626: Send response to client
[ 42 ms ] worker_60626: Start wait for client data...
[ 42 ms ] worker_60626: 2136 bytes were received from client 4
[ 42 ms ] worker_60626: Start to process client request
[ 42 ms ] worker_60626: Request is not valid!
[ 42 ms ] worker_60626: Send response to client
[ 42 ms ] worker_60626: Start wait for client data...
[ 42 ms ] worker_60626: Receive 0 bytes. Client closed connection. Goodbye!
[ 42 ms ] worker_60626: Exit
[ 42 ms ] END
