[ 0 ms ] START
[ 0 ms ] worker_60613: Hello, I'm new worker!
[ 0 ms ] worker_60613: Incomming connection info: 0.0.0.0 : 0New client socket was created: 4

[ 0 ms ] worker_60613: Start wait for client data...
[ 58 ms ] worker_60613: 2896 bytes were received from client 4
[ 58 ms ] worker_60613: Start to process client request
[ 58 ms ] worker_60613: Request is not valid!
[ 58 ms ] worker_60613: Send response to client
[ 58 ms ] worker_60613: Start wait for client data...
[ 59 ms ] worker_60613: 2896 bytes were received from client 4
[ 59 ms ] worker_60613: Start to process client request
[ 59 ms ] worker_60613: Request is not valid!
[ 59 ms ] worker_60613: Send response to client
[ 59 ms ] worker_60613: Start wait for client data...
[ 59 ms ] worker_60613: 2896 bytes were received from client 4
[ 59 ms ] worker_60613: Start to process client request
[ 59 ms ] worker_60613: Request is not valid!
[ 59 ms ] worker_60613: Send response to client
[ 59 ms ] worker_60613: Start wait for client data...
[ 59 ms ] worker_60613: 1448 bytes were received from client 4
[ 59 ms ] worker_60613: Start to process client request
[ 59 ms ] worker_60613: Request is not valid!
[ 59 ms ] worker_60613: Send response to client
[ 59 ms ] worker_60613: Start wait for client data...
[ 62 ms ] worker_60613: 1448 bytes were received from client 4
[ 62 ms ] worker_60613: Start to process client request
[ 62 ms ] worker_60613: Request is not valid!
[ 62 ms ] worker_60613: Send response to client
[ 62 ms ] worker_60613: Start wait for client data...
[ 67 ms ] worker_60613: 2896 bytes were received from client 4
[ 67 ms ] worker_60613: Start to process client request
[ 67 ms ] worker_60613: Request is not valid!
[ 67 ms ] worker_60613: Send response to client
[ 67 ms ] worker_60613: Start wait for client data...
[ 93 ms ] worker_60613: 3122 bytes were received from client 4
[ 93 ms ] worker_60613: Start to process client request
[ 93 ms ] worker_60613: Request is not valid!
[ 93 ms ] worker_60613: Send response to client
[ 93 ms ] worker_60613: Start wait for client data...
[ 95 ms ] worker_60613: Receive 0 bytes. Client closed connection. Goodbye!
[ 95 ms ] worker_60613: Exit
[ 95 ms ] END
