[ 0 ms ] START
[ 0 ms ] worker_60614: Hello, I'm new worker!
[ 0 ms ] worker_60614: Incomming connection info: 0.0.0.0 : 0New client socket was created: 4

[ 0 ms ] worker_60614: Start wait for client data...
[ 28 ms ] worker_60614: 2896 bytes were received from client 4
[ 28 ms ] worker_60614: Start to process client request
[ 28 ms ] worker_60614: Request is not valid!
[ 28 ms ] worker_60614: Send response to client
[ 29 ms ] worker_60614: Start wait for client data...
[ 29 ms ] worker_60614: 2896 bytes were received from client 4
[ 29 ms ] worker_60614: Start to process client request
[ 29 ms ] worker_60614: Request is not valid!
[ 29 ms ] worker_60614: Send response to client
[ 29 ms ] worker_60614: Start wait for client data...
[ 29 ms ] worker_60614: 2896 bytes were received from client 4
[ 29 ms ] worker_60614: Start to process client request
[ 29 ms ] worker_60614: Request is not valid!
[ 29 ms ] worker_60614: Send response to client
[ 29 ms ] worker_60614: Start wait for client data...
[ 29 ms ] worker_60614: 1448 bytes were received from client 4
[ 29 ms ] worker_60614: Start to process client request
[ 29 ms ] worker_60614: Request is not valid!
[ 29 ms ] worker_60614: Send response to client
[ 29 ms ] worker_60614: Start wait for client data...
[ 29 ms ] worker_60614: 1448 bytes were received from client 4
[ 29 ms ] worker_60614: Start to process client request
[ 29 ms ] worker_60614: Request is not valid!
[ 29 ms ] worker_60614: Send response to client
[ 29 ms ] worker_60614: Start wait for client data...
[ 29 ms ] worker_60614: 1448 bytes were received from client 4
[ 29 ms ] worker_60614: Start to process client request
[ 29 ms ] worker_60614: Request is not valid!
[ 29 ms ] worker_60614: Send response to client
[ 29 ms ] worker_60614: Start wait for client data...
[ 41 ms ] worker_60614: 1448 bytes were received from client 4
[ 41 ms ] worker_60614: Start to process client request
[ 41 ms ] worker_60614: Request is not valid!
[ 41 ms ] worker_60614: Send response to client
[ 41 ms ] worker_60614: Start wait for client data...
[ 81 ms ] worker_60614: 1448 bytes were received from client 4
[ 81 ms ] worker_60614: Start to process client request
[ 81 ms ] worker_60614: Request is not valid!
[ 81 ms ] worker_60614: Send response to client
[ 81 ms ] worker_60614: Start wait for client data...
[ 81 ms ] worker_60614: 1674 bytes were received from client 4
[ 81 ms ] worker_60614: Start to process client request
[ 81 ms ] worker_60614: Request is not valid!
[ 81 ms ] worker_60614: Send response to client
[ 81 ms ] worker_60614: Start wait for client data...
[ 85 ms ] worker_60614: Receive 0 bytes. Client closed connection. Goodbye!
[ 85 ms ] worker_60614: Exit
[ 86 ms ] END
