[ 0 ms ] START
[ 0 ms ] worker_60615: Hello, I'm new worker!
[ 0 ms ] worker_60615: Incomming connection info: 0.0.0.0 : 0New client socket was created: 4

[ 0 ms ] worker_60615: Start wait for client data...
[ 6 ms ] worker_60615: 2896 bytes were received from client 4
[ 6 ms ] worker_60615: Start to process client request
[ 6 ms ] worker_60615: Request is not valid!
[ 6 ms ] worker_60615: Send response to client
[ 6 ms ] worker_60615: Start wait for client data...
[ 6 ms ] worker_60615: 2896 bytes were received from client 4
[ 6 ms ] worker_60615: Start to process client request
[ 6 ms ] worker_60615: Request is not valid!
[ 6 ms ] worker_60615: Send response to client
[ 6 ms ] worker_60615: Start wait for client data...
[ 6 ms ] worker_60615: 2896 bytes were received from client 4
[ 6 ms ] worker_60615: Start to process client request
[ 6 ms ] worker_60615: Request is not valid!
[ 6 ms ] worker_60615: Send response to client
[ 6 ms ] worker_60615: Start wait for client data...
[ 13 ms ] worker_60615: 1448 bytes were received from client 4
[ 13 ms ] worker_60615: Start to process client request
[ 13 ms ] worker_60615: Request is not valid!
[ 13 ms ] worker_60615: Send response to client
[ 13 ms ] worker_60615: Start wait for client data...
[ 13 ms ] worker_60615: 1448 bytes were received from client 4
[ 13 ms ] worker_60615: Start to process client request
[ 13 ms ] worker_60615: Request is not valid!
[ 13 ms ] worker_60615: Send response to client
[ 13 ms ] worker_60615: Start wait for client data...
[ 14 ms ] worker_60615: 1448 bytes were received from client 4
[ 14 ms ] worker_60615: Start to process client request
[ 14 ms ] worker_60615: Request is not valid!
[ 14 ms ] worker_60615: Send response to client
[ 14 ms ] worker_60615: Start wait for client data...
[ 14 ms ] worker_60615: 1448 bytes were received from client 4
[ 14 ms ] worker_60615: Start to process client request
[ 14 ms ] worker_60615: Request is not valid!
[ 14 ms ] worker_60615: Send response to client
[ 14 ms ] worker_60615: Start wait for client data...
[ 55 ms ] worker_60615: 1386 bytes were received from client 4
[ 55 ms ] worker_60615: Start to process client request
[ 55 ms ] worker_60615: Request is not valid!
[ 55 ms ] worker_60615: Send response to client
[ 55 ms ] worker_60615: Start wait for client data...
[ 73 ms ] worker_60615: Error was occurred while receiving data from client
[ 73 ms ] worker_60615: Exit
[ 74 ms ] END
