[ 0 ms ] START
[ 0 ms ] worker_60628: Hello, I'm new worker!
[ 0 ms ] worker_60628: Incomming connection info: 0.0.0.0 : 0New client socket was created: 4

[ 0 ms ] worker_60628: Start wait for client data...
[ 18 ms ] worker_60628: 2896 bytes were received from client 4
[ 18 ms ] worker_60628: Start to process client request
[ 18 ms ] worker_60628: Request is not valid!
[ 18 ms ] worker_60628: Send response to client
[ 18 ms ] worker_60628: Start wait for client data...
[ 18 ms ] worker_60628: 1448 bytes were received from client 4
[ 18 ms ] worker_60628: Start to process client request
[ 18 ms ] worker_60628: Request is not valid!
[ 18 ms ] worker_60628: Send response to client
[ 18 ms ] worker_60628: Start wait for client data...
[ 18 ms ] worker_60628: 1448 bytes were received from client 4
[ 18 ms ] worker_60628: Start to process client request
[ 18 ms ] worker_60628: Request is not valid!
[ 18 ms ] worker_60628: Send response to client
[ 18 ms ] worker_60628: Start wait for client data...
[ 18 ms ] worker_60628: 1448 bytes were received from client 4
[ 18 ms ] worker_60628: Start to process client request
[ 18 ms ] worker_60628: Request is not valid!
[ 18 ms ] worker_60628: Send response to client
[ 18 ms ] worker_60628: Start wait for client data...
[ 19 ms ] worker_60628: 2896 bytes were received from client 4
[ 19 ms ] worker_60628: Start to process client request
[ 19 ms ] worker_60628: Request is not valid!
[ 19 ms ] worker_60628: Send response to client
[ 19 ms ] worker_60628: Start wait for client data...
[ 19 ms ] worker_60628: 2896 bytes were received from client 4
[ 19 ms ] worker_60628: Start to process client request
[ 19 ms ] worker_60628: Request is not valid!
[ 19 ms ] worker_60628: Send response to client
[ 19 ms ] worker_60628: Start wait for client data...
[ 19 ms ] worker_60628: 1448 bytes were received from client 4
[ 19 ms ] worker_60628: Start to process client request
[ 19 ms ] worker_60628: Request is not valid!
[ 19 ms ] worker_60628: Send response to client
[ 19 ms ] worker_60628: Start wait for client data...
[ 46 ms ] worker_60628: 1918 bytes were received from client 4
[ 46 ms ] worker_60628: Start to process client request
[ 46 ms ] worker_60628: Request is not valid!
[ 46 ms ] worker_60628: Send response to client
[ 46 ms ] worker_60628: Start wait for client data...
[ 46 ms ] worker_60628: Receive 0 bytes. Client closed connection. Goodbye!
[ 46 ms ] worker_60628: Exit
[ 47 ms ] END
