[ 0 ms ] START
[ 0 ms ] worker_60610: Hello, I'm new worker!
[ 0 ms ] worker_60610: Incomming connection info: 0.0.0.0 : 0New client socket was created: 4

[ 0 ms ] worker_60610: Start wait for client data...
[ 9 ms ] worker_60610: 1448 bytes were received from client 4
[ 9 ms ] worker_60610: Start to process client request
[ 9 ms ] worker_60610: Request is not valid!
[ 9 ms ] worker_60610: Send response to client
[ 9 ms ] worker_60610: Start wait for client data...
[ 9 ms ] worker_60610: 2896 bytes were received from client 4
[ 9 ms ] worker_60610: Start to process client request
[ 9 ms ] worker_60610: Request is not valid!
[ 9 ms ] worker_60610: Send response to client
[ 9 ms ] worker_60610: Start wait for client data...
[ 9 ms ] worker_60610: 2896 bytes were received from client 4
[ 9 ms ] worker_60610: Start to process client request
[ 9 ms ] worker_60610: Request is not valid!
[ 9 ms ] worker_60610: Send response to client
[ 9 ms ] worker_60610: Start wait for client data...
[ 10 ms ] worker_60610: 1448 bytes were received from client 4
[ 10 ms ] worker_60610: Start to process client request
[ 10 ms ] worker_60610: Request is not valid!
[ 10 ms ] worker_60610: Send response to client
[ 10 ms ] worker_60610: Start wait for client data...
[ 17 ms ] worker_60610: 1448 bytes were received from client 4
[ 17 ms ] worker_60610: Start to process client request
[ 17 ms ] worker_60610: Request is not valid!
[ 17 ms ] worker_60610: Send response to client
[ 17 ms ] worker_60610: Start wait for client data...
[ 20 ms ] worker_60610: 2896 bytes were received from client 4
[ 20 ms ] worker_60610: Start to process client request
[ 20 ms ] worker_60610: Request is not valid!
[ 20 ms ] worker_60610: Send response to client
[ 20 ms ] worker_60610: Start wait for client data...
[ 20 ms ] worker_60610: 1448 bytes were received from client 4
[ 20 ms ] worker_60610: Start to process client request
[ 20 ms ] worker_60610: Request is not valid!
[ 20 ms ] worker_60610: Send response to client
[ 20 ms ] worker_60610: Start wait for client data...
[ 84 ms ] worker_60610: 2654 bytes were received from client 4
[ 84 ms ] worker_60610: Start to process client request
[ 84 ms ] worker_60610: Request is not valid!
[ 84 ms ] worker_60610: Send response to client
[ 84 ms ] worker_60610: Start wait for client data...
[ 89 ms ] worker_60610: Receive 0 bytes. Client closed connection. Goodbye!
[ 89 ms ] worker_60610: Exit
[ 89 ms ] END
