[ 0 ms ] START
[ 0 ms ] worker_60597: Hello, I'm new worker!
[ 0 ms ] worker_60597: Incomming connection info: 0.0.0.0 : 0New client socket was created: 4

[ 0 ms ] worker_60597: Start wait for client data...
[ 32 ms ] worker_60597: 1448 bytes were received from client 4
[ 32 ms ] worker_60597: Start to process client request
[ 32 ms ] worker_60597: Request is not valid!
[ 32 ms ] worker_60597: Send response to client
[ 32 ms ] worker_60597: Start wait for client data...
[ 32 ms ] worker_60597: 2896 bytes were received from client 4
[ 32 ms ] worker_60597: Start to process client request
[ 32 ms ] worker_60597: Request is not valid!
[ 32 ms ] worker_60597: Send response to client
[ 32 ms ] worker_60597: Start wait for client data...
[ 32 ms ] worker_60597: 284 bytes were received from client 4
[ 32 ms ] worker_60597: Start to process client request
[ 32 ms ] worker_60597: Request is not valid!
[ 32 ms ] worker_60597: Send response to client
[ 32 ms ] worker_60597: Start wait for client data...
[ 112 ms ] worker_60597: Error was occurred while receiving data from client
[ 112 ms ] worker_60597: Exit
[ 112 ms ] END
