[ 0 ms ] START
[ 0 ms ] worker_60634: Hello, I'm new worker!
[ 0 ms ] worker_60634: Incomming connection info: 0.0.0.0 : 0New client socket was created: 4

[ 0 ms ] worker_60634: Start wait for client data...
[ 14 ms ] worker_60634: 1448 bytes were received from client 4
[ 14 ms ] worker_60634: Start to process client request
[ 14 ms ] worker_60634: Request is not valid!
[ 14 ms ] worker_60634: Send response to client
[ 14 ms ] worker_60634: Start wait for client data...
[ 15 ms ] worker_60634: 1448 bytes were received from client 4
[ 15 ms ] worker_60634: Start to process client request
[ 15 ms ] worker_60634: Request is not valid!
[ 15 ms ] worker_60634: Send response to client
[ 16 ms ] worker_60634: Start wait for client data...
[ 17 ms ] worker_60634: 1314 bytes were received from client 4
[ 17 ms ] worker_60634: Start to process client request
[ 17 ms ] worker_60634: Request is not valid!
[ 17 ms ] worker_60634: Send response to client
[ 17 ms ] worker_60634: Start wait for client data...
[ 64 ms ] worker_60634: Receive 0 bytes. Client closed connection. Goodbye!
[ 64 ms ] worker_60634: Exit
[ 64 ms ] END
