[ 0 ms ] START
[ 0 ms ] worker_60629: Hello, I'm new worker!
[ 0 ms ] worker_60629: Incomming connection info: 0.0.0.0 : 0New client socket was created: 4

[ 0 ms ] worker_60629: Start wait for client data...
[ 29 ms ] worker_60629: 2896 bytes were received from client 4
[ 29 ms ] worker_60629: Start to process client request
[ 29 ms ] worker_60629: Request is not valid!
[ 29 ms ] worker_60629: Send response to client
[ 29 ms ] worker_60629: Start wait for client data...
[ 29 ms ] worker_60629: 2896 bytes were received from client 4
[ 29 ms ] worker_60629: Start to process client request
[ 29 ms ] worker_60629: Request is not valid!
[ 29 ms ] worker_60629: Send response to client
[ 29 ms ] worker_60629: Start wait for client data...
[ 30 ms ] worker_60629: 1448 bytes were received from client 4
[ 30 ms ] worker_60629: Start to process client request
[ 30 ms ] worker_60629: Request is not valid!
[ 30 ms ] worker_60629: Send response to client
[ 30 ms ] worker_60629: Start wait for client data...
[ 30 ms ] worker_60629: 1448 bytes were received from client 4
[ 30 ms ] worker_60629: Start to process client request
[ 30 ms ] worker_60629: Request is not valid!
[ 30 ms ] worker_60629: Send response to client
[ 30 ms ] worker_60629: Start wait for client data...
[ 30 ms ] worker_60629: 1448 bytes were received from client 4
[ 30 ms ] worker_60629: Start to process client request
[ 30 ms ] worker_60629: Request is not valid!
[ 30 ms ] worker_60629: Send response to client
[ 30 ms ] worker_60629: Start wait for client data...
[ 30 ms ] worker_60629: 2376 bytes were received from client 4
[ 30 ms ] worker_60629: Start to process client request
[ 30 ms ] worker_60629: Request is not valid!
[ 30 ms ] worker_60629: Send response to client
[ 30 ms ] worker_60629: Start wait for client data...
[ 52 ms ] worker_60629: Error was occurred while receiving data from client
[ 52 ms ] worker_60629: Exit
[ 52 ms ] END
