[ 0 ms ] START
[ 0 ms ] worker_62178: Hello, I'm new worker!
[ 0 ms ] worker_62178: Incomming connection info: 0.0.0.0 : 0New client socket was created: 4

[ 0 ms ] worker_62178: Start wait for client data...
[ 272 ms ] worker_62178: 1448 bytes were received from client 4
[ 272 ms ] worker_62178: Start to process client request
[ 272 ms ] worker_62178: Request is not valid!
[ 272 ms ] worker_62178: Send response to client
[ 272 ms ] worker_62178: Start wait for client data...
[ 564 ms ] worker_62178: 13032 bytes were received from client 4
[ 564 ms ] worker_62178: Start to process client request
[ 564 ms ] worker_62178: Request is not valid!
[ 564 ms ] worker_62178: Send response to client
[ 564 ms ] worker_62178: Start wait for client data...
[ 925 ms ] worker_62178: 1448 bytes were received from client 4
[ 925 ms ] worker_62178: Start to process client request
[ 925 ms ] worker_62178: Request is not valid!
[ 925 ms ] worker_62178: Send response to client
[ 925 ms ] worker_62178: Start wait for client data...
[ 1977 ms ] worker_62178: 1448 bytes were received from client 4
[ 1977 ms ] worker_62178: Start to process client request
[ 1977 ms ] worker_62178: Request is not valid!
[ 1977 ms ] worker_62178: Send response to client
[ 1977 ms ] worker_62178: Start wait for client data...
[ 1984 ms ] worker_62178: 1448 bytes were received from client 4
[ 1984 ms ] worker_62178: Start to process client request
[ 1984 ms ] worker_62178: Request is not valid!
[ 1984 ms ] worker_62178: Send response to client
[ 1984 ms ] worker_62178: Start wait for client data...
[ 1987 ms ] worker_62178: 2896 bytes were received from client 4
[ 1987 ms ] worker_62178: Start to process client request
[ 1987 ms ] worker_62178: Request is not valid!
[ 1987 ms ] worker_62178: Send response to client
[ 1987 ms ] worker_62178: Start wait for client data...
[ 1987 ms ] worker_62178: 1448 bytes were received from client 4
[ 1987 ms ] worker_62178: Start to process client request
[ 1987 ms ] worker_62178: Request is not valid!
[ 1987 ms ] worker_62178: Send response to client
[ 1987 ms ] worker_62178: Start wait for client data...
[ 2261 ms ] worker_62178: 1436 bytes were received from client 4
[ 2261 ms ] worker_62178: Start to process client request
[ 2261 ms ] worker_62178: Request is not valid!
[ 2261 ms ] worker_62178: Send response to client
[ 2261 ms ] worker_62178: Start wait for client data...
[ 2262 ms ] worker_62178: 12 bytes were received from client 4
[ 2262 ms ] worker_62178: Start to process client request
[ 2262 ms ] worker_62178: Request is not valid!
[ 2262 ms ] worker_62178: Send response to client
[ 2262 ms ] worker_62178: Start wait for client data...
[ 2262 ms ] worker_62178: 1448 bytes were received from client 4
[ 2262 ms ] worker_62178: Start to process client request
[ 2262 ms ] worker_62178: Request is not valid!
[ 2262 ms ] worker_62178: Send response to client
[ 2262 ms ] worker_62178: Start wait for client data...
[ 2263 ms ] worker_62178: 1448 bytes were received from client 4
[ 2263 ms ] worker_62178: Start to process client request
[ 2263 ms ] worker_62178: Request is not valid!
[ 2263 ms ] worker_62178: Send response to client
[ 2263 ms ] worker_62178: Start wait for client data...
[ 2719 ms ] worker_62178: 1436 bytes were received from client 4
[ 2719 ms ] worker_62178: Start to process client request
[ 2719 ms ] worker_62178: Request is not valid!
[ 2719 ms ] worker_62178: Send response to client
[ 2719 ms ] worker_62178: Start wait for client data...
[ 2719 ms ] worker_62178: 12 bytes were received from client 4
[ 2719 ms ] worker_62178: Start to process client request
[ 2719 ms ] worker_62178: Request is not valid!
[ 2719 ms ] worker_62178: Send response to client
[ 2719 ms ] worker_62178: Start wait for client data...
[ 2719 ms ] worker_62178: 1448 bytes were received from client 4
[ 2719 ms ] worker_62178: Start to process client request
[ 2719 ms ] worker_62178: Request is not valid!
[ 2719 ms ] worker_62178: Send response to client
[ 2719 ms ] worker_62178: Start wait for client data...
[ 2719 ms ] worker_62178: 1436 bytes were received from client 4
[ 2719 ms ] worker_62178: Start to process client request
[ 2719 ms ] worker_62178: Request is not valid!
[ 2719 ms ] worker_62178: Send response to client
[ 2719 ms ] worker_62178: Start wait for client data...
[ 2720 ms ] worker_62178: 1436 bytes were received from client 4
[ 2720 ms ] worker_62178: Start to process client request
[ 2720 ms ] worker_62178: Request is not valid!
[ 2720 ms ] worker_62178: Send response to client
[ 2720 ms ] worker_62178: Start wait for client data...
[ 2720 ms ] worker_62178: 1436 bytes were received from client 4
[ 2720 ms ] worker_62178: Start to process client request
[ 2720 ms ] worker_62178: Request is not valid!
[ 2720 ms ] worker_62178: Send response to client
[ 2720 ms ] worker_62178: Start wait for client data...
[ 2829 ms ] worker_62178: 1436 bytes were received from client 4
[ 2829 ms ] worker_62178: Start to process client request
[ 2829 ms ] worker_62178: Request is not valid!
[ 2829 ms ] worker_62178: Send response to client
[ 2829 ms ] worker_62178: Start wait for client data...
[ 4177 ms ] worker_62178: 2872 bytes were received from client 4
[ 4177 ms ] worker_62178: Start to process client request
[ 4177 ms ] worker_62178: Request is not valid!
[ 4177 ms ] worker_62178: Send response to client
[ 4177 ms ] worker_62178: Start wait for client data...
[ 4177 ms ] worker_62178: 1436 bytes were received from client 4
[ 4177 ms ] worker_62178: Start to process client request
[ 4177 ms ] worker_62178: Request is not valid!
[ 4177 ms ] worker_62178: Send response to client
[ 4177 ms ] worker_62178: Start wait for client data...
[ 4177 ms ] worker_62178: 1436 bytes were received from client 4
[ 4177 ms ] worker_62178: Start to process client request
[ 4177 ms ] worker_62178: Request is not valid!
[ 4177 ms ] worker_62178: Send response to client
[ 4177 ms ] worker_62178: Start wait for client data...
[ 4177 ms ] worker_62178: 1436 bytes were received from client 4
[ 4177 ms ] worker_62178: Start to process client request
[ 4177 ms ] worker_62178: Request is not valid!
[ 4177 ms ] worker_62178: Send response to client
[ 4177 ms ] worker_62178: Start wait for client data...
[ 4177 ms ] worker_62178: 1436 bytes were received from client 4
[ 4177 ms ] worker_62178: Start to process client request
[ 4177 ms ] worker_62178: Request is not valid!
[ 4177 ms ] worker_62178: Send response to client
[ 4177 ms ] worker_62178: Start wait for client data...
[ 4212 ms ] worker_62178: 2872 bytes were received from client 4
[ 4212 ms ] worker_62178: Start to process client request
[ 4212 ms ] worker_62178: Request is not valid!
[ 4212 ms ] worker_62178: Send response to client
[ 4212 ms ] worker_62178: Start wait for client data...
[ 4212 ms ] worker_62178: 1436 bytes were received from client 4
[ 4212 ms ] worker_62178: Start to process client request
[ 4212 ms ] worker_62178: Request is not valid!
[ 4212 ms ] worker_62178: Send response to client
[ 4212 ms ] worker_62178: Start wait for client data...
[ 4212 ms ] worker_62178: 1436 bytes were received from client 4
[ 4212 ms ] worker_62178: Start to process client request
[ 4212 ms ] worker_62178: Request is not valid!
[ 4212 ms ] worker_62178: Send response to client
[ 4212 ms ] worker_62178: Start wait for client data...
[ 4221 ms ] worker_62178: 2872 bytes were received from client 4
[ 4221 ms ] worker_62178: Start to process client request
[ 4221 ms ] worker_62178: Request is not valid!
[ 4221 ms ] worker_62178: Send response to client
[ 4221 ms ] worker_62178: Start wait for client data...
[ 4377 ms ] worker_62178: 1436 bytes were received from client 4
[ 4377 ms ] worker_62178: Start to process client request
[ 4377 ms ] worker_62178: Request is not valid!
[ 4377 ms ] worker_62178: Send response to client
[ 4377 ms ] worker_62178: Start wait for client data...
[ 4377 ms ] worker_62178: 20008 bytes were received from client 4
[ 4377 ms ] worker_62178: Start to process client request
[ 4377 ms ] worker_62178: Request is not valid!
[ 4377 ms ] worker_62178: Send response to client
[ 4377 ms ] worker_62178: Start wait for client data...
[ 4377 ms ] worker_62178: 17352 bytes were received from client 4
[ 4377 ms ] worker_62178: Start to process client request
[ 4377 ms ] worker_62178: Request is not valid!
[ 4377 ms ] worker_62178: Send response to client
[ 4377 ms ] worker_62178: Start wait for client data...
[ 4377 ms ] worker_62178: 1448 bytes were received from client 4
[ 4378 ms ] worker_62178: Start to process client request
[ 4378 ms ] worker_62178: Request is not valid!
[ 4378 ms ] worker_62178: Send response to client
[ 4378 ms ] worker_62178: Start wait for client data...
[ 4385 ms ] worker_62178: 2884 bytes were received from client 4
[ 4385 ms ] worker_62178: Start to process client request
[ 4385 ms ] worker_62178: Request is not valid!
[ 4385 ms ] worker_62178: Send response to client
[ 4385 ms ] worker_62178: Start wait for client data...
[ 4385 ms ] worker_62178: 12 bytes were received from client 4
[ 4385 ms ] worker_62178: Start to process client request
[ 4385 ms ] worker_62178: Request is not valid!
[ 4385 ms ] worker_62178: Send response to client
[ 4385 ms ] worker_62178: Start wait for client data...
[ 4385 ms ] worker_62178: 1448 bytes were received from client 4
[ 4385 ms ] worker_62178: Start to process client request
[ 4385 ms ] worker_62178: Request is not valid!
[ 4385 ms ] worker_62178: Send response to client
[ 4385 ms ] worker_62178: Start wait for client data...
[ 4385 ms ] worker_62178: 1436 bytes were received from client 4
[ 4385 ms ] worker_62178: Start to process client request
[ 4385 ms ] worker_62178: Request is not valid!
[ 4385 ms ] worker_62178: Send response to client
[ 4385 ms ] worker_62178: Start wait for client data...
[ 4550 ms ] worker_62178: 12 bytes were received from client 4
[ 4550 ms ] worker_62178: Start to process client request
[ 4550 ms ] worker_62178: Request is not valid!
[ 4550 ms ] worker_62178: Send response to client
[ 4550 ms ] worker_62178: Start wait for client data...
[ 4551 ms ] worker_62178: 2872 bytes were received from client 4
[ 4551 ms ] worker_62178: Start to process client request
[ 4551 ms ] worker_62178: Request is not valid!
[ 4551 ms ] worker_62178: Send response to client
[ 4551 ms ] worker_62178: Start wait for client data...
[ 4551 ms ] worker_62178: 1436 bytes were received from client 4
[ 4551 ms ] worker_62178: Start to process client request
[ 4551 ms ] worker_62178: Request is not valid!
[ 4551 ms ] worker_62178: Send response to client
[ 4551 ms ] worker_62178: Start wait for client data...
[ 4551 ms ] worker_62178: 1436 bytes were received from client 4
[ 4551 ms ] worker_62178: Start to process client request
[ 4551 ms ] worker_62178: Request is not valid!
[ 4551 ms ] worker_62178: Send response to client
[ 4551 ms ] worker_62178: Start wait for client data...
[ 4551 ms ] worker_62178: 1436 bytes were received from client 4
[ 4551 ms ] worker_62178: Start to process client request
[ 4551 ms ] worker_62178: Request is not valid!
[ 4551 ms ] worker_62178: Send response to client
[ 4551 ms ] worker_62178: Start wait for client data...
[ 4552 ms ] worker_62178: 1436 bytes were received from client 4
[ 4552 ms ] worker_62178: Start to process client request
[ 4552 ms ] worker_62178: Request is not valid!
[ 4552 ms ] worker_62178: Send response to client
[ 4552 ms ] worker_62178: Start wait for client data...
[ 4552 ms ] worker_62178: 1436 bytes were received from client 4
[ 4552 ms ] worker_62178: Start to process client request
[ 4552 ms ] worker_62178: Request is not valid!
[ 4552 ms ] worker_62178: Send response to client
[ 4552 ms ] worker_62178: Start wait for client data...
[ 4552 ms ] worker_62178: 1436 bytes were received from client 4
[ 4552 ms ] worker_62178: Start to process client request
[ 4552 ms ] worker_62178: Request is not valid!
[ 4552 ms ] worker_62178: Send response to client
[ 4552 ms ] worker_62178: Start wait for client data...
[ 4552 ms ] worker_62178: 1436 bytes were received from client 4
[ 4552 ms ] worker_62178: Start to process client request
[ 4552 ms ] worker_62178: Request is not valid!
[ 4552 ms ] worker_62178: Send response to client
[ 4552 ms ] worker_62178: Start wait for client data...
[ 4552 ms ] worker_62178: 2872 bytes were received from client 4
[ 4552 ms ] worker_62178: Start to process client request
[ 4552 ms ] worker_62178: Request is not valid!
[ 4552 ms ] worker_62178: Send response to client
[ 4552 ms ] worker_62178: Start wait for client data...
[ 4554 ms ] worker_62178: 1436 bytes were received from client 4
[ 4554 ms ] worker_62178: Start to process client request
[ 4554 ms ] worker_62178: Request is not valid!
[ 4554 ms ] worker_62178: Send response to client
[ 4554 ms ] worker_62178: Start wait for client data...
[ 4554 ms ] worker_62178: 1436 bytes were received from client 4
[ 4554 ms ] worker_62178: Start to process client request
[ 4554 ms ] worker_62178: Request is not valid!
[ 4554 ms ] worker_62178: Send response to client
[ 4554 ms ] worker_62178: Start wait for client data...
[ 4554 ms ] worker_62178: 1436 bytes were received from client 4
[ 4554 ms ] worker_62178: Start to process client request
[ 4554 ms ] worker_62178: Request is not valid!
[ 4554 ms ] worker_62178: Send response to client
[ 4554 ms ] worker_62178: Start wait for client data...
[ 4554 ms ] worker_62178: 1436 bytes were received from client 4
[ 4554 ms ] worker_62178: Start to process client request
[ 4554 ms ] worker_62178: Request is not valid!
[ 4554 ms ] worker_62178: Send response to client
[ 4554 ms ] worker_62178: Start wait for client data...
[ 4554 ms ] worker_62178: 1436 bytes were received from client 4
[ 4554 ms ] worker_62178: Start to process client request
[ 4554 ms ] worker_62178: Request is not valid!
[ 4554 ms ] worker_62178: Send response to client
[ 4554 ms ] worker_62178: Start wait for client data...
[ 4554 ms ] worker_62178: 1436 bytes were received from client 4
[ 4555 ms ] worker_62178: Start to process client request
[ 4555 ms ] worker_62178: Request is not valid!
[ 4555 ms ] worker_62178: Send response to client
[ 4555 ms ] worker_62178: Start wait for client data...
[ 4555 ms ] worker_62178: 1436 bytes were received from client 4
[ 4555 ms ] worker_62178: Start to process client request
[ 4555 ms ] worker_62178: Request is not valid!
[ 4555 ms ] worker_62178: Send response to client
[ 4555 ms ] worker_62178: Start wait for client data...
[ 4555 ms ] worker_62178: 1436 bytes were received from client 4
[ 4555 ms ] worker_62178: Start to process client request
[ 4555 ms ] worker_62178: Request is not valid!
[ 4555 ms ] worker_62178: Send response to client
[ 4555 ms ] worker_62178: Start wait for client data...
[ 4555 ms ] worker_62178: 1436 bytes were received from client 4
[ 4555 ms ] worker_62178: Start to process client request
[ 4555 ms ] worker_62178: Request is not valid!
[ 4555 ms ] worker_62178: Send response to client
[ 4555 ms ] worker_62178: Start wait for client data...
[ 4675 ms ] worker_62178: 1436 bytes were received from client 4
[ 4675 ms ] worker_62178: Start to process client request
[ 4675 ms ] worker_62178: Request is not valid!
[ 4675 ms ] worker_62178: Send response to client
[ 4675 ms ] worker_62178: Start wait for client data...
[ 4688 ms ] worker_62178: 4308 bytes were received from client 4
[ 4688 ms ] worker_62178: Start to process client request
[ 4688 ms ] worker_62178: Request is not valid!
[ 4688 ms ] worker_62178: Send response to client
[ 4688 ms ] worker_62178: Start wait for client data...
[ 4689 ms ] worker_62178: 4308 bytes were received from client 4
[ 4689 ms ] worker_62178: Start to process client request
[ 4689 ms ] worker_62178: Request is not valid!
[ 4689 ms ] worker_62178: Send response to client
[ 4689 ms ] worker_62178: Start wait for client data...
[ 4689 ms ] worker_62178: 1436 bytes were received from client 4
[ 4689 ms ] worker_62178: Start to process client request
[ 4689 ms ] worker_62178: Request is not valid!
[ 4689 ms ] worker_62178: Send response to client
[ 4689 ms ] worker_62178: Start wait for client data...
[ 4689 ms ] worker_62178: 1436 bytes were received from client 4
[ 4689 ms ] worker_62178: Start to process client request
[ 4689 ms ] worker_62178: Request is not valid!
[ 4689 ms ] worker_62178: Send response to client
[ 4689 ms ] worker_62178: Start wait for client data...
[ 4692 ms ] worker_62178: 2872 bytes were received from client 4
[ 4692 ms ] worker_62178: Start to process client request
[ 4692 ms ] worker_62178: Request is not valid!
[ 4692 ms ] worker_62178: Send response to client
[ 4692 ms ] worker_62178: Start wait for client data...
[ 4692 ms ] worker_62178: 1436 bytes were received from client 4
[ 4692 ms ] worker_62178: Start to process client request
[ 4692 ms ] worker_62178: Request is not valid!
[ 4692 ms ] worker_62178: Send response to client
[ 4692 ms ] worker_62178: Start wait for client data...
[ 4692 ms ] worker_62178: 1436 bytes were received from client 4
[ 4692 ms ] worker_62178: Start to process client request
[ 4692 ms ] worker_62178: Request is not valid!
[ 4692 ms ] worker_62178: Send response to client
[ 4692 ms ] worker_62178: Start wait for client data...
[ 4692 ms ] worker_62178: 1436 bytes were received from client 4
[ 4692 ms ] worker_62178: Start to process client request
[ 4692 ms ] worker_62178: Request is not valid!
[ 4692 ms ] worker_62178: Send response to client
[ 4692 ms ] worker_62178: Start wait for client data...
[ 4692 ms ] worker_62178: 1436 bytes were received from client 4
[ 4692 ms ] worker_62178: Start to process client request
[ 4692 ms ] worker_62178: Request is not valid!
[ 4692 ms ] worker_62178: Send response to client
[ 4692 ms ] worker_62178: Start wait for client data...
[ 4692 ms ] worker_62178: 1436 bytes were received from client 4
[ 4692 ms ] worker_62178: Start to process client request
[ 4693 ms ] worker_62178: Request is not valid!
[ 4693 ms ] worker_62178: Send response to client
[ 4693 ms ] worker_62178: Start wait for client data...
[ 4693 ms ] worker_62178: 1436 bytes were received from client 4
[ 4693 ms ] worker_62178: Start to process client request
[ 4693 ms ] worker_62178: Request is not valid!
[ 4693 ms ] worker_62178: Send response to client
[ 4693 ms ] worker_62178: Start wait for client data...
[ 4693 ms ] worker_62178: 1436 bytes were received from client 4
[ 4693 ms ] worker_62178: Start to process client request
[ 4693 ms ] worker_62178: Request is not valid!
[ 4693 ms ] worker_62178: Send response to client
[ 4693 ms ] worker_62178: Start wait for client data...
[ 4693 ms ] worker_62178: 1436 bytes were received from client 4
[ 4693 ms ] worker_62178: Start to process client request
[ 4693 ms ] worker_62178: Request is not valid!
[ 4693 ms ] worker_62178: Send response to client
[ 4693 ms ] worker_62178: Start wait for client data...
[ 4693 ms ] worker_62178: 1436 bytes were received from client 4
[ 4693 ms ] worker_62178: Start to process client request
[ 4693 ms ] worker_62178: Request is not valid!
[ 4693 ms ] worker_62178: Send response to client
[ 4693 ms ] worker_62178: Start wait for client data...
[ 4693 ms ] worker_62178: 1436 bytes were received from client 4
[ 4693 ms ] worker_62178: Start to process client request
[ 4693 ms ] worker_62178: Request is not valid!
[ 4693 ms ] worker_62178: Send response to client
[ 4694 ms ] worker_62178: Start wait for client data...
[ 4694 ms ] worker_62178: 1436 bytes were received from client 4
[ 4694 ms ] worker_62178: Start to process client request
[ 4694 ms ] worker_62178: Request is not valid!
[ 4694 ms ] worker_62178: Send response to client
[ 4694 ms ] worker_62178: Start wait for client data...
[ 4694 ms ] worker_62178: 1436 bytes were received from client 4
[ 4694 ms ] worker_62178: Start to process client request
[ 4694 ms ] worker_62178: Request is not valid!
[ 4694 ms ] worker_62178: Send response to client
[ 4694 ms ] worker_62178: Start wait for client data...
[ 4694 ms ] worker_62178: 1436 bytes were received from client 4
[ 4694 ms ] worker_62178: Start to process client request
[ 4694 ms ] worker_62178: Request is not valid!
[ 4694 ms ] worker_62178: Send response to client
[ 4694 ms ] worker_62178: Start wait for client data...
[ 4787 ms ] worker_62178: 1436 bytes were received from client 4
[ 4787 ms ] worker_62178: Start to process client request
[ 4787 ms ] worker_62178: Request is not valid!
[ 4787 ms ] worker_62178: Send response to client
[ 4787 ms ] worker_62178: Start wait for client data...
[ 4792 ms ] worker_62178: 1436 bytes were received from client 4
[ 4792 ms ] worker_62178: Start to process client request
[ 4792 ms ] worker_62178: Request is not valid!
[ 4792 ms ] worker_62178: Send response to client
[ 4792 ms ] worker_62178: Start wait for client data...
[ 4792 ms ] worker_62178: 1436 bytes were received from client 4
[ 4792 ms ] worker_62178: Start to process client request
[ 4792 ms ] worker_62178: Request is not valid!
[ 4792 ms ] worker_62178: Send response to client
[ 4792 ms ] worker_62178: Start wait for client data...
[ 4792 ms ] worker_62178: 1436 bytes were received from client 4
[ 4792 ms ] worker_62178: Start to process client request
[ 4792 ms ] worker_62178: Request is not valid!
[ 4792 ms ] worker_62178: Send response to client
[ 4792 ms ] worker_62178: Start wait for client data...
[ 4797 ms ] worker_62178: 1436 bytes were received from client 4
[ 4797 ms ] worker_62178: Start to process client request
[ 4797 ms ] worker_62178: Request is not valid!
[ 4797 ms ] worker_62178: Send response to client
[ 4797 ms ] worker_62178: Start wait for client data...
[ 4798 ms ] worker_62178: 1436 bytes were received from client 4
[ 4798 ms ] worker_62178: Start to process client request
[ 4798 ms ] worker_62178: Request is not valid!
[ 4798 ms ] worker_62178: Send response to client
[ 4798 ms ] worker_62178: Start wait for client data...
[ 4798 ms ] worker_62178: 1436 bytes were received from client 4
[ 4798 ms ] worker_62178: Start to process client request
[ 4798 ms ] worker_62178: Request is not valid!
[ 4798 ms ] worker_62178: Send response to client
[ 4798 ms ] worker_62178: Start wait for client data...
[ 4798 ms ] worker_62178: 1436 bytes were received from client 4
[ 4798 ms ] worker_62178: Start to process client request
[ 4798 ms ] worker_62178: Request is not valid!
[ 4798 ms ] worker_62178: Send response to client
[ 4798 ms ] worker_62178: Start wait for client data...
[ 4798 ms ] worker_62178: 1436 bytes were received from client 4
[ 4798 ms ] worker_62178: Start to process client request
[ 4798 ms ] worker_62178: Request is not valid!
[ 4798 ms ] worker_62178: Send response to client
[ 4798 ms ] worker_62178: Start wait for client data...
[ 4798 ms ] worker_62178: 1436 bytes were received from client 4
[ 4798 ms ] worker_62178: Start to process client request
[ 4798 ms ] worker_62178: Request is not valid!
[ 4798 ms ] worker_62178: Send response to client
[ 4798 ms ] worker_62178: Start wait for client data...
[ 4893 ms ] worker_62178: Error was occurred while receiving data from client
[ 4893 ms ] worker_62178: Exit
[ 4894 ms ] END
