[ 0 ms ] START
[ 0 ms ] worker_62180: Hello, I'm new worker!
[ 0 ms ] worker_62180: Incomming connection info: 0.0.0.0 : 0New client socket was created: 4

[ 0 ms ] worker_62180: Start wait for client data...
[ 215 ms ] worker_62180: 1448 bytes were received from client 4
[ 215 ms ] worker_62180: Start to process client request
[ 215 ms ] worker_62180: Request is not valid!
[ 215 ms ] worker_62180: Send response to client
[ 215 ms ] worker_62180: Start wait for client data...
[ 216 ms ] worker_62180: 1448 bytes were received from client 4
[ 216 ms ] worker_62180: Start to process client request
[ 216 ms ] worker_62180: Request is not valid!
[ 217 ms ] worker_62180: Send response to client
[ 217 ms ] worker_62180: Start wait for client data...
[ 217 ms ] worker_62180: 1448 bytes were received from client 4
[ 217 ms ] worker_62180: Start to process client request
[ 217 ms ] worker_62180: Request is not valid!
[ 217 ms ] worker_62180: Send response to client
[ 217 ms ] worker_62180: Start wait for client data...
[ 217 ms ] worker_62180: 1448 bytes were received from client 4
[ 217 ms ] worker_62180: Start to process client request
[ 217 ms ] worker_62180: Request is not valid!
[ 217 ms ] worker_62180: Send response to client
[ 217 ms ] worker_62180: Start wait for client data...
[ 217 ms ] worker_62180: 2896 bytes were received from client 4
[ 217 ms ] worker_62180: Start to process client request
[ 217 ms ] worker_62180: Request is not valid!
[ 217 ms ] worker_62180: Send response to client
[ 217 ms ] worker_62180: Start wait for client data...
[ 217 ms ] worker_62180: 1448 bytes were received from client 4
[ 217 ms ] worker_62180: Start to process client request
[ 217 ms ] worker_62180: Request is not valid!
[ 217 ms ] worker_62180: Send response to client
[ 217 ms ] worker_62180: Start wait for client data...
[ 217 ms ] worker_62180: 1448 bytes were received from client 4
[ 217 ms ] worker_62180: Start to process client request
[ 217 ms ] worker_62180: Request is not valid!
[ 217 ms ] worker_62180: Send response to client
[ 217 ms ] worker_62180: Start wait for client data...
[ 217 ms ] worker_62180: 1448 bytes were received from client 4
[ 217 ms ] worker_62180: Start to process client request
[ 217 ms ] worker_62180: Request is not valid!
[ 217 ms ] worker_62180: Send response to client
[ 217 ms ] worker_62180: Start wait for client data...
[ 217 ms ] worker_62180: 1448 bytes were received from client 4
[ 217 ms ] worker_62180: Start to process client request
[ 217 ms ] worker_62180: Request is not valid!
[ 218 ms ] worker_62180: Send response to client
[ 218 ms ] worker_62180: Start wait for client data...
[ 922 ms ] worker_62180: 1448 bytes were received from client 4
[ 923 ms ] worker_62180: Start to process client request
[ 923 ms ] worker_62180: Request is not valid!
[ 923 ms ] worker_62180: Send response to client
[ 923 ms ] worker_62180: Start wait for client data...
[ 1743 ms ] worker_62180: 1448 bytes were received from client 4
[ 1743 ms ] worker_62180: Start to process client request
[ 1743 ms ] worker_62180: Request is not valid!
[ 1743 ms ] worker_62180: Send response to client
[ 1743 ms ] worker_62180: Start wait for client data...
[ 1796 ms ] worker_62180: 1448 bytes were received from client 4
[ 1796 ms ] worker_62180: Start to process client request
[ 1796 ms ] worker_62180: Request is not valid!
[ 1796 ms ] worker_62180: Send response to client
[ 1796 ms ] worker_62180: Start wait for client data...
[ 1796 ms ] worker_62180: 1448 bytes were received from client 4
[ 1796 ms ] worker_62180: Start to process client request
[ 1796 ms ] worker_62180: Request is not valid!
[ 1796 ms ] worker_62180: Send response to client
[ 1796 ms ] worker_62180: Start wait for client data...
[ 1796 ms ] worker_62180: 1448 bytes were received from client 4
[ 1796 ms ] worker_62180: Start to process client request
[ 1796 ms ] worker_62180: Request is not valid!
[ 1796 ms ] worker_62180: Send response to client
[ 1796 ms ] worker_62180: Start wait for client data...
[ 1796 ms ] worker_62180: 1448 bytes were received from client 4
[ 1796 ms ] worker_62180: Start to process client request
[ 1796 ms ] worker_62180: Request is not valid!
[ 1796 ms ] worker_62180: Send response to client
[ 1796 ms ] worker_62180: Start wait for client data...
[ 1797 ms ] worker_62180: 1448 bytes were received from client 4
[ 1797 ms ] worker_62180: Start to process client request
[ 1797 ms ] worker_62180: Request is not valid!
[ 1797 ms ] worker_62180: Send response to client
[ 1797 ms ] worker_62180: Start wait for client data...
[ 1801 ms ] worker_62180: 2896 bytes were received from client 4
[ 1801 ms ] worker_62180: Start to process client request
[ 1801 ms ] worker_62180: Request is not valid!
[ 1801 ms ] worker_62180: Send response to client
[ 1801 ms ] worker_62180: Start wait for client data...
[ 1801 ms ] worker_62180: 2896 bytes were received from client 4
[ 1801 ms ] worker_62180: Start to process client request
[ 1801 ms ] worker_62180: Request is not valid!
[ 1801 ms ] worker_62180: Send response to client
[ 1801 ms ] worker_62180: Start wait for client data...
[ 1801 ms ] worker_62180: 2896 bytes were received from client 4
[ 1801 ms ] worker_62180: Start to process client request
[ 1801 ms ] worker_62180: Request is not valid!
[ 1801 ms ] worker_62180: Send response to client
[ 1801 ms ] worker_62180: Start wait for client data...
[ 1801 ms ] worker_62180: 2896 bytes were received from client 4
[ 1801 ms ] worker_62180: Start to process client request
[ 1801 ms ] worker_62180: Request is not valid!
[ 1801 ms ] worker_62180: Send response to client
[ 1801 ms ] worker_62180: Start wait for client data...
[ 1804 ms ] worker_62180: 2896 bytes were received from client 4
[ 1804 ms ] worker_62180: Start to process client request
[ 1804 ms ] worker_62180: Request is not valid!
[ 1805 ms ] worker_62180: Send response to client
[ 1805 ms ] worker_62180: Start wait for client data...
[ 1981 ms ] worker_62180: 1448 bytes were received from client 4
[ 1981 ms ] worker_62180: Start to process client request
[ 1981 ms ] worker_62180: Request is not valid!
[ 1981 ms ] worker_62180: Send response to client
[ 1981 ms ] worker_62180: Start wait for client data...
[ 1981 ms ] worker_62180: 1448 bytes were received from client 4
[ 1981 ms ] worker_62180: Start to process client request
[ 1981 ms ] worker_62180: Request is not valid!
[ 1981 ms ] worker_62180: Send response to client
[ 1981 ms ] worker_62180: Start wait for client data...
[ 2256 ms ] worker_62180: 1448 bytes were received from client 4
[ 2256 ms ] worker_62180: Start to process client request
[ 2256 ms ] worker_62180: Request is not valid!
[ 2256 ms ] worker_62180: Send response to client
[ 2256 ms ] worker_62180: Start wait for client data...
[ 2258 ms ] worker_62180: 1448 bytes were received from client 4
[ 2258 ms ] worker_62180: Start to process client request
[ 2258 ms ] worker_62180: Request is not valid!
[ 2258 ms ] worker_62180: Send response to client
[ 2258 ms ] worker_62180: Start wait for client data...
[ 2637 ms ] worker_62180: 1448 bytes were received from client 4
[ 2637 ms ] worker_62180: Start to process client request
[ 2637 ms ] worker_62180: Request is not valid!
[ 2637 ms ] worker_62180: Send response to client
[ 2637 ms ] worker_62180: Start wait for client data...
[ 2637 ms ] worker_62180: 1448 bytes were received from client 4
[ 2637 ms ] worker_62180: Start to process client request
[ 2637 ms ] worker_62180: Request is not valid!
[ 2637 ms ] worker_62180: Send response to client
[ 2637 ms ] worker_62180: Start wait for client data...
[ 2644 ms ] worker_62180: 2896 bytes were received from client 4
[ 2644 ms ] worker_62180: Start to process client request
[ 2644 ms ] worker_62180: Request is not valid!
[ 2644 ms ] worker_62180: Send response to client
[ 2645 ms ] worker_62180: Start wait for client data...
[ 2645 ms ] worker_62180: 2896 bytes were received from client 4
[ 2645 ms ] worker_62180: Start to process client request
[ 2645 ms ] worker_62180: Request is not valid!
[ 2645 ms ] worker_62180: Send response to client
[ 2645 ms ] worker_62180: Start wait for client data...
[ 2645 ms ] worker_62180: 1448 bytes were received from client 4
[ 2645 ms ] worker_62180: Start to process client request
[ 2645 ms ] worker_62180: Request is not valid!
[ 2645 ms ] worker_62180: Send response to client
[ 2645 ms ] worker_62180: Start wait for client data...
[ 2645 ms ] worker_62180: 1448 bytes were received from client 4
[ 2645 ms ] worker_62180: Start to process client request
[ 2645 ms ] worker_62180: Request is not valid!
[ 2645 ms ] worker_62180: Send response to client
[ 2645 ms ] worker_62180: Start wait for client data...
[ 2645 ms ] worker_62180: 1448 bytes were received from client 4
[ 2645 ms ] worker_62180: Start to process client request
[ 2645 ms ] worker_62180: Request is not valid!
[ 2645 ms ] worker_62180: Send response to client
[ 2645 ms ] worker_62180: Start wait for client data...
[ 2645 ms ] worker_62180: 1448 bytes were received from client 4
[ 2645 ms ] worker_62180: Start to process client request
[ 2645 ms ] worker_62180: Request is not valid!
[ 2645 ms ] worker_62180: Send response to client
[ 2645 ms ] worker_62180: Start wait for client data...
[ 2645 ms ] worker_62180: 1448 bytes were received from client 4
[ 2645 ms ] worker_62180: Start to process client request
[ 2645 ms ] worker_62180: Request is not valid!
[ 2645 ms ] worker_62180: Send response to client
[ 2645 ms ] worker_62180: Start wait for client data...
[ 2646 ms ] worker_62180: 2896 bytes were received from client 4
[ 2646 ms ] worker_62180: Start to process client request
[ 2646 ms ] worker_62180: Request is not valid!
[ 2646 ms ] worker_62180: Send response to client
[ 2646 ms ] worker_62180: Start wait for client data...
[ 2646 ms ] worker_62180: 1448 bytes were received from client 4
[ 2646 ms ] worker_62180: Start to process client request
[ 2646 ms ] worker_62180: Request is not valid!
[ 2646 ms ] worker_62180: Send response to client
[ 2646 ms ] worker_62180: Start wait for client data...
[ 2646 ms ] worker_62180: 1448 bytes were received from client 4
[ 2646 ms ] worker_62180: Start to process client request
[ 2646 ms ] worker_62180: Request is not valid!
[ 2646 ms ] worker_62180: Send response to client
[ 2646 ms ] worker_62180: Start wait for client data...
[ 2646 ms ] worker_62180: 1448 bytes were received from client 4
[ 2646 ms ] worker_62180: Start to process client request
[ 2646 ms ] worker_62180: Request is not valid!
[ 2646 ms ] worker_62180: Send response to client
[ 2646 ms ] worker_62180: Start wait for client data...
[ 2646 ms ] worker_62180: 2896 bytes were received from client 4
[ 2646 ms ] worker_62180: Start to process client request
[ 2646 ms ] worker_62180: Request is not valid!
[ 2646 ms ] worker_62180: Send response to client
[ 2646 ms ] worker_62180: Start wait for client data...
[ 2647 ms ] worker_62180: 1448 bytes were received from client 4
[ 2647 ms ] worker_62180: Start to process client request
[ 2647 ms ] worker_62180: Request is not valid!
[ 2647 ms ] worker_62180: Send response to client
[ 2647 ms ] worker_62180: Start wait for client data...
[ 2647 ms ] worker_62180: 4344 bytes were received from client 4
[ 2647 ms ] worker_62180: Start to process client request
[ 2647 ms ] worker_62180: Request is not valid!
[ 2647 ms ] worker_62180: Send response to client
[ 2647 ms ] worker_62180: Start wait for client data...
[ 2647 ms ] worker_62180: 1448 bytes were received from client 4
[ 2647 ms ] worker_62180: Start to process client request
[ 2647 ms ] worker_62180: Request is not valid!
[ 2647 ms ] worker_62180: Send response to client
[ 2647 ms ] worker_62180: Start wait for client data...
[ 2647 ms ] worker_62180: 1448 bytes were received from client 4
[ 2647 ms ] worker_62180: Start to process client request
[ 2647 ms ] worker_62180: Request is not valid!
[ 2647 ms ] worker_62180: Send response to client
[ 2647 ms ] worker_62180: Start wait for client data...
[ 2647 ms ] worker_62180: 1448 bytes were received from client 4
[ 2647 ms ] worker_62180: Start to process client request
[ 2648 ms ] worker_62180: Request is not valid!
[ 2648 ms ] worker_62180: Send response to client
[ 2648 ms ] worker_62180: Start wait for client data...
[ 2648 ms ] worker_62180: 1448 bytes were received from client 4
[ 2648 ms ] worker_62180: Start to process client request
[ 2648 ms ] worker_62180: Request is not valid!
[ 2648 ms ] worker_62180: Send response to client
[ 2648 ms ] worker_62180: Start wait for client data...
[ 2649 ms ] worker_62180: 1448 bytes were received from client 4
[ 2649 ms ] worker_62180: Start to process client request
[ 2649 ms ] worker_62180: Request is not valid!
[ 2649 ms ] worker_62180: Send response to client
[ 2649 ms ] worker_62180: Start wait for client data...
[ 2649 ms ] worker_62180: 1448 bytes were received from client 4
[ 2649 ms ] worker_62180: Start to process client request
[ 2649 ms ] worker_62180: Request is not valid!
[ 2649 ms ] worker_62180: Send response to client
[ 2649 ms ] worker_62180: Start wait for client data...
[ 2649 ms ] worker_62180: 1448 bytes were received from client 4
[ 2649 ms ] worker_62180: Start to process client request
[ 2649 ms ] worker_62180: Request is not valid!
[ 2650 ms ] worker_62180: Send response to client
[ 2650 ms ] worker_62180: Start wait for client data...
[ 2699 ms ] worker_62180: 1448 bytes were received from client 4
[ 2699 ms ] worker_62180: Start to process client request
[ 2699 ms ] worker_62180: Request is not valid!
[ 2699 ms ] worker_62180: Send response to client
[ 2699 ms ] worker_62180: Start wait for client data...
[ 2986 ms ] worker_62180: 2896 bytes were received from client 4
[ 2986 ms ] worker_62180: Start to process client request
[ 2986 ms ] worker_62180: Request is not valid!
[ 2986 ms ] worker_62180: Send response to client
[ 2986 ms ] worker_62180: Start wait for client data...
[ 3418 ms ] worker_62180: 1448 bytes were received from client 4
[ 3418 ms ] worker_62180: Start to process client request
[ 3418 ms ] worker_62180: Request is not valid!
[ 3418 ms ] worker_62180: Send response to client
[ 3418 ms ] worker_62180: Start wait for client data...
[ 3418 ms ] worker_62180: 1448 bytes were received from client 4
[ 3418 ms ] worker_62180: Start to process client request
[ 3418 ms ] worker_62180: Request is not valid!
[ 3418 ms ] worker_62180: Send response to client
[ 3418 ms ] worker_62180: Start wait for client data...
[ 3419 ms ] worker_62180: 1448 bytes were received from client 4
[ 3419 ms ] worker_62180: Start to process client request
[ 3419 ms ] worker_62180: Request is not valid!
[ 3419 ms ] worker_62180: Send response to client
[ 3419 ms ] worker_62180: Start wait for client data...
[ 3419 ms ] worker_62180: 1448 bytes were received from client 4
[ 3419 ms ] worker_62180: Start to process client request
[ 3419 ms ] worker_62180: Request is not valid!
[ 3419 ms ] worker_62180: Send response to client
[ 3419 ms ] worker_62180: Start wait for client data...
[ 3419 ms ] worker_62180: 1448 bytes were received from client 4
[ 3419 ms ] worker_62180: Start to process client request
[ 3419 ms ] worker_62180: Request is not valid!
[ 3419 ms ] worker_62180: Send response to client
[ 3419 ms ] worker_62180: Start wait for client data...
[ 3428 ms ] worker_62180: 1448 bytes were received from client 4
[ 3428 ms ] worker_62180: Start to process client request
[ 3428 ms ] worker_62180: Request is not valid!
[ 3428 ms ] worker_62180: Send response to client
[ 3428 ms ] worker_62180: Start wait for client data...
[ 3428 ms ] worker_62180: 1448 bytes were received from client 4
[ 3428 ms ] worker_62180: Start to process client request
[ 3428 ms ] worker_62180: Request is not valid!
[ 3428 ms ] worker_62180: Send response to client
[ 3428 ms ] worker_62180: Start wait for client data...
[ 3428 ms ] worker_62180: 1448 bytes were received from client 4
[ 3428 ms ] worker_62180: Start to process client request
[ 3428 ms ] worker_62180: Request is not valid!
[ 3428 ms ] worker_62180: Send response to client
[ 3428 ms ] worker_62180: Start wait for client data...
[ 3429 ms ] worker_62180: 1448 bytes were received from client 4
[ 3429 ms ] worker_62180: Start to process client request
[ 3429 ms ] worker_62180: Request is not valid!
[ 3429 ms ] worker_62180: Send response to client
[ 3429 ms ] worker_62180: Start wait for client data...
[ 3432 ms ] worker_62180: 1448 bytes were received from client 4
[ 3432 ms ] worker_62180: Start to process client request
[ 3432 ms ] worker_62180: Request is not valid!
[ 3432 ms ] worker_62180: Send response to client
[ 3432 ms ] worker_62180: Start wait for client data...
[ 3433 ms ] worker_62180: 1448 bytes were received from client 4
[ 3433 ms ] worker_62180: Start to process client request
[ 3433 ms ] worker_62180: Request is not valid!
[ 3433 ms ] worker_62180: Send response to client
[ 3433 ms ] worker_62180: Start wait for client data...
[ 3433 ms ] worker_62180: 1448 bytes were received from client 4
[ 3433 ms ] worker_62180: Start to process client request
[ 3433 ms ] worker_62180: Request is not valid!
[ 3433 ms ] worker_62180: Send response to client
[ 3433 ms ] worker_62180: Start wait for client data...
[ 3433 ms ] worker_62180: 1448 bytes were received from client 4
[ 3433 ms ] worker_62180: Start to process client request
[ 3433 ms ] worker_62180: Request is not valid!
[ 3433 ms ] worker_62180: Send response to client
[ 3433 ms ] worker_62180: Start wait for client data...
[ 3438 ms ] worker_62180: 1448 bytes were received from client 4
[ 3438 ms ] worker_62180: Start to process client request
[ 3438 ms ] worker_62180: Request is not valid!
[ 3438 ms ] worker_62180: Send response to client
[ 3438 ms ] worker_62180: Start wait for client data...
[ 3438 ms ] worker_62180: 2896 bytes were received from client 4
[ 3438 ms ] worker_62180: Start to process client request
[ 3438 ms ] worker_62180: Request is not valid!
[ 3438 ms ] worker_62180: Send response to client
[ 3438 ms ] worker_62180: Start wait for client data...
[ 3438 ms ] worker_62180: 1436 bytes were received from client 4
[ 3438 ms ] worker_62180: Start to process client request
[ 3438 ms ] worker_62180: Request is not valid!
[ 3438 ms ] worker_62180: Send response to client
[ 3438 ms ] worker_62180: Start wait for client data...
[ 3656 ms ] worker_62180: 12 bytes were received from client 4
[ 3656 ms ] worker_62180: Start to process client request
[ 3656 ms ] worker_62180: Request is not valid!
[ 3656 ms ] worker_62180: Send response to client
[ 3656 ms ] worker_62180: Start wait for client data...
[ 3656 ms ] worker_62180: 1448 bytes were received from client 4
[ 3656 ms ] worker_62180: Start to process client request
[ 3656 ms ] worker_62180: Request is not valid!
[ 3656 ms ] worker_62180: Send response to client
[ 3656 ms ] worker_62180: Start wait for client data...
[ 3785 ms ] worker_62180: 1448 bytes were received from client 4
[ 3785 ms ] worker_62180: Start to process client request
[ 3785 ms ] worker_62180: Request is not valid!
[ 3785 ms ] worker_62180: Send response to client
[ 3785 ms ] worker_62180: Start wait for client data...
[ 4095 ms ] worker_62180: 1448 bytes were received from client 4
[ 4095 ms ] worker_62180: Start to process client request
[ 4095 ms ] worker_62180: Request is not valid!
[ 4095 ms ] worker_62180: Send response to client
[ 4095 ms ] worker_62180: Start wait for client data...
[ 4095 ms ] worker_62180: 1448 bytes were received from client 4
[ 4095 ms ] worker_62180: Start to process client request
[ 4095 ms ] worker_62180: Request is not valid!
[ 4095 ms ] worker_62180: Send response to client
[ 4095 ms ] worker_62180: Start wait for client data...
[ 4095 ms ] worker_62180: 1436 bytes were received from client 4
[ 4095 ms ] worker_62180: Start to process client request
[ 4095 ms ] worker_62180: Request is not valid!
[ 4095 ms ] worker_62180: Send response to client
[ 4095 ms ] worker_62180: Start wait for client data...
[ 4097 ms ] worker_62180: 1448 bytes were received from client 4
[ 4097 ms ] worker_62180: Start to process client request
[ 4097 ms ] worker_62180: Request is not valid!
[ 4097 ms ] worker_62180: Send response to client
[ 4097 ms ] worker_62180: Start wait for client data...
[ 4143 ms ] worker_62180: 12 bytes were received from client 4
[ 4143 ms ] worker_62180: Start to process client request
[ 4143 ms ] worker_62180: Request is not valid!
[ 4143 ms ] worker_62180: Send response to client
[ 4143 ms ] worker_62180: Start wait for client data...
[ 4144 ms ] worker_62180: 1448 bytes were received from client 4
[ 4144 ms ] worker_62180: Start to process client request
[ 4144 ms ] worker_62180: Request is not valid!
[ 4144 ms ] worker_62180: Send response to client
[ 4144 ms ] worker_62180: Start wait for client data...
[ 4145 ms ] worker_62180: 1448 bytes were received from client 4
[ 4145 ms ] worker_62180: Start to process client request
[ 4145 ms ] worker_62180: Request is not valid!
[ 4145 ms ] worker_62180: Send response to client
[ 4145 ms ] worker_62180: Start wait for client data...
[ 4145 ms ] worker_62180: 1448 bytes were received from client 4
[ 4145 ms ] worker_62180: Start to process client request
[ 4145 ms ] worker_62180: Request is not valid!
[ 4145 ms ] worker_62180: Send response to client
[ 4145 ms ] worker_62180: Start wait for client data...
[ 4145 ms ] worker_62180: 1448 bytes were received from client 4
[ 4145 ms ] worker_62180: Start to process client request
[ 4145 ms ] worker_62180: Request is not valid!
[ 4145 ms ] worker_62180: Send response to client
[ 4145 ms ] worker_62180: Start wait for client data...
[ 4145 ms ] worker_62180: 1448 bytes were received from client 4
[ 4145 ms ] worker_62180: Start to process client request
[ 4145 ms ] worker_62180: Request is not valid!
[ 4145 ms ] worker_62180: Send response to client
[ 4145 ms ] worker_62180: Start wait for client data...
[ 4145 ms ] worker_62180: 1436 bytes were received from client 4
[ 4145 ms ] worker_62180: Start to process client request
[ 4145 ms ] worker_62180: Request is not valid!
[ 4145 ms ] worker_62180: Send response to client
[ 4145 ms ] worker_62180: Start wait for client data...
[ 4146 ms ] worker_62180: 12 bytes were received from client 4
[ 4146 ms ] worker_62180: Start to process client request
[ 4146 ms ] worker_62180: Request is not valid!
[ 4146 ms ] worker_62180: Send response to client
[ 4146 ms ] worker_62180: Start wait for client data...
[ 4146 ms ] worker_62180: 1448 bytes were received from client 4
[ 4146 ms ] worker_62180: Start to process client request
[ 4146 ms ] worker_62180: Request is not valid!
[ 4146 ms ] worker_62180: Send response to client
[ 4146 ms ] worker_62180: Start wait for client data...
[ 4146 ms ] worker_62180: 1448 bytes were received from client 4
[ 4146 ms ] worker_62180: Start to process client request
[ 4146 ms ] worker_62180: Request is not valid!
[ 4146 ms ] worker_62180: Send response to client
[ 4146 ms ] worker_62180: Start wait for client data...
[ 4146 ms ] worker_62180: 1448 bytes were received from client 4
[ 4146 ms ] worker_62180: Start to process client request
[ 4146 ms ] worker_62180: Request is not valid!
[ 4146 ms ] worker_62180: Send response to client
[ 4146 ms ] worker_62180: Start wait for client data...
[ 4146 ms ] worker_62180: 1448 bytes were received from client 4
[ 4146 ms ] worker_62180: Start to process client request
[ 4146 ms ] worker_62180: Request is not valid!
[ 4146 ms ] worker_62180: Send response to client
[ 4146 ms ] worker_62180: Start wait for client data...
[ 4147 ms ] worker_62180: 1436 bytes were received from client 4
[ 4147 ms ] worker_62180: Start to process client request
[ 4147 ms ] worker_62180: Request is not valid!
[ 4147 ms ] worker_62180: Send response to client
[ 4147 ms ] worker_62180: Start wait for client data...
[ 4147 ms ] worker_62180: 1436 bytes were received from client 4
[ 4147 ms ] worker_62180: Start to process client request
[ 4147 ms ] worker_62180: Request is not valid!
[ 4147 ms ] worker_62180: Send response to client
[ 4147 ms ] worker_62180: Start wait for client data...
[ 4147 ms ] worker_62180: 1436 bytes were received from client 4
[ 4147 ms ] worker_62180: Start to process client request
[ 4147 ms ] worker_62180: Request is not valid!
[ 4147 ms ] worker_62180: Send response to client
[ 4147 ms ] worker_62180: Start wait for client data...
[ 4147 ms ] worker_62180: 1436 bytes were received from client 4
[ 4147 ms ] worker_62180: Start to process client request
[ 4147 ms ] worker_62180: Request is not valid!
[ 4147 ms ] worker_62180: Send response to client
[ 4147 ms ] worker_62180: Start wait for client data...
[ 4147 ms ] worker_62180: 1436 bytes were received from client 4
[ 4147 ms ] worker_62180: Start to process client request
[ 4147 ms ] worker_62180: Request is not valid!
[ 4147 ms ] worker_62180: Send response to client
[ 4147 ms ] worker_62180: Start wait for client data...
[ 4290 ms ] worker_62180: 1436 bytes were received from client 4
[ 4290 ms ] worker_62180: Start to process client request
[ 4290 ms ] worker_62180: Request is not valid!
[ 4290 ms ] worker_62180: Send response to client
[ 4290 ms ] worker_62180: Start wait for client data...
[ 4290 ms ] worker_62180: 1436 bytes were received from client 4
[ 4290 ms ] worker_62180: Start to process client request
[ 4290 ms ] worker_62180: Request is not valid!
[ 4290 ms ] worker_62180: Send response to client
[ 4290 ms ] worker_62180: Start wait for client data...
[ 4539 ms ] worker_62180: Error was occurred while receiving data from client
[ 4539 ms ] worker_62180: Exit
[ 4540 ms ] END
