[ 0 ms ] START
[ 0 ms ] worker_62184: Hello, I'm new worker!
[ 0 ms ] worker_62184: Incomming connection info: 0.0.0.0 : 0New client socket was created: 4

[ 0 ms ] worker_62184: Start wait for client data...
[ 208 ms ] worker_62184: 1448 bytes were received from client 4
[ 208 ms ] worker_62184: Start to process client request
[ 208 ms ] worker_62184: Request is not valid!
[ 208 ms ] worker_62184: Send response to client
[ 208 ms ] worker_62184: Start wait for client data...
[ 208 ms ] worker_62184: 5792 bytes were received from client 4
[ 208 ms ] worker_62184: Start to process client request
[ 208 ms ] worker_62184: Request is not valid!
[ 208 ms ] worker_62184: Send response to client
[ 208 ms ] worker_62184: Start wait for client data...
[ 209 ms ] worker_62184: 1448 bytes were received from client 4
[ 209 ms ] worker_62184: Start to process client request
[ 209 ms ] worker_62184: Request is not valid!
[ 209 ms ] worker_62184: Send response to client
[ 209 ms ] worker_62184: Start wait for client data...
[ 209 ms ] worker_62184: 1448 bytes were received from client 4
[ 209 ms ] worker_62184: Start to process client request
[ 209 ms ] worker_62184: Request is not valid!
[ 209 ms ] worker_62184: Send response to client
[ 209 ms ] worker_62184: Start wait for client data...
[ 209 ms ] worker_62184: 1448 bytes were received from client 4
[ 209 ms ] worker_62184: Start to process client request
[ 209 ms ] worker_62184: Request is not valid!
[ 209 ms ] worker_62184: Send response to client
[ 209 ms ] worker_62184: Start wait for client data...
[ 209 ms ] worker_62184: 2896 bytes were received from client 4
[ 209 ms ] worker_62184: Start to process client request
[ 209 ms ] worker_62184: Request is not valid!
[ 209 ms ] worker_62184: Send response to client
[ 209 ms ] worker_62184: Start wait for client data...
[ 915 ms ] worker_62184: 1448 bytes were received from client 4
[ 915 ms ] worker_62184: Start to process client request
[ 915 ms ] worker_62184: Request is not valid!
[ 915 ms ] worker_62184: Send response to client
[ 915 ms ] worker_62184: Start wait for client data...
[ 1733 ms ] worker_62184: 2896 bytes were received from client 4
[ 1733 ms ] worker_62184: Start to process client request
[ 1733 ms ] worker_62184: Request is not valid!
[ 1733 ms ] worker_62184: Send response to client
[ 1733 ms ] worker_62184: Start wait for client data...
[ 1733 ms ] worker_62184: 1448 bytes were received from client 4
[ 1733 ms ] worker_62184: Start to process client request
[ 1733 ms ] worker_62184: Request is not valid!
[ 1733 ms ] worker_62184: Send response to client
[ 1733 ms ] worker_62184: Start wait for client data...
[ 1737 ms ] worker_62184: 1448 bytes were received from client 4
[ 1737 ms ] worker_62184: Start to process client request
[ 1737 ms ] worker_62184: Request is not valid!
[ 1737 ms ] worker_62184: Send response to client
[ 1737 ms ] worker_62184: Start wait for client data...
[ 1737 ms ] worker_62184: 1448 bytes were received from client 4
[ 1737 ms ] worker_62184: Start to process client request
[ 1737 ms ] worker_62184: Request is not valid!
[ 1737 ms ] worker_62184: Send response to client
[ 1737 ms ] worker_62184: Start wait for client data...
[ 1737 ms ] worker_62184: 1448 bytes were received from client 4
[ 1737 ms ] worker_62184: Start to process client request
[ 1737 ms ] worker_62184: Request is not valid!
[ 1737 ms ] worker_62184: Send response to client
[ 1737 ms ] worker_62184: Start wait for client data...
[ 1737 ms ] worker_62184: 1448 bytes were received from client 4
[ 1737 ms ] worker_62184: Start to process client request
[ 1737 ms ] worker_62184: Request is not valid!
[ 1737 ms ] worker_62184: Send response to client
[ 1737 ms ] worker_62184: Start wait for client data...
[ 1737 ms ] worker_62184: 1448 bytes were received from client 4
[ 1737 ms ] worker_62184: Start to process client request
[ 1737 ms ] worker_62184: Request is not valid!
[ 1737 ms ] worker_62184: Send response to client
[ 1737 ms ] worker_62184: Start wait for client data...
[ 1737 ms ] worker_62184: 1448 bytes were received from client 4
[ 1737 ms ] worker_62184: Start to process client request
[ 1737 ms ] worker_62184: Request is not valid!
[ 1737 ms ] worker_62184: Send response to client
[ 1737 ms ] worker_62184: Start wait for client data...
[ 1739 ms ] worker_62184: 2896 bytes were received from client 4
[ 1739 ms ] worker_62184: Start to process client request
[ 1739 ms ] worker_62184: Request is not valid!
[ 1739 ms ] worker_62184: Send response to client
[ 1739 ms ] worker_62184: Start wait for client data...
[ 1739 ms ] worker_62184: 1448 bytes were received from client 4
[ 1739 ms ] worker_62184: Start to process client request
[ 1739 ms ] worker_62184: Request is not valid!
[ 1739 ms ] worker_62184: Send response to client
[ 1739 ms ] worker_62184: Start wait for client data...
[ 1739 ms ] worker_62184: 1448 bytes were received from client 4
[ 1739 ms ] worker_62184: Start to process client request
[ 1739 ms ] worker_62184: Request is not valid!
[ 1739 ms ] worker_62184: Send response to client
[ 1739 ms ] worker_62184: Start wait for client data...
[ 1739 ms ] worker_62184: 1448 bytes were received from client 4
[ 1739 ms ] worker_62184: Start to process client request
[ 1739 ms ] worker_62184: Request is not valid!
[ 1739 ms ] worker_62184: Send response to client
[ 1739 ms ] worker_62184: Start wait for client data...
[ 1790 ms ] worker_62184: 2896 bytes were received from client 4
[ 1790 ms ] worker_62184: Start to process client request
[ 1790 ms ] worker_62184: Request is not valid!
[ 1790 ms ] worker_62184: Send response to client
[ 1790 ms ] worker_62184: Start wait for client data...
[ 1979 ms ] worker_62184: 1448 bytes were received from client 4
[ 1979 ms ] worker_62184: Start to process client request
[ 1979 ms ] worker_62184: Request is not valid!
[ 1979 ms ] worker_62184: Send response to client
[ 1979 ms ] worker_62184: Start wait for client data...
[ 2251 ms ] worker_62184: 1448 bytes were received from client 4
[ 2251 ms ] worker_62184: Start to process client request
[ 2251 ms ] worker_62184: Request is not valid!
[ 2251 ms ] worker_62184: Send response to client
[ 2251 ms ] worker_62184: Start wait for client data...
[ 2622 ms ] worker_62184: 1448 bytes were received from client 4
[ 2622 ms ] worker_62184: Start to process client request
[ 2622 ms ] worker_62184: Request is not valid!
[ 2622 ms ] worker_62184: Send response to client
[ 2622 ms ] worker_62184: Start wait for client data...
[ 2622 ms ] worker_62184: 1448 bytes were received from client 4
[ 2622 ms ] worker_62184: Start to process client request
[ 2622 ms ] worker_62184: Request is not valid!
[ 2622 ms ] worker_62184: Send response to client
[ 2622 ms ] worker_62184: Start wait for client data...
[ 2623 ms ] worker_62184: 1448 bytes were received from client 4
[ 2623 ms ] worker_62184: Start to process client request
[ 2623 ms ] worker_62184: Request is not valid!
[ 2623 ms ] worker_62184: Send response to client
[ 2623 ms ] worker_62184: Start wait for client data...
[ 2623 ms ] worker_62184: 1448 bytes were received from client 4
[ 2623 ms ] worker_62184: Start to process client request
[ 2623 ms ] worker_62184: Request is not valid!
[ 2623 ms ] worker_62184: Send response to client
[ 2623 ms ] worker_62184: Start wait for client data...
[ 2925 ms ] worker_62184: 1448 bytes were received from client 4
[ 2925 ms ] worker_62184: Start to process client request
[ 2925 ms ] worker_62184: Request is not valid!
[ 2925 ms ] worker_62184: Send response to client
[ 2925 ms ] worker_62184: Start wait for client data...
[ 3702 ms ] worker_62184: 2896 bytes were received from client 4
[ 3702 ms ] worker_62184: Start to process client request
[ 3702 ms ] worker_62184: Request is not valid!
[ 3702 ms ] worker_62184: Send response to client
[ 3702 ms ] worker_62184: Start wait for client data...
[ 3703 ms ] worker_62184: 1448 bytes were received from client 4
[ 3703 ms ] worker_62184: Start to process client request
[ 3703 ms ] worker_62184: Request is not valid!
[ 3703 ms ] worker_62184: Send response to client
[ 3703 ms ] worker_62184: Start wait for client data...
[ 3716 ms ] worker_62184: 1448 bytes were received from client 4
[ 3716 ms ] worker_62184: Start to process client request
[ 3716 ms ] worker_62184: Request is not valid!
[ 3716 ms ] worker_62184: Send response to client
[ 3716 ms ] worker_62184: Start wait for client data...
[ 3716 ms ] worker_62184: 1448 bytes were received from client 4
[ 3716 ms ] worker_62184: Start to process client request
[ 3716 ms ] worker_62184: Request is not valid!
[ 3716 ms ] worker_62184: Send response to client
[ 3717 ms ] worker_62184: Start wait for client data...
[ 3717 ms ] worker_62184: 1448 bytes were received from client 4
[ 3717 ms ] worker_62184: Start to process client request
[ 3717 ms ] worker_62184: Request is not valid!
[ 3717 ms ] worker_62184: Send response to client
[ 3717 ms ] worker_62184: Start wait for client data...
[ 3717 ms ] worker_62184: 1448 bytes were received from client 4
[ 3717 ms ] worker_62184: Start to process client request
[ 3717 ms ] worker_62184: Request is not valid!
[ 3717 ms ] worker_62184: Send response to client
[ 3717 ms ] worker_62184: Start wait for client data...
[ 3717 ms ] worker_62184: 1448 bytes were received from client 4
[ 3717 ms ] worker_62184: Start to process client request
[ 3717 ms ] worker_62184: Request is not valid!
[ 3717 ms ] worker_62184: Send response to client
[ 3717 ms ] worker_62184: Start wait for client data...
[ 3717 ms ] worker_62184: 1448 bytes were received from client 4
[ 3717 ms ] worker_62184: Start to process client request
[ 3717 ms ] worker_62184: Request is not valid!
[ 3717 ms ] worker_62184: Send response to client
[ 3717 ms ] worker_62184: Start wait for client data...
[ 4069 ms ] worker_62184: 1448 bytes were received from client 4
[ 4069 ms ] worker_62184: Start to process client request
[ 4069 ms ] worker_62184: Request is not valid!
[ 4069 ms ] worker_62184: Send response to client
[ 4070 ms ] worker_62184: Start wait for client data...
[ 4070 ms ] worker_62184: 1448 bytes were received from client 4
[ 4070 ms ] worker_62184: Start to process client request
[ 4070 ms ] worker_62184: Request is not valid!
[ 4070 ms ] worker_62184: Send response to client
[ 4070 ms ] worker_62184: Start wait for client data...
[ 4102 ms ] worker_62184: 1448 bytes were received from client 4
[ 4102 ms ] worker_62184: Start to process client request
[ 4102 ms ] worker_62184: Request is not valid!
[ 4102 ms ] worker_62184: Send response to client
[ 4102 ms ] worker_62184: Start wait for client data...
[ 4102 ms ] worker_62184: 1448 bytes were received from client 4
[ 4102 ms ] worker_62184: Start to process client request
[ 4102 ms ] worker_62184: Request is not valid!
[ 4102 ms ] worker_62184: Send response to client
[ 4102 ms ] worker_62184: Start wait for client data...
[ 4103 ms ] worker_62184: 1448 bytes were received from client 4
[ 4103 ms ] worker_62184: Start to process client request
[ 4103 ms ] worker_62184: Request is not valid!
[ 4103 ms ] worker_62184: Send response to client
[ 4103 ms ] worker_62184: Start wait for client data...
[ 4104 ms ] worker_62184: 2896 bytes were received from client 4
[ 4104 ms ] worker_62184: Start to process client request
[ 4104 ms ] worker_62184: Request is not valid!
[ 4104 ms ] worker_62184: Send response to client
[ 4104 ms ] worker_62184: Start wait for client data...
[ 4105 ms ] worker_62184: 1448 bytes were received from client 4
[ 4105 ms ] worker_62184: Start to process client request
[ 4105 ms ] worker_62184: Request is not valid!
[ 4105 ms ] worker_62184: Send response to client
[ 4105 ms ] worker_62184: Start wait for client data...
[ 4105 ms ] worker_62184: 1448 bytes were received from client 4
[ 4105 ms ] worker_62184: Start to process client request
[ 4105 ms ] worker_62184: Request is not valid!
[ 4105 ms ] worker_62184: Send response to client
[ 4105 ms ] worker_62184: Start wait for client data...
[ 4105 ms ] worker_62184: 1448 bytes were received from client 4
[ 4105 ms ] worker_62184: Start to process client request
[ 4105 ms ] worker_62184: Request is not valid!
[ 4105 ms ] worker_62184: Send response to client
[ 4105 ms ] worker_62184: Start wait for client data...
[ 4105 ms ] worker_62184: 1448 bytes were received from client 4
[ 4105 ms ] worker_62184: Start to process client request
[ 4105 ms ] worker_62184: Request is not valid!
[ 4105 ms ] worker_62184: Send response to client
[ 4105 ms ] worker_62184: Start wait for client data...
[ 4105 ms ] worker_62184: 1448 bytes were received from client 4
[ 4105 ms ] worker_62184: Start to process client request
[ 4105 ms ] worker_62184: Request is not valid!
[ 4105 ms ] worker_62184: Send response to client
[ 4105 ms ] worker_62184: Start wait for client data...
[ 4105 ms ] worker_62184: 1448 bytes were received from client 4
[ 4105 ms ] worker_62184: Start to process client request
[ 4105 ms ] worker_62184: Request is not valid!
[ 4105 ms ] worker_62184: Send response to client
[ 4105 ms ] worker_62184: Start wait for client data...
[ 4106 ms ] worker_62184: 1448 bytes were received from client 4
[ 4106 ms ] worker_62184: Start to process client request
[ 4106 ms ] worker_62184: Request is not valid!
[ 4106 ms ] worker_62184: Send response to client
[ 4106 ms ] worker_62184: Start wait for client data...
[ 4106 ms ] worker_62184: 1448 bytes were received from client 4
[ 4106 ms ] worker_62184: Start to process client request
[ 4106 ms ] worker_62184: Request is not valid!
[ 4106 ms ] worker_62184: Send response to client
[ 4106 ms ] worker_62184: Start wait for client data...
[ 4107 ms ] worker_62184: 18824 bytes were received from client 4
[ 4107 ms ] worker_62184: Start to process client request
[ 4107 ms ] worker_62184: Request is not valid!
[ 4107 ms ] worker_62184: Send response to client
[ 4107 ms ] worker_62184: Start wait for client data...
[ 4225 ms ] worker_62184: 1448 bytes were received from client 4
[ 4225 ms ] worker_62184: Start to process client request
[ 4225 ms ] worker_62184: Request is not valid!
[ 4225 ms ] worker_62184: Send response to client
[ 4225 ms ] worker_62184: Start wait for client data...
[ 4225 ms ] worker_62184: 1448 bytes were received from client 4
[ 4225 ms ] worker_62184: Start to process client request
[ 4225 ms ] worker_62184: Request is not valid!
[ 4225 ms ] worker_62184: Send response to client
[ 4225 ms ] worker_62184: Start wait for client data...
[ 4226 ms ] worker_62184: 1448 bytes were received from client 4
[ 4226 ms ] worker_62184: Start to process client request
[ 4226 ms ] worker_62184: Request is not valid!
[ 4226 ms ] worker_62184: Send response to client
[ 4226 ms ] worker_62184: Start wait for client data...
[ 4226 ms ] worker_62184: 1448 bytes were received from client 4
[ 4226 ms ] worker_62184: Start to process client request
[ 4226 ms ] worker_62184: Request is not valid!
[ 4226 ms ] worker_62184: Send response to client
[ 4226 ms ] worker_62184: Start wait for client data...
[ 4226 ms ] worker_62184: 1448 bytes were received from client 4
[ 4226 ms ] worker_62184: Start to process client request
[ 4226 ms ] worker_62184: Request is not valid!
[ 4226 ms ] worker_62184: Send response to client
[ 4226 ms ] worker_62184: Start wait for client data...
[ 4228 ms ] worker_62184: 2896 bytes were received from client 4
[ 4228 ms ] worker_62184: Start to process client request
[ 4228 ms ] worker_62184: Request is not valid!
[ 4228 ms ] worker_62184: Send response to client
[ 4228 ms ] worker_62184: Start wait for client data...
[ 4228 ms ] worker_62184: 1448 bytes were received from client 4
[ 4228 ms ] worker_62184: Start to process client request
[ 4228 ms ] worker_62184: Request is not valid!
[ 4228 ms ] worker_62184: Send response to client
[ 4228 ms ] worker_62184: Start wait for client data...
[ 4228 ms ] worker_62184: 1448 bytes were received from client 4
[ 4228 ms ] worker_62184: Start to process client request
[ 4228 ms ] worker_62184: Request is not valid!
[ 4228 ms ] worker_62184: Send response to client
[ 4228 ms ] worker_62184: Start wait for client data...
[ 4228 ms ] worker_62184: 1448 bytes were received from client 4
[ 4228 ms ] worker_62184: Start to process client request
[ 4228 ms ] worker_62184: Request is not valid!
[ 4228 ms ] worker_62184: Send response to client
[ 4228 ms ] worker_62184: Start wait for client data...
[ 4228 ms ] worker_62184: 1448 bytes were received from client 4
[ 4228 ms ] worker_62184: Start to process client request
[ 4228 ms ] worker_62184: Request is not valid!
[ 4228 ms ] worker_62184: Send response to client
[ 4228 ms ] worker_62184: Start wait for client data...
[ 4229 ms ] worker_62184: 1448 bytes were received from client 4
[ 4229 ms ] worker_62184: Start to process client request
[ 4229 ms ] worker_62184: Request is not valid!
[ 4229 ms ] worker_62184: Send response to client
[ 4229 ms ] worker_62184: Start wait for client data...
[ 4344 ms ] worker_62184: 1448 bytes were received from client 4
[ 4344 ms ] worker_62184: Start to process client request
[ 4344 ms ] worker_62184: Request is not valid!
[ 4344 ms ] worker_62184: Send response to client
[ 4344 ms ] worker_62184: Start wait for client data...
[ 4344 ms ] worker_62184: 1448 bytes were received from client 4
[ 4344 ms ] worker_62184: Start to process client request
[ 4344 ms ] worker_62184: Request is not valid!
[ 4345 ms ] worker_62184: Send response to client
[ 4345 ms ] worker_62184: Start wait for client data...
[ 4345 ms ] worker_62184: 1448 bytes were received from client 4
[ 4345 ms ] worker_62184: Start to process client request
[ 4345 ms ] worker_62184: Request is not valid!
[ 4345 ms ] worker_62184: Send response to client
[ 4345 ms ] worker_62184: Start wait for client data...
[ 4345 ms ] worker_62184: 1448 bytes were received from client 4
[ 4345 ms ] worker_62184: Start to process client request
[ 4345 ms ] worker_62184: Request is not valid!
[ 4345 ms ] worker_62184: Send response to client
[ 4345 ms ] worker_62184: Start wait for client data...
[ 4345 ms ] worker_62184: 1448 bytes were received from client 4
[ 4345 ms ] worker_62184: Start to process client request
[ 4345 ms ] worker_62184: Request is not valid!
[ 4345 ms ] worker_62184: Send response to client
[ 4345 ms ] worker_62184: Start wait for client data...
[ 4345 ms ] worker_62184: 1448 bytes were received from client 4
[ 4345 ms ] worker_62184: Start to process client request
[ 4345 ms ] worker_62184: Request is not valid!
[ 4345 ms ] worker_62184: Send response to client
[ 4345 ms ] worker_62184: Start wait for client data...
[ 4345 ms ] worker_62184: 1448 bytes were received from client 4
[ 4345 ms ] worker_62184: Start to process client request
[ 4345 ms ] worker_62184: Request is not valid!
[ 4345 ms ] worker_62184: Send response to client
[ 4345 ms ] worker_62184: Start wait for client data...
[ 4346 ms ] worker_62184: 1448 bytes were received from client 4
[ 4346 ms ] worker_62184: Start to process client request
[ 4346 ms ] worker_62184: Request is not valid!
[ 4346 ms ] worker_62184: Send response to client
[ 4346 ms ] worker_62184: Start wait for client data...
[ 4346 ms ] worker_62184: 1448 bytes were received from client 4
[ 4346 ms ] worker_62184: Start to process client request
[ 4346 ms ] worker_62184: Request is not valid!
[ 4346 ms ] worker_62184: Send response to client
[ 4346 ms ] worker_62184: Start wait for client data...
[ 4347 ms ] worker_62184: 1448 bytes were received from client 4
[ 4347 ms ] worker_62184: Start to process client request
[ 4347 ms ] worker_62184: Request is not valid!
[ 4347 ms ] worker_62184: Send response to client
[ 4347 ms ] worker_62184: Start wait for client data...
[ 4347 ms ] worker_62184: 1448 bytes were received from client 4
[ 4347 ms ] worker_62184: Start to process client request
[ 4347 ms ] worker_62184: Request is not valid!
[ 4347 ms ] worker_62184: Send response to client
[ 4347 ms ] worker_62184: Start wait for client data...
[ 4347 ms ] worker_62184: 1448 bytes were received from client 4
[ 4347 ms ] worker_62184: Start to process client request
[ 4347 ms ] worker_62184: Request is not valid!
[ 4347 ms ] worker_62184: Send response to client
[ 4347 ms ] worker_62184: Start wait for client data...
[ 4347 ms ] worker_62184: 1448 bytes were received from client 4
[ 4347 ms ] worker_62184: Start to process client request
[ 4347 ms ] worker_62184: Request is not valid!
[ 4347 ms ] worker_62184: Send response to client
[ 4347 ms ] worker_62184: Start wait for client data...
[ 4347 ms ] worker_62184: 1448 bytes were received from client 4
[ 4347 ms ] worker_62184: Start to process client request
[ 4347 ms ] worker_62184: Request is not valid!
[ 4347 ms ] worker_62184: Send response to client
[ 4347 ms ] worker_62184: Start wait for client data...
[ 4347 ms ] worker_62184: 1448 bytes were received from client 4
[ 4347 ms ] worker_62184: Start to process client request
[ 4347 ms ] worker_62184: Request is not valid!
[ 4347 ms ] worker_62184: Send response to client
[ 4347 ms ] worker_62184: Start wait for client data...
[ 4348 ms ] worker_62184: 1448 bytes were received from client 4
[ 4348 ms ] worker_62184: Start to process client request
[ 4348 ms ] worker_62184: Request is not valid!
[ 4348 ms ] worker_62184: Send response to client
[ 4348 ms ] worker_62184: Start wait for client data...
[ 4382 ms ] worker_62184: 2896 bytes were received from client 4
[ 4382 ms ] worker_62184: Start to process client request
[ 4382 ms ] worker_62184: Request is not valid!
[ 4382 ms ] worker_62184: Send response to client
[ 4382 ms ] worker_62184: Start wait for client data...
[ 4382 ms ] worker_62184: 1448 bytes were received from client 4
[ 4382 ms ] worker_62184: Start to process client request
[ 4382 ms ] worker_62184: Request is not valid!
[ 4382 ms ] worker_62184: Send response to client
[ 4382 ms ] worker_62184: Start wait for client data...
[ 4382 ms ] worker_62184: 1448 bytes were received from client 4
[ 4382 ms ] worker_62184: Start to process client request
[ 4382 ms ] worker_62184: Request is not valid!
[ 4382 ms ] worker_62184: Send response to client
[ 4382 ms ] worker_62184: Start wait for client data...
[ 4382 ms ] worker_62184: 1448 bytes were received from client 4
[ 4382 ms ] worker_62184: Start to process client request
[ 4382 ms ] worker_62184: Request is not valid!
[ 4382 ms ] worker_62184: Send response to client
[ 4382 ms ] worker_62184: Start wait for client data...
[ 4383 ms ] worker_62184: 1448 bytes were received from client 4
[ 4383 ms ] worker_62184: Start to process client request
[ 4383 ms ] worker_62184: Request is not valid!
[ 4383 ms ] worker_62184: Send response to client
[ 4383 ms ] worker_62184: Start wait for client data...
[ 4383 ms ] worker_62184: 1448 bytes were received from client 4
[ 4383 ms ] worker_62184: Start to process client request
[ 4383 ms ] worker_62184: Request is not valid!
[ 4383 ms ] worker_62184: Send response to client
[ 4383 ms ] worker_62184: Start wait for client data...
[ 4383 ms ] worker_62184: 1448 bytes were received from client 4
[ 4383 ms ] worker_62184: Start to process client request
[ 4383 ms ] worker_62184: Request is not valid!
[ 4383 ms ] worker_62184: Send response to client
[ 4383 ms ] worker_62184: Start wait for client data...
[ 4383 ms ] worker_62184: 1448 bytes were received from client 4
[ 4383 ms ] worker_62184: Start to process client request
[ 4383 ms ] worker_62184: Request is not valid!
[ 4383 ms ] worker_62184: Send response to client
[ 4383 ms ] worker_62184: Start wait for client data...
[ 4384 ms ] worker_62184: 2896 bytes were received from client 4
[ 4384 ms ] worker_62184: Start to process client request
[ 4384 ms ] worker_62184: Request is not valid!
[ 4384 ms ] worker_62184: Send response to client
[ 4384 ms ] worker_62184: Start wait for client data...
[ 4384 ms ] worker_62184: 1448 bytes were received from client 4
[ 4384 ms ] worker_62184: Start to process client request
[ 4384 ms ] worker_62184: Request is not valid!
[ 4384 ms ] worker_62184: Send response to client
[ 4384 ms ] worker_62184: Start wait for client data...
[ 4384 ms ] worker_62184: 1448 bytes were received from client 4
[ 4384 ms ] worker_62184: Start to process client request
[ 4384 ms ] worker_62184: Request is not valid!
[ 4384 ms ] worker_62184: Send response to client
[ 4384 ms ] worker_62184: Start wait for client data...
[ 4384 ms ] worker_62184: 1448 bytes were received from client 4
[ 4384 ms ] worker_62184: Start to process client request
[ 4384 ms ] worker_62184: Request is not valid!
[ 4384 ms ] worker_62184: Send response to client
[ 4384 ms ] worker_62184: Start wait for client data...
[ 4535 ms ] worker_62184: 1448 bytes were received from client 4
[ 4535 ms ] worker_62184: Start to process client request
[ 4535 ms ] worker_62184: Request is not valid!
[ 4535 ms ] worker_62184: Send response to client
[ 4535 ms ] worker_62184: Start wait for client data...
[ 4535 ms ] worker_62184: 1448 bytes were received from client 4
[ 4535 ms ] worker_62184: Start to process client request
[ 4535 ms ] worker_62184: Request is not valid!
[ 4535 ms ] worker_62184: Send response to client
[ 4535 ms ] worker_62184: Start wait for client data...
[ 4535 ms ] worker_62184: 1448 bytes were received from client 4
[ 4535 ms ] worker_62184: Start to process client request
[ 4535 ms ] worker_62184: Request is not valid!
[ 4535 ms ] worker_62184: Send response to client
[ 4535 ms ] worker_62184: Start wait for client data...
[ 4535 ms ] worker_62184: 1448 bytes were received from client 4
[ 4535 ms ] worker_62184: Start to process client request
[ 4535 ms ] worker_62184: Request is not valid!
[ 4535 ms ] worker_62184: Send response to client
[ 4535 ms ] worker_62184: Start wait for client data...
[ 4535 ms ] worker_62184: 1448 bytes were received from client 4
[ 4535 ms ] worker_62184: Start to process client request
[ 4535 ms ] worker_62184: Request is not valid!
[ 4535 ms ] worker_62184: Send response to client
[ 4535 ms ] worker_62184: Start wait for client data...
[ 4535 ms ] worker_62184: 1448 bytes were received from client 4
[ 4535 ms ] worker_62184: Start to process client request
[ 4535 ms ] worker_62184: Request is not valid!
[ 4535 ms ] worker_62184: Send response to client
[ 4535 ms ] worker_62184: Start wait for client data...
[ 4536 ms ] worker_62184: 1448 bytes were received from client 4
[ 4536 ms ] worker_62184: Start to process client request
[ 4536 ms ] worker_62184: Request is not valid!
[ 4536 ms ] worker_62184: Send response to client
[ 4536 ms ] worker_62184: Start wait for client data...
[ 4536 ms ] worker_62184: 1448 bytes were received from client 4
[ 4536 ms ] worker_62184: Start to process client request
[ 4536 ms ] worker_62184: Request is not valid!
[ 4536 ms ] worker_62184: Send response to client
[ 4536 ms ] worker_62184: Start wait for client data...
[ 4536 ms ] worker_62184: 1448 bytes were received from client 4
[ 4536 ms ] worker_62184: Start to process client request
[ 4536 ms ] worker_62184: Request is not valid!
[ 4536 ms ] worker_62184: Send response to client
[ 4536 ms ] worker_62184: Start wait for client data...
[ 4536 ms ] worker_62184: 1448 bytes were received from client 4
[ 4537 ms ] worker_62184: Start to process client request
[ 4537 ms ] worker_62184: Request is not valid!
[ 4537 ms ] worker_62184: Send response to client
[ 4537 ms ] worker_62184: Start wait for client data...
[ 4537 ms ] worker_62184: 1448 bytes were received from client 4
[ 4537 ms ] worker_62184: Start to process client request
[ 4537 ms ] worker_62184: Request is not valid!
[ 4537 ms ] worker_62184: Send response to client
[ 4537 ms ] worker_62184: Start wait for client data...
[ 4537 ms ] worker_62184: 1448 bytes were received from client 4
[ 4537 ms ] worker_62184: Start to process client request
[ 4537 ms ] worker_62184: Request is not valid!
[ 4537 ms ] worker_62184: Send response to client
[ 4537 ms ] worker_62184: Start wait for client data...
[ 4537 ms ] worker_62184: 1448 bytes were received from client 4
[ 4537 ms ] worker_62184: Start to process client request
[ 4537 ms ] worker_62184: Request is not valid!
[ 4537 ms ] worker_62184: Send response to client
[ 4537 ms ] worker_62184: Start wait for client data...
[ 4539 ms ] worker_62184: 2896 bytes were received from client 4
[ 4539 ms ] worker_62184: Start to process client request
[ 4539 ms ] worker_62184: Request is not valid!
[ 4539 ms ] worker_62184: Send response to client
[ 4539 ms ] worker_62184: Start wait for client data...
[ 4539 ms ] worker_62184: 2896 bytes were received from client 4
[ 4539 ms ] worker_62184: Start to process client request
[ 4539 ms ] worker_62184: Request is not valid!
[ 4539 ms ] worker_62184: Send response to client
[ 4539 ms ] worker_62184: Start wait for client data...
[ 4539 ms ] worker_62184: 1448 bytes were received from client 4
[ 4539 ms ] worker_62184: Start to process client request
[ 4539 ms ] worker_62184: Request is not valid!
[ 4539 ms ] worker_62184: Send response to client
[ 4539 ms ] worker_62184: Start wait for client data...
[ 4548 ms ] worker_62184: 1448 bytes were received from client 4
[ 4548 ms ] worker_62184: Start to process client request
[ 4548 ms ] worker_62184: Request is not valid!
[ 4548 ms ] worker_62184: Send response to client
[ 4548 ms ] worker_62184: Start wait for client data...
[ 4548 ms ] worker_62184: 1448 bytes were received from client 4
[ 4548 ms ] worker_62184: Start to process client request
[ 4548 ms ] worker_62184: Request is not valid!
[ 4548 ms ] worker_62184: Send response to client
[ 4548 ms ] worker_62184: Start wait for client data...
[ 4548 ms ] worker_62184: 1448 bytes were received from client 4
[ 4548 ms ] worker_62184: Start to process client request
[ 4548 ms ] worker_62184: Request is not valid!
[ 4548 ms ] worker_62184: Send response to client
[ 4548 ms ] worker_62184: Start wait for client data...
[ 4548 ms ] worker_62184: 1448 bytes were received from client 4
[ 4548 ms ] worker_62184: Start to process client request
[ 4548 ms ] worker_62184: Request is not valid!
[ 4548 ms ] worker_62184: Send response to client
[ 4548 ms ] worker_62184: Start wait for client data...
[ 4548 ms ] worker_62184: 1448 bytes were received from client 4
[ 4548 ms ] worker_62184: Start to process client request
[ 4548 ms ] worker_62184: Request is not valid!
[ 4548 ms ] worker_62184: Send response to client
[ 4548 ms ] worker_62184: Start wait for client data...
[ 4548 ms ] worker_62184: 1448 bytes were received from client 4
[ 4548 ms ] worker_62184: Start to process client request
[ 4548 ms ] worker_62184: Request is not valid!
[ 4548 ms ] worker_62184: Send response to client
[ 4548 ms ] worker_62184: Start wait for client data...
[ 4548 ms ] worker_62184: 1448 bytes were received from client 4
[ 4548 ms ] worker_62184: Start to process client request
[ 4548 ms ] worker_62184: Request is not valid!
[ 4548 ms ] worker_62184: Send response to client
[ 4548 ms ] worker_62184: Start wait for client data...
[ 4548 ms ] worker_62184: 184 bytes were received from client 4
[ 4548 ms ] worker_62184: Start to process client request
[ 4548 ms ] worker_62184: Request is not valid!
[ 4548 ms ] worker_62184: Send response to client
[ 4548 ms ] worker_62184: Start wait for client data...
[ 4548 ms ] worker_62184: Receive 0 bytes. Client closed connection. Goodbye!
[ 4548 ms ] worker_62184: Exit
[ 4549 ms ] END
