[ 0 ms ] START
[ 0 ms ] worker_62150: Hello, I'm new worker!
[ 0 ms ] worker_62150: Incomming connection info: 0.0.0.0 : 0New client socket was created: 4

[ 0 ms ] worker_62150: Start wait for client data...
[ 1208 ms ] worker_62150: 1448 bytes were received from client 4
[ 1209 ms ] worker_62150: Start to process client request
[ 1209 ms ] worker_62150: Request is not valid!
[ 1209 ms ] worker_62150: Send response to client
[ 1209 ms ] worker_62150: Start wait for client data...
[ 1235 ms ] worker_62150: 1448 bytes were received from client 4
[ 1235 ms ] worker_62150: Start to process client request
[ 1235 ms ] worker_62150: Request is not valid!
[ 1235 ms ] worker_62150: Send response to client
[ 1235 ms ] worker_62150: Start wait for client data...
[ 1242 ms ] worker_62150: 1448 bytes were received from client 4
[ 1242 ms ] worker_62150: Start to process client request
[ 1242 ms ] worker_62150: Request is not valid!
[ 1242 ms ] worker_62150: Send response to client
[ 1242 ms ] worker_62150: Start wait for client data...
[ 1256 ms ] worker_62150: 1448 bytes were received from client 4
[ 1256 ms ] worker_62150: Start to process client request
[ 1256 ms ] worker_62150: Request is not valid!
[ 1256 ms ] worker_62150: Send response to client
[ 1256 ms ] worker_62150: Start wait for client data...
[ 1260 ms ] worker_62150: 1448 bytes were received from client 4
[ 1260 ms ] worker_62150: Start to process client request
[ 1260 ms ] worker_62150: Request is not valid!
[ 1260 ms ] worker_62150: Send response to client
[ 1260 ms ] worker_62150: Start wait for client data...
[ 1260 ms ] worker_62150: 2896 bytes were received from client 4
[ 1260 ms ] worker_62150: Start to process client request
[ 1260 ms ] worker_62150: Request is not valid!
[ 1260 ms ] worker_62150: Send response to client
[ 1260 ms ] worker_62150: Start wait for client data...
[ 1286 ms ] worker_62150: 1448 bytes were received from client 4
[ 1286 ms ] worker_62150: Start to process client request
[ 1286 ms ] worker_62150: Request is not valid!
[ 1286 ms ] worker_62150: Send response to client
[ 1286 ms ] worker_62150: Start wait for client data...
[ 1289 ms ] worker_62150: 2896 bytes were received from client 4
[ 1289 ms ] worker_62150: Start to process client request
[ 1289 ms ] worker_62150: Request is not valid!
[ 1289 ms ] worker_62150: Send response to client
[ 1289 ms ] worker_62150: Start wait for client data...
[ 1290 ms ] worker_62150: 4344 bytes were received from client 4
[ 1290 ms ] worker_62150: Start to process client request
[ 1290 ms ] worker_62150: Request is not valid!
[ 1290 ms ] worker_62150: Send response to client
[ 1290 ms ] worker_62150: Start wait for client data...
[ 1290 ms ] worker_62150: 1448 bytes were received from client 4
[ 1290 ms ] worker_62150: Start to process client request
[ 1290 ms ] worker_62150: Request is not valid!
[ 1290 ms ] worker_62150: Send response to client
[ 1290 ms ] worker_62150: Start wait for client data...
[ 1290 ms ] worker_62150: 1448 bytes were received from client 4
[ 1290 ms ] worker_62150: Start to process client request
[ 1290 ms ] worker_62150: Request is not valid!
[ 1290 ms ] worker_62150: Send response to client
[ 1290 ms ] worker_62150: Start wait for client data...
[ 1290 ms ] worker_62150: 1448 bytes were received from client 4
[ 1290 ms ] worker_62150: Start to process client request
[ 1290 ms ] worker_62150: Request is not valid!
[ 1290 ms ] worker_62150: Send response to client
[ 1290 ms ] worker_62150: Start wait for client data...
[ 1290 ms ] worker_62150: 1448 bytes were received from client 4
[ 1290 ms ] worker_62150: Start to process client request
[ 1290 ms ] worker_62150: Request is not valid!
[ 1290 ms ] worker_62150: Send response to client
[ 1290 ms ] worker_62150: Start wait for client data...
[ 1363 ms ] worker_62150: 1448 bytes were received from client 4
[ 1363 ms ] worker_62150: Start to process client request
[ 1363 ms ] worker_62150: Request is not valid!
[ 1363 ms ] worker_62150: Send response to client
[ 1363 ms ] worker_62150: Start wait for client data...
[ 1364 ms ] worker_62150: 2896 bytes were received from client 4
[ 1364 ms ] worker_62150: Start to process client request
[ 1364 ms ] worker_62150: Request is not valid!
[ 1364 ms ] worker_62150: Send response to client
[ 1364 ms ] worker_62150: Start wait for client data...
[ 1364 ms ] worker_62150: 1448 bytes were received from client 4
[ 1364 ms ] worker_62150: Start to process client request
[ 1364 ms ] worker_62150: Request is not valid!
[ 1364 ms ] worker_62150: Send response to client
[ 1364 ms ] worker_62150: Start wait for client data...
[ 1364 ms ] worker_62150: 1448 bytes were received from client 4
[ 1364 ms ] worker_62150: Start to process client request
[ 1364 ms ] worker_62150: Request is not valid!
[ 1364 ms ] worker_62150: Send response to client
[ 1364 ms ] worker_62150: Start wait for client data...
[ 1364 ms ] worker_62150: 2896 bytes were received from client 4
[ 1364 ms ] worker_62150: Start to process client request
[ 1364 ms ] worker_62150: Request is not valid!
[ 1364 ms ] worker_62150: Send response to client
[ 1364 ms ] worker_62150: Start wait for client data...
[ 1378 ms ] worker_62150: 1448 bytes were received from client 4
[ 1378 ms ] worker_62150: Start to process client request
[ 1378 ms ] worker_62150: Request is not valid!
[ 1378 ms ] worker_62150: Send response to client
[ 1378 ms ] worker_62150: Start wait for client data...
[ 1448 ms ] worker_62150: 4344 bytes were received from client 4
[ 1448 ms ] worker_62150: Start to process client request
[ 1448 ms ] worker_62150: Request is not valid!
[ 1448 ms ] worker_62150: Send response to client
[ 1448 ms ] worker_62150: Start wait for client data...
[ 1448 ms ] worker_62150: 1448 bytes were received from client 4
[ 1448 ms ] worker_62150: Start to process client request
[ 1448 ms ] worker_62150: Request is not valid!
[ 1448 ms ] worker_62150: Send response to client
[ 1448 ms ] worker_62150: Start wait for client data...
[ 1448 ms ] worker_62150: 1448 bytes were received from client 4
[ 1448 ms ] worker_62150: Start to process client request
[ 1448 ms ] worker_62150: Request is not valid!
[ 1448 ms ] worker_62150: Send response to client
[ 1448 ms ] worker_62150: Start wait for client data...
[ 1448 ms ] worker_62150: 1448 bytes were received from client 4
[ 1448 ms ] worker_62150: Start to process client request
[ 1448 ms ] worker_62150: Request is not valid!
[ 1448 ms ] worker_62150: Send response to client
[ 1448 ms ] worker_62150: Start wait for client data...
[ 1448 ms ] worker_62150: 2896 bytes were received from client 4
[ 1448 ms ] worker_62150: Start to process client request
[ 1448 ms ] worker_62150: Request is not valid!
[ 1448 ms ] worker_62150: Send response to client
[ 1448 ms ] worker_62150: Start wait for client data...
[ 1498 ms ] worker_62150: 1448 bytes were received from client 4
[ 1498 ms ] worker_62150: Start to process client request
[ 1498 ms ] worker_62150: Request is not valid!
[ 1498 ms ] worker_62150: Send response to client
[ 1498 ms ] worker_62150: Start wait for client data...
[ 1499 ms ] worker_62150: 1448 bytes were received from client 4
[ 1499 ms ] worker_62150: Start to process client request
[ 1499 ms ] worker_62150: Request is not valid!
[ 1499 ms ] worker_62150: Send response to client
[ 1499 ms ] worker_62150: Start wait for client data...
[ 1505 ms ] worker_62150: 2896 bytes were received from client 4
[ 1505 ms ] worker_62150: Start to process client request
[ 1505 ms ] worker_62150: Request is not valid!
[ 1505 ms ] worker_62150: Send response to client
[ 1505 ms ] worker_62150: Start wait for client data...
[ 1505 ms ] worker_62150: 1448 bytes were received from client 4
[ 1505 ms ] worker_62150: Start to process client request
[ 1505 ms ] worker_62150: Request is not valid!
[ 1505 ms ] worker_62150: Send response to client
[ 1505 ms ] worker_62150: Start wait for client data...
[ 1505 ms ] worker_62150: 2896 bytes were received from client 4
[ 1505 ms ] worker_62150: Start to process client request
[ 1505 ms ] worker_62150: Request is not valid!
[ 1505 ms ] worker_62150: Send response to client
[ 1505 ms ] worker_62150: Start wait for client data...
[ 1506 ms ] worker_62150: 2896 bytes were received from client 4
[ 1506 ms ] worker_62150: Start to process client request
[ 1506 ms ] worker_62150: Request is not valid!
[ 1506 ms ] worker_62150: Send response to client
[ 1506 ms ] worker_62150: Start wait for client data...
[ 1570 ms ] worker_62150: 1448 bytes were received from client 4
[ 1570 ms ] worker_62150: Start to process client request
[ 1570 ms ] worker_62150: Request is not valid!
[ 1570 ms ] worker_62150: Send response to client
[ 1570 ms ] worker_62150: Start wait for client data...
[ 1570 ms ] worker_62150: 1448 bytes were received from client 4
[ 1570 ms ] worker_62150: Start to process client request
[ 1570 ms ] worker_62150: Request is not valid!
[ 1570 ms ] worker_62150: Send response to client
[ 1570 ms ] worker_62150: Start wait for client data...
[ 1571 ms ] worker_62150: 1448 bytes were received from client 4
[ 1571 ms ] worker_62150: Start to process client request
[ 1571 ms ] worker_62150: Request is not valid!
[ 1571 ms ] worker_62150: Send response to client
[ 1571 ms ] worker_62150: Start wait for client data...
[ 1571 ms ] worker_62150: 1448 bytes were received from client 4
[ 1571 ms ] worker_62150: Start to process client request
[ 1571 ms ] worker_62150: Request is not valid!
[ 1571 ms ] worker_62150: Send response to client
[ 1571 ms ] worker_62150: Start wait for client data...
[ 1571 ms ] worker_62150: 1448 bytes were received from client 4
[ 1571 ms ] worker_62150: Start to process client request
[ 1571 ms ] worker_62150: Request is not valid!
[ 1571 ms ] worker_62150: Send response to client
[ 1571 ms ] worker_62150: Start wait for client data...
[ 1571 ms ] worker_62150: 2896 bytes were received from client 4
[ 1571 ms ] worker_62150: Start to process client request
[ 1571 ms ] worker_62150: Request is not valid!
[ 1571 ms ] worker_62150: Send response to client
[ 1571 ms ] worker_62150: Start wait for client data...
[ 1572 ms ] worker_62150: 2896 bytes were received from client 4
[ 1572 ms ] worker_62150: Start to process client request
[ 1572 ms ] worker_62150: Request is not valid!
[ 1572 ms ] worker_62150: Send response to client
[ 1572 ms ] worker_62150: Start wait for client data...
[ 1572 ms ] worker_62150: 1448 bytes were received from client 4
[ 1572 ms ] worker_62150: Start to process client request
[ 1572 ms ] worker_62150: Request is not valid!
[ 1572 ms ] worker_62150: Send response to client
[ 1572 ms ] worker_62150: Start wait for client data...
[ 1657 ms ] worker_62150: 1448 bytes were received from client 4
[ 1657 ms ] worker_62150: Start to process client request
[ 1657 ms ] worker_62150: Request is not valid!
[ 1657 ms ] worker_62150: Send response to client
[ 1657 ms ] worker_62150: Start wait for client data...
[ 1657 ms ] worker_62150: 1448 bytes were received from client 4
[ 1657 ms ] worker_62150: Start to process client request
[ 1657 ms ] worker_62150: Request is not valid!
[ 1657 ms ] worker_62150: Send response to client
[ 1657 ms ] worker_62150: Start wait for client data...
[ 1657 ms ] worker_62150: 1448 bytes were received from client 4
[ 1657 ms ] worker_62150: Start to process client request
[ 1657 ms ] worker_62150: Request is not valid!
[ 1657 ms ] worker_62150: Send response to client
[ 1657 ms ] worker_62150: Start wait for client data...
[ 1658 ms ] worker_62150: 2896 bytes were received from client 4
[ 1658 ms ] worker_62150: Start to process client request
[ 1658 ms ] worker_62150: Request is not valid!
[ 1658 ms ] worker_62150: Send response to client
[ 1658 ms ] worker_62150: Start wait for client data...
[ 1658 ms ] worker_62150: 2896 bytes were received from client 4
[ 1658 ms ] worker_62150: Start to process client request
[ 1658 ms ] worker_62150: Request is not valid!
[ 1658 ms ] worker_62150: Send response to client
[ 1658 ms ] worker_62150: Start wait for client data...
[ 1658 ms ] worker_62150: 2896 bytes were received from client 4
[ 1658 ms ] worker_62150: Start to process client request
[ 1658 ms ] worker_62150: Request is not valid!
[ 1658 ms ] worker_62150: Send response to client
[ 1658 ms ] worker_62150: Start wait for client data...
[ 1738 ms ] worker_62150: 1448 bytes were received from client 4
[ 1738 ms ] worker_62150: Start to process client request
[ 1738 ms ] worker_62150: Request is not valid!
[ 1738 ms ] worker_62150: Send response to client
[ 1738 ms ] worker_62150: Start wait for client data...
[ 1738 ms ] worker_62150: 2896 bytes were received from client 4
[ 1738 ms ] worker_62150: Start to process client request
[ 1738 ms ] worker_62150: Request is not valid!
[ 1738 ms ] worker_62150: Send response to client
[ 1738 ms ] worker_62150: Start wait for client data...
[ 1739 ms ] worker_62150: 1448 bytes were received from client 4
[ 1739 ms ] worker_62150: Start to process client request
[ 1739 ms ] worker_62150: Request is not valid!
[ 1739 ms ] worker_62150: Send response to client
[ 1739 ms ] worker_62150: Start wait for client data...
[ 1739 ms ] worker_62150: 1448 bytes were received from client 4
[ 1739 ms ] worker_62150: Start to process client request
[ 1739 ms ] worker_62150: Request is not valid!
[ 1739 ms ] worker_62150: Send response to client
[ 1739 ms ] worker_62150: Start wait for client data...
[ 1739 ms ] worker_62150: 2896 bytes were received from client 4
[ 1739 ms ] worker_62150: Start to process client request
[ 1739 ms ] worker_62150: Request is not valid!
[ 1739 ms ] worker_62150: Send response to client
[ 1739 ms ] worker_62150: Start wait for client data...
[ 1739 ms ] worker_62150: 2896 bytes were received from client 4
[ 1739 ms ] worker_62150: Start to process client request
[ 1739 ms ] worker_62150: Request is not valid!
[ 1739 ms ] worker_62150: Send response to client
[ 1739 ms ] worker_62150: Start wait for client data...
[ 1740 ms ] worker_62150: 1448 bytes were received from client 4
[ 1740 ms ] worker_62150: Start to process client request
[ 1740 ms ] worker_62150: Request is not valid!
[ 1740 ms ] worker_62150: Send response to client
[ 1740 ms ] worker_62150: Start wait for client data...
[ 1744 ms ] worker_62150: 1448 bytes were received from client 4
[ 1744 ms ] worker_62150: Start to process client request
[ 1744 ms ] worker_62150: Request is not valid!
[ 1744 ms ] worker_62150: Send response to client
[ 1744 ms ] worker_62150: Start wait for client data...
[ 1826 ms ] worker_62150: 1448 bytes were received from client 4
[ 1826 ms ] worker_62150: Start to process client request
[ 1826 ms ] worker_62150: Request is not valid!
[ 1826 ms ] worker_62150: Send response to client
[ 1826 ms ] worker_62150: Start wait for client data...
[ 1826 ms ] worker_62150: 2896 bytes were received from client 4
[ 1826 ms ] worker_62150: Start to process client request
[ 1826 ms ] worker_62150: Request is not valid!
[ 1826 ms ] worker_62150: Send response to client
[ 1826 ms ] worker_62150: Start wait for client data...
[ 1826 ms ] worker_62150: 1448 bytes were received from client 4
[ 1826 ms ] worker_62150: Start to process client request
[ 1826 ms ] worker_62150: Request is not valid!
[ 1826 ms ] worker_62150: Send response to client
[ 1826 ms ] worker_62150: Start wait for client data...
[ 1827 ms ] worker_62150: 1448 bytes were received from client 4
[ 1827 ms ] worker_62150: Start to process client request
[ 1827 ms ] worker_62150: Request is not valid!
[ 1827 ms ] worker_62150: Send response to client
[ 1827 ms ] worker_62150: Start wait for client data...
[ 1829 ms ] worker_62150: 2896 bytes were received from client 4
[ 1829 ms ] worker_62150: Start to process client request
[ 1829 ms ] worker_62150: Request is not valid!
[ 1829 ms ] worker_62150: Send response to client
[ 1829 ms ] worker_62150: Start wait for client data...
[ 1829 ms ] worker_62150: 2896 bytes were received from client 4
[ 1829 ms ] worker_62150: Start to process client request
[ 1829 ms ] worker_62150: Request is not valid!
[ 1829 ms ] worker_62150: Send response to client
[ 1829 ms ] worker_62150: Start wait for client data...
[ 1830 ms ] worker_62150: 1448 bytes were received from client 4
[ 1830 ms ] worker_62150: Start to process client request
[ 1830 ms ] worker_62150: Request is not valid!
[ 1830 ms ] worker_62150: Send response to client
[ 1830 ms ] worker_62150: Start wait for client data...
[ 1830 ms ] worker_62150: 1448 bytes were received from client 4
[ 1830 ms ] worker_62150: Start to process client request
[ 1830 ms ] worker_62150: Request is not valid!
[ 1830 ms ] worker_62150: Send response to client
[ 1830 ms ] worker_62150: Start wait for client data...
[ 1903 ms ] worker_62150: 2896 bytes were received from client 4
[ 1903 ms ] worker_62150: Start to process client request
[ 1903 ms ] worker_62150: Request is not valid!
[ 1903 ms ] worker_62150: Send response to client
[ 1903 ms ] worker_62150: Start wait for client data...
[ 1903 ms ] worker_62150: 1448 bytes were received from client 4
[ 1903 ms ] worker_62150: Start to process client request
[ 1903 ms ] worker_62150: Request is not valid!
[ 1903 ms ] worker_62150: Send response to client
[ 1903 ms ] worker_62150: Start wait for client data...
[ 1908 ms ] worker_62150: 1448 bytes were received from client 4
[ 1908 ms ] worker_62150: Start to process client request
[ 1908 ms ] worker_62150: Request is not valid!
[ 1908 ms ] worker_62150: Send response to client
[ 1908 ms ] worker_62150: Start wait for client data...
[ 1916 ms ] worker_62150: 1448 bytes were received from client 4
[ 1916 ms ] worker_62150: Start to process client request
[ 1916 ms ] worker_62150: Request is not valid!
[ 1916 ms ] worker_62150: Send response to client
[ 1916 ms ] worker_62150: Start wait for client data...
[ 1916 ms ] worker_62150: 1448 bytes were received from client 4
[ 1916 ms ] worker_62150: Start to process client request
[ 1916 ms ] worker_62150: Request is not valid!
[ 1916 ms ] worker_62150: Send response to client
[ 1916 ms ] worker_62150: Start wait for client data...
[ 1916 ms ] worker_62150: 1448 bytes were received from client 4
[ 1916 ms ] worker_62150: Start to process client request
[ 1916 ms ] worker_62150: Request is not valid!
[ 1916 ms ] worker_62150: Send response to client
[ 1916 ms ] worker_62150: Start wait for client data...
[ 1916 ms ] worker_62150: 1448 bytes were received from client 4
[ 1916 ms ] worker_62150: Start to process client request
[ 1916 ms ] worker_62150: Request is not valid!
[ 1916 ms ] worker_62150: Send response to client
[ 1916 ms ] worker_62150: Start wait for client data...
[ 1917 ms ] worker_62150: 2896 bytes were received from client 4
[ 1917 ms ] worker_62150: Start to process client request
[ 1917 ms ] worker_62150: Request is not valid!
[ 1917 ms ] worker_62150: Send response to client
[ 1917 ms ] worker_62150: Start wait for client data...
[ 1920 ms ] worker_62150: 1448 bytes were received from client 4
[ 1920 ms ] worker_62150: Start to process client request
[ 1920 ms ] worker_62150: Request is not valid!
[ 1920 ms ] worker_62150: Send response to client
[ 1920 ms ] worker_62150: Start wait for client data...
[ 1920 ms ] worker_62150: 1448 bytes were received from client 4
[ 1920 ms ] worker_62150: Start to process client request
[ 1920 ms ] worker_62150: Request is not valid!
[ 1920 ms ] worker_62150: Send response to client
[ 1920 ms ] worker_62150: Start wait for client data...
[ 2043 ms ] worker_62150: 1448 bytes were received from client 4
[ 2043 ms ] worker_62150: Start to process client request
[ 2043 ms ] worker_62150: Request is not valid!
[ 2043 ms ] worker_62150: Send response to client
[ 2043 ms ] worker_62150: Start wait for client data...
[ 2043 ms ] worker_62150: 1448 bytes were received from client 4
[ 2043 ms ] worker_62150: Start to process client request
[ 2043 ms ] worker_62150: Request is not valid!
[ 2043 ms ] worker_62150: Send response to client
[ 2043 ms ] worker_62150: Start wait for client data...
[ 2043 ms ] worker_62150: 1448 bytes were received from client 4
[ 2043 ms ] worker_62150: Start to process client request
[ 2043 ms ] worker_62150: Request is not valid!
[ 2043 ms ] worker_62150: Send response to client
[ 2043 ms ] worker_62150: Start wait for client data...
[ 2043 ms ] worker_62150: 1448 bytes were received from client 4
[ 2043 ms ] worker_62150: Start to process client request
[ 2043 ms ] worker_62150: Request is not valid!
[ 2043 ms ] worker_62150: Send response to client
[ 2043 ms ] worker_62150: Start wait for client data...
[ 2044 ms ] worker_62150: 1448 bytes were received from client 4
[ 2044 ms ] worker_62150: Start to process client request
[ 2044 ms ] worker_62150: Request is not valid!
[ 2044 ms ] worker_62150: Send response to client
[ 2044 ms ] worker_62150: Start wait for client data...
[ 2044 ms ] worker_62150: 1448 bytes were received from client 4
[ 2044 ms ] worker_62150: Start to process client request
[ 2044 ms ] worker_62150: Request is not valid!
[ 2044 ms ] worker_62150: Send response to client
[ 2044 ms ] worker_62150: Start wait for client data...
[ 2044 ms ] worker_62150: 2896 bytes were received from client 4
[ 2044 ms ] worker_62150: Start to process client request
[ 2044 ms ] worker_62150: Request is not valid!
[ 2044 ms ] worker_62150: Send response to client
[ 2044 ms ] worker_62150: Start wait for client data...
[ 2044 ms ] worker_62150: 1448 bytes were received from client 4
[ 2044 ms ] worker_62150: Start to process client request
[ 2044 ms ] worker_62150: Request is not valid!
[ 2044 ms ] worker_62150: Send response to client
[ 2044 ms ] worker_62150: Start wait for client data...
[ 2044 ms ] worker_62150: 1448 bytes were received from client 4
[ 2044 ms ] worker_62150: Start to process client request
[ 2044 ms ] worker_62150: Request is not valid!
[ 2044 ms ] worker_62150: Send response to client
[ 2044 ms ] worker_62150: Start wait for client data...
[ 2045 ms ] worker_62150: 1448 bytes were received from client 4
[ 2045 ms ] worker_62150: Start to process client request
[ 2045 ms ] worker_62150: Request is not valid!
[ 2045 ms ] worker_62150: Send response to client
[ 2045 ms ] worker_62150: Start wait for client data...
[ 2046 ms ] worker_62150: 1448 bytes were received from client 4
[ 2046 ms ] worker_62150: Start to process client request
[ 2046 ms ] worker_62150: Request is not valid!
[ 2046 ms ] worker_62150: Send response to client
[ 2046 ms ] worker_62150: Start wait for client data...
[ 2046 ms ] worker_62150: 1448 bytes were received from client 4
[ 2046 ms ] worker_62150: Start to process client request
[ 2046 ms ] worker_62150: Request is not valid!
[ 2046 ms ] worker_62150: Send response to client
[ 2046 ms ] worker_62150: Start wait for client data...
[ 2130 ms ] worker_62150: 1448 bytes were received from client 4
[ 2130 ms ] worker_62150: Start to process client request
[ 2130 ms ] worker_62150: Request is not valid!
[ 2130 ms ] worker_62150: Send response to client
[ 2130 ms ] worker_62150: Start wait for client data...
[ 2311 ms ] worker_62150: 2896 bytes were received from client 4
[ 2311 ms ] worker_62150: Start to process client request
[ 2311 ms ] worker_62150: Request is not valid!
[ 2311 ms ] worker_62150: Send response to client
[ 2311 ms ] worker_62150: Start wait for client data...
[ 2311 ms ] worker_62150: 1448 bytes were received from client 4
[ 2311 ms ] worker_62150: Start to process client request
[ 2311 ms ] worker_62150: Request is not valid!
[ 2311 ms ] worker_62150: Send response to client
[ 2311 ms ] worker_62150: Start wait for client data...
[ 2312 ms ] worker_62150: 1448 bytes were received from client 4
[ 2312 ms ] worker_62150: Start to process client request
[ 2312 ms ] worker_62150: Request is not valid!
[ 2312 ms ] worker_62150: Send response to client
[ 2312 ms ] worker_62150: Start wait for client data...
[ 2312 ms ] worker_62150: 1448 bytes were received from client 4
[ 2312 ms ] worker_62150: Start to process client request
[ 2312 ms ] worker_62150: Request is not valid!
[ 2312 ms ] worker_62150: Send response to client
[ 2312 ms ] worker_62150: Start wait for client data...
[ 2312 ms ] worker_62150: 1448 bytes were received from client 4
[ 2312 ms ] worker_62150: Start to process client request
[ 2312 ms ] worker_62150: Request is not valid!
[ 2312 ms ] worker_62150: Send response to client
[ 2312 ms ] worker_62150: Start wait for client data...
[ 2313 ms ] worker_62150: 1448 bytes were received from client 4
[ 2313 ms ] worker_62150: Start to process client request
[ 2313 ms ] worker_62150: Request is not valid!
[ 2313 ms ] worker_62150: Send response to client
[ 2313 ms ] worker_62150: Start wait for client data...
[ 2315 ms ] worker_62150: 1448 bytes were received from client 4
[ 2315 ms ] worker_62150: Start to process client request
[ 2315 ms ] worker_62150: Request is not valid!
[ 2315 ms ] worker_62150: Send response to client
[ 2315 ms ] worker_62150: Start wait for client data...
[ 2315 ms ] worker_62150: 1448 bytes were received from client 4
[ 2315 ms ] worker_62150: Start to process client request
[ 2315 ms ] worker_62150: Request is not valid!
[ 2315 ms ] worker_62150: Send response to client
[ 2315 ms ] worker_62150: Start wait for client data...
[ 2316 ms ] worker_62150: 1448 bytes were received from client 4
[ 2316 ms ] worker_62150: Start to process client request
[ 2316 ms ] worker_62150: Request is not valid!
[ 2316 ms ] worker_62150: Send response to client
[ 2316 ms ] worker_62150: Start wait for client data...
[ 2316 ms ] worker_62150: 1448 bytes were received from client 4
[ 2316 ms ] worker_62150: Start to process client request
[ 2316 ms ] worker_62150: Request is not valid!
[ 2316 ms ] worker_62150: Send response to client
[ 2316 ms ] worker_62150: Start wait for client data...
[ 2316 ms ] worker_62150: 1448 bytes were received from client 4
[ 2316 ms ] worker_62150: Start to process client request
[ 2316 ms ] worker_62150: Request is not valid!
[ 2316 ms ] worker_62150: Send response to client
[ 2316 ms ] worker_62150: Start wait for client data...
[ 2316 ms ] worker_62150: 1448 bytes were received from client 4
[ 2316 ms ] worker_62150: Start to process client request
[ 2316 ms ] worker_62150: Request is not valid!
[ 2316 ms ] worker_62150: Send response to client
[ 2316 ms ] worker_62150: Start wait for client data...
[ 3140 ms ] worker_62150: 1448 bytes were received from client 4
[ 3140 ms ] worker_62150: Start to process client request
[ 3140 ms ] worker_62150: Request is not valid!
[ 3140 ms ] worker_62150: Send response to client
[ 3140 ms ] worker_62150: Start wait for client data...
[ 3173 ms ] worker_62150: 2896 bytes were received from client 4
[ 3173 ms ] worker_62150: Start to process client request
[ 3173 ms ] worker_62150: Request is not valid!
[ 3173 ms ] worker_62150: Send response to client
[ 3173 ms ] worker_62150: Start wait for client data...
[ 3173 ms ] worker_62150: 4344 bytes were received from client 4
[ 3173 ms ] worker_62150: Start to process client request
[ 3173 ms ] worker_62150: Request is not valid!
[ 3173 ms ] worker_62150: Send response to client
[ 3173 ms ] worker_62150: Start wait for client data...
[ 3174 ms ] worker_62150: 1448 bytes were received from client 4
[ 3174 ms ] worker_62150: Start to process client request
[ 3174 ms ] worker_62150: Request is not valid!
[ 3174 ms ] worker_62150: Send response to client
[ 3174 ms ] worker_62150: Start wait for client data...
[ 3179 ms ] worker_62150: 1448 bytes were received from client 4
[ 3179 ms ] worker_62150: Start to process client request
[ 3179 ms ] worker_62150: Request is not valid!
[ 3179 ms ] worker_62150: Send response to client
[ 3179 ms ] worker_62150: Start wait for client data...
[ 3182 ms ] worker_62150: Error was occurred while receiving data from client
[ 3182 ms ] worker_62150: Exit
[ 3183 ms ] END
