[ 0 ms ] START
[ 0 ms ] worker_62179: Hello, I'm new worker!
[ 0 ms ] worker_62179: Incomming connection info: 0.0.0.0 : 0New client socket was created: 4

[ 0 ms ] worker_62179: Start wait for client data...
[ 46 ms ] worker_62179: 2896 bytes were received from client 4
[ 46 ms ] worker_62179: Start to process client request
[ 46 ms ] worker_62179: Request is not valid!
[ 46 ms ] worker_62179: Send response to client
[ 46 ms ] worker_62179: Start wait for client data...
[ 46 ms ] worker_62179: 2896 bytes were received from client 4
[ 46 ms ] worker_62179: Start to process client request
[ 46 ms ] worker_62179: Request is not valid!
[ 46 ms ] worker_62179: Send response to client
[ 46 ms ] worker_62179: Start wait for client data...
[ 46 ms ] worker_62179: 1448 bytes were received from client 4
[ 46 ms ] worker_62179: Start to process client request
[ 46 ms ] worker_62179: Request is not valid!
[ 46 ms ] worker_62179: Send response to client
[ 46 ms ] worker_62179: Start wait for client data...
[ 47 ms ] worker_62179: 1448 bytes were received from client 4
[ 47 ms ] worker_62179: Start to process client request
[ 47 ms ] worker_62179: Request is not valid!
[ 47 ms ] worker_62179: Send response to client
[ 47 ms ] worker_62179: Start wait for client data...
[ 47 ms ] worker_62179: 2896 bytes were received from client 4
[ 47 ms ] worker_62179: Start to process client request
[ 47 ms ] worker_62179: Request is not valid!
[ 47 ms ] worker_62179: Send response to client
[ 47 ms ] worker_62179: Start wait for client data...
[ 47 ms ] worker_62179: 1448 bytes were received from client 4
[ 47 ms ] worker_62179: Start to process client request
[ 47 ms ] worker_62179: Request is not valid!
[ 47 ms ] worker_62179: Send response to client
[ 47 ms ] worker_62179: Start wait for client data...
[ 47 ms ] worker_62179: 1448 bytes were received from client 4
[ 47 ms ] worker_62179: Start to process client request
[ 47 ms ] worker_62179: Request is not valid!
[ 47 ms ] worker_62179: Send response to client
[ 47 ms ] worker_62179: Start wait for client data...
[ 907 ms ] worker_62179: 1448 bytes were received from client 4
[ 907 ms ] worker_62179: Start to process client request
[ 907 ms ] worker_62179: Request is not valid!
[ 907 ms ] worker_62179: Send response to client
[ 907 ms ] worker_62179: Start wait for client data...
[ 912 ms ] worker_62179: 4344 bytes were received from client 4
[ 912 ms ] worker_62179: Start to process client request
[ 912 ms ] worker_62179: Request is not valid!
[ 912 ms ] worker_62179: Send response to client
[ 912 ms ] worker_62179: Start wait for client data...
[ 929 ms ] worker_62179: 1448 bytes were received from client 4
[ 929 ms ] worker_62179: Start to process client request
[ 929 ms ] worker_62179: Request is not valid!
[ 929 ms ] worker_62179: Send response to client
[ 929 ms ] worker_62179: Start wait for client data...
[ 929 ms ] worker_62179: 1448 bytes were received from client 4
[ 929 ms ] worker_62179: Start to process client request
[ 929 ms ] worker_62179: Request is not valid!
[ 929 ms ] worker_62179: Send response to client
[ 929 ms ] worker_62179: Start wait for client data...
[ 930 ms ] worker_62179: 2896 bytes were received from client 4
[ 930 ms ] worker_62179: Start to process client request
[ 930 ms ] worker_62179: Request is not valid!
[ 930 ms ] worker_62179: Send response to client
[ 930 ms ] worker_62179: Start wait for client data...
[ 930 ms ] worker_62179: 1448 bytes were received from client 4
[ 930 ms ] worker_62179: Start to process client request
[ 930 ms ] worker_62179: Request is not valid!
[ 930 ms ] worker_62179: Send response to client
[ 930 ms ] worker_62179: Start wait for client data...
[ 930 ms ] worker_62179: 1448 bytes were received from client 4
[ 930 ms ] worker_62179: Start to process client request
[ 930 ms ] worker_62179: Request is not valid!
[ 930 ms ] worker_62179: Send response to client
[ 930 ms ] worker_62179: Start wait for client data...
[ 930 ms ] worker_62179: 1448 bytes were received from client 4
[ 930 ms ] worker_62179: Start to process client request
[ 930 ms ] worker_62179: Request is not valid!
[ 930 ms ] worker_62179: Send response to client
[ 930 ms ] worker_62179: Start wait for client data...
[ 930 ms ] worker_62179: 1448 bytes were received from client 4
[ 930 ms ] worker_62179: Start to process client request
[ 930 ms ] worker_62179: Request is not valid!
[ 930 ms ] worker_62179: Send response to client
[ 930 ms ] worker_62179: Start wait for client data...
[ 941 ms ] worker_62179: 2896 bytes were received from client 4
[ 941 ms ] worker_62179: Start to process client request
[ 941 ms ] worker_62179: Request is not valid!
[ 941 ms ] worker_62179: Send response to client
[ 941 ms ] worker_62179: Start wait for client data...
[ 942 ms ] worker_62179: 1448 bytes were received from client 4
[ 942 ms ] worker_62179: Start to process client request
[ 942 ms ] worker_62179: Request is not valid!
[ 942 ms ] worker_62179: Send response to client
[ 942 ms ] worker_62179: Start wait for client data...
[ 942 ms ] worker_62179: 1448 bytes were received from client 4
[ 942 ms ] worker_62179: Start to process client request
[ 942 ms ] worker_62179: Request is not valid!
[ 942 ms ] worker_62179: Send response to client
[ 942 ms ] worker_62179: Start wait for client data...
[ 942 ms ] worker_62179: 1448 bytes were received from client 4
[ 942 ms ] worker_62179: Start to process client request
[ 942 ms ] worker_62179: Request is not valid!
[ 942 ms ] worker_62179: Send response to client
[ 942 ms ] worker_62179: Start wait for client data...
[ 942 ms ] worker_62179: 1448 bytes were received from client 4
[ 942 ms ] worker_62179: Start to process client request
[ 942 ms ] worker_62179: Request is not valid!
[ 942 ms ] worker_62179: Send response to client
[ 942 ms ] worker_62179: Start wait for client data...
[ 5943 ms ] worker_62179: No data received. Continue waiting...
[ 5943 ms ] worker_62179: Start wait for client data...
[ 6203 ms ] worker_62179: 20008 bytes were received from client 4
[ 6203 ms ] worker_62179: Start to process client request
[ 6203 ms ] worker_62179: Request is not valid!
[ 6203 ms ] worker_62179: Send response to client
[ 6203 ms ] worker_62179: Start wait for client data...
[ 6203 ms ] worker_62179: 14672 bytes were received from client 4
[ 6203 ms ] worker_62179: Start to process client request
[ 6203 ms ] worker_62179: Request is not valid!
[ 6203 ms ] worker_62179: Send response to client
[ 6203 ms ] worker_62179: Start wait for client data...
[ 6382 ms ] worker_62179: 1436 bytes were received from client 4
[ 6382 ms ] worker_62179: Start to process client request
[ 6382 ms ] worker_62179: Request is not valid!
[ 6382 ms ] worker_62179: Send response to client
[ 6382 ms ] worker_62179: Start wait for client data...
[ 6382 ms ] worker_62179: 1436 bytes were received from client 4
[ 6383 ms ] worker_62179: Start to process client request
[ 6383 ms ] worker_62179: Request is not valid!
[ 6383 ms ] worker_62179: Send response to client
[ 6383 ms ] worker_62179: Start wait for client data...
[ 6383 ms ] worker_62179: 1436 bytes were received from client 4
[ 6383 ms ] worker_62179: Start to process client request
[ 6383 ms ] worker_62179: Request is not valid!
[ 6383 ms ] worker_62179: Send response to client
[ 6383 ms ] worker_62179: Start wait for client data...
[ 6383 ms ] worker_62179: 1436 bytes were received from client 4
[ 6383 ms ] worker_62179: Start to process client request
[ 6383 ms ] worker_62179: Request is not valid!
[ 6383 ms ] worker_62179: Send response to client
[ 6383 ms ] worker_62179: Start wait for client data...
[ 6384 ms ] worker_62179: 1436 bytes were received from client 4
[ 6384 ms ] worker_62179: Start to process client request
[ 6384 ms ] worker_62179: Request is not valid!
[ 6384 ms ] worker_62179: Send response to client
[ 6384 ms ] worker_62179: Start wait for client data...
[ 6384 ms ] worker_62179: 1436 bytes were received from client 4
[ 6384 ms ] worker_62179: Start to process client request
[ 6384 ms ] worker_62179: Request is not valid!
[ 6384 ms ] worker_62179: Send response to client
[ 6384 ms ] worker_62179: Start wait for client data...
[ 6384 ms ] worker_62179: 1436 bytes were received from client 4
[ 6384 ms ] worker_62179: Start to process client request
[ 6384 ms ] worker_62179: Request is not valid!
[ 6384 ms ] worker_62179: Send response to client
[ 6384 ms ] worker_62179: Start wait for client data...
[ 6384 ms ] worker_62179: 2872 bytes were received from client 4
[ 6384 ms ] worker_62179: Start to process client request
[ 6384 ms ] worker_62179: Request is not valid!
[ 6384 ms ] worker_62179: Send response to client
[ 6384 ms ] worker_62179: Start wait for client data...
[ 6384 ms ] worker_62179: 1436 bytes were received from client 4
[ 6384 ms ] worker_62179: Start to process client request
[ 6384 ms ] worker_62179: Request is not valid!
[ 6384 ms ] worker_62179: Send response to client
[ 6384 ms ] worker_62179: Start wait for client data...
[ 6384 ms ] worker_62179: 1436 bytes were received from client 4
[ 6384 ms ] worker_62179: Start to process client request
[ 6384 ms ] worker_62179: Request is not valid!
[ 6384 ms ] worker_62179: Send response to client
[ 6384 ms ] worker_62179: Start wait for client data...
[ 6385 ms ] worker_62179: 1436 bytes were received from client 4
[ 6385 ms ] worker_62179: Start to process client request
[ 6385 ms ] worker_62179: Request is not valid!
[ 6385 ms ] worker_62179: Send response to client
[ 6385 ms ] worker_62179: Start wait for client data...
[ 6385 ms ] worker_62179: 1436 bytes were received from client 4
[ 6385 ms ] worker_62179: Start to process client request
[ 6385 ms ] worker_62179: Request is not valid!
[ 6385 ms ] worker_62179: Send response to client
[ 6385 ms ] worker_62179: Start wait for client data...
[ 6385 ms ] worker_62179: 1436 bytes were received from client 4
[ 6385 ms ] worker_62179: Start to process client request
[ 6385 ms ] worker_62179: Request is not valid!
[ 6385 ms ] worker_62179: Send response to client
[ 6385 ms ] worker_62179: Start wait for client data...
[ 6385 ms ] worker_62179: 1436 bytes were received from client 4
[ 6385 ms ] worker_62179: Start to process client request
[ 6385 ms ] worker_62179: Request is not valid!
[ 6385 ms ] worker_62179: Send response to client
[ 6385 ms ] worker_62179: Start wait for client data...
[ 6386 ms ] worker_62179: 1436 bytes were received from client 4
[ 6386 ms ] worker_62179: Start to process client request
[ 6386 ms ] worker_62179: Request is not valid!
[ 6386 ms ] worker_62179: Send response to client
[ 6386 ms ] worker_62179: Start wait for client data...
[ 6386 ms ] worker_62179: 2872 bytes were received from client 4
[ 6386 ms ] worker_62179: Start to process client request
[ 6386 ms ] worker_62179: Request is not valid!
[ 6386 ms ] worker_62179: Send response to client
[ 6386 ms ] worker_62179: Start wait for client data...
[ 6386 ms ] worker_62179: 1436 bytes were received from client 4
[ 6386 ms ] worker_62179: Start to process client request
[ 6386 ms ] worker_62179: Request is not valid!
[ 6386 ms ] worker_62179: Send response to client
[ 6386 ms ] worker_62179: Start wait for client data...
[ 6386 ms ] worker_62179: 1436 bytes were received from client 4
[ 6386 ms ] worker_62179: Start to process client request
[ 6386 ms ] worker_62179: Request is not valid!
[ 6386 ms ] worker_62179: Send response to client
[ 6386 ms ] worker_62179: Start wait for client data...
[ 6387 ms ] worker_62179: 1436 bytes were received from client 4
[ 6387 ms ] worker_62179: Start to process client request
[ 6387 ms ] worker_62179: Request is not valid!
[ 6387 ms ] worker_62179: Send response to client
[ 6387 ms ] worker_62179: Start wait for client data...
[ 6388 ms ] worker_62179: 1436 bytes were received from client 4
[ 6388 ms ] worker_62179: Start to process client request
[ 6388 ms ] worker_62179: Request is not valid!
[ 6388 ms ] worker_62179: Send response to client
[ 6388 ms ] worker_62179: Start wait for client data...
[ 6388 ms ] worker_62179: 1436 bytes were received from client 4
[ 6388 ms ] worker_62179: Start to process client request
[ 6388 ms ] worker_62179: Request is not valid!
[ 6388 ms ] worker_62179: Send response to client
[ 6388 ms ] worker_62179: Start wait for client data...
[ 6570 ms ] worker_62179: 1436 bytes were received from client 4
[ 6570 ms ] worker_62179: Start to process client request
[ 6570 ms ] worker_62179: Request is not valid!
[ 6570 ms ] worker_62179: Send response to client
[ 6570 ms ] worker_62179: Start wait for client data...
[ 6570 ms ] worker_62179: 1436 bytes were received from client 4
[ 6570 ms ] worker_62179: Start to process client request
[ 6570 ms ] worker_62179: Request is not valid!
[ 6570 ms ] worker_62179: Send response to client
[ 6570 ms ] worker_62179: Start wait for client data...
[ 6570 ms ] worker_62179: 1436 bytes were received from client 4
[ 6570 ms ] worker_62179: Start to process client request
[ 6570 ms ] worker_62179: Request is not valid!
[ 6570 ms ] worker_62179: Send response to client
[ 6570 ms ] worker_62179: Start wait for client data...
[ 6570 ms ] worker_62179: 1436 bytes were received from client 4
[ 6570 ms ] worker_62179: Start to process client request
[ 6570 ms ] worker_62179: Request is not valid!
[ 6570 ms ] worker_62179: Send response to client
[ 6570 ms ] worker_62179: Start wait for client data...
[ 6571 ms ] worker_62179: 1436 bytes were received from client 4
[ 6571 ms ] worker_62179: Start to process client request
[ 6571 ms ] worker_62179: Request is not valid!
[ 6571 ms ] worker_62179: Send response to client
[ 6571 ms ] worker_62179: Start wait for client data...
[ 6572 ms ] worker_62179: 1436 bytes were received from client 4
[ 6572 ms ] worker_62179: Start to process client request
[ 6572 ms ] worker_62179: Request is not valid!
[ 6572 ms ] worker_62179: Send response to client
[ 6572 ms ] worker_62179: Start wait for client data...
[ 6572 ms ] worker_62179: 1436 bytes were received from client 4
[ 6572 ms ] worker_62179: Start to process client request
[ 6572 ms ] worker_62179: Request is not valid!
[ 6572 ms ] worker_62179: Send response to client
[ 6572 ms ] worker_62179: Start wait for client data...
[ 6572 ms ] worker_62179: 1436 bytes were received from client 4
[ 6572 ms ] worker_62179: Start to process client request
[ 6572 ms ] worker_62179: Request is not valid!
[ 6572 ms ] worker_62179: Send response to client
[ 6572 ms ] worker_62179: Start wait for client data...
[ 6572 ms ] worker_62179: 1436 bytes were received from client 4
[ 6572 ms ] worker_62179: Start to process client request
[ 6572 ms ] worker_62179: Request is not valid!
[ 6572 ms ] worker_62179: Send response to client
[ 6573 ms ] worker_62179: Start wait for client data...
[ 6573 ms ] worker_62179: 1436 bytes were received from client 4
[ 6573 ms ] worker_62179: Start to process client request
[ 6573 ms ] worker_62179: Request is not valid!
[ 6573 ms ] worker_62179: Send response to client
[ 6573 ms ] worker_62179: Start wait for client data...
[ 6573 ms ] worker_62179: 1448 bytes were received from client 4
[ 6573 ms ] worker_62179: Start to process client request
[ 6573 ms ] worker_62179: Request is not valid!
[ 6573 ms ] worker_62179: Send response to client
[ 6573 ms ] worker_62179: Start wait for client data...
[ 6573 ms ] worker_62179: 1448 bytes were received from client 4
[ 6573 ms ] worker_62179: Start to process client request
[ 6573 ms ] worker_62179: Request is not valid!
[ 6573 ms ] worker_62179: Send response to client
[ 6573 ms ] worker_62179: Start wait for client data...
[ 6573 ms ] worker_62179: 1448 bytes were received from client 4
[ 6573 ms ] worker_62179: Start to process client request
[ 6573 ms ] worker_62179: Request is not valid!
[ 6573 ms ] worker_62179: Send response to client
[ 6573 ms ] worker_62179: Start wait for client data...
[ 6573 ms ] worker_62179: 1448 bytes were received from client 4
[ 6573 ms ] worker_62179: Start to process client request
[ 6573 ms ] worker_62179: Request is not valid!
[ 6573 ms ] worker_62179: Send response to client
[ 6573 ms ] worker_62179: Start wait for client data...
[ 6573 ms ] worker_62179: 1448 bytes were received from client 4
[ 6573 ms ] worker_62179: Start to process client request
[ 6573 ms ] worker_62179: Request is not valid!
[ 6573 ms ] worker_62179: Send response to client
[ 6573 ms ] worker_62179: Start wait for client data...
[ 6573 ms ] worker_62179: 1448 bytes were received from client 4
[ 6573 ms ] worker_62179: Start to process client request
[ 6573 ms ] worker_62179: Request is not valid!
[ 6573 ms ] worker_62179: Send response to client
[ 6573 ms ] worker_62179: Start wait for client data...
[ 6574 ms ] worker_62179: 1448 bytes were received from client 4
[ 6574 ms ] worker_62179: Start to process client request
[ 6574 ms ] worker_62179: Request is not valid!
[ 6574 ms ] worker_62179: Send response to client
[ 6574 ms ] worker_62179: Start wait for client data...
[ 6574 ms ] worker_62179: 1448 bytes were received from client 4
[ 6574 ms ] worker_62179: Start to process client request
[ 6574 ms ] worker_62179: Request is not valid!
[ 6574 ms ] worker_62179: Send response to client
[ 6574 ms ] worker_62179: Start wait for client data...
[ 6574 ms ] worker_62179: 1448 bytes were received from client 4
[ 6574 ms ] worker_62179: Start to process client request
[ 6574 ms ] worker_62179: Request is not valid!
[ 6574 ms ] worker_62179: Send response to client
[ 6574 ms ] worker_62179: Start wait for client data...
[ 6574 ms ] worker_62179: 2896 bytes were received from client 4
[ 6574 ms ] worker_62179: Start to process client request
[ 6574 ms ] worker_62179: Request is not valid!
[ 6574 ms ] worker_62179: Send response to client
[ 6574 ms ] worker_62179: Start wait for client data...
[ 6574 ms ] worker_62179: 1448 bytes were received from client 4
[ 6574 ms ] worker_62179: Start to process client request
[ 6574 ms ] worker_62179: Request is not valid!
[ 6574 ms ] worker_62179: Send response to client
[ 6574 ms ] worker_62179: Start wait for client data...
[ 6575 ms ] worker_62179: 1448 bytes were received from client 4
[ 6575 ms ] worker_62179: Start to process client request
[ 6575 ms ] worker_62179: Request is not valid!
[ 6575 ms ] worker_62179: Send response to client
[ 6575 ms ] worker_62179: Start wait for client data...
[ 6575 ms ] worker_62179: 1448 bytes were received from client 4
[ 6575 ms ] worker_62179: Start to process client request
[ 6575 ms ] worker_62179: Request is not valid!
[ 6575 ms ] worker_62179: Send response to client
[ 6575 ms ] worker_62179: Start wait for client data...
[ 6726 ms ] worker_62179: 1448 bytes were received from client 4
[ 6726 ms ] worker_62179: Start to process client request
[ 6726 ms ] worker_62179: Request is not valid!
[ 6726 ms ] worker_62179: Send response to client
[ 6726 ms ] worker_62179: Start wait for client data...
[ 6726 ms ] worker_62179: 1448 bytes were received from client 4
[ 6726 ms ] worker_62179: Start to process client request
[ 6726 ms ] worker_62179: Request is not valid!
[ 6726 ms ] worker_62179: Send response to client
[ 6726 ms ] worker_62179: Start wait for client data...
[ 6726 ms ] worker_62179: 1448 bytes were received from client 4
[ 6726 ms ] worker_62179: Start to process client request
[ 6726 ms ] worker_62179: Request is not valid!
[ 6726 ms ] worker_62179: Send response to client
[ 6726 ms ] worker_62179: Start wait for client data...
[ 6726 ms ] worker_62179: 1448 bytes were received from client 4
[ 6726 ms ] worker_62179: Start to process client request
[ 6726 ms ] worker_62179: Request is not valid!
[ 6726 ms ] worker_62179: Send response to client
[ 6726 ms ] worker_62179: Start wait for client data...
[ 7039 ms ] worker_62179: Error was occurred while receiving data from client
[ 7039 ms ] worker_62179: Exit
[ 7040 ms ] END
