[ 0 ms ] START
[ 0 ms ] worker_62137: Hello, I'm new worker!
[ 0 ms ] worker_62137: Incomming connection info: 0.0.0.0 : 0New client socket was created: 4

[ 0 ms ] worker_62137: Start wait for client data...
[ 1221 ms ] worker_62137: 1448 bytes were received from client 4
[ 1221 ms ] worker_62137: Start to process client request
[ 1221 ms ] worker_62137: Request is not valid!
[ 1221 ms ] worker_62137: Send response to client
[ 1221 ms ] worker_62137: Start wait for client data...
[ 1259 ms ] worker_62137: 2896 bytes were received from client 4
[ 1259 ms ] worker_62137: Start to process client request
[ 1259 ms ] worker_62137: Request is not valid!
[ 1259 ms ] worker_62137: Send response to client
[ 1259 ms ] worker_62137: Start wait for client data...
[ 1293 ms ] worker_62137: 2896 bytes were received from client 4
[ 1293 ms ] worker_62137: Start to process client request
[ 1293 ms ] worker_62137: Request is not valid!
[ 1293 ms ] worker_62137: Send response to client
[ 1293 ms ] worker_62137: Start wait for client data...
[ 1293 ms ] worker_62137: 2896 bytes were received from client 4
[ 1293 ms ] worker_62137: Start to process client request
[ 1293 ms ] worker_62137: Request is not valid!
[ 1293 ms ] worker_62137: Send response to client
[ 1293 ms ] worker_62137: Start wait for client data...
[ 1363 ms ] worker_62137: 1448 bytes were received from client 4
[ 1363 ms ] worker_62137: Start to process client request
[ 1363 ms ] worker_62137: Request is not valid!
[ 1363 ms ] worker_62137: Send response to client
[ 1363 ms ] worker_62137: Start wait for client data...
[ 1363 ms ] worker_62137: 1448 bytes were received from client 4
[ 1363 ms ] worker_62137: Start to process client request
[ 1363 ms ] worker_62137: Request is not valid!
[ 1363 ms ] worker_62137: Send response to client
[ 1363 ms ] worker_62137: Start wait for client data...
[ 1363 ms ] worker_62137: 1448 bytes were received from client 4
[ 1363 ms ] worker_62137: Start to process client request
[ 1363 ms ] worker_62137: Request is not valid!
[ 1363 ms ] worker_62137: Send response to client
[ 1363 ms ] worker_62137: Start wait for client data...
[ 1363 ms ] worker_62137: 4344 bytes were received from client 4
[ 1363 ms ] worker_62137: Start to process client request
[ 1363 ms ] worker_62137: Request is not valid!
[ 1363 ms ] worker_62137: Send response to client
[ 1363 ms ] worker_62137: Start wait for client data...
[ 1363 ms ] worker_62137: 1448 bytes were received from client 4
[ 1363 ms ] worker_62137: Start to process client request
[ 1363 ms ] worker_62137: Request is not valid!
[ 1363 ms ] worker_62137: Send response to client
[ 1363 ms ] worker_62137: Start wait for client data...
[ 1364 ms ] worker_62137: 1448 bytes were received from client 4
[ 1364 ms ] worker_62137: Start to process client request
[ 1364 ms ] worker_62137: Request is not valid!
[ 1364 ms ] worker_62137: Send response to client
[ 1364 ms ] worker_62137: Start wait for client data...
[ 1367 ms ] worker_62137: 1448 bytes were received from client 4
[ 1367 ms ] worker_62137: Start to process client request
[ 1367 ms ] worker_62137: Request is not valid!
[ 1368 ms ] worker_62137: Send response to client
[ 1368 ms ] worker_62137: Start wait for client data...
[ 1368 ms ] worker_62137: 1448 bytes were received from client 4
[ 1368 ms ] worker_62137: Start to process client request
[ 1368 ms ] worker_62137: Request is not valid!
[ 1368 ms ] worker_62137: Send response to client
[ 1368 ms ] worker_62137: Start wait for client data...
[ 1446 ms ] worker_62137: 8688 bytes were received from client 4
[ 1446 ms ] worker_62137: Start to process client request
[ 1446 ms ] worker_62137: Request is not valid!
[ 1446 ms ] worker_62137: Send response to client
[ 1446 ms ] worker_62137: Start wait for client data...
[ 1453 ms ] worker_62137: 1448 bytes were received from client 4
[ 1453 ms ] worker_62137: Start to process client request
[ 1453 ms ] worker_62137: Request is not valid!
[ 1453 ms ] worker_62137: Send response to client
[ 1453 ms ] worker_62137: Start wait for client data...
[ 1494 ms ] worker_62137: 2896 bytes were received from client 4
[ 1494 ms ] worker_62137: Start to process client request
[ 1494 ms ] worker_62137: Request is not valid!
[ 1494 ms ] worker_62137: Send response to client
[ 1494 ms ] worker_62137: Start wait for client data...
[ 1497 ms ] worker_62137: 2896 bytes were received from client 4
[ 1497 ms ] worker_62137: Start to process client request
[ 1497 ms ] worker_62137: Request is not valid!
[ 1497 ms ] worker_62137: Send response to client
[ 1497 ms ] worker_62137: Start wait for client data...
[ 1497 ms ] worker_62137: 1448 bytes were received from client 4
[ 1497 ms ] worker_62137: Start to process client request
[ 1497 ms ] worker_62137: Request is not valid!
[ 1497 ms ] worker_62137: Send response to client
[ 1497 ms ] worker_62137: Start wait for client data...
[ 1497 ms ] worker_62137: 1448 bytes were received from client 4
[ 1497 ms ] worker_62137: Start to process client request
[ 1497 ms ] worker_62137: Request is not valid!
[ 1497 ms ] worker_62137: Send response to client
[ 1497 ms ] worker_62137: Start wait for client data...
[ 1497 ms ] worker_62137: 1448 bytes were received from client 4
[ 1497 ms ] worker_62137: Start to process client request
[ 1497 ms ] worker_62137: Request is not valid!
[ 1497 ms ] worker_62137: Send response to client
[ 1497 ms ] worker_62137: Start wait for client data...
[ 1557 ms ] worker_62137: 1448 bytes were received from client 4
[ 1557 ms ] worker_62137: Start to process client request
[ 1557 ms ] worker_62137: Request is not valid!
[ 1557 ms ] worker_62137: Send response to client
[ 1557 ms ] worker_62137: Start wait for client data...
[ 1557 ms ] worker_62137: 1448 bytes were received from client 4
[ 1557 ms ] worker_62137: Start to process client request
[ 1557 ms ] worker_62137: Request is not valid!
[ 1557 ms ] worker_62137: Send response to client
[ 1557 ms ] worker_62137: Start wait for client data...
[ 1557 ms ] worker_62137: 1448 bytes were received from client 4
[ 1557 ms ] worker_62137: Start to process client request
[ 1557 ms ] worker_62137: Request is not valid!
[ 1557 ms ] worker_62137: Send response to client
[ 1557 ms ] worker_62137: Start wait for client data...
[ 1557 ms ] worker_62137: 1448 bytes were received from client 4
[ 1557 ms ] worker_62137: Start to process client request
[ 1557 ms ] worker_62137: Request is not valid!
[ 1557 ms ] worker_62137: Send response to client
[ 1557 ms ] worker_62137: Start wait for client data...
[ 1557 ms ] worker_62137: 1448 bytes were received from client 4
[ 1557 ms ] worker_62137: Start to process client request
[ 1557 ms ] worker_62137: Request is not valid!
[ 1557 ms ] worker_62137: Send response to client
[ 1557 ms ] worker_62137: Start wait for client data...
[ 1557 ms ] worker_62137: 1448 bytes were received from client 4
[ 1557 ms ] worker_62137: Start to process client request
[ 1557 ms ] worker_62137: Request is not valid!
[ 1557 ms ] worker_62137: Send response to client
[ 1557 ms ] worker_62137: Start wait for client data...
[ 1558 ms ] worker_62137: 2896 bytes were received from client 4
[ 1558 ms ] worker_62137: Start to process client request
[ 1558 ms ] worker_62137: Request is not valid!
[ 1558 ms ] worker_62137: Send response to client
[ 1558 ms ] worker_62137: Start wait for client data...
[ 1558 ms ] worker_62137: 1448 bytes were received from client 4
[ 1558 ms ] worker_62137: Start to process client request
[ 1558 ms ] worker_62137: Request is not valid!
[ 1558 ms ] worker_62137: Send response to client
[ 1558 ms ] worker_62137: Start wait for client data...
[ 1634 ms ] worker_62137: 1448 bytes were received from client 4
[ 1634 ms ] worker_62137: Start to process client request
[ 1634 ms ] worker_62137: Request is not valid!
[ 1634 ms ] worker_62137: Send response to client
[ 1634 ms ] worker_62137: Start wait for client data...
[ 1634 ms ] worker_62137: 2896 bytes were received from client 4
[ 1634 ms ] worker_62137: Start to process client request
[ 1634 ms ] worker_62137: Request is not valid!
[ 1634 ms ] worker_62137: Send response to client
[ 1634 ms ] worker_62137: Start wait for client data...
[ 1638 ms ] worker_62137: 2896 bytes were received from client 4
[ 1638 ms ] worker_62137: Start to process client request
[ 1638 ms ] worker_62137: Request is not valid!
[ 1638 ms ] worker_62137: Send response to client
[ 1638 ms ] worker_62137: Start wait for client data...
[ 1638 ms ] worker_62137: 1448 bytes were received from client 4
[ 1638 ms ] worker_62137: Start to process client request
[ 1638 ms ] worker_62137: Request is not valid!
[ 1638 ms ] worker_62137: Send response to client
[ 1638 ms ] worker_62137: Start wait for client data...
[ 1638 ms ] worker_62137: 1448 bytes were received from client 4
[ 1638 ms ] worker_62137: Start to process client request
[ 1638 ms ] worker_62137: Request is not valid!
[ 1638 ms ] worker_62137: Send response to client
[ 1638 ms ] worker_62137: Start wait for client data...
[ 1639 ms ] worker_62137: 1448 bytes were received from client 4
[ 1639 ms ] worker_62137: Start to process client request
[ 1639 ms ] worker_62137: Request is not valid!
[ 1639 ms ] worker_62137: Send response to client
[ 1639 ms ] worker_62137: Start wait for client data...
[ 1721 ms ] worker_62137: 1448 bytes were received from client 4
[ 1721 ms ] worker_62137: Start to process client request
[ 1721 ms ] worker_62137: Request is not valid!
[ 1721 ms ] worker_62137: Send response to client
[ 1721 ms ] worker_62137: Start wait for client data...
[ 1721 ms ] worker_62137: 1448 bytes were received from client 4
[ 1721 ms ] worker_62137: Start to process client request
[ 1721 ms ] worker_62137: Request is not valid!
[ 1721 ms ] worker_62137: Send response to client
[ 1721 ms ] worker_62137: Start wait for client data...
[ 1721 ms ] worker_62137: 1448 bytes were received from client 4
[ 1721 ms ] worker_62137: Start to process client request
[ 1721 ms ] worker_62137: Request is not valid!
[ 1721 ms ] worker_62137: Send response to client
[ 1721 ms ] worker_62137: Start wait for client data...
[ 1721 ms ] worker_62137: 1448 bytes were received from client 4
[ 1721 ms ] worker_62137: Start to process client request
[ 1721 ms ] worker_62137: Request is not valid!
[ 1721 ms ] worker_62137: Send response to client
[ 1721 ms ] worker_62137: Start wait for client data...
[ 1721 ms ] worker_62137: 1448 bytes were received from client 4
[ 1721 ms ] worker_62137: Start to process client request
[ 1721 ms ] worker_62137: Request is not valid!
[ 1721 ms ] worker_62137: Send response to client
[ 1721 ms ] worker_62137: Start wait for client data...
[ 1722 ms ] worker_62137: 1448 bytes were received from client 4
[ 1722 ms ] worker_62137: Start to process client request
[ 1722 ms ] worker_62137: Request is not valid!
[ 1722 ms ] worker_62137: Send response to client
[ 1722 ms ] worker_62137: Start wait for client data...
[ 1722 ms ] worker_62137: 1448 bytes were received from client 4
[ 1722 ms ] worker_62137: Start to process client request
[ 1722 ms ] worker_62137: Request is not valid!
[ 1722 ms ] worker_62137: Send response to client
[ 1722 ms ] worker_62137: Start wait for client data...
[ 1722 ms ] worker_62137: 1448 bytes were received from client 4
[ 1722 ms ] worker_62137: Start to process client request
[ 1722 ms ] worker_62137: Request is not valid!
[ 1722 ms ] worker_62137: Send response to client
[ 1722 ms ] worker_62137: Start wait for client data...
[ 1722 ms ] worker_62137: 1448 bytes were received from client 4
[ 1722 ms ] worker_62137: Start to process client request
[ 1722 ms ] worker_62137: Request is not valid!
[ 1722 ms ] worker_62137: Send response to client
[ 1722 ms ] worker_62137: Start wait for client data...
[ 1731 ms ] worker_62137: 1448 bytes were received from client 4
[ 1731 ms ] worker_62137: Start to process client request
[ 1731 ms ] worker_62137: Request is not valid!
[ 1731 ms ] worker_62137: Send response to client
[ 1731 ms ] worker_62137: Start wait for client data...
[ 1815 ms ] worker_62137: 2896 bytes were received from client 4
[ 1815 ms ] worker_62137: Start to process client request
[ 1815 ms ] worker_62137: Request is not valid!
[ 1815 ms ] worker_62137: Send response to client
[ 1815 ms ] worker_62137: Start wait for client data...
[ 1815 ms ] worker_62137: 1448 bytes were received from client 4
[ 1815 ms ] worker_62137: Start to process client request
[ 1815 ms ] worker_62137: Request is not valid!
[ 1815 ms ] worker_62137: Send response to client
[ 1815 ms ] worker_62137: Start wait for client data...
[ 1815 ms ] worker_62137: 1448 bytes were received from client 4
[ 1815 ms ] worker_62137: Start to process client request
[ 1815 ms ] worker_62137: Request is not valid!
[ 1815 ms ] worker_62137: Send response to client
[ 1815 ms ] worker_62137: Start wait for client data...
[ 1815 ms ] worker_62137: 1448 bytes were received from client 4
[ 1815 ms ] worker_62137: Start to process client request
[ 1815 ms ] worker_62137: Request is not valid!
[ 1815 ms ] worker_62137: Send response to client
[ 1815 ms ] worker_62137: Start wait for client data...
[ 1815 ms ] worker_62137: 2896 bytes were received from client 4
[ 1815 ms ] worker_62137: Start to process client request
[ 1815 ms ] worker_62137: Request is not valid!
[ 1815 ms ] worker_62137: Send response to client
[ 1815 ms ] worker_62137: Start wait for client data...
[ 1815 ms ] worker_62137: 1448 bytes were received from client 4
[ 1815 ms ] worker_62137: Start to process client request
[ 1815 ms ] worker_62137: Request is not valid!
[ 1815 ms ] worker_62137: Send response to client
[ 1816 ms ] worker_62137: Start wait for client data...
[ 1816 ms ] worker_62137: 1448 bytes were received from client 4
[ 1816 ms ] worker_62137: Start to process client request
[ 1816 ms ] worker_62137: Request is not valid!
[ 1816 ms ] worker_62137: Send response to client
[ 1816 ms ] worker_62137: Start wait for client data...
[ 1816 ms ] worker_62137: 1448 bytes were received from client 4
[ 1816 ms ] worker_62137: Start to process client request
[ 1816 ms ] worker_62137: Request is not valid!
[ 1816 ms ] worker_62137: Send response to client
[ 1816 ms ] worker_62137: Start wait for client data...
[ 1816 ms ] worker_62137: 1448 bytes were received from client 4
[ 1816 ms ] worker_62137: Start to process client request
[ 1816 ms ] worker_62137: Request is not valid!
[ 1816 ms ] worker_62137: Send response to client
[ 1816 ms ] worker_62137: Start wait for client data...
[ 1889 ms ] worker_62137: 1448 bytes were received from client 4
[ 1889 ms ] worker_62137: Start to process client request
[ 1889 ms ] worker_62137: Request is not valid!
[ 1889 ms ] worker_62137: Send response to client
[ 1889 ms ] worker_62137: Start wait for client data...
[ 1893 ms ] worker_62137: 2896 bytes were received from client 4
[ 1893 ms ] worker_62137: Start to process client request
[ 1893 ms ] worker_62137: Request is not valid!
[ 1893 ms ] worker_62137: Send response to client
[ 1893 ms ] worker_62137: Start wait for client data...
[ 1896 ms ] worker_62137: 2896 bytes were received from client 4
[ 1896 ms ] worker_62137: Start to process client request
[ 1896 ms ] worker_62137: Request is not valid!
[ 1896 ms ] worker_62137: Send response to client
[ 1896 ms ] worker_62137: Start wait for client data...
[ 1896 ms ] worker_62137: 1448 bytes were received from client 4
[ 1896 ms ] worker_62137: Start to process client request
[ 1896 ms ] worker_62137: Request is not valid!
[ 1896 ms ] worker_62137: Send response to client
[ 1896 ms ] worker_62137: Start wait for client data...
[ 1896 ms ] worker_62137: 1448 bytes were received from client 4
[ 1896 ms ] worker_62137: Start to process client request
[ 1896 ms ] worker_62137: Request is not valid!
[ 1896 ms ] worker_62137: Send response to client
[ 1896 ms ] worker_62137: Start wait for client data...
[ 1896 ms ] worker_62137: 1448 bytes were received from client 4
[ 1896 ms ] worker_62137: Start to process client request
[ 1896 ms ] worker_62137: Request is not valid!
[ 1896 ms ] worker_62137: Send response to client
[ 1896 ms ] worker_62137: Start wait for client data...
[ 1901 ms ] worker_62137: 1448 bytes were received from client 4
[ 1901 ms ] worker_62137: Start to process client request
[ 1901 ms ] worker_62137: Request is not valid!
[ 1901 ms ] worker_62137: Send response to client
[ 1901 ms ] worker_62137: Start wait for client data...
[ 1901 ms ] worker_62137: 1448 bytes were received from client 4
[ 1901 ms ] worker_62137: Start to process client request
[ 1901 ms ] worker_62137: Request is not valid!
[ 1901 ms ] worker_62137: Send response to client
[ 1901 ms ] worker_62137: Start wait for client data...
[ 1901 ms ] worker_62137: 1448 bytes were received from client 4
[ 1901 ms ] worker_62137: Start to process client request
[ 1901 ms ] worker_62137: Request is not valid!
[ 1901 ms ] worker_62137: Send response to client
[ 1901 ms ] worker_62137: Start wait for client data...
[ 2004 ms ] worker_62137: 1448 bytes were received from client 4
[ 2004 ms ] worker_62137: Start to process client request
[ 2004 ms ] worker_62137: Request is not valid!
[ 2004 ms ] worker_62137: Send response to client
[ 2004 ms ] worker_62137: Start wait for client data...
[ 2005 ms ] worker_62137: 1448 bytes were received from client 4
[ 2005 ms ] worker_62137: Start to process client request
[ 2005 ms ] worker_62137: Request is not valid!
[ 2005 ms ] worker_62137: Send response to client
[ 2005 ms ] worker_62137: Start wait for client data...
[ 2005 ms ] worker_62137: 1448 bytes were received from client 4
[ 2005 ms ] worker_62137: Start to process client request
[ 2005 ms ] worker_62137: Request is not valid!
[ 2005 ms ] worker_62137: Send response to client
[ 2005 ms ] worker_62137: Start wait for client data...
[ 2006 ms ] worker_62137: 2896 bytes were received from client 4
[ 2006 ms ] worker_62137: Start to process client request
[ 2006 ms ] worker_62137: Request is not valid!
[ 2006 ms ] worker_62137: Send response to client
[ 2006 ms ] worker_62137: Start wait for client data...
[ 2018 ms ] worker_62137: 2896 bytes were received from client 4
[ 2018 ms ] worker_62137: Start to process client request
[ 2018 ms ] worker_62137: Request is not valid!
[ 2018 ms ] worker_62137: Send response to client
[ 2018 ms ] worker_62137: Start wait for client data...
[ 2018 ms ] worker_62137: 1448 bytes were received from client 4
[ 2018 ms ] worker_62137: Start to process client request
[ 2018 ms ] worker_62137: Request is not valid!
[ 2018 ms ] worker_62137: Send response to client
[ 2018 ms ] worker_62137: Start wait for client data...
[ 2018 ms ] worker_62137: 1448 bytes were received from client 4
[ 2018 ms ] worker_62137: Start to process client request
[ 2018 ms ] worker_62137: Request is not valid!
[ 2018 ms ] worker_62137: Send response to client
[ 2018 ms ] worker_62137: Start wait for client data...
[ 2018 ms ] worker_62137: 1448 bytes were received from client 4
[ 2018 ms ] worker_62137: Start to process client request
[ 2018 ms ] worker_62137: Request is not valid!
[ 2018 ms ] worker_62137: Send response to client
[ 2018 ms ] worker_62137: Start wait for client data...
[ 2018 ms ] worker_62137: 1448 bytes were received from client 4
[ 2018 ms ] worker_62137: Start to process client request
[ 2018 ms ] worker_62137: Request is not valid!
[ 2018 ms ] worker_62137: Send response to client
[ 2018 ms ] worker_62137: Start wait for client data...
[ 2126 ms ] worker_62137: 2896 bytes were received from client 4
[ 2126 ms ] worker_62137: Start to process client request
[ 2126 ms ] worker_62137: Request is not valid!
[ 2126 ms ] worker_62137: Send response to client
[ 2126 ms ] worker_62137: Start wait for client data...
[ 2129 ms ] worker_62137: 1448 bytes were received from client 4
[ 2129 ms ] worker_62137: Start to process client request
[ 2129 ms ] worker_62137: Request is not valid!
[ 2129 ms ] worker_62137: Send response to client
[ 2129 ms ] worker_62137: Start wait for client data...
[ 2129 ms ] worker_62137: 1448 bytes were received from client 4
[ 2129 ms ] worker_62137: Start to process client request
[ 2129 ms ] worker_62137: Request is not valid!
[ 2129 ms ] worker_62137: Send response to client
[ 2129 ms ] worker_62137: Start wait for client data...
[ 2129 ms ] worker_62137: 1448 bytes were received from client 4
[ 2129 ms ] worker_62137: Start to process client request
[ 2129 ms ] worker_62137: Request is not valid!
[ 2129 ms ] worker_62137: Send response to client
[ 2129 ms ] worker_62137: Start wait for client data...
[ 2129 ms ] worker_62137: 1448 bytes were received from client 4
[ 2129 ms ] worker_62137: Start to process client request
[ 2129 ms ] worker_62137: Request is not valid!
[ 2129 ms ] worker_62137: Send response to client
[ 2130 ms ] worker_62137: Start wait for client data...
[ 2130 ms ] worker_62137: 1448 bytes were received from client 4
[ 2130 ms ] worker_62137: Start to process client request
[ 2130 ms ] worker_62137: Request is not valid!
[ 2130 ms ] worker_62137: Send response to client
[ 2130 ms ] worker_62137: Start wait for client data...
[ 2130 ms ] worker_62137: 2896 bytes were received from client 4
[ 2130 ms ] worker_62137: Start to process client request
[ 2130 ms ] worker_62137: Request is not valid!
[ 2130 ms ] worker_62137: Send response to client
[ 2130 ms ] worker_62137: Start wait for client data...
[ 2130 ms ] worker_62137: 1448 bytes were received from client 4
[ 2130 ms ] worker_62137: Start to process client request
[ 2130 ms ] worker_62137: Request is not valid!
[ 2130 ms ] worker_62137: Send response to client
[ 2130 ms ] worker_62137: Start wait for client data...
[ 2130 ms ] worker_62137: 2896 bytes were received from client 4
[ 2130 ms ] worker_62137: Start to process client request
[ 2130 ms ] worker_62137: Request is not valid!
[ 2130 ms ] worker_62137: Send response to client
[ 2130 ms ] worker_62137: Start wait for client data...
[ 2130 ms ] worker_62137: 1448 bytes were received from client 4
[ 2130 ms ] worker_62137: Start to process client request
[ 2130 ms ] worker_62137: Request is not valid!
[ 2130 ms ] worker_62137: Send response to client
[ 2130 ms ] worker_62137: Start wait for client data...
[ 2757 ms ] worker_62137: 1448 bytes were received from client 4
[ 2757 ms ] worker_62137: Start to process client request
[ 2757 ms ] worker_62137: Request is not valid!
[ 2757 ms ] worker_62137: Send response to client
[ 2757 ms ] worker_62137: Start wait for client data...
[ 2757 ms ] worker_62137: 1448 bytes were received from client 4
[ 2757 ms ] worker_62137: Start to process client request
[ 2757 ms ] worker_62137: Request is not valid!
[ 2757 ms ] worker_62137: Send response to client
[ 2757 ms ] worker_62137: Start wait for client data...
[ 2757 ms ] worker_62137: 1448 bytes were received from client 4
[ 2758 ms ] worker_62137: Start to process client request
[ 2758 ms ] worker_62137: Request is not valid!
[ 2758 ms ] worker_62137: Send response to client
[ 2758 ms ] worker_62137: Start wait for client data...
[ 2758 ms ] worker_62137: 1448 bytes were received from client 4
[ 2758 ms ] worker_62137: Start to process client request
[ 2758 ms ] worker_62137: Request is not valid!
[ 2759 ms ] worker_62137: Send response to client
[ 2759 ms ] worker_62137: Start wait for client data...
[ 2759 ms ] worker_62137: 1448 bytes were received from client 4
[ 2759 ms ] worker_62137: Start to process client request
[ 2759 ms ] worker_62137: Request is not valid!
[ 2759 ms ] worker_62137: Send response to client
[ 2759 ms ] worker_62137: Start wait for client data...
[ 2779 ms ] worker_62137: 1448 bytes were received from client 4
[ 2779 ms ] worker_62137: Start to process client request
[ 2779 ms ] worker_62137: Request is not valid!
[ 2779 ms ] worker_62137: Send response to client
[ 2779 ms ] worker_62137: Start wait for client data...
[ 2780 ms ] worker_62137: 5792 bytes were received from client 4
[ 2780 ms ] worker_62137: Start to process client request
[ 2780 ms ] worker_62137: Request is not valid!
[ 2780 ms ] worker_62137: Send response to client
[ 2780 ms ] worker_62137: Start wait for client data...
[ 2889 ms ] worker_62137: 4344 bytes were received from client 4
[ 2889 ms ] worker_62137: Start to process client request
[ 2889 ms ] worker_62137: Request is not valid!
[ 2889 ms ] worker_62137: Send response to client
[ 2889 ms ] worker_62137: Start wait for client data...
[ 3149 ms ] worker_62137: 1448 bytes were received from client 4
[ 3149 ms ] worker_62137: Start to process client request
[ 3149 ms ] worker_62137: Request is not valid!
[ 3149 ms ] worker_62137: Send response to client
[ 3149 ms ] worker_62137: Start wait for client data...
[ 4385 ms ] worker_62137: 17304 bytes were received from client 4
[ 4385 ms ] worker_62137: Start to process client request
[ 4385 ms ] worker_62137: Request is not valid!
[ 4385 ms ] worker_62137: Send response to client
[ 4385 ms ] worker_62137: Start wait for client data...
[ 4407 ms ] worker_62137: 1436 bytes were received from client 4
[ 4407 ms ] worker_62137: Start to process client request
[ 4407 ms ] worker_62137: Request is not valid!
[ 4407 ms ] worker_62137: Send response to client
[ 4407 ms ] worker_62137: Start wait for client data...
[ 4407 ms ] worker_62137: 1448 bytes were received from client 4
[ 4407 ms ] worker_62137: Start to process client request
[ 4407 ms ] worker_62137: Request is not valid!
[ 4407 ms ] worker_62137: Send response to client
[ 4407 ms ] worker_62137: Start wait for client data...
[ 4407 ms ] worker_62137: 1448 bytes were received from client 4
[ 4407 ms ] worker_62137: Start to process client request
[ 4407 ms ] worker_62137: Request is not valid!
[ 4407 ms ] worker_62137: Send response to client
[ 4407 ms ] worker_62137: Start wait for client data...
[ 4407 ms ] worker_62137: 1448 bytes were received from client 4
[ 4407 ms ] worker_62137: Start to process client request
[ 4407 ms ] worker_62137: Request is not valid!
[ 4407 ms ] worker_62137: Send response to client
[ 4407 ms ] worker_62137: Start wait for client data...
[ 4411 ms ] worker_62137: 1448 bytes were received from client 4
[ 4411 ms ] worker_62137: Start to process client request
[ 4411 ms ] worker_62137: Request is not valid!
[ 4411 ms ] worker_62137: Send response to client
[ 4411 ms ] worker_62137: Start wait for client data...
[ 4724 ms ] worker_62137: 1448 bytes were received from client 4
[ 4724 ms ] worker_62137: Start to process client request
[ 4724 ms ] worker_62137: Request is not valid!
[ 4724 ms ] worker_62137: Send response to client
[ 4724 ms ] worker_62137: Start wait for client data...
[ 4725 ms ] worker_62137: 1448 bytes were received from client 4
[ 4725 ms ] worker_62137: Start to process client request
[ 4725 ms ] worker_62137: Request is not valid!
[ 4725 ms ] worker_62137: Send response to client
[ 4725 ms ] worker_62137: Start wait for client data...
[ 4725 ms ] worker_62137: 1448 bytes were received from client 4
[ 4725 ms ] worker_62137: Start to process client request
[ 4725 ms ] worker_62137: Request is not valid!
[ 4725 ms ] worker_62137: Send response to client
[ 4725 ms ] worker_62137: Start wait for client data...
[ 5513 ms ] worker_62137: Error was occurred while receiving data from client
[ 5513 ms ] worker_62137: Exit
[ 5515 ms ] END
