[ 0 ms ] START
[ 0 ms ] worker_62147: Hello, I'm new worker!
[ 0 ms ] worker_62147: Incomming connection info: 0.0.0.0 : 0New client socket was created: 4

[ 0 ms ] worker_62147: Start wait for client data...
[ 400 ms ] worker_62147: 7240 bytes were received from client 4
[ 400 ms ] worker_62147: Start to process client request
[ 400 ms ] worker_62147: Request is not valid!
[ 400 ms ] worker_62147: Send response to client
[ 400 ms ] worker_62147: Start wait for client data...
[ 477 ms ] worker_62147: 2896 bytes were received from client 4
[ 477 ms ] worker_62147: Start to process client request
[ 477 ms ] worker_62147: Request is not valid!
[ 477 ms ] worker_62147: Send response to client
[ 477 ms ] worker_62147: Start wait for client data...
[ 477 ms ] worker_62147: 2896 bytes were received from client 4
[ 477 ms ] worker_62147: Start to process client request
[ 477 ms ] worker_62147: Request is not valid!
[ 477 ms ] worker_62147: Send response to client
[ 477 ms ] worker_62147: Start wait for client data...
[ 477 ms ] worker_62147: 15928 bytes were received from client 4
[ 477 ms ] worker_62147: Start to process client request
[ 477 ms ] worker_62147: Request is not valid!
[ 477 ms ] worker_62147: Send response to client
[ 477 ms ] worker_62147: Start wait for client data...
[ 485 ms ] worker_62147: 4344 bytes were received from client 4
[ 485 ms ] worker_62147: Start to process client request
[ 485 ms ] worker_62147: Request is not valid!
[ 485 ms ] worker_62147: Send response to client
[ 485 ms ] worker_62147: Start wait for client data...
[ 485 ms ] worker_62147: 1448 bytes were received from client 4
[ 485 ms ] worker_62147: Start to process client request
[ 485 ms ] worker_62147: Request is not valid!
[ 485 ms ] worker_62147: Send response to client
[ 485 ms ] worker_62147: Start wait for client data...
[ 514 ms ] worker_62147: 1448 bytes were received from client 4
[ 514 ms ] worker_62147: Start to process client request
[ 514 ms ] worker_62147: Request is not valid!
[ 514 ms ] worker_62147: Send response to client
[ 514 ms ] worker_62147: Start wait for client data...
[ 514 ms ] worker_62147: 1448 bytes were received from client 4
[ 514 ms ] worker_62147: Start to process client request
[ 514 ms ] worker_62147: Request is not valid!
[ 514 ms ] worker_62147: Send response to client
[ 514 ms ] worker_62147: Start wait for client data...
[ 514 ms ] worker_62147: 1448 bytes were received from client 4
[ 514 ms ] worker_62147: Start to process client request
[ 514 ms ] worker_62147: Request is not valid!
[ 514 ms ] worker_62147: Send response to client
[ 514 ms ] worker_62147: Start wait for client data...
[ 514 ms ] worker_62147: 1448 bytes were received from client 4
[ 514 ms ] worker_62147: Start to process client request
[ 514 ms ] worker_62147: Request is not valid!
[ 514 ms ] worker_62147: Send response to client
[ 514 ms ] worker_62147: Start wait for client data...
[ 515 ms ] worker_62147: 2896 bytes were received from client 4
[ 515 ms ] worker_62147: Start to process client request
[ 515 ms ] worker_62147: Request is not valid!
[ 515 ms ] worker_62147: Send response to client
[ 515 ms ] worker_62147: Start wait for client data...
[ 515 ms ] worker_62147: 1448 bytes were received from client 4
[ 515 ms ] worker_62147: Start to process client request
[ 515 ms ] worker_62147: Request is not valid!
[ 515 ms ] worker_62147: Send response to client
[ 515 ms ] worker_62147: Start wait for client data...
[ 524 ms ] worker_62147: 4344 bytes were received from client 4
[ 524 ms ] worker_62147: Start to process client request
[ 524 ms ] worker_62147: Request is not valid!
[ 524 ms ] worker_62147: Send response to client
[ 524 ms ] worker_62147: Start wait for client data...
[ 555 ms ] worker_62147: 2896 bytes were received from client 4
[ 555 ms ] worker_62147: Start to process client request
[ 555 ms ] worker_62147: Request is not valid!
[ 555 ms ] worker_62147: Send response to client
[ 555 ms ] worker_62147: Start wait for client data...
[ 555 ms ] worker_62147: 1448 bytes were received from client 4
[ 555 ms ] worker_62147: Start to process client request
[ 555 ms ] worker_62147: Request is not valid!
[ 555 ms ] worker_62147: Send response to client
[ 555 ms ] worker_62147: Start wait for client data...
[ 555 ms ] worker_62147: 1448 bytes were received from client 4
[ 555 ms ] worker_62147: Start to process client request
[ 555 ms ] worker_62147: Request is not valid!
[ 555 ms ] worker_62147: Send response to client
[ 555 ms ] worker_62147: Start wait for client data...
[ 555 ms ] worker_62147: 1448 bytes were received from client 4
[ 555 ms ] worker_62147: Start to process client request
[ 555 ms ] worker_62147: Request is not valid!
[ 555 ms ] worker_62147: Send response to client
[ 555 ms ] worker_62147: Start wait for client data...
[ 555 ms ] worker_62147: 1448 bytes were received from client 4
[ 555 ms ] worker_62147: Start to process client request
[ 555 ms ] worker_62147: Request is not valid!
[ 555 ms ] worker_62147: Send response to client
[ 555 ms ] worker_62147: Start wait for client data...
[ 557 ms ] worker_62147: 1448 bytes were received from client 4
[ 557 ms ] worker_62147: Start to process client request
[ 557 ms ] worker_62147: Request is not valid!
[ 557 ms ] worker_62147: Send response to client
[ 557 ms ] worker_62147: Start wait for client data...
[ 566 ms ] worker_62147: 4344 bytes were received from client 4
[ 567 ms ] worker_62147: Start to process client request
[ 567 ms ] worker_62147: Request is not valid!
[ 567 ms ] worker_62147: Send response to client
[ 567 ms ] worker_62147: Start wait for client data...
[ 567 ms ] worker_62147: 2896 bytes were received from client 4
[ 567 ms ] worker_62147: Start to process client request
[ 567 ms ] worker_62147: Request is not valid!
[ 567 ms ] worker_62147: Send response to client
[ 567 ms ] worker_62147: Start wait for client data...
[ 602 ms ] worker_62147: 1448 bytes were received from client 4
[ 602 ms ] worker_62147: Start to process client request
[ 602 ms ] worker_62147: Request is not valid!
[ 602 ms ] worker_62147: Send response to client
[ 602 ms ] worker_62147: Start wait for client data...
[ 602 ms ] worker_62147: 1448 bytes were received from client 4
[ 602 ms ] worker_62147: Start to process client request
[ 602 ms ] worker_62147: Request is not valid!
[ 602 ms ] worker_62147: Send response to client
[ 602 ms ] worker_62147: Start wait for client data...
[ 602 ms ] worker_62147: 1448 bytes were received from client 4
[ 602 ms ] worker_62147: Start to process client request
[ 602 ms ] worker_62147: Request is not valid!
[ 602 ms ] worker_62147: Send response to client
[ 602 ms ] worker_62147: Start wait for client data...
[ 602 ms ] worker_62147: 1448 bytes were received from client 4
[ 602 ms ] worker_62147: Start to process client request
[ 602 ms ] worker_62147: Request is not valid!
[ 602 ms ] worker_62147: Send response to client
[ 602 ms ] worker_62147: Start wait for client data...
[ 603 ms ] worker_62147: 1448 bytes were received from client 4
[ 603 ms ] worker_62147: Start to process client request
[ 603 ms ] worker_62147: Request is not valid!
[ 603 ms ] worker_62147: Send response to client
[ 603 ms ] worker_62147: Start wait for client data...
[ 609 ms ] worker_62147: 1448 bytes were received from client 4
[ 609 ms ] worker_62147: Start to process client request
[ 609 ms ] worker_62147: Request is not valid!
[ 609 ms ] worker_62147: Send response to client
[ 609 ms ] worker_62147: Start wait for client data...
[ 609 ms ] worker_62147: 1448 bytes were received from client 4
[ 609 ms ] worker_62147: Start to process client request
[ 609 ms ] worker_62147: Request is not valid!
[ 609 ms ] worker_62147: Send response to client
[ 609 ms ] worker_62147: Start wait for client data...
[ 610 ms ] worker_62147: 1448 bytes were received from client 4
[ 610 ms ] worker_62147: Start to process client request
[ 610 ms ] worker_62147: Request is not valid!
[ 610 ms ] worker_62147: Send response to client
[ 610 ms ] worker_62147: Start wait for client data...
[ 610 ms ] worker_62147: 1448 bytes were received from client 4
[ 610 ms ] worker_62147: Start to process client request
[ 610 ms ] worker_62147: Request is not valid!
[ 610 ms ] worker_62147: Send response to client
[ 610 ms ] worker_62147: Start wait for client data...
[ 610 ms ] worker_62147: 1448 bytes were received from client 4
[ 610 ms ] worker_62147: Start to process client request
[ 610 ms ] worker_62147: Request is not valid!
[ 610 ms ] worker_62147: Send response to client
[ 610 ms ] worker_62147: Start wait for client data...
[ 610 ms ] worker_62147: 1448 bytes were received from client 4
[ 610 ms ] worker_62147: Start to process client request
[ 610 ms ] worker_62147: Request is not valid!
[ 610 ms ] worker_62147: Send response to client
[ 610 ms ] worker_62147: Start wait for client data...
[ 611 ms ] worker_62147: 1448 bytes were received from client 4
[ 611 ms ] worker_62147: Start to process client request
[ 611 ms ] worker_62147: Request is not valid!
[ 611 ms ] worker_62147: Send response to client
[ 611 ms ] worker_62147: Start wait for client data...
[ 655 ms ] worker_62147: 2896 bytes were received from client 4
[ 655 ms ] worker_62147: Start to process client request
[ 655 ms ] worker_62147: Request is not valid!
[ 655 ms ] worker_62147: Send response to client
[ 655 ms ] worker_62147: Start wait for client data...
[ 655 ms ] worker_62147: 1448 bytes were received from client 4
[ 655 ms ] worker_62147: Start to process client request
[ 655 ms ] worker_62147: Request is not valid!
[ 655 ms ] worker_62147: Send response to client
[ 655 ms ] worker_62147: Start wait for client data...
[ 655 ms ] worker_62147: 2896 bytes were received from client 4
[ 655 ms ] worker_62147: Start to process client request
[ 655 ms ] worker_62147: Request is not valid!
[ 655 ms ] worker_62147: Send response to client
[ 655 ms ] worker_62147: Start wait for client data...
[ 655 ms ] worker_62147: 1448 bytes were received from client 4
[ 655 ms ] worker_62147: Start to process client request
[ 655 ms ] worker_62147: Request is not valid!
[ 655 ms ] worker_62147: Send response to client
[ 655 ms ] worker_62147: Start wait for client data...
[ 656 ms ] worker_62147: 1448 bytes were received from client 4
[ 656 ms ] worker_62147: Start to process client request
[ 656 ms ] worker_62147: Request is not valid!
[ 656 ms ] worker_62147: Send response to client
[ 656 ms ] worker_62147: Start wait for client data...
[ 657 ms ] worker_62147: 2896 bytes were received from client 4
[ 657 ms ] worker_62147: Start to process client request
[ 657 ms ] worker_62147: Request is not valid!
[ 657 ms ] worker_62147: Send response to client
[ 657 ms ] worker_62147: Start wait for client data...
[ 657 ms ] worker_62147: 1448 bytes were received from client 4
[ 657 ms ] worker_62147: Start to process client request
[ 657 ms ] worker_62147: Request is not valid!
[ 657 ms ] worker_62147: Send response to client
[ 657 ms ] worker_62147: Start wait for client data...
[ 674 ms ] worker_62147: 2896 bytes were received from client 4
[ 674 ms ] worker_62147: Start to process client request
[ 674 ms ] worker_62147: Request is not valid!
[ 674 ms ] worker_62147: Send response to client
[ 674 ms ] worker_62147: Start wait for client data...
[ 692 ms ] worker_62147: 1448 bytes were received from client 4
[ 692 ms ] worker_62147: Start to process client request
[ 692 ms ] worker_62147: Request is not valid!
[ 692 ms ] worker_62147: Send response to client
[ 692 ms ] worker_62147: Start wait for client data...
[ 692 ms ] worker_62147: 2896 bytes were received from client 4
[ 692 ms ] worker_62147: Start to process client request
[ 692 ms ] worker_62147: Request is not valid!
[ 692 ms ] worker_62147: Send response to client
[ 692 ms ] worker_62147: Start wait for client data...
[ 692 ms ] worker_62147: 1448 bytes were received from client 4
[ 692 ms ] worker_62147: Start to process client request
[ 692 ms ] worker_62147: Request is not valid!
[ 692 ms ] worker_62147: Send response to client
[ 692 ms ] worker_62147: Start wait for client data...
[ 693 ms ] worker_62147: 1448 bytes were received from client 4
[ 693 ms ] worker_62147: Start to process client request
[ 693 ms ] worker_62147: Request is not valid!
[ 693 ms ] worker_62147: Send response to client
[ 693 ms ] worker_62147: Start wait for client data...
[ 701 ms ] worker_62147: 1448 bytes were received from client 4
[ 701 ms ] worker_62147: Start to process client request
[ 701 ms ] worker_62147: Request is not valid!
[ 701 ms ] worker_62147: Send response to client
[ 702 ms ] worker_62147: Start wait for client data...
[ 702 ms ] worker_62147: 1448 bytes were received from client 4
[ 702 ms ] worker_62147: Start to process client request
[ 702 ms ] worker_62147: Request is not valid!
[ 702 ms ] worker_62147: Send response to client
[ 702 ms ] worker_62147: Start wait for client data...
[ 702 ms ] worker_62147: 1448 bytes were received from client 4
[ 702 ms ] worker_62147: Start to process client request
[ 702 ms ] worker_62147: Request is not valid!
[ 702 ms ] worker_62147: Send response to client
[ 702 ms ] worker_62147: Start wait for client data...
[ 703 ms ] worker_62147: 2896 bytes were received from client 4
[ 703 ms ] worker_62147: Start to process client request
[ 703 ms ] worker_62147: Request is not valid!
[ 703 ms ] worker_62147: Send response to client
[ 703 ms ] worker_62147: Start wait for client data...
[ 703 ms ] worker_62147: 1448 bytes were received from client 4
[ 703 ms ] worker_62147: Start to process client request
[ 703 ms ] worker_62147: Request is not valid!
[ 703 ms ] worker_62147: Send response to client
[ 703 ms ] worker_62147: Start wait for client data...
[ 703 ms ] worker_62147: 2896 bytes were received from client 4
[ 703 ms ] worker_62147: Start to process client request
[ 703 ms ] worker_62147: Request is not valid!
[ 703 ms ] worker_62147: Send response to client
[ 703 ms ] worker_62147: Start wait for client data...
[ 729 ms ] worker_62147: 2896 bytes were received from client 4
[ 729 ms ] worker_62147: Start to process client request
[ 729 ms ] worker_62147: Request is not valid!
[ 729 ms ] worker_62147: Send response to client
[ 729 ms ] worker_62147: Start wait for client data...
[ 730 ms ] worker_62147: 1448 bytes were received from client 4
[ 730 ms ] worker_62147: Start to process client request
[ 730 ms ] worker_62147: Request is not valid!
[ 730 ms ] worker_62147: Send response to client
[ 730 ms ] worker_62147: Start wait for client data...
[ 730 ms ] worker_62147: 1448 bytes were received from client 4
[ 730 ms ] worker_62147: Start to process client request
[ 730 ms ] worker_62147: Request is not valid!
[ 730 ms ] worker_62147: Send response to client
[ 730 ms ] worker_62147: Start wait for client data...
[ 730 ms ] worker_62147: 1448 bytes were received from client 4
[ 730 ms ] worker_62147: Start to process client request
[ 730 ms ] worker_62147: Request is not valid!
[ 730 ms ] worker_62147: Send response to client
[ 730 ms ] worker_62147: Start wait for client data...
[ 730 ms ] worker_62147: 1448 bytes were received from client 4
[ 730 ms ] worker_62147: Start to process client request
[ 730 ms ] worker_62147: Request is not valid!
[ 730 ms ] worker_62147: Send response to client
[ 730 ms ] worker_62147: Start wait for client data...
[ 730 ms ] worker_62147: 1448 bytes were received from client 4
[ 730 ms ] worker_62147: Start to process client request
[ 730 ms ] worker_62147: Request is not valid!
[ 730 ms ] worker_62147: Send response to client
[ 730 ms ] worker_62147: Start wait for client data...
[ 730 ms ] worker_62147: 1448 bytes were received from client 4
[ 730 ms ] worker_62147: Start to process client request
[ 730 ms ] worker_62147: Request is not valid!
[ 730 ms ] worker_62147: Send response to client
[ 730 ms ] worker_62147: Start wait for client data...
[ 731 ms ] worker_62147: 2896 bytes were received from client 4
[ 731 ms ] worker_62147: Start to process client request
[ 731 ms ] worker_62147: Request is not valid!
[ 731 ms ] worker_62147: Send response to client
[ 731 ms ] worker_62147: Start wait for client data...
[ 731 ms ] worker_62147: 1448 bytes were received from client 4
[ 731 ms ] worker_62147: Start to process client request
[ 731 ms ] worker_62147: Request is not valid!
[ 731 ms ] worker_62147: Send response to client
[ 731 ms ] worker_62147: Start wait for client data...
[ 731 ms ] worker_62147: 1448 bytes were received from client 4
[ 731 ms ] worker_62147: Start to process client request
[ 731 ms ] worker_62147: Request is not valid!
[ 731 ms ] worker_62147: Send response to client
[ 731 ms ] worker_62147: Start wait for client data...
[ 735 ms ] worker_62147: 1448 bytes were received from client 4
[ 735 ms ] worker_62147: Start to process client request
[ 735 ms ] worker_62147: Request is not valid!
[ 735 ms ] worker_62147: Send response to client
[ 735 ms ] worker_62147: Start wait for client data...
[ 745 ms ] worker_62147: 2896 bytes were received from client 4
[ 745 ms ] worker_62147: Start to process client request
[ 745 ms ] worker_62147: Request is not valid!
[ 745 ms ] worker_62147: Send response to client
[ 745 ms ] worker_62147: Start wait for client data...
[ 745 ms ] worker_62147: 1448 bytes were received from client 4
[ 745 ms ] worker_62147: Start to process client request
[ 745 ms ] worker_62147: Request is not valid!
[ 745 ms ] worker_62147: Send response to client
[ 745 ms ] worker_62147: Start wait for client data...
[ 745 ms ] worker_62147: 1448 bytes were received from client 4
[ 745 ms ] worker_62147: Start to process client request
[ 745 ms ] worker_62147: Request is not valid!
[ 745 ms ] worker_62147: Send response to client
[ 745 ms ] worker_62147: Start wait for client data...
[ 745 ms ] worker_62147: 1448 bytes were received from client 4
[ 745 ms ] worker_62147: Start to process client request
[ 745 ms ] worker_62147: Request is not valid!
[ 745 ms ] worker_62147: Send response to client
[ 745 ms ] worker_62147: Start wait for client data...
[ 745 ms ] worker_62147: 2896 bytes were received from client 4
[ 745 ms ] worker_62147: Start to process client request
[ 745 ms ] worker_62147: Request is not valid!
[ 745 ms ] worker_62147: Send response to client
[ 745 ms ] worker_62147: Start wait for client data...
[ 748 ms ] worker_62147: 2896 bytes were received from client 4
[ 748 ms ] worker_62147: Start to process client request
[ 748 ms ] worker_62147: Request is not valid!
[ 748 ms ] worker_62147: Send response to client
[ 748 ms ] worker_62147: Start wait for client data...
[ 749 ms ] worker_62147: 1448 bytes were received from client 4
[ 749 ms ] worker_62147: Start to process client request
[ 749 ms ] worker_62147: Request is not valid!
[ 749 ms ] worker_62147: Send response to client
[ 749 ms ] worker_62147: Start wait for client data...
[ 749 ms ] worker_62147: 1448 bytes were received from client 4
[ 749 ms ] worker_62147: Start to process client request
[ 749 ms ] worker_62147: Request is not valid!
[ 749 ms ] worker_62147: Send response to client
[ 749 ms ] worker_62147: Start wait for client data...
[ 749 ms ] worker_62147: 2896 bytes were received from client 4
[ 749 ms ] worker_62147: Start to process client request
[ 749 ms ] worker_62147: Request is not valid!
[ 749 ms ] worker_62147: Send response to client
[ 749 ms ] worker_62147: Start wait for client data...
[ 754 ms ] worker_62147: 5792 bytes were received from client 4
[ 754 ms ] worker_62147: Start to process client request
[ 754 ms ] worker_62147: Request is not valid!
[ 754 ms ] worker_62147: Send response to client
[ 754 ms ] worker_62147: Start wait for client data...
[ 754 ms ] worker_62147: 2896 bytes were received from client 4
[ 754 ms ] worker_62147: Start to process client request
[ 754 ms ] worker_62147: Request is not valid!
[ 754 ms ] worker_62147: Send response to client
[ 754 ms ] worker_62147: Start wait for client data...
[ 755 ms ] worker_62147: 1448 bytes were received from client 4
[ 755 ms ] worker_62147: Start to process client request
[ 755 ms ] worker_62147: Request is not valid!
[ 755 ms ] worker_62147: Send response to client
[ 755 ms ] worker_62147: Start wait for client data...
[ 756 ms ] worker_62147: 1448 bytes were received from client 4
[ 756 ms ] worker_62147: Start to process client request
[ 756 ms ] worker_62147: Request is not valid!
[ 756 ms ] worker_62147: Send response to client
[ 756 ms ] worker_62147: Start wait for client data...
[ 758 ms ] worker_62147: 2896 bytes were received from client 4
[ 758 ms ] worker_62147: Start to process client request
[ 758 ms ] worker_62147: Request is not valid!
[ 758 ms ] worker_62147: Send response to client
[ 758 ms ] worker_62147: Start wait for client data...
[ 758 ms ] worker_62147: 2896 bytes were received from client 4
[ 758 ms ] worker_62147: Start to process client request
[ 758 ms ] worker_62147: Request is not valid!
[ 758 ms ] worker_62147: Send response to client
[ 758 ms ] worker_62147: Start wait for client data...
[ 759 ms ] worker_62147: 1448 bytes were received from client 4
[ 759 ms ] worker_62147: Start to process client request
[ 759 ms ] worker_62147: Request is not valid!
[ 759 ms ] worker_62147: Send response to client
[ 759 ms ] worker_62147: Start wait for client data...
[ 767 ms ] worker_62147: 2896 bytes were received from client 4
[ 767 ms ] worker_62147: Start to process client request
[ 767 ms ] worker_62147: Request is not valid!
[ 767 ms ] worker_62147: Send response to client
[ 767 ms ] worker_62147: Start wait for client data...
[ 769 ms ] worker_62147: 2896 bytes were received from client 4
[ 769 ms ] worker_62147: Start to process client request
[ 769 ms ] worker_62147: Request is not valid!
[ 769 ms ] worker_62147: Send response to client
[ 769 ms ] worker_62147: Start wait for client data...
[ 770 ms ] worker_62147: 2896 bytes were received from client 4
[ 770 ms ] worker_62147: Start to process client request
[ 770 ms ] worker_62147: Request is not valid!
[ 770 ms ] worker_62147: Send response to client
[ 770 ms ] worker_62147: Start wait for client data...
[ 770 ms ] worker_62147: 1448 bytes were received from client 4
[ 770 ms ] worker_62147: Start to process client request
[ 770 ms ] worker_62147: Request is not valid!
[ 770 ms ] worker_62147: Send response to client
[ 770 ms ] worker_62147: Start wait for client data...
[ 773 ms ] worker_62147: 1448 bytes were received from client 4
[ 773 ms ] worker_62147: Start to process client request
[ 773 ms ] worker_62147: Request is not valid!
[ 773 ms ] worker_62147: Send response to client
[ 773 ms ] worker_62147: Start wait for client data...
[ 773 ms ] worker_62147: 1448 bytes were received from client 4
[ 773 ms ] worker_62147: Start to process client request
[ 773 ms ] worker_62147: Request is not valid!
[ 773 ms ] worker_62147: Send response to client
[ 773 ms ] worker_62147: Start wait for client data...
[ 773 ms ] worker_62147: 1448 bytes were received from client 4
[ 773 ms ] worker_62147: Start to process client request
[ 773 ms ] worker_62147: Request is not valid!
[ 773 ms ] worker_62147: Send response to client
[ 773 ms ] worker_62147: Start wait for client data...
[ 773 ms ] worker_62147: 1448 bytes were received from client 4
[ 773 ms ] worker_62147: Start to process client request
[ 773 ms ] worker_62147: Request is not valid!
[ 773 ms ] worker_62147: Send response to client
[ 773 ms ] worker_62147: Start wait for client data...
[ 773 ms ] worker_62147: 1448 bytes were received from client 4
[ 773 ms ] worker_62147: Start to process client request
[ 773 ms ] worker_62147: Request is not valid!
[ 773 ms ] worker_62147: Send response to client
[ 773 ms ] worker_62147: Start wait for client data...
[ 781 ms ] worker_62147: Error was occurred while receiving data from client
[ 781 ms ] worker_62147: Exit
[ 782 ms ] END
