[ 0 ms ] START
[ 0 ms ] worker_62155: Hello, I'm new worker!
[ 0 ms ] worker_62155: Incomming connection info: 0.0.0.0 : 0New client socket was created: 4

[ 0 ms ] worker_62155: Start wait for client data...
[ 1206 ms ] worker_62155: 1448 bytes were received from client 4
[ 1206 ms ] worker_62155: Start to process client request
[ 1206 ms ] worker_62155: Request is not valid!
[ 1206 ms ] worker_62155: Send response to client
[ 1206 ms ] worker_62155: Start wait for client data...
[ 1244 ms ] worker_62155: 1448 bytes were received from client 4
[ 1244 ms ] worker_62155: Start to process client request
[ 1244 ms ] worker_62155: Request is not valid!
[ 1244 ms ] worker_62155: Send response to client
[ 1244 ms ] worker_62155: Start wait for client data...
[ 1244 ms ] worker_62155: 1448 bytes were received from client 4
[ 1244 ms ] worker_62155: Start to process client request
[ 1244 ms ] worker_62155: Request is not valid!
[ 1244 ms ] worker_62155: Send response to client
[ 1244 ms ] worker_62155: Start wait for client data...
[ 1277 ms ] worker_62155: 1448 bytes were received from client 4
[ 1277 ms ] worker_62155: Start to process client request
[ 1277 ms ] worker_62155: Request is not valid!
[ 1277 ms ] worker_62155: Send response to client
[ 1277 ms ] worker_62155: Start wait for client data...
[ 1277 ms ] worker_62155: 1448 bytes were received from client 4
[ 1277 ms ] worker_62155: Start to process client request
[ 1277 ms ] worker_62155: Request is not valid!
[ 1277 ms ] worker_62155: Send response to client
[ 1277 ms ] worker_62155: Start wait for client data...
[ 1277 ms ] worker_62155: 1448 bytes were received from client 4
[ 1277 ms ] worker_62155: Start to process client request
[ 1277 ms ] worker_62155: Request is not valid!
[ 1277 ms ] worker_62155: Send response to client
[ 1277 ms ] worker_62155: Start wait for client data...
[ 1278 ms ] worker_62155: 1448 bytes were received from client 4
[ 1278 ms ] worker_62155: Start to process client request
[ 1278 ms ] worker_62155: Request is not valid!
[ 1278 ms ] worker_62155: Send response to client
[ 1278 ms ] worker_62155: Start wait for client data...
[ 1347 ms ] worker_62155: 2896 bytes were received from client 4
[ 1347 ms ] worker_62155: Start to process client request
[ 1347 ms ] worker_62155: Request is not valid!
[ 1347 ms ] worker_62155: Send response to client
[ 1347 ms ] worker_62155: Start wait for client data...
[ 1347 ms ] worker_62155: 1448 bytes were received from client 4
[ 1347 ms ] worker_62155: Start to process client request
[ 1347 ms ] worker_62155: Request is not valid!
[ 1347 ms ] worker_62155: Send response to client
[ 1347 ms ] worker_62155: Start wait for client data...
[ 1347 ms ] worker_62155: 4344 bytes were received from client 4
[ 1347 ms ] worker_62155: Start to process client request
[ 1347 ms ] worker_62155: Request is not valid!
[ 1347 ms ] worker_62155: Send response to client
[ 1347 ms ] worker_62155: Start wait for client data...
[ 1347 ms ] worker_62155: 1448 bytes were received from client 4
[ 1347 ms ] worker_62155: Start to process client request
[ 1347 ms ] worker_62155: Request is not valid!
[ 1347 ms ] worker_62155: Send response to client
[ 1347 ms ] worker_62155: Start wait for client data...
[ 1347 ms ] worker_62155: 1448 bytes were received from client 4
[ 1347 ms ] worker_62155: Start to process client request
[ 1347 ms ] worker_62155: Request is not valid!
[ 1347 ms ] worker_62155: Send response to client
[ 1347 ms ] worker_62155: Start wait for client data...
[ 1348 ms ] worker_62155: 1448 bytes were received from client 4
[ 1348 ms ] worker_62155: Start to process client request
[ 1348 ms ] worker_62155: Request is not valid!
[ 1348 ms ] worker_62155: Send response to client
[ 1348 ms ] worker_62155: Start wait for client data...
[ 1348 ms ] worker_62155: 1448 bytes were received from client 4
[ 1348 ms ] worker_62155: Start to process client request
[ 1348 ms ] worker_62155: Request is not valid!
[ 1348 ms ] worker_62155: Send response to client
[ 1348 ms ] worker_62155: Start wait for client data...
[ 1397 ms ] worker_62155: 2896 bytes were received from client 4
[ 1397 ms ] worker_62155: Start to process client request
[ 1397 ms ] worker_62155: Request is not valid!
[ 1397 ms ] worker_62155: Send response to client
[ 1397 ms ] worker_62155: Start wait for client data...
[ 1398 ms ] worker_62155: 1448 bytes were received from client 4
[ 1398 ms ] worker_62155: Start to process client request
[ 1398 ms ] worker_62155: Request is not valid!
[ 1398 ms ] worker_62155: Send response to client
[ 1398 ms ] worker_62155: Start wait for client data...
[ 1398 ms ] worker_62155: 1448 bytes were received from client 4
[ 1398 ms ] worker_62155: Start to process client request
[ 1398 ms ] worker_62155: Request is not valid!
[ 1398 ms ] worker_62155: Send response to client
[ 1398 ms ] worker_62155: Start wait for client data...
[ 1398 ms ] worker_62155: 1448 bytes were received from client 4
[ 1398 ms ] worker_62155: Start to process client request
[ 1398 ms ] worker_62155: Request is not valid!
[ 1398 ms ] worker_62155: Send response to client
[ 1398 ms ] worker_62155: Start wait for client data...
[ 1398 ms ] worker_62155: 1448 bytes were received from client 4
[ 1398 ms ] worker_62155: Start to process client request
[ 1398 ms ] worker_62155: Request is not valid!
[ 1398 ms ] worker_62155: Send response to client
[ 1398 ms ] worker_62155: Start wait for client data...
[ 1398 ms ] worker_62155: 1448 bytes were received from client 4
[ 1398 ms ] worker_62155: Start to process client request
[ 1398 ms ] worker_62155: Request is not valid!
[ 1398 ms ] worker_62155: Send response to client
[ 1398 ms ] worker_62155: Start wait for client data...
[ 1467 ms ] worker_62155: 2896 bytes were received from client 4
[ 1467 ms ] worker_62155: Start to process client request
[ 1467 ms ] worker_62155: Request is not valid!
[ 1467 ms ] worker_62155: Send response to client
[ 1467 ms ] worker_62155: Start wait for client data...
[ 1467 ms ] worker_62155: 1448 bytes were received from client 4
[ 1467 ms ] worker_62155: Start to process client request
[ 1467 ms ] worker_62155: Request is not valid!
[ 1467 ms ] worker_62155: Send response to client
[ 1467 ms ] worker_62155: Start wait for client data...
[ 1467 ms ] worker_62155: 1448 bytes were received from client 4
[ 1467 ms ] worker_62155: Start to process client request
[ 1467 ms ] worker_62155: Request is not valid!
[ 1467 ms ] worker_62155: Send response to client
[ 1467 ms ] worker_62155: Start wait for client data...
[ 1467 ms ] worker_62155: 1448 bytes were received from client 4
[ 1467 ms ] worker_62155: Start to process client request
[ 1467 ms ] worker_62155: Request is not valid!
[ 1467 ms ] worker_62155: Send response to client
[ 1467 ms ] worker_62155: Start wait for client data...
[ 1468 ms ] worker_62155: 2896 bytes were received from client 4
[ 1468 ms ] worker_62155: Start to process client request
[ 1468 ms ] worker_62155: Request is not valid!
[ 1468 ms ] worker_62155: Send response to client
[ 1468 ms ] worker_62155: Start wait for client data...
[ 1468 ms ] worker_62155: 1448 bytes were received from client 4
[ 1468 ms ] worker_62155: Start to process client request
[ 1468 ms ] worker_62155: Request is not valid!
[ 1468 ms ] worker_62155: Send response to client
[ 1468 ms ] worker_62155: Start wait for client data...
[ 1540 ms ] worker_62155: 2896 bytes were received from client 4
[ 1540 ms ] worker_62155: Start to process client request
[ 1540 ms ] worker_62155: Request is not valid!
[ 1540 ms ] worker_62155: Send response to client
[ 1540 ms ] worker_62155: Start wait for client data...
[ 1540 ms ] worker_62155: 1448 bytes were received from client 4
[ 1540 ms ] worker_62155: Start to process client request
[ 1540 ms ] worker_62155: Request is not valid!
[ 1540 ms ] worker_62155: Send response to client
[ 1540 ms ] worker_62155: Start wait for client data...
[ 1540 ms ] worker_62155: 1448 bytes were received from client 4
[ 1540 ms ] worker_62155: Start to process client request
[ 1540 ms ] worker_62155: Request is not valid!
[ 1540 ms ] worker_62155: Send response to client
[ 1540 ms ] worker_62155: Start wait for client data...
[ 1540 ms ] worker_62155: 1448 bytes were received from client 4
[ 1540 ms ] worker_62155: Start to process client request
[ 1540 ms ] worker_62155: Request is not valid!
[ 1540 ms ] worker_62155: Send response to client
[ 1540 ms ] worker_62155: Start wait for client data...
[ 1541 ms ] worker_62155: 1448 bytes were received from client 4
[ 1541 ms ] worker_62155: Start to process client request
[ 1541 ms ] worker_62155: Request is not valid!
[ 1541 ms ] worker_62155: Send response to client
[ 1541 ms ] worker_62155: Start wait for client data...
[ 1542 ms ] worker_62155: 1448 bytes were received from client 4
[ 1542 ms ] worker_62155: Start to process client request
[ 1542 ms ] worker_62155: Request is not valid!
[ 1542 ms ] worker_62155: Send response to client
[ 1542 ms ] worker_62155: Start wait for client data...
[ 1542 ms ] worker_62155: 1448 bytes were received from client 4
[ 1542 ms ] worker_62155: Start to process client request
[ 1542 ms ] worker_62155: Request is not valid!
[ 1542 ms ] worker_62155: Send response to client
[ 1542 ms ] worker_62155: Start wait for client data...
[ 1602 ms ] worker_62155: 1448 bytes were received from client 4
[ 1602 ms ] worker_62155: Start to process client request
[ 1602 ms ] worker_62155: Request is not valid!
[ 1602 ms ] worker_62155: Send response to client
[ 1602 ms ] worker_62155: Start wait for client data...
[ 1602 ms ] worker_62155: 1448 bytes were received from client 4
[ 1602 ms ] worker_62155: Start to process client request
[ 1602 ms ] worker_62155: Request is not valid!
[ 1602 ms ] worker_62155: Send response to client
[ 1602 ms ] worker_62155: Start wait for client data...
[ 1602 ms ] worker_62155: 1448 bytes were received from client 4
[ 1602 ms ] worker_62155: Start to process client request
[ 1602 ms ] worker_62155: Request is not valid!
[ 1602 ms ] worker_62155: Send response to client
[ 1602 ms ] worker_62155: Start wait for client data...
[ 1608 ms ] worker_62155: 1448 bytes were received from client 4
[ 1608 ms ] worker_62155: Start to process client request
[ 1608 ms ] worker_62155: Request is not valid!
[ 1608 ms ] worker_62155: Send response to client
[ 1608 ms ] worker_62155: Start wait for client data...
[ 1608 ms ] worker_62155: 2896 bytes were received from client 4
[ 1608 ms ] worker_62155: Start to process client request
[ 1608 ms ] worker_62155: Request is not valid!
[ 1608 ms ] worker_62155: Send response to client
[ 1608 ms ] worker_62155: Start wait for client data...
[ 1609 ms ] worker_62155: 1448 bytes were received from client 4
[ 1609 ms ] worker_62155: Start to process client request
[ 1609 ms ] worker_62155: Request is not valid!
[ 1609 ms ] worker_62155: Send response to client
[ 1609 ms ] worker_62155: Start wait for client data...
[ 1609 ms ] worker_62155: 1448 bytes were received from client 4
[ 1609 ms ] worker_62155: Start to process client request
[ 1609 ms ] worker_62155: Request is not valid!
[ 1609 ms ] worker_62155: Send response to client
[ 1609 ms ] worker_62155: Start wait for client data...
[ 1618 ms ] worker_62155: 2896 bytes were received from client 4
[ 1618 ms ] worker_62155: Start to process client request
[ 1618 ms ] worker_62155: Request is not valid!
[ 1618 ms ] worker_62155: Send response to client
[ 1618 ms ] worker_62155: Start wait for client data...
[ 1700 ms ] worker_62155: 1448 bytes were received from client 4
[ 1700 ms ] worker_62155: Start to process client request
[ 1700 ms ] worker_62155: Request is not valid!
[ 1700 ms ] worker_62155: Send response to client
[ 1700 ms ] worker_62155: Start wait for client data...
[ 1700 ms ] worker_62155: 1448 bytes were received from client 4
[ 1700 ms ] worker_62155: Start to process client request
[ 1700 ms ] worker_62155: Request is not valid!
[ 1700 ms ] worker_62155: Send response to client
[ 1700 ms ] worker_62155: Start wait for client data...
[ 1700 ms ] worker_62155: 1448 bytes were received from client 4
[ 1700 ms ] worker_62155: Start to process client request
[ 1700 ms ] worker_62155: Request is not valid!
[ 1700 ms ] worker_62155: Send response to client
[ 1700 ms ] worker_62155: Start wait for client data...
[ 1704 ms ] worker_62155: 2896 bytes were received from client 4
[ 1704 ms ] worker_62155: Start to process client request
[ 1704 ms ] worker_62155: Request is not valid!
[ 1704 ms ] worker_62155: Send response to client
[ 1704 ms ] worker_62155: Start wait for client data...
[ 1705 ms ] worker_62155: 2896 bytes were received from client 4
[ 1705 ms ] worker_62155: Start to process client request
[ 1705 ms ] worker_62155: Request is not valid!
[ 1705 ms ] worker_62155: Send response to client
[ 1705 ms ] worker_62155: Start wait for client data...
[ 1705 ms ] worker_62155: 1448 bytes were received from client 4
[ 1705 ms ] worker_62155: Start to process client request
[ 1705 ms ] worker_62155: Request is not valid!
[ 1705 ms ] worker_62155: Send response to client
[ 1705 ms ] worker_62155: Start wait for client data...
[ 1705 ms ] worker_62155: 2896 bytes were received from client 4
[ 1705 ms ] worker_62155: Start to process client request
[ 1705 ms ] worker_62155: Request is not valid!
[ 1705 ms ] worker_62155: Send response to client
[ 1705 ms ] worker_62155: Start wait for client data...
[ 1792 ms ] worker_62155: 1448 bytes were received from client 4
[ 1792 ms ] worker_62155: Start to process client request
[ 1792 ms ] worker_62155: Request is not valid!
[ 1792 ms ] worker_62155: Send response to client
[ 1792 ms ] worker_62155: Start wait for client data...
[ 1792 ms ] worker_62155: 1448 bytes were received from client 4
[ 1792 ms ] worker_62155: Start to process client request
[ 1792 ms ] worker_62155: Request is not valid!
[ 1792 ms ] worker_62155: Send response to client
[ 1792 ms ] worker_62155: Start wait for client data...
[ 1792 ms ] worker_62155: 1448 bytes were received from client 4
[ 1792 ms ] worker_62155: Start to process client request
[ 1792 ms ] worker_62155: Request is not valid!
[ 1792 ms ] worker_62155: Send response to client
[ 1792 ms ] worker_62155: Start wait for client data...
[ 1794 ms ] worker_62155: 1448 bytes were received from client 4
[ 1794 ms ] worker_62155: Start to process client request
[ 1794 ms ] worker_62155: Request is not valid!
[ 1794 ms ] worker_62155: Send response to client
[ 1794 ms ] worker_62155: Start wait for client data...
[ 1794 ms ] worker_62155: 1448 bytes were received from client 4
[ 1794 ms ] worker_62155: Start to process client request
[ 1794 ms ] worker_62155: Request is not valid!
[ 1794 ms ] worker_62155: Send response to client
[ 1794 ms ] worker_62155: Start wait for client data...
[ 1794 ms ] worker_62155: 1448 bytes were received from client 4
[ 1794 ms ] worker_62155: Start to process client request
[ 1794 ms ] worker_62155: Request is not valid!
[ 1794 ms ] worker_62155: Send response to client
[ 1794 ms ] worker_62155: Start wait for client data...
[ 1794 ms ] worker_62155: 1448 bytes were received from client 4
[ 1794 ms ] worker_62155: Start to process client request
[ 1794 ms ] worker_62155: Request is not valid!
[ 1794 ms ] worker_62155: Send response to client
[ 1794 ms ] worker_62155: Start wait for client data...
[ 1799 ms ] worker_62155: 2896 bytes were received from client 4
[ 1799 ms ] worker_62155: Start to process client request
[ 1799 ms ] worker_62155: Request is not valid!
[ 1799 ms ] worker_62155: Send response to client
[ 1799 ms ] worker_62155: Start wait for client data...
[ 1799 ms ] worker_62155: 2896 bytes were received from client 4
[ 1799 ms ] worker_62155: Start to process client request
[ 1799 ms ] worker_62155: Request is not valid!
[ 1799 ms ] worker_62155: Send response to client
[ 1799 ms ] worker_62155: Start wait for client data...
[ 1871 ms ] worker_62155: 2896 bytes were received from client 4
[ 1871 ms ] worker_62155: Start to process client request
[ 1871 ms ] worker_62155: Request is not valid!
[ 1871 ms ] worker_62155: Send response to client
[ 1871 ms ] worker_62155: Start wait for client data...
[ 1872 ms ] worker_62155: 1448 bytes were received from client 4
[ 1872 ms ] worker_62155: Start to process client request
[ 1872 ms ] worker_62155: Request is not valid!
[ 1872 ms ] worker_62155: Send response to client
[ 1872 ms ] worker_62155: Start wait for client data...
[ 1873 ms ] worker_62155: 1448 bytes were received from client 4
[ 1873 ms ] worker_62155: Start to process client request
[ 1873 ms ] worker_62155: Request is not valid!
[ 1873 ms ] worker_62155: Send response to client
[ 1873 ms ] worker_62155: Start wait for client data...
[ 1873 ms ] worker_62155: 2896 bytes were received from client 4
[ 1873 ms ] worker_62155: Start to process client request
[ 1873 ms ] worker_62155: Request is not valid!
[ 1873 ms ] worker_62155: Send response to client
[ 1873 ms ] worker_62155: Start wait for client data...
[ 1873 ms ] worker_62155: 2896 bytes were received from client 4
[ 1873 ms ] worker_62155: Start to process client request
[ 1873 ms ] worker_62155: Request is not valid!
[ 1873 ms ] worker_62155: Send response to client
[ 1873 ms ] worker_62155: Start wait for client data...
[ 1874 ms ] worker_62155: 1448 bytes were received from client 4
[ 1874 ms ] worker_62155: Start to process client request
[ 1874 ms ] worker_62155: Request is not valid!
[ 1874 ms ] worker_62155: Send response to client
[ 1874 ms ] worker_62155: Start wait for client data...
[ 1874 ms ] worker_62155: 2896 bytes were received from client 4
[ 1874 ms ] worker_62155: Start to process client request
[ 1874 ms ] worker_62155: Request is not valid!
[ 1874 ms ] worker_62155: Send response to client
[ 1874 ms ] worker_62155: Start wait for client data...
[ 1874 ms ] worker_62155: 1448 bytes were received from client 4
[ 1874 ms ] worker_62155: Start to process client request
[ 1874 ms ] worker_62155: Request is not valid!
[ 1874 ms ] worker_62155: Send response to client
[ 1874 ms ] worker_62155: Start wait for client data...
[ 1963 ms ] worker_62155: 1448 bytes were received from client 4
[ 1963 ms ] worker_62155: Start to process client request
[ 1963 ms ] worker_62155: Request is not valid!
[ 1963 ms ] worker_62155: Send response to client
[ 1963 ms ] worker_62155: Start wait for client data...
[ 1963 ms ] worker_62155: 1448 bytes were received from client 4
[ 1963 ms ] worker_62155: Start to process client request
[ 1963 ms ] worker_62155: Request is not valid!
[ 1963 ms ] worker_62155: Send response to client
[ 1963 ms ] worker_62155: Start wait for client data...
[ 1968 ms ] worker_62155: 2896 bytes were received from client 4
[ 1968 ms ] worker_62155: Start to process client request
[ 1968 ms ] worker_62155: Request is not valid!
[ 1968 ms ] worker_62155: Send response to client
[ 1968 ms ] worker_62155: Start wait for client data...
[ 1968 ms ] worker_62155: 1448 bytes were received from client 4
[ 1968 ms ] worker_62155: Start to process client request
[ 1968 ms ] worker_62155: Request is not valid!
[ 1968 ms ] worker_62155: Send response to client
[ 1968 ms ] worker_62155: Start wait for client data...
[ 1968 ms ] worker_62155: 1448 bytes were received from client 4
[ 1968 ms ] worker_62155: Start to process client request
[ 1968 ms ] worker_62155: Request is not valid!
[ 1968 ms ] worker_62155: Send response to client
[ 1968 ms ] worker_62155: Start wait for client data...
[ 1969 ms ] worker_62155: 1448 bytes were received from client 4
[ 1969 ms ] worker_62155: Start to process client request
[ 1969 ms ] worker_62155: Request is not valid!
[ 1969 ms ] worker_62155: Send response to client
[ 1969 ms ] worker_62155: Start wait for client data...
[ 1969 ms ] worker_62155: 1448 bytes were received from client 4
[ 1969 ms ] worker_62155: Start to process client request
[ 1969 ms ] worker_62155: Request is not valid!
[ 1969 ms ] worker_62155: Send response to client
[ 1969 ms ] worker_62155: Start wait for client data...
[ 1987 ms ] worker_62155: 1448 bytes were received from client 4
[ 1987 ms ] worker_62155: Start to process client request
[ 1987 ms ] worker_62155: Request is not valid!
[ 1987 ms ] worker_62155: Send response to client
[ 1987 ms ] worker_62155: Start wait for client data...
[ 1989 ms ] worker_62155: 1448 bytes were received from client 4
[ 1989 ms ] worker_62155: Start to process client request
[ 1989 ms ] worker_62155: Request is not valid!
[ 1989 ms ] worker_62155: Send response to client
[ 1989 ms ] worker_62155: Start wait for client data...
[ 1989 ms ] worker_62155: 1448 bytes were received from client 4
[ 1989 ms ] worker_62155: Start to process client request
[ 1989 ms ] worker_62155: Request is not valid!
[ 1989 ms ] worker_62155: Send response to client
[ 1989 ms ] worker_62155: Start wait for client data...
[ 1989 ms ] worker_62155: 1448 bytes were received from client 4
[ 1989 ms ] worker_62155: Start to process client request
[ 1989 ms ] worker_62155: Request is not valid!
[ 1989 ms ] worker_62155: Send response to client
[ 1989 ms ] worker_62155: Start wait for client data...
[ 1989 ms ] worker_62155: 1448 bytes were received from client 4
[ 1989 ms ] worker_62155: Start to process client request
[ 1989 ms ] worker_62155: Request is not valid!
[ 1989 ms ] worker_62155: Send response to client
[ 1989 ms ] worker_62155: Start wait for client data...
[ 2104 ms ] worker_62155: 1448 bytes were received from client 4
[ 2104 ms ] worker_62155: Start to process client request
[ 2104 ms ] worker_62155: Request is not valid!
[ 2104 ms ] worker_62155: Send response to client
[ 2104 ms ] worker_62155: Start wait for client data...
[ 2104 ms ] worker_62155: 1448 bytes were received from client 4
[ 2104 ms ] worker_62155: Start to process client request
[ 2104 ms ] worker_62155: Request is not valid!
[ 2104 ms ] worker_62155: Send response to client
[ 2104 ms ] worker_62155: Start wait for client data...
[ 2105 ms ] worker_62155: 1448 bytes were received from client 4
[ 2105 ms ] worker_62155: Start to process client request
[ 2105 ms ] worker_62155: Request is not valid!
[ 2105 ms ] worker_62155: Send response to client
[ 2105 ms ] worker_62155: Start wait for client data...
[ 2106 ms ] worker_62155: 1448 bytes were received from client 4
[ 2106 ms ] worker_62155: Start to process client request
[ 2106 ms ] worker_62155: Request is not valid!
[ 2106 ms ] worker_62155: Send response to client
[ 2106 ms ] worker_62155: Start wait for client data...
[ 2106 ms ] worker_62155: 2896 bytes were received from client 4
[ 2106 ms ] worker_62155: Start to process client request
[ 2106 ms ] worker_62155: Request is not valid!
[ 2106 ms ] worker_62155: Send response to client
[ 2106 ms ] worker_62155: Start wait for client data...
[ 2106 ms ] worker_62155: 2896 bytes were received from client 4
[ 2106 ms ] worker_62155: Start to process client request
[ 2106 ms ] worker_62155: Request is not valid!
[ 2106 ms ] worker_62155: Send response to client
[ 2106 ms ] worker_62155: Start wait for client data...
[ 2106 ms ] worker_62155: 1448 bytes were received from client 4
[ 2106 ms ] worker_62155: Start to process client request
[ 2106 ms ] worker_62155: Request is not valid!
[ 2106 ms ] worker_62155: Send response to client
[ 2106 ms ] worker_62155: Start wait for client data...
[ 2107 ms ] worker_62155: 1448 bytes were received from client 4
[ 2107 ms ] worker_62155: Start to process client request
[ 2107 ms ] worker_62155: Request is not valid!
[ 2107 ms ] worker_62155: Send response to client
[ 2107 ms ] worker_62155: Start wait for client data...
[ 2111 ms ] worker_62155: 2896 bytes were received from client 4
[ 2111 ms ] worker_62155: Start to process client request
[ 2111 ms ] worker_62155: Request is not valid!
[ 2111 ms ] worker_62155: Send response to client
[ 2111 ms ] worker_62155: Start wait for client data...
[ 2111 ms ] worker_62155: 2896 bytes were received from client 4
[ 2111 ms ] worker_62155: Start to process client request
[ 2111 ms ] worker_62155: Request is not valid!
[ 2111 ms ] worker_62155: Send response to client
[ 2111 ms ] worker_62155: Start wait for client data...
[ 2640 ms ] worker_62155: 1448 bytes were received from client 4
[ 2640 ms ] worker_62155: Start to process client request
[ 2640 ms ] worker_62155: Request is not valid!
[ 2640 ms ] worker_62155: Send response to client
[ 2640 ms ] worker_62155: Start wait for client data...
[ 2654 ms ] worker_62155: 1448 bytes were received from client 4
[ 2654 ms ] worker_62155: Start to process client request
[ 2654 ms ] worker_62155: Request is not valid!
[ 2654 ms ] worker_62155: Send response to client
[ 2654 ms ] worker_62155: Start wait for client data...
[ 2715 ms ] worker_62155: 1448 bytes were received from client 4
[ 2715 ms ] worker_62155: Start to process client request
[ 2715 ms ] worker_62155: Request is not valid!
[ 2715 ms ] worker_62155: Send response to client
[ 2715 ms ] worker_62155: Start wait for client data...
[ 2742 ms ] worker_62155: 1448 bytes were received from client 4
[ 2742 ms ] worker_62155: Start to process client request
[ 2742 ms ] worker_62155: Request is not valid!
[ 2742 ms ] worker_62155: Send response to client
[ 2742 ms ] worker_62155: Start wait for client data...
[ 2743 ms ] worker_62155: 2896 bytes were received from client 4
[ 2743 ms ] worker_62155: Start to process client request
[ 2743 ms ] worker_62155: Request is not valid!
[ 2743 ms ] worker_62155: Send response to client
[ 2743 ms ] worker_62155: Start wait for client data...
[ 3126 ms ] worker_62155: 2896 bytes were received from client 4
[ 3126 ms ] worker_62155: Start to process client request
[ 3126 ms ] worker_62155: Request is not valid!
[ 3126 ms ] worker_62155: Send response to client
[ 3126 ms ] worker_62155: Start wait for client data...
[ 3126 ms ] worker_62155: 2896 bytes were received from client 4
[ 3126 ms ] worker_62155: Start to process client request
[ 3126 ms ] worker_62155: Request is not valid!
[ 3126 ms ] worker_62155: Send response to client
[ 3127 ms ] worker_62155: Start wait for client data...
[ 3127 ms ] worker_62155: 2896 bytes were received from client 4
[ 3127 ms ] worker_62155: Start to process client request
[ 3127 ms ] worker_62155: Request is not valid!
[ 3127 ms ] worker_62155: Send response to client
[ 3127 ms ] worker_62155: Start wait for client data...
[ 3129 ms ] worker_62155: 2896 bytes were received from client 4
[ 3129 ms ] worker_62155: Start to process client request
[ 3129 ms ] worker_62155: Request is not valid!
[ 3129 ms ] worker_62155: Send response to client
[ 3129 ms ] worker_62155: Start wait for client data...
[ 3185 ms ] worker_62155: 1448 bytes were received from client 4
[ 3185 ms ] worker_62155: Start to process client request
[ 3185 ms ] worker_62155: Request is not valid!
[ 3185 ms ] worker_62155: Send response to client
[ 3185 ms ] worker_62155: Start wait for client data...
[ 3772 ms ] worker_62155: 1448 bytes were received from client 4
[ 3772 ms ] worker_62155: Start to process client request
[ 3772 ms ] worker_62155: Request is not valid!
[ 3772 ms ] worker_62155: Send response to client
[ 3772 ms ] worker_62155: Start wait for client data...
[ 3772 ms ] worker_62155: 1448 bytes were received from client 4
[ 3772 ms ] worker_62155: Start to process client request
[ 3772 ms ] worker_62155: Request is not valid!
[ 3772 ms ] worker_62155: Send response to client
[ 3772 ms ] worker_62155: Start wait for client data...
[ 3773 ms ] worker_62155: 1448 bytes were received from client 4
[ 3773 ms ] worker_62155: Start to process client request
[ 3773 ms ] worker_62155: Request is not valid!
[ 3773 ms ] worker_62155: Send response to client
[ 3773 ms ] worker_62155: Start wait for client data...
[ 3773 ms ] worker_62155: 1448 bytes were received from client 4
[ 3773 ms ] worker_62155: Start to process client request
[ 3773 ms ] worker_62155: Request is not valid!
[ 3773 ms ] worker_62155: Send response to client
[ 3773 ms ] worker_62155: Start wait for client data...
[ 3777 ms ] worker_62155: 2896 bytes were received from client 4
[ 3777 ms ] worker_62155: Start to process client request
[ 3777 ms ] worker_62155: Request is not valid!
[ 3777 ms ] worker_62155: Send response to client
[ 3777 ms ] worker_62155: Start wait for client data...
[ 4397 ms ] worker_62155: Error was occurred while receiving data from client
[ 4397 ms ] worker_62155: Exit
[ 4398 ms ] END
