[ 0 ms ] START
[ 0 ms ] worker_62195: Hello, I'm new worker!
[ 0 ms ] worker_62195: Incomming connection info: 0.0.0.0 : 0New client socket was created: 4

[ 0 ms ] worker_62195: Start wait for client data...
[ 18 ms ] worker_62195: 1448 bytes were received from client 4
[ 18 ms ] worker_62195: Start to process client request
[ 18 ms ] worker_62195: Request is not valid!
[ 18 ms ] worker_62195: Send response to client
[ 18 ms ] worker_62195: Start wait for client data...
[ 18 ms ] worker_62195: 1448 bytes were received from client 4
[ 18 ms ] worker_62195: Start to process client request
[ 18 ms ] worker_62195: Request is not valid!
[ 18 ms ] worker_62195: Send response to client
[ 18 ms ] worker_62195: Start wait for client data...
[ 18 ms ] worker_62195: 1448 bytes were received from client 4
[ 18 ms ] worker_62195: Start to process client request
[ 18 ms ] worker_62195: Request is not valid!
[ 18 ms ] worker_62195: Send response to client
[ 18 ms ] worker_62195: Start wait for client data...
[ 18 ms ] worker_62195: 1448 bytes were received from client 4
[ 18 ms ] worker_62195: Start to process client request
[ 18 ms ] worker_62195: Request is not valid!
[ 18 ms ] worker_62195: Send response to client
[ 18 ms ] worker_62195: Start wait for client data...
[ 19 ms ] worker_62195: 1448 bytes were received from client 4
[ 19 ms ] worker_62195: Start to process client request
[ 19 ms ] worker_62195: Request is not valid!
[ 19 ms ] worker_62195: Send response to client
[ 19 ms ] worker_62195: Start wait for client data...
[ 21 ms ] worker_62195: 1448 bytes were received from client 4
[ 21 ms ] worker_62195: Start to process client request
[ 21 ms ] worker_62195: Request is not valid!
[ 21 ms ] worker_62195: Send response to client
[ 21 ms ] worker_62195: Start wait for client data...
[ 22 ms ] worker_62195: 2896 bytes were received from client 4
[ 22 ms ] worker_62195: Start to process client request
[ 22 ms ] worker_62195: Request is not valid!
[ 22 ms ] worker_62195: Send response to client
[ 22 ms ] worker_62195: Start wait for client data...
[ 23 ms ] worker_62195: 1448 bytes were received from client 4
[ 23 ms ] worker_62195: Start to process client request
[ 23 ms ] worker_62195: Request is not valid!
[ 23 ms ] worker_62195: Send response to client
[ 23 ms ] worker_62195: Start wait for client data...
[ 23 ms ] worker_62195: 1448 bytes were received from client 4
[ 23 ms ] worker_62195: Start to process client request
[ 23 ms ] worker_62195: Request is not valid!
[ 23 ms ] worker_62195: Send response to client
[ 23 ms ] worker_62195: Start wait for client data...
[ 345 ms ] worker_62195: 1448 bytes were received from client 4
[ 345 ms ] worker_62195: Start to process client request
[ 345 ms ] worker_62195: Request is not valid!
[ 345 ms ] worker_62195: Send response to client
[ 345 ms ] worker_62195: Start wait for client data...
[ 345 ms ] worker_62195: 1448 bytes were received from client 4
[ 345 ms ] worker_62195: Start to process client request
[ 345 ms ] worker_62195: Request is not valid!
[ 345 ms ] worker_62195: Send response to client
[ 345 ms ] worker_62195: Start wait for client data...
[ 345 ms ] worker_62195: 1448 bytes were received from client 4
[ 345 ms ] worker_62195: Start to process client request
[ 345 ms ] worker_62195: Request is not valid!
[ 345 ms ] worker_62195: Send response to client
[ 345 ms ] worker_62195: Start wait for client data...
[ 346 ms ] worker_62195: 2896 bytes were received from client 4
[ 346 ms ] worker_62195: Start to process client request
[ 346 ms ] worker_62195: Request is not valid!
[ 346 ms ] worker_62195: Send response to client
[ 346 ms ] worker_62195: Start wait for client data...
[ 346 ms ] worker_62195: 1448 bytes were received from client 4
[ 346 ms ] worker_62195: Start to process client request
[ 346 ms ] worker_62195: Request is not valid!
[ 346 ms ] worker_62195: Send response to client
[ 346 ms ] worker_62195: Start wait for client data...
[ 346 ms ] worker_62195: 1448 bytes were received from client 4
[ 346 ms ] worker_62195: Start to process client request
[ 346 ms ] worker_62195: Request is not valid!
[ 346 ms ] worker_62195: Send response to client
[ 346 ms ] worker_62195: Start wait for client data...
[ 346 ms ] worker_62195: 2896 bytes were received from client 4
[ 346 ms ] worker_62195: Start to process client request
[ 346 ms ] worker_62195: Request is not valid!
[ 346 ms ] worker_62195: Send response to client
[ 346 ms ] worker_62195: Start wait for client data...
[ 346 ms ] worker_62195: 1448 bytes were received from client 4
[ 346 ms ] worker_62195: Start to process client request
[ 346 ms ] worker_62195: Request is not valid!
[ 346 ms ] worker_62195: Send response to client
[ 346 ms ] worker_62195: Start wait for client data...
[ 353 ms ] worker_62195: 1448 bytes were received from client 4
[ 353 ms ] worker_62195: Start to process client request
[ 353 ms ] worker_62195: Request is not valid!
[ 353 ms ] worker_62195: Send response to client
[ 353 ms ] worker_62195: Start wait for client data...
[ 642 ms ] worker_62195: 1448 bytes were received from client 4
[ 642 ms ] worker_62195: Start to process client request
[ 642 ms ] worker_62195: Request is not valid!
[ 642 ms ] worker_62195: Send response to client
[ 642 ms ] worker_62195: Start wait for client data...
[ 642 ms ] worker_62195: 1448 bytes were received from client 4
[ 642 ms ] worker_62195: Start to process client request
[ 642 ms ] worker_62195: Request is not valid!
[ 642 ms ] worker_62195: Send response to client
[ 642 ms ] worker_62195: Start wait for client data...
[ 642 ms ] worker_62195: 1448 bytes were received from client 4
[ 642 ms ] worker_62195: Start to process client request
[ 642 ms ] worker_62195: Request is not valid!
[ 642 ms ] worker_62195: Send response to client
[ 642 ms ] worker_62195: Start wait for client data...
[ 643 ms ] worker_62195: 1448 bytes were received from client 4
[ 643 ms ] worker_62195: Start to process client request
[ 643 ms ] worker_62195: Request is not valid!
[ 643 ms ] worker_62195: Send response to client
[ 643 ms ] worker_62195: Start wait for client data...
[ 643 ms ] worker_62195: 1448 bytes were received from client 4
[ 643 ms ] worker_62195: Start to process client request
[ 643 ms ] worker_62195: Request is not valid!
[ 643 ms ] worker_62195: Send response to client
[ 643 ms ] worker_62195: Start wait for client data...
[ 643 ms ] worker_62195: 1448 bytes were received from client 4
[ 643 ms ] worker_62195: Start to process client request
[ 643 ms ] worker_62195: Request is not valid!
[ 643 ms ] worker_62195: Send response to client
[ 643 ms ] worker_62195: Start wait for client data...
[ 643 ms ] worker_62195: 1448 bytes were received from client 4
[ 643 ms ] worker_62195: Start to process client request
[ 643 ms ] worker_62195: Request is not valid!
[ 643 ms ] worker_62195: Send response to client
[ 643 ms ] worker_62195: Start wait for client data...
[ 643 ms ] worker_62195: 1448 bytes were received from client 4
[ 643 ms ] worker_62195: Start to process client request
[ 643 ms ] worker_62195: Request is not valid!
[ 643 ms ] worker_62195: Send response to client
[ 643 ms ] worker_62195: Start wait for client data...
[ 645 ms ] worker_62195: 1448 bytes were received from client 4
[ 645 ms ] worker_62195: Start to process client request
[ 645 ms ] worker_62195: Request is not valid!
[ 645 ms ] worker_62195: Send response to client
[ 645 ms ] worker_62195: Start wait for client data...
[ 652 ms ] worker_62195: 4344 bytes were received from client 4
[ 652 ms ] worker_62195: Start to process client request
[ 652 ms ] worker_62195: Request is not valid!
[ 652 ms ] worker_62195: Send response to client
[ 652 ms ] worker_62195: Start wait for client data...
[ 987 ms ] worker_62195: 1448 bytes were received from client 4
[ 987 ms ] worker_62195: Start to process client request
[ 987 ms ] worker_62195: Request is not valid!
[ 987 ms ] worker_62195: Send response to client
[ 987 ms ] worker_62195: Start wait for client data...
[ 987 ms ] worker_62195: 2896 bytes were received from client 4
[ 987 ms ] worker_62195: Start to process client request
[ 987 ms ] worker_62195: Request is not valid!
[ 987 ms ] worker_62195: Send response to client
[ 987 ms ] worker_62195: Start wait for client data...
[ 988 ms ] worker_62195: 1448 bytes were received from client 4
[ 988 ms ] worker_62195: Start to process client request
[ 988 ms ] worker_62195: Request is not valid!
[ 988 ms ] worker_62195: Send response to client
[ 988 ms ] worker_62195: Start wait for client data...
[ 988 ms ] worker_62195: 1448 bytes were received from client 4
[ 988 ms ] worker_62195: Start to process client request
[ 988 ms ] worker_62195: Request is not valid!
[ 988 ms ] worker_62195: Send response to client
[ 988 ms ] worker_62195: Start wait for client data...
[ 988 ms ] worker_62195: 1448 bytes were received from client 4
[ 988 ms ] worker_62195: Start to process client request
[ 988 ms ] worker_62195: Request is not valid!
[ 988 ms ] worker_62195: Send response to client
[ 988 ms ] worker_62195: Start wait for client data...
[ 988 ms ] worker_62195: 1448 bytes were received from client 4
[ 988 ms ] worker_62195: Start to process client request
[ 988 ms ] worker_62195: Request is not valid!
[ 988 ms ] worker_62195: Send response to client
[ 988 ms ] worker_62195: Start wait for client data...
[ 988 ms ] worker_62195: 1448 bytes were received from client 4
[ 988 ms ] worker_62195: Start to process client request
[ 988 ms ] worker_62195: Request is not valid!
[ 988 ms ] worker_62195: Send response to client
[ 988 ms ] worker_62195: Start wait for client data...
[ 989 ms ] worker_62195: 2896 bytes were received from client 4
[ 989 ms ] worker_62195: Start to process client request
[ 989 ms ] worker_62195: Request is not valid!
[ 989 ms ] worker_62195: Send response to client
[ 989 ms ] worker_62195: Start wait for client data...
[ 989 ms ] worker_62195: 1448 bytes were received from client 4
[ 989 ms ] worker_62195: Start to process client request
[ 989 ms ] worker_62195: Request is not valid!
[ 989 ms ] worker_62195: Send response to client
[ 989 ms ] worker_62195: Start wait for client data...
[ 989 ms ] worker_62195: 1448 bytes were received from client 4
[ 989 ms ] worker_62195: Start to process client request
[ 989 ms ] worker_62195: Request is not valid!
[ 989 ms ] worker_62195: Send response to client
[ 989 ms ] worker_62195: Start wait for client data...
[ 989 ms ] worker_62195: 1448 bytes were received from client 4
[ 989 ms ] worker_62195: Start to process client request
[ 989 ms ] worker_62195: Request is not valid!
[ 989 ms ] worker_62195: Send response to client
[ 989 ms ] worker_62195: Start wait for client data...
[ 989 ms ] worker_62195: 1448 bytes were received from client 4
[ 989 ms ] worker_62195: Start to process client request
[ 989 ms ] worker_62195: Request is not valid!
[ 989 ms ] worker_62195: Send response to client
[ 989 ms ] worker_62195: Start wait for client data...
[ 1378 ms ] worker_62195: 1448 bytes were received from client 4
[ 1378 ms ] worker_62195: Start to process client request
[ 1378 ms ] worker_62195: Request is not valid!
[ 1378 ms ] worker_62195: Send response to client
[ 1378 ms ] worker_62195: Start wait for client data...
[ 1378 ms ] worker_62195: 1448 bytes were received from client 4
[ 1378 ms ] worker_62195: Start to process client request
[ 1378 ms ] worker_62195: Request is not valid!
[ 1378 ms ] worker_62195: Send response to client
[ 1378 ms ] worker_62195: Start wait for client data...
[ 1378 ms ] worker_62195: 1448 bytes were received from client 4
[ 1378 ms ] worker_62195: Start to process client request
[ 1378 ms ] worker_62195: Request is not valid!
[ 1378 ms ] worker_62195: Send response to client
[ 1378 ms ] worker_62195: Start wait for client data...
[ 1378 ms ] worker_62195: 2896 bytes were received from client 4
[ 1378 ms ] worker_62195: Start to process client request
[ 1378 ms ] worker_62195: Request is not valid!
[ 1378 ms ] worker_62195: Send response to client
[ 1378 ms ] worker_62195: Start wait for client data...
[ 1378 ms ] worker_62195: 1448 bytes were received from client 4
[ 1378 ms ] worker_62195: Start to process client request
[ 1378 ms ] worker_62195: Request is not valid!
[ 1378 ms ] worker_62195: Send response to client
[ 1378 ms ] worker_62195: Start wait for client data...
[ 1378 ms ] worker_62195: 1448 bytes were received from client 4
[ 1378 ms ] worker_62195: Start to process client request
[ 1378 ms ] worker_62195: Request is not valid!
[ 1378 ms ] worker_62195: Send response to client
[ 1378 ms ] worker_62195: Start wait for client data...
[ 1378 ms ] worker_62195: 1448 bytes were received from client 4
[ 1378 ms ] worker_62195: Start to process client request
[ 1378 ms ] worker_62195: Request is not valid!
[ 1378 ms ] worker_62195: Send response to client
[ 1378 ms ] worker_62195: Start wait for client data...
[ 1379 ms ] worker_62195: 2896 bytes were received from client 4
[ 1379 ms ] worker_62195: Start to process client request
[ 1379 ms ] worker_62195: Request is not valid!
[ 1379 ms ] worker_62195: Send response to client
[ 1379 ms ] worker_62195: Start wait for client data...
[ 1379 ms ] worker_62195: 1448 bytes were received from client 4
[ 1379 ms ] worker_62195: Start to process client request
[ 1379 ms ] worker_62195: Request is not valid!
[ 1379 ms ] worker_62195: Send response to client
[ 1379 ms ] worker_62195: Start wait for client data...
[ 1380 ms ] worker_62195: 1448 bytes were received from client 4
[ 1380 ms ] worker_62195: Start to process client request
[ 1380 ms ] worker_62195: Request is not valid!
[ 1380 ms ] worker_62195: Send response to client
[ 1380 ms ] worker_62195: Start wait for client data...
[ 1380 ms ] worker_62195: 1448 bytes were received from client 4
[ 1380 ms ] worker_62195: Start to process client request
[ 1380 ms ] worker_62195: Request is not valid!
[ 1380 ms ] worker_62195: Send response to client
[ 1380 ms ] worker_62195: Start wait for client data...
[ 1380 ms ] worker_62195: 1448 bytes were received from client 4
[ 1380 ms ] worker_62195: Start to process client request
[ 1380 ms ] worker_62195: Request is not valid!
[ 1380 ms ] worker_62195: Send response to client
[ 1380 ms ] worker_62195: Start wait for client data...
[ 1380 ms ] worker_62195: 1448 bytes were received from client 4
[ 1380 ms ] worker_62195: Start to process client request
[ 1380 ms ] worker_62195: Request is not valid!
[ 1380 ms ] worker_62195: Send response to client
[ 1380 ms ] worker_62195: Start wait for client data...
[ 1818 ms ] worker_62195: 4344 bytes were received from client 4
[ 1818 ms ] worker_62195: Start to process client request
[ 1818 ms ] worker_62195: Request is not valid!
[ 1818 ms ] worker_62195: Send response to client
[ 1818 ms ] worker_62195: Start wait for client data...
[ 1818 ms ] worker_62195: 1448 bytes were received from client 4
[ 1818 ms ] worker_62195: Start to process client request
[ 1818 ms ] worker_62195: Request is not valid!
[ 1818 ms ] worker_62195: Send response to client
[ 1818 ms ] worker_62195: Start wait for client data...
[ 1829 ms ] worker_62195: 2896 bytes were received from client 4
[ 1829 ms ] worker_62195: Start to process client request
[ 1829 ms ] worker_62195: Request is not valid!
[ 1829 ms ] worker_62195: Send response to client
[ 1829 ms ] worker_62195: Start wait for client data...
[ 1829 ms ] worker_62195: 1448 bytes were received from client 4
[ 1829 ms ] worker_62195: Start to process client request
[ 1829 ms ] worker_62195: Request is not valid!
[ 1829 ms ] worker_62195: Send response to client
[ 1829 ms ] worker_62195: Start wait for client data...
[ 1829 ms ] worker_62195: 1448 bytes were received from client 4
[ 1829 ms ] worker_62195: Start to process client request
[ 1829 ms ] worker_62195: Request is not valid!
[ 1829 ms ] worker_62195: Send response to client
[ 1829 ms ] worker_62195: Start wait for client data...
[ 1829 ms ] worker_62195: 1448 bytes were received from client 4
[ 1829 ms ] worker_62195: Start to process client request
[ 1829 ms ] worker_62195: Request is not valid!
[ 1829 ms ] worker_62195: Send response to client
[ 1829 ms ] worker_62195: Start wait for client data...
[ 1829 ms ] worker_62195: 1448 bytes were received from client 4
[ 1829 ms ] worker_62195: Start to process client request
[ 1829 ms ] worker_62195: Request is not valid!
[ 1829 ms ] worker_62195: Send response to client
[ 1829 ms ] worker_62195: Start wait for client data...
[ 1829 ms ] worker_62195: 1448 bytes were received from client 4
[ 1829 ms ] worker_62195: Start to process client request
[ 1829 ms ] worker_62195: Request is not valid!
[ 1829 ms ] worker_62195: Send response to client
[ 1829 ms ] worker_62195: Start wait for client data...
[ 1829 ms ] worker_62195: 1448 bytes were received from client 4
[ 1829 ms ] worker_62195: Start to process client request
[ 1829 ms ] worker_62195: Request is not valid!
[ 1829 ms ] worker_62195: Send response to client
[ 1829 ms ] worker_62195: Start wait for client data...
[ 1830 ms ] worker_62195: 1448 bytes were received from client 4
[ 1830 ms ] worker_62195: Start to process client request
[ 1830 ms ] worker_62195: Request is not valid!
[ 1830 ms ] worker_62195: Send response to client
[ 1830 ms ] worker_62195: Start wait for client data...
[ 1830 ms ] worker_62195: 1448 bytes were received from client 4
[ 1830 ms ] worker_62195: Start to process client request
[ 1830 ms ] worker_62195: Request is not valid!
[ 1830 ms ] worker_62195: Send response to client
[ 1830 ms ] worker_62195: Start wait for client data...
[ 1832 ms ] worker_62195: 1448 bytes were received from client 4
[ 1832 ms ] worker_62195: Start to process client request
[ 1832 ms ] worker_62195: Request is not valid!
[ 1832 ms ] worker_62195: Send response to client
[ 1832 ms ] worker_62195: Start wait for client data...
[ 1837 ms ] worker_62195: 1448 bytes were received from client 4
[ 1837 ms ] worker_62195: Start to process client request
[ 1837 ms ] worker_62195: Request is not valid!
[ 1837 ms ] worker_62195: Send response to client
[ 1837 ms ] worker_62195: Start wait for client data...
[ 2221 ms ] worker_62195: 1448 bytes were received from client 4
[ 2221 ms ] worker_62195: Start to process client request
[ 2221 ms ] worker_62195: Request is not valid!
[ 2221 ms ] worker_62195: Send response to client
[ 2221 ms ] worker_62195: Start wait for client data...
[ 2222 ms ] worker_62195: 1448 bytes were received from client 4
[ 2222 ms ] worker_62195: Start to process client request
[ 2222 ms ] worker_62195: Request is not valid!
[ 2222 ms ] worker_62195: Send response to client
[ 2222 ms ] worker_62195: Start wait for client data...
[ 2224 ms ] worker_62195: 1448 bytes were received from client 4
[ 2224 ms ] worker_62195: Start to process client request
[ 2224 ms ] worker_62195: Request is not valid!
[ 2224 ms ] worker_62195: Send response to client
[ 2224 ms ] worker_62195: Start wait for client data...
[ 2224 ms ] worker_62195: 1448 bytes were received from client 4
[ 2224 ms ] worker_62195: Start to process client request
[ 2224 ms ] worker_62195: Request is not valid!
[ 2224 ms ] worker_62195: Send response to client
[ 2224 ms ] worker_62195: Start wait for client data...
[ 2225 ms ] worker_62195: 1448 bytes were received from client 4
[ 2225 ms ] worker_62195: Start to process client request
[ 2225 ms ] worker_62195: Request is not valid!
[ 2225 ms ] worker_62195: Send response to client
[ 2225 ms ] worker_62195: Start wait for client data...
[ 2232 ms ] worker_62195: 2896 bytes were received from client 4
[ 2232 ms ] worker_62195: Start to process client request
[ 2232 ms ] worker_62195: Request is not valid!
[ 2232 ms ] worker_62195: Send response to client
[ 2232 ms ] worker_62195: Start wait for client data...
[ 2233 ms ] worker_62195: 1448 bytes were received from client 4
[ 2233 ms ] worker_62195: Start to process client request
[ 2233 ms ] worker_62195: Request is not valid!
[ 2233 ms ] worker_62195: Send response to client
[ 2233 ms ] worker_62195: Start wait for client data...
[ 2233 ms ] worker_62195: 1448 bytes were received from client 4
[ 2233 ms ] worker_62195: Start to process client request
[ 2233 ms ] worker_62195: Request is not valid!
[ 2233 ms ] worker_62195: Send response to client
[ 2233 ms ] worker_62195: Start wait for client data...
[ 2233 ms ] worker_62195: 1448 bytes were received from client 4
[ 2233 ms ] worker_62195: Start to process client request
[ 2233 ms ] worker_62195: Request is not valid!
[ 2233 ms ] worker_62195: Send response to client
[ 2233 ms ] worker_62195: Start wait for client data...
[ 2233 ms ] worker_62195: 1448 bytes were received from client 4
[ 2233 ms ] worker_62195: Start to process client request
[ 2233 ms ] worker_62195: Request is not valid!
[ 2233 ms ] worker_62195: Send response to client
[ 2233 ms ] worker_62195: Start wait for client data...
[ 2233 ms ] worker_62195: 1448 bytes were received from client 4
[ 2233 ms ] worker_62195: Start to process client request
[ 2233 ms ] worker_62195: Request is not valid!
[ 2233 ms ] worker_62195: Send response to client
[ 2233 ms ] worker_62195: Start wait for client data...
[ 2235 ms ] worker_62195: 1448 bytes were received from client 4
[ 2235 ms ] worker_62195: Start to process client request
[ 2235 ms ] worker_62195: Request is not valid!
[ 2235 ms ] worker_62195: Send response to client
[ 2235 ms ] worker_62195: Start wait for client data...
[ 2242 ms ] worker_62195: 1448 bytes were received from client 4
[ 2242 ms ] worker_62195: Start to process client request
[ 2242 ms ] worker_62195: Request is not valid!
[ 2242 ms ] worker_62195: Send response to client
[ 2242 ms ] worker_62195: Start wait for client data...
[ 2243 ms ] worker_62195: 2896 bytes were received from client 4
[ 2243 ms ] worker_62195: Start to process client request
[ 2243 ms ] worker_62195: Request is not valid!
[ 2243 ms ] worker_62195: Send response to client
[ 2243 ms ] worker_62195: Start wait for client data...
[ 2243 ms ] worker_62195: 1448 bytes were received from client 4
[ 2243 ms ] worker_62195: Start to process client request
[ 2243 ms ] worker_62195: Request is not valid!
[ 2243 ms ] worker_62195: Send response to client
[ 2243 ms ] worker_62195: Start wait for client data...
[ 2613 ms ] worker_62195: 1448 bytes were received from client 4
[ 2613 ms ] worker_62195: Start to process client request
[ 2613 ms ] worker_62195: Request is not valid!
[ 2613 ms ] worker_62195: Send response to client
[ 2613 ms ] worker_62195: Start wait for client data...
[ 2613 ms ] worker_62195: 1448 bytes were received from client 4
[ 2613 ms ] worker_62195: Start to process client request
[ 2613 ms ] worker_62195: Request is not valid!
[ 2613 ms ] worker_62195: Send response to client
[ 2613 ms ] worker_62195: Start wait for client data...
[ 2613 ms ] worker_62195: 1448 bytes were received from client 4
[ 2613 ms ] worker_62195: Start to process client request
[ 2613 ms ] worker_62195: Request is not valid!
[ 2613 ms ] worker_62195: Send response to client
[ 2613 ms ] worker_62195: Start wait for client data...
[ 2613 ms ] worker_62195: 1448 bytes were received from client 4
[ 2613 ms ] worker_62195: Start to process client request
[ 2613 ms ] worker_62195: Request is not valid!
[ 2613 ms ] worker_62195: Send response to client
[ 2613 ms ] worker_62195: Start wait for client data...
[ 2613 ms ] worker_62195: 1448 bytes were received from client 4
[ 2613 ms ] worker_62195: Start to process client request
[ 2613 ms ] worker_62195: Request is not valid!
[ 2613 ms ] worker_62195: Send response to client
[ 2613 ms ] worker_62195: Start wait for client data...
[ 2613 ms ] worker_62195: 1448 bytes were received from client 4
[ 2613 ms ] worker_62195: Start to process client request
[ 2613 ms ] worker_62195: Request is not valid!
[ 2613 ms ] worker_62195: Send response to client
[ 2613 ms ] worker_62195: Start wait for client data...
[ 2616 ms ] worker_62195: 2896 bytes were received from client 4
[ 2616 ms ] worker_62195: Start to process client request
[ 2616 ms ] worker_62195: Request is not valid!
[ 2616 ms ] worker_62195: Send response to client
[ 2616 ms ] worker_62195: Start wait for client data...
[ 2616 ms ] worker_62195: 1448 bytes were received from client 4
[ 2616 ms ] worker_62195: Start to process client request
[ 2616 ms ] worker_62195: Request is not valid!
[ 2616 ms ] worker_62195: Send response to client
[ 2616 ms ] worker_62195: Start wait for client data...
[ 2617 ms ] worker_62195: 2896 bytes were received from client 4
[ 2617 ms ] worker_62195: Start to process client request
[ 2617 ms ] worker_62195: Request is not valid!
[ 2617 ms ] worker_62195: Send response to client
[ 2617 ms ] worker_62195: Start wait for client data...
[ 2617 ms ] worker_62195: 2896 bytes were received from client 4
[ 2617 ms ] worker_62195: Start to process client request
[ 2617 ms ] worker_62195: Request is not valid!
[ 2617 ms ] worker_62195: Send response to client
[ 2617 ms ] worker_62195: Start wait for client data...
[ 2617 ms ] worker_62195: 1448 bytes were received from client 4
[ 2617 ms ] worker_62195: Start to process client request
[ 2617 ms ] worker_62195: Request is not valid!
[ 2617 ms ] worker_62195: Send response to client
[ 2617 ms ] worker_62195: Start wait for client data...
[ 2618 ms ] worker_62195: 1448 bytes were received from client 4
[ 2618 ms ] worker_62195: Start to process client request
[ 2618 ms ] worker_62195: Request is not valid!
[ 2618 ms ] worker_62195: Send response to client
[ 2618 ms ] worker_62195: Start wait for client data...
[ 2618 ms ] worker_62195: 1448 bytes were received from client 4
[ 2618 ms ] worker_62195: Start to process client request
[ 2618 ms ] worker_62195: Request is not valid!
[ 2618 ms ] worker_62195: Send response to client
[ 2618 ms ] worker_62195: Start wait for client data...
[ 2618 ms ] worker_62195: 1448 bytes were received from client 4
[ 2618 ms ] worker_62195: Start to process client request
[ 2618 ms ] worker_62195: Request is not valid!
[ 2618 ms ] worker_62195: Send response to client
[ 2618 ms ] worker_62195: Start wait for client data...
[ 2618 ms ] worker_62195: 1448 bytes were received from client 4
[ 2618 ms ] worker_62195: Start to process client request
[ 2618 ms ] worker_62195: Request is not valid!
[ 2618 ms ] worker_62195: Send response to client
[ 2618 ms ] worker_62195: Start wait for client data...
[ 2785 ms ] worker_62195: 1448 bytes were received from client 4
[ 2785 ms ] worker_62195: Start to process client request
[ 2785 ms ] worker_62195: Request is not valid!
[ 2785 ms ] worker_62195: Send response to client
[ 2785 ms ] worker_62195: Start wait for client data...
[ 2924 ms ] worker_62195: 1448 bytes were received from client 4
[ 2924 ms ] worker_62195: Start to process client request
[ 2924 ms ] worker_62195: Request is not valid!
[ 2924 ms ] worker_62195: Send response to client
[ 2924 ms ] worker_62195: Start wait for client data...
[ 2925 ms ] worker_62195: 1448 bytes were received from client 4
[ 2925 ms ] worker_62195: Start to process client request
[ 2925 ms ] worker_62195: Request is not valid!
[ 2925 ms ] worker_62195: Send response to client
[ 2925 ms ] worker_62195: Start wait for client data...
[ 2925 ms ] worker_62195: 1448 bytes were received from client 4
[ 2925 ms ] worker_62195: Start to process client request
[ 2925 ms ] worker_62195: Request is not valid!
[ 2925 ms ] worker_62195: Send response to client
[ 2925 ms ] worker_62195: Start wait for client data...
[ 2926 ms ] worker_62195: 1448 bytes were received from client 4
[ 2926 ms ] worker_62195: Start to process client request
[ 2926 ms ] worker_62195: Request is not valid!
[ 2926 ms ] worker_62195: Send response to client
[ 2926 ms ] worker_62195: Start wait for client data...
[ 2926 ms ] worker_62195: 1448 bytes were received from client 4
[ 2926 ms ] worker_62195: Start to process client request
[ 2926 ms ] worker_62195: Request is not valid!
[ 2926 ms ] worker_62195: Send response to client
[ 2926 ms ] worker_62195: Start wait for client data...
[ 2926 ms ] worker_62195: 1448 bytes were received from client 4
[ 2926 ms ] worker_62195: Start to process client request
[ 2926 ms ] worker_62195: Request is not valid!
[ 2926 ms ] worker_62195: Send response to client
[ 2926 ms ] worker_62195: Start wait for client data...
[ 2926 ms ] worker_62195: 1448 bytes were received from client 4
[ 2926 ms ] worker_62195: Start to process client request
[ 2926 ms ] worker_62195: Request is not valid!
[ 2926 ms ] worker_62195: Send response to client
[ 2926 ms ] worker_62195: Start wait for client data...
[ 2926 ms ] worker_62195: 1448 bytes were received from client 4
[ 2926 ms ] worker_62195: Start to process client request
[ 2926 ms ] worker_62195: Request is not valid!
[ 2926 ms ] worker_62195: Send response to client
[ 2926 ms ] worker_62195: Start wait for client data...
[ 2930 ms ] worker_62195: 1448 bytes were received from client 4
[ 2930 ms ] worker_62195: Start to process client request
[ 2930 ms ] worker_62195: Request is not valid!
[ 2930 ms ] worker_62195: Send response to client
[ 2930 ms ] worker_62195: Start wait for client data...
[ 2930 ms ] worker_62195: 1448 bytes were received from client 4
[ 2930 ms ] worker_62195: Start to process client request
[ 2930 ms ] worker_62195: Request is not valid!
[ 2930 ms ] worker_62195: Send response to client
[ 2930 ms ] worker_62195: Start wait for client data...
[ 2931 ms ] worker_62195: 2896 bytes were received from client 4
[ 2931 ms ] worker_62195: Start to process client request
[ 2931 ms ] worker_62195: Request is not valid!
[ 2931 ms ] worker_62195: Send response to client
[ 2931 ms ] worker_62195: Start wait for client data...
[ 3138 ms ] worker_62195: Error was occurred while receiving data from client
[ 3138 ms ] worker_62195: Exit
[ 3140 ms ] END
