[ 0 ms ] START
[ 0 ms ] worker_62199: Hello, I'm new worker!
[ 0 ms ] worker_62199: Incomming connection info: 0.0.0.0 : 0New client socket was created: 4

[ 0 ms ] worker_62199: Start wait for client data...
[ 7 ms ] worker_62199: 1448 bytes were received from client 4
[ 7 ms ] worker_62199: Start to process client request
[ 7 ms ] worker_62199: Request is not valid!
[ 7 ms ] worker_62199: Send response to client
[ 7 ms ] worker_62199: Start wait for client data...
[ 9 ms ] worker_62199: 1448 bytes were received from client 4
[ 9 ms ] worker_62199: Start to process client request
[ 9 ms ] worker_62199: Request is not valid!
[ 9 ms ] worker_62199: Send response to client
[ 9 ms ] worker_62199: Start wait for client data...
[ 9 ms ] worker_62199: 1448 bytes were received from client 4
[ 9 ms ] worker_62199: Start to process client request
[ 9 ms ] worker_62199: Request is not valid!
[ 9 ms ] worker_62199: Send response to client
[ 9 ms ] worker_62199: Start wait for client data...
[ 9 ms ] worker_62199: 1448 bytes were received from client 4
[ 9 ms ] worker_62199: Start to process client request
[ 9 ms ] worker_62199: Request is not valid!
[ 9 ms ] worker_62199: Send response to client
[ 9 ms ] worker_62199: Start wait for client data...
[ 9 ms ] worker_62199: 1448 bytes were received from client 4
[ 9 ms ] worker_62199: Start to process client request
[ 9 ms ] worker_62199: Request is not valid!
[ 9 ms ] worker_62199: Send response to client
[ 9 ms ] worker_62199: Start wait for client data...
[ 9 ms ] worker_62199: 1448 bytes were received from client 4
[ 9 ms ] worker_62199: Start to process client request
[ 9 ms ] worker_62199: Request is not valid!
[ 9 ms ] worker_62199: Send response to client
[ 9 ms ] worker_62199: Start wait for client data...
[ 10 ms ] worker_62199: 1448 bytes were received from client 4
[ 10 ms ] worker_62199: Start to process client request
[ 10 ms ] worker_62199: Request is not valid!
[ 10 ms ] worker_62199: Send response to client
[ 10 ms ] worker_62199: Start wait for client data...
[ 10 ms ] worker_62199: 1448 bytes were received from client 4
[ 10 ms ] worker_62199: Start to process client request
[ 10 ms ] worker_62199: Request is not valid!
[ 10 ms ] worker_62199: Send response to client
[ 10 ms ] worker_62199: Start wait for client data...
[ 13 ms ] worker_62199: 1448 bytes were received from client 4
[ 13 ms ] worker_62199: Start to process client request
[ 13 ms ] worker_62199: Request is not valid!
[ 13 ms ] worker_62199: Send response to client
[ 13 ms ] worker_62199: Start wait for client data...
[ 13 ms ] worker_62199: 1448 bytes were received from client 4
[ 13 ms ] worker_62199: Start to process client request
[ 13 ms ] worker_62199: Request is not valid!
[ 13 ms ] worker_62199: Send response to client
[ 13 ms ] worker_62199: Start wait for client data...
[ 349 ms ] worker_62199: 1448 bytes were received from client 4
[ 349 ms ] worker_62199: Start to process client request
[ 349 ms ] worker_62199: Request is not valid!
[ 349 ms ] worker_62199: Send response to client
[ 349 ms ] worker_62199: Start wait for client data...
[ 350 ms ] worker_62199: 1448 bytes were received from client 4
[ 350 ms ] worker_62199: Start to process client request
[ 350 ms ] worker_62199: Request is not valid!
[ 350 ms ] worker_62199: Send response to client
[ 350 ms ] worker_62199: Start wait for client data...
[ 351 ms ] worker_62199: 1448 bytes were received from client 4
[ 351 ms ] worker_62199: Start to process client request
[ 351 ms ] worker_62199: Request is not valid!
[ 351 ms ] worker_62199: Send response to client
[ 351 ms ] worker_62199: Start wait for client data...
[ 354 ms ] worker_62199: 1448 bytes were received from client 4
[ 354 ms ] worker_62199: Start to process client request
[ 354 ms ] worker_62199: Request is not valid!
[ 354 ms ] worker_62199: Send response to client
[ 354 ms ] worker_62199: Start wait for client data...
[ 359 ms ] worker_62199: 2896 bytes were received from client 4
[ 359 ms ] worker_62199: Start to process client request
[ 359 ms ] worker_62199: Request is not valid!
[ 359 ms ] worker_62199: Send response to client
[ 359 ms ] worker_62199: Start wait for client data...
[ 359 ms ] worker_62199: 1448 bytes were received from client 4
[ 359 ms ] worker_62199: Start to process client request
[ 359 ms ] worker_62199: Request is not valid!
[ 359 ms ] worker_62199: Send response to client
[ 359 ms ] worker_62199: Start wait for client data...
[ 359 ms ] worker_62199: 1448 bytes were received from client 4
[ 359 ms ] worker_62199: Start to process client request
[ 360 ms ] worker_62199: Request is not valid!
[ 360 ms ] worker_62199: Send response to client
[ 360 ms ] worker_62199: Start wait for client data...
[ 362 ms ] worker_62199: 4344 bytes were received from client 4
[ 362 ms ] worker_62199: Start to process client request
[ 362 ms ] worker_62199: Request is not valid!
[ 362 ms ] worker_62199: Send response to client
[ 362 ms ] worker_62199: Start wait for client data...
[ 680 ms ] worker_62199: 1448 bytes were received from client 4
[ 680 ms ] worker_62199: Start to process client request
[ 680 ms ] worker_62199: Request is not valid!
[ 680 ms ] worker_62199: Send response to client
[ 680 ms ] worker_62199: Start wait for client data...
[ 680 ms ] worker_62199: 1448 bytes were received from client 4
[ 680 ms ] worker_62199: Start to process client request
[ 680 ms ] worker_62199: Request is not valid!
[ 680 ms ] worker_62199: Send response to client
[ 680 ms ] worker_62199: Start wait for client data...
[ 680 ms ] worker_62199: 1448 bytes were received from client 4
[ 680 ms ] worker_62199: Start to process client request
[ 680 ms ] worker_62199: Request is not valid!
[ 680 ms ] worker_62199: Send response to client
[ 680 ms ] worker_62199: Start wait for client data...
[ 681 ms ] worker_62199: 1448 bytes were received from client 4
[ 681 ms ] worker_62199: Start to process client request
[ 681 ms ] worker_62199: Request is not valid!
[ 681 ms ] worker_62199: Send response to client
[ 681 ms ] worker_62199: Start wait for client data...
[ 681 ms ] worker_62199: 1448 bytes were received from client 4
[ 681 ms ] worker_62199: Start to process client request
[ 681 ms ] worker_62199: Request is not valid!
[ 681 ms ] worker_62199: Send response to client
[ 681 ms ] worker_62199: Start wait for client data...
[ 681 ms ] worker_62199: 1448 bytes were received from client 4
[ 681 ms ] worker_62199: Start to process client request
[ 681 ms ] worker_62199: Request is not valid!
[ 681 ms ] worker_62199: Send response to client
[ 681 ms ] worker_62199: Start wait for client data...
[ 681 ms ] worker_62199: 1448 bytes were received from client 4
[ 681 ms ] worker_62199: Start to process client request
[ 681 ms ] worker_62199: Request is not valid!
[ 681 ms ] worker_62199: Send response to client
[ 681 ms ] worker_62199: Start wait for client data...
[ 682 ms ] worker_62199: 1448 bytes were received from client 4
[ 682 ms ] worker_62199: Start to process client request
[ 682 ms ] worker_62199: Request is not valid!
[ 682 ms ] worker_62199: Send response to client
[ 682 ms ] worker_62199: Start wait for client data...
[ 682 ms ] worker_62199: 1448 bytes were received from client 4
[ 682 ms ] worker_62199: Start to process client request
[ 682 ms ] worker_62199: Request is not valid!
[ 682 ms ] worker_62199: Send response to client
[ 682 ms ] worker_62199: Start wait for client data...
[ 682 ms ] worker_62199: 1448 bytes were received from client 4
[ 682 ms ] worker_62199: Start to process client request
[ 682 ms ] worker_62199: Request is not valid!
[ 682 ms ] worker_62199: Send response to client
[ 682 ms ] worker_62199: Start wait for client data...
[ 682 ms ] worker_62199: 1448 bytes were received from client 4
[ 682 ms ] worker_62199: Start to process client request
[ 682 ms ] worker_62199: Request is not valid!
[ 682 ms ] worker_62199: Send response to client
[ 682 ms ] worker_62199: Start wait for client data...
[ 684 ms ] worker_62199: 1448 bytes were received from client 4
[ 684 ms ] worker_62199: Start to process client request
[ 684 ms ] worker_62199: Request is not valid!
[ 684 ms ] worker_62199: Send response to client
[ 684 ms ] worker_62199: Start wait for client data...
[ 984 ms ] worker_62199: 1448 bytes were received from client 4
[ 984 ms ] worker_62199: Start to process client request
[ 984 ms ] worker_62199: Request is not valid!
[ 984 ms ] worker_62199: Send response to client
[ 984 ms ] worker_62199: Start wait for client data...
[ 984 ms ] worker_62199: 2896 bytes were received from client 4
[ 984 ms ] worker_62199: Start to process client request
[ 984 ms ] worker_62199: Request is not valid!
[ 984 ms ] worker_62199: Send response to client
[ 984 ms ] worker_62199: Start wait for client data...
[ 1019 ms ] worker_62199: 2896 bytes were received from client 4
[ 1019 ms ] worker_62199: Start to process client request
[ 1019 ms ] worker_62199: Request is not valid!
[ 1019 ms ] worker_62199: Send response to client
[ 1019 ms ] worker_62199: Start wait for client data...
[ 1024 ms ] worker_62199: 2896 bytes were received from client 4
[ 1024 ms ] worker_62199: Start to process client request
[ 1024 ms ] worker_62199: Request is not valid!
[ 1024 ms ] worker_62199: Send response to client
[ 1024 ms ] worker_62199: Start wait for client data...
[ 1024 ms ] worker_62199: 1448 bytes were received from client 4
[ 1024 ms ] worker_62199: Start to process client request
[ 1024 ms ] worker_62199: Request is not valid!
[ 1024 ms ] worker_62199: Send response to client
[ 1024 ms ] worker_62199: Start wait for client data...
[ 1024 ms ] worker_62199: 1448 bytes were received from client 4
[ 1024 ms ] worker_62199: Start to process client request
[ 1024 ms ] worker_62199: Request is not valid!
[ 1024 ms ] worker_62199: Send response to client
[ 1024 ms ] worker_62199: Start wait for client data...
[ 1024 ms ] worker_62199: 1448 bytes were received from client 4
[ 1024 ms ] worker_62199: Start to process client request
[ 1024 ms ] worker_62199: Request is not valid!
[ 1025 ms ] worker_62199: Send response to client
[ 1025 ms ] worker_62199: Start wait for client data...
[ 1025 ms ] worker_62199: 1448 bytes were received from client 4
[ 1025 ms ] worker_62199: Start to process client request
[ 1025 ms ] worker_62199: Request is not valid!
[ 1025 ms ] worker_62199: Send response to client
[ 1025 ms ] worker_62199: Start wait for client data...
[ 1043 ms ] worker_62199: 1448 bytes were received from client 4
[ 1043 ms ] worker_62199: Start to process client request
[ 1043 ms ] worker_62199: Request is not valid!
[ 1043 ms ] worker_62199: Send response to client
[ 1043 ms ] worker_62199: Start wait for client data...
[ 1044 ms ] worker_62199: 2896 bytes were received from client 4
[ 1044 ms ] worker_62199: Start to process client request
[ 1044 ms ] worker_62199: Request is not valid!
[ 1044 ms ] worker_62199: Send response to client
[ 1044 ms ] worker_62199: Start wait for client data...
[ 1371 ms ] worker_62199: 1448 bytes were received from client 4
[ 1371 ms ] worker_62199: Start to process client request
[ 1371 ms ] worker_62199: Request is not valid!
[ 1371 ms ] worker_62199: Send response to client
[ 1371 ms ] worker_62199: Start wait for client data...
[ 1371 ms ] worker_62199: 1448 bytes were received from client 4
[ 1371 ms ] worker_62199: Start to process client request
[ 1371 ms ] worker_62199: Request is not valid!
[ 1371 ms ] worker_62199: Send response to client
[ 1371 ms ] worker_62199: Start wait for client data...
[ 1371 ms ] worker_62199: 1448 bytes were received from client 4
[ 1371 ms ] worker_62199: Start to process client request
[ 1371 ms ] worker_62199: Request is not valid!
[ 1371 ms ] worker_62199: Send response to client
[ 1371 ms ] worker_62199: Start wait for client data...
[ 1371 ms ] worker_62199: 1448 bytes were received from client 4
[ 1371 ms ] worker_62199: Start to process client request
[ 1371 ms ] worker_62199: Request is not valid!
[ 1371 ms ] worker_62199: Send response to client
[ 1371 ms ] worker_62199: Start wait for client data...
[ 1372 ms ] worker_62199: 1448 bytes were received from client 4
[ 1372 ms ] worker_62199: Start to process client request
[ 1372 ms ] worker_62199: Request is not valid!
[ 1372 ms ] worker_62199: Send response to client
[ 1372 ms ] worker_62199: Start wait for client data...
[ 1372 ms ] worker_62199: 1448 bytes were received from client 4
[ 1372 ms ] worker_62199: Start to process client request
[ 1372 ms ] worker_62199: Request is not valid!
[ 1372 ms ] worker_62199: Send response to client
[ 1372 ms ] worker_62199: Start wait for client data...
[ 1372 ms ] worker_62199: 1448 bytes were received from client 4
[ 1372 ms ] worker_62199: Start to process client request
[ 1372 ms ] worker_62199: Request is not valid!
[ 1372 ms ] worker_62199: Send response to client
[ 1372 ms ] worker_62199: Start wait for client data...
[ 1372 ms ] worker_62199: 2896 bytes were received from client 4
[ 1372 ms ] worker_62199: Start to process client request
[ 1372 ms ] worker_62199: Request is not valid!
[ 1372 ms ] worker_62199: Send response to client
[ 1372 ms ] worker_62199: Start wait for client data...
[ 1372 ms ] worker_62199: 1448 bytes were received from client 4
[ 1372 ms ] worker_62199: Start to process client request
[ 1372 ms ] worker_62199: Request is not valid!
[ 1372 ms ] worker_62199: Send response to client
[ 1372 ms ] worker_62199: Start wait for client data...
[ 1373 ms ] worker_62199: 1448 bytes were received from client 4
[ 1373 ms ] worker_62199: Start to process client request
[ 1373 ms ] worker_62199: Request is not valid!
[ 1373 ms ] worker_62199: Send response to client
[ 1373 ms ] worker_62199: Start wait for client data...
[ 1374 ms ] worker_62199: 1448 bytes were received from client 4
[ 1374 ms ] worker_62199: Start to process client request
[ 1374 ms ] worker_62199: Request is not valid!
[ 1374 ms ] worker_62199: Send response to client
[ 1374 ms ] worker_62199: Start wait for client data...
[ 1375 ms ] worker_62199: 1448 bytes were received from client 4
[ 1375 ms ] worker_62199: Start to process client request
[ 1375 ms ] worker_62199: Request is not valid!
[ 1375 ms ] worker_62199: Send response to client
[ 1375 ms ] worker_62199: Start wait for client data...
[ 1391 ms ] worker_62199: 1448 bytes were received from client 4
[ 1391 ms ] worker_62199: Start to process client request
[ 1391 ms ] worker_62199: Request is not valid!
[ 1391 ms ] worker_62199: Send response to client
[ 1391 ms ] worker_62199: Start wait for client data...
[ 1397 ms ] worker_62199: 1448 bytes were received from client 4
[ 1397 ms ] worker_62199: Start to process client request
[ 1397 ms ] worker_62199: Request is not valid!
[ 1397 ms ] worker_62199: Send response to client
[ 1397 ms ] worker_62199: Start wait for client data...
[ 1821 ms ] worker_62199: 1448 bytes were received from client 4
[ 1821 ms ] worker_62199: Start to process client request
[ 1821 ms ] worker_62199: Request is not valid!
[ 1821 ms ] worker_62199: Send response to client
[ 1821 ms ] worker_62199: Start wait for client data...
[ 1821 ms ] worker_62199: 1448 bytes were received from client 4
[ 1821 ms ] worker_62199: Start to process client request
[ 1821 ms ] worker_62199: Request is not valid!
[ 1821 ms ] worker_62199: Send response to client
[ 1821 ms ] worker_62199: Start wait for client data...
[ 1822 ms ] worker_62199: 1448 bytes were received from client 4
[ 1822 ms ] worker_62199: Start to process client request
[ 1822 ms ] worker_62199: Request is not valid!
[ 1822 ms ] worker_62199: Send response to client
[ 1822 ms ] worker_62199: Start wait for client data...
[ 1822 ms ] worker_62199: 1448 bytes were received from client 4
[ 1822 ms ] worker_62199: Start to process client request
[ 1822 ms ] worker_62199: Request is not valid!
[ 1822 ms ] worker_62199: Send response to client
[ 1822 ms ] worker_62199: Start wait for client data...
[ 1822 ms ] worker_62199: 2896 bytes were received from client 4
[ 1822 ms ] worker_62199: Start to process client request
[ 1822 ms ] worker_62199: Request is not valid!
[ 1822 ms ] worker_62199: Send response to client
[ 1822 ms ] worker_62199: Start wait for client data...
[ 1822 ms ] worker_62199: 1448 bytes were received from client 4
[ 1822 ms ] worker_62199: Start to process client request
[ 1822 ms ] worker_62199: Request is not valid!
[ 1822 ms ] worker_62199: Send response to client
[ 1822 ms ] worker_62199: Start wait for client data...
[ 1823 ms ] worker_62199: 1448 bytes were received from client 4
[ 1823 ms ] worker_62199: Start to process client request
[ 1823 ms ] worker_62199: Request is not valid!
[ 1823 ms ] worker_62199: Send response to client
[ 1823 ms ] worker_62199: Start wait for client data...
[ 1823 ms ] worker_62199: 1448 bytes were received from client 4
[ 1823 ms ] worker_62199: Start to process client request
[ 1823 ms ] worker_62199: Request is not valid!
[ 1823 ms ] worker_62199: Send response to client
[ 1823 ms ] worker_62199: Start wait for client data...
[ 1823 ms ] worker_62199: 1448 bytes were received from client 4
[ 1823 ms ] worker_62199: Start to process client request
[ 1823 ms ] worker_62199: Request is not valid!
[ 1823 ms ] worker_62199: Send response to client
[ 1823 ms ] worker_62199: Start wait for client data...
[ 1823 ms ] worker_62199: 1448 bytes were received from client 4
[ 1823 ms ] worker_62199: Start to process client request
[ 1823 ms ] worker_62199: Request is not valid!
[ 1823 ms ] worker_62199: Send response to client
[ 1823 ms ] worker_62199: Start wait for client data...
[ 1824 ms ] worker_62199: 1448 bytes were received from client 4
[ 1824 ms ] worker_62199: Start to process client request
[ 1824 ms ] worker_62199: Request is not valid!
[ 1824 ms ] worker_62199: Send response to client
[ 1824 ms ] worker_62199: Start wait for client data...
[ 1824 ms ] worker_62199: 1448 bytes were received from client 4
[ 1824 ms ] worker_62199: Start to process client request
[ 1824 ms ] worker_62199: Request is not valid!
[ 1824 ms ] worker_62199: Send response to client
[ 1824 ms ] worker_62199: Start wait for client data...
[ 1824 ms ] worker_62199: 1448 bytes were received from client 4
[ 1824 ms ] worker_62199: Start to process client request
[ 1824 ms ] worker_62199: Request is not valid!
[ 1824 ms ] worker_62199: Send response to client
[ 1824 ms ] worker_62199: Start wait for client data...
[ 1824 ms ] worker_62199: 1448 bytes were received from client 4
[ 1824 ms ] worker_62199: Start to process client request
[ 1824 ms ] worker_62199: Request is not valid!
[ 1824 ms ] worker_62199: Send response to client
[ 1824 ms ] worker_62199: Start wait for client data...
[ 1825 ms ] worker_62199: 1448 bytes were received from client 4
[ 1825 ms ] worker_62199: Start to process client request
[ 1825 ms ] worker_62199: Request is not valid!
[ 1825 ms ] worker_62199: Send response to client
[ 1825 ms ] worker_62199: Start wait for client data...
[ 2252 ms ] worker_62199: 1448 bytes were received from client 4
[ 2252 ms ] worker_62199: Start to process client request
[ 2252 ms ] worker_62199: Request is not valid!
[ 2252 ms ] worker_62199: Send response to client
[ 2252 ms ] worker_62199: Start wait for client data...
[ 2252 ms ] worker_62199: 1448 bytes were received from client 4
[ 2252 ms ] worker_62199: Start to process client request
[ 2252 ms ] worker_62199: Request is not valid!
[ 2252 ms ] worker_62199: Send response to client
[ 2252 ms ] worker_62199: Start wait for client data...
[ 2252 ms ] worker_62199: 1448 bytes were received from client 4
[ 2252 ms ] worker_62199: Start to process client request
[ 2252 ms ] worker_62199: Request is not valid!
[ 2252 ms ] worker_62199: Send response to client
[ 2252 ms ] worker_62199: Start wait for client data...
[ 2252 ms ] worker_62199: 1448 bytes were received from client 4
[ 2252 ms ] worker_62199: Start to process client request
[ 2252 ms ] worker_62199: Request is not valid!
[ 2252 ms ] worker_62199: Send response to client
[ 2252 ms ] worker_62199: Start wait for client data...
[ 2253 ms ] worker_62199: 2896 bytes were received from client 4
[ 2253 ms ] worker_62199: Start to process client request
[ 2253 ms ] worker_62199: Request is not valid!
[ 2253 ms ] worker_62199: Send response to client
[ 2253 ms ] worker_62199: Start wait for client data...
[ 2253 ms ] worker_62199: 1448 bytes were received from client 4
[ 2253 ms ] worker_62199: Start to process client request
[ 2253 ms ] worker_62199: Request is not valid!
[ 2253 ms ] worker_62199: Send response to client
[ 2253 ms ] worker_62199: Start wait for client data...
[ 2253 ms ] worker_62199: 1448 bytes were received from client 4
[ 2253 ms ] worker_62199: Start to process client request
[ 2253 ms ] worker_62199: Request is not valid!
[ 2253 ms ] worker_62199: Send response to client
[ 2253 ms ] worker_62199: Start wait for client data...
[ 2254 ms ] worker_62199: 1448 bytes were received from client 4
[ 2254 ms ] worker_62199: Start to process client request
[ 2254 ms ] worker_62199: Request is not valid!
[ 2254 ms ] worker_62199: Send response to client
[ 2254 ms ] worker_62199: Start wait for client data...
[ 2254 ms ] worker_62199: 1448 bytes were received from client 4
[ 2254 ms ] worker_62199: Start to process client request
[ 2254 ms ] worker_62199: Request is not valid!
[ 2254 ms ] worker_62199: Send response to client
[ 2254 ms ] worker_62199: Start wait for client data...
[ 2254 ms ] worker_62199: 1448 bytes were received from client 4
[ 2254 ms ] worker_62199: Start to process client request
[ 2254 ms ] worker_62199: Request is not valid!
[ 2254 ms ] worker_62199: Send response to client
[ 2254 ms ] worker_62199: Start wait for client data...
[ 2254 ms ] worker_62199: 1448 bytes were received from client 4
[ 2254 ms ] worker_62199: Start to process client request
[ 2254 ms ] worker_62199: Request is not valid!
[ 2254 ms ] worker_62199: Send response to client
[ 2254 ms ] worker_62199: Start wait for client data...
[ 2254 ms ] worker_62199: 1448 bytes were received from client 4
[ 2254 ms ] worker_62199: Start to process client request
[ 2254 ms ] worker_62199: Request is not valid!
[ 2254 ms ] worker_62199: Send response to client
[ 2254 ms ] worker_62199: Start wait for client data...
[ 2256 ms ] worker_62199: 2896 bytes were received from client 4
[ 2256 ms ] worker_62199: Start to process client request
[ 2256 ms ] worker_62199: Request is not valid!
[ 2256 ms ] worker_62199: Send response to client
[ 2256 ms ] worker_62199: Start wait for client data...
[ 2257 ms ] worker_62199: 1448 bytes were received from client 4
[ 2257 ms ] worker_62199: Start to process client request
[ 2257 ms ] worker_62199: Request is not valid!
[ 2257 ms ] worker_62199: Send response to client
[ 2257 ms ] worker_62199: Start wait for client data...
[ 2257 ms ] worker_62199: 1448 bytes were received from client 4
[ 2257 ms ] worker_62199: Start to process client request
[ 2257 ms ] worker_62199: Request is not valid!
[ 2257 ms ] worker_62199: Send response to client
[ 2257 ms ] worker_62199: Start wait for client data...
[ 2604 ms ] worker_62199: 1448 bytes were received from client 4
[ 2604 ms ] worker_62199: Start to process client request
[ 2604 ms ] worker_62199: Request is not valid!
[ 2604 ms ] worker_62199: Send response to client
[ 2604 ms ] worker_62199: Start wait for client data...
[ 2608 ms ] worker_62199: 1448 bytes were received from client 4
[ 2608 ms ] worker_62199: Start to process client request
[ 2608 ms ] worker_62199: Request is not valid!
[ 2608 ms ] worker_62199: Send response to client
[ 2608 ms ] worker_62199: Start wait for client data...
[ 2617 ms ] worker_62199: 1448 bytes were received from client 4
[ 2617 ms ] worker_62199: Start to process client request
[ 2617 ms ] worker_62199: Request is not valid!
[ 2617 ms ] worker_62199: Send response to client
[ 2617 ms ] worker_62199: Start wait for client data...
[ 2635 ms ] worker_62199: 2896 bytes were received from client 4
[ 2635 ms ] worker_62199: Start to process client request
[ 2635 ms ] worker_62199: Request is not valid!
[ 2635 ms ] worker_62199: Send response to client
[ 2635 ms ] worker_62199: Start wait for client data...
[ 2647 ms ] worker_62199: 2896 bytes were received from client 4
[ 2647 ms ] worker_62199: Start to process client request
[ 2647 ms ] worker_62199: Request is not valid!
[ 2647 ms ] worker_62199: Send response to client
[ 2647 ms ] worker_62199: Start wait for client data...
[ 2647 ms ] worker_62199: 1448 bytes were received from client 4
[ 2647 ms ] worker_62199: Start to process client request
[ 2647 ms ] worker_62199: Request is not valid!
[ 2647 ms ] worker_62199: Send response to client
[ 2647 ms ] worker_62199: Start wait for client data...
[ 2647 ms ] worker_62199: 2896 bytes were received from client 4
[ 2647 ms ] worker_62199: Start to process client request
[ 2647 ms ] worker_62199: Request is not valid!
[ 2647 ms ] worker_62199: Send response to client
[ 2647 ms ] worker_62199: Start wait for client data...
[ 2647 ms ] worker_62199: 1448 bytes were received from client 4
[ 2647 ms ] worker_62199: Start to process client request
[ 2647 ms ] worker_62199: Request is not valid!
[ 2647 ms ] worker_62199: Send response to client
[ 2647 ms ] worker_62199: Start wait for client data...
[ 2647 ms ] worker_62199: 1448 bytes were received from client 4
[ 2647 ms ] worker_62199: Start to process client request
[ 2647 ms ] worker_62199: Request is not valid!
[ 2648 ms ] worker_62199: Send response to client
[ 2648 ms ] worker_62199: Start wait for client data...
[ 2648 ms ] worker_62199: 1448 bytes were received from client 4
[ 2648 ms ] worker_62199: Start to process client request
[ 2648 ms ] worker_62199: Request is not valid!
[ 2648 ms ] worker_62199: Send response to client
[ 2648 ms ] worker_62199: Start wait for client data...
[ 2648 ms ] worker_62199: 1448 bytes were received from client 4
[ 2648 ms ] worker_62199: Start to process client request
[ 2648 ms ] worker_62199: Request is not valid!
[ 2648 ms ] worker_62199: Send response to client
[ 2648 ms ] worker_62199: Start wait for client data...
[ 2650 ms ] worker_62199: 1448 bytes were received from client 4
[ 2650 ms ] worker_62199: Start to process client request
[ 2650 ms ] worker_62199: Request is not valid!
[ 2650 ms ] worker_62199: Send response to client
[ 2650 ms ] worker_62199: Start wait for client data...
[ 2650 ms ] worker_62199: 2896 bytes were received from client 4
[ 2650 ms ] worker_62199: Start to process client request
[ 2650 ms ] worker_62199: Request is not valid!
[ 2650 ms ] worker_62199: Send response to client
[ 2650 ms ] worker_62199: Start wait for client data...
[ 2650 ms ] worker_62199: 1448 bytes were received from client 4
[ 2650 ms ] worker_62199: Start to process client request
[ 2650 ms ] worker_62199: Request is not valid!
[ 2650 ms ] worker_62199: Send response to client
[ 2650 ms ] worker_62199: Start wait for client data...
[ 2650 ms ] worker_62199: 1448 bytes were received from client 4
[ 2650 ms ] worker_62199: Start to process client request
[ 2650 ms ] worker_62199: Request is not valid!
[ 2650 ms ] worker_62199: Send response to client
[ 2650 ms ] worker_62199: Start wait for client data...
[ 2935 ms ] worker_62199: 1448 bytes were received from client 4
[ 2935 ms ] worker_62199: Start to process client request
[ 2935 ms ] worker_62199: Request is not valid!
[ 2935 ms ] worker_62199: Send response to client
[ 2935 ms ] worker_62199: Start wait for client data...
[ 2935 ms ] worker_62199: 2896 bytes were received from client 4
[ 2935 ms ] worker_62199: Start to process client request
[ 2935 ms ] worker_62199: Request is not valid!
[ 2935 ms ] worker_62199: Send response to client
[ 2935 ms ] worker_62199: Start wait for client data...
[ 2935 ms ] worker_62199: 1448 bytes were received from client 4
[ 2935 ms ] worker_62199: Start to process client request
[ 2935 ms ] worker_62199: Request is not valid!
[ 2935 ms ] worker_62199: Send response to client
[ 2935 ms ] worker_62199: Start wait for client data...
[ 2935 ms ] worker_62199: 1448 bytes were received from client 4
[ 2935 ms ] worker_62199: Start to process client request
[ 2935 ms ] worker_62199: Request is not valid!
[ 2935 ms ] worker_62199: Send response to client
[ 2935 ms ] worker_62199: Start wait for client data...
[ 2936 ms ] worker_62199: 1448 bytes were received from client 4
[ 2936 ms ] worker_62199: Start to process client request
[ 2936 ms ] worker_62199: Request is not valid!
[ 2936 ms ] worker_62199: Send response to client
[ 2936 ms ] worker_62199: Start wait for client data...
[ 2938 ms ] worker_62199: 2896 bytes were received from client 4
[ 2938 ms ] worker_62199: Start to process client request
[ 2938 ms ] worker_62199: Request is not valid!
[ 2938 ms ] worker_62199: Send response to client
[ 2938 ms ] worker_62199: Start wait for client data...
[ 2942 ms ] worker_62199: Error was occurred while receiving data from client
[ 2942 ms ] worker_62199: Exit
[ 2943 ms ] END
