[ 0 ms ] START
[ 0 ms ] worker_62200: Hello, I'm new worker!
[ 0 ms ] worker_62200: Incomming connection info: 0.0.0.0 : 0New client socket was created: 4

[ 0 ms ] worker_62200: Start wait for client data...
[ 114 ms ] worker_62200: 1448 bytes were received from client 4
[ 114 ms ] worker_62200: Start to process client request
[ 114 ms ] worker_62200: Request is not valid!
[ 114 ms ] worker_62200: Send response to client
[ 114 ms ] worker_62200: Start wait for client data...
[ 114 ms ] worker_62200: 1448 bytes were received from client 4
[ 114 ms ] worker_62200: Start to process client request
[ 114 ms ] worker_62200: Request is not valid!
[ 114 ms ] worker_62200: Send response to client
[ 114 ms ] worker_62200: Start wait for client data...
[ 115 ms ] worker_62200: 1448 bytes were received from client 4
[ 115 ms ] worker_62200: Start to process client request
[ 115 ms ] worker_62200: Request is not valid!
[ 115 ms ] worker_62200: Send response to client
[ 115 ms ] worker_62200: Start wait for client data...
[ 115 ms ] worker_62200: 1448 bytes were received from client 4
[ 115 ms ] worker_62200: Start to process client request
[ 115 ms ] worker_62200: Request is not valid!
[ 115 ms ] worker_62200: Send response to client
[ 115 ms ] worker_62200: Start wait for client data...
[ 115 ms ] worker_62200: 2896 bytes were received from client 4
[ 115 ms ] worker_62200: Start to process client request
[ 115 ms ] worker_62200: Request is not valid!
[ 115 ms ] worker_62200: Send response to client
[ 115 ms ] worker_62200: Start wait for client data...
[ 116 ms ] worker_62200: 2896 bytes were received from client 4
[ 116 ms ] worker_62200: Start to process client request
[ 116 ms ] worker_62200: Request is not valid!
[ 116 ms ] worker_62200: Send response to client
[ 116 ms ] worker_62200: Start wait for client data...
[ 116 ms ] worker_62200: 1448 bytes were received from client 4
[ 116 ms ] worker_62200: Start to process client request
[ 116 ms ] worker_62200: Request is not valid!
[ 116 ms ] worker_62200: Send response to client
[ 116 ms ] worker_62200: Start wait for client data...
[ 116 ms ] worker_62200: 1448 bytes were received from client 4
[ 116 ms ] worker_62200: Start to process client request
[ 116 ms ] worker_62200: Request is not valid!
[ 116 ms ] worker_62200: Send response to client
[ 116 ms ] worker_62200: Start wait for client data...
[ 423 ms ] worker_62200: 1448 bytes were received from client 4
[ 423 ms ] worker_62200: Start to process client request
[ 423 ms ] worker_62200: Request is not valid!
[ 424 ms ] worker_62200: Send response to client
[ 424 ms ] worker_62200: Start wait for client data...
[ 424 ms ] worker_62200: 1448 bytes were received from client 4
[ 424 ms ] worker_62200: Start to process client request
[ 424 ms ] worker_62200: Request is not valid!
[ 424 ms ] worker_62200: Send response to client
[ 424 ms ] worker_62200: Start wait for client data...
[ 424 ms ] worker_62200: 1448 bytes were received from client 4
[ 424 ms ] worker_62200: Start to process client request
[ 424 ms ] worker_62200: Request is not valid!
[ 424 ms ] worker_62200: Send response to client
[ 424 ms ] worker_62200: Start wait for client data...
[ 424 ms ] worker_62200: 2896 bytes were received from client 4
[ 424 ms ] worker_62200: Start to process client request
[ 424 ms ] worker_62200: Request is not valid!
[ 424 ms ] worker_62200: Send response to client
[ 424 ms ] worker_62200: Start wait for client data...
[ 425 ms ] worker_62200: 1448 bytes were received from client 4
[ 425 ms ] worker_62200: Start to process client request
[ 425 ms ] worker_62200: Request is not valid!
[ 425 ms ] worker_62200: Send response to client
[ 425 ms ] worker_62200: Start wait for client data...
[ 425 ms ] worker_62200: 1448 bytes were received from client 4
[ 425 ms ] worker_62200: Start to process client request
[ 425 ms ] worker_62200: Request is not valid!
[ 425 ms ] worker_62200: Send response to client
[ 425 ms ] worker_62200: Start wait for client data...
[ 425 ms ] worker_62200: 1448 bytes were received from client 4
[ 425 ms ] worker_62200: Start to process client request
[ 425 ms ] worker_62200: Request is not valid!
[ 425 ms ] worker_62200: Send response to client
[ 425 ms ] worker_62200: Start wait for client data...
[ 426 ms ] worker_62200: 1448 bytes were received from client 4
[ 426 ms ] worker_62200: Start to process client request
[ 426 ms ] worker_62200: Request is not valid!
[ 426 ms ] worker_62200: Send response to client
[ 426 ms ] worker_62200: Start wait for client data...
[ 426 ms ] worker_62200: 1448 bytes were received from client 4
[ 426 ms ] worker_62200: Start to process client request
[ 426 ms ] worker_62200: Request is not valid!
[ 426 ms ] worker_62200: Send response to client
[ 426 ms ] worker_62200: Start wait for client data...
[ 427 ms ] worker_62200: 1448 bytes were received from client 4
[ 427 ms ] worker_62200: Start to process client request
[ 427 ms ] worker_62200: Request is not valid!
[ 427 ms ] worker_62200: Send response to client
[ 427 ms ] worker_62200: Start wait for client data...
[ 731 ms ] worker_62200: 1448 bytes were received from client 4
[ 731 ms ] worker_62200: Start to process client request
[ 731 ms ] worker_62200: Request is not valid!
[ 731 ms ] worker_62200: Send response to client
[ 731 ms ] worker_62200: Start wait for client data...
[ 732 ms ] worker_62200: 1448 bytes were received from client 4
[ 732 ms ] worker_62200: Start to process client request
[ 732 ms ] worker_62200: Request is not valid!
[ 732 ms ] worker_62200: Send response to client
[ 732 ms ] worker_62200: Start wait for client data...
[ 742 ms ] worker_62200: 1448 bytes were received from client 4
[ 742 ms ] worker_62200: Start to process client request
[ 742 ms ] worker_62200: Request is not valid!
[ 742 ms ] worker_62200: Send response to client
[ 742 ms ] worker_62200: Start wait for client data...
[ 744 ms ] worker_62200: 1448 bytes were received from client 4
[ 744 ms ] worker_62200: Start to process client request
[ 744 ms ] worker_62200: Request is not valid!
[ 744 ms ] worker_62200: Send response to client
[ 744 ms ] worker_62200: Start wait for client data...
[ 746 ms ] worker_62200: 1448 bytes were received from client 4
[ 746 ms ] worker_62200: Start to process client request
[ 746 ms ] worker_62200: Request is not valid!
[ 746 ms ] worker_62200: Send response to client
[ 746 ms ] worker_62200: Start wait for client data...
[ 751 ms ] worker_62200: 1448 bytes were received from client 4
[ 751 ms ] worker_62200: Start to process client request
[ 751 ms ] worker_62200: Request is not valid!
[ 751 ms ] worker_62200: Send response to client
[ 751 ms ] worker_62200: Start wait for client data...
[ 755 ms ] worker_62200: 1448 bytes were received from client 4
[ 755 ms ] worker_62200: Start to process client request
[ 755 ms ] worker_62200: Request is not valid!
[ 755 ms ] worker_62200: Send response to client
[ 755 ms ] worker_62200: Start wait for client data...
[ 761 ms ] worker_62200: 1448 bytes were received from client 4
[ 762 ms ] worker_62200: Start to process client request
[ 762 ms ] worker_62200: Request is not valid!
[ 762 ms ] worker_62200: Send response to client
[ 762 ms ] worker_62200: Start wait for client data...
[ 763 ms ] worker_62200: 1448 bytes were received from client 4
[ 763 ms ] worker_62200: Start to process client request
[ 763 ms ] worker_62200: Request is not valid!
[ 763 ms ] worker_62200: Send response to client
[ 763 ms ] worker_62200: Start wait for client data...
[ 763 ms ] worker_62200: 1448 bytes were received from client 4
[ 763 ms ] worker_62200: Start to process client request
[ 763 ms ] worker_62200: Request is not valid!
[ 763 ms ] worker_62200: Send response to client
[ 763 ms ] worker_62200: Start wait for client data...
[ 763 ms ] worker_62200: 2896 bytes were received from client 4
[ 763 ms ] worker_62200: Start to process client request
[ 763 ms ] worker_62200: Request is not valid!
[ 763 ms ] worker_62200: Send response to client
[ 763 ms ] worker_62200: Start wait for client data...
[ 1106 ms ] worker_62200: 1448 bytes were received from client 4
[ 1106 ms ] worker_62200: Start to process client request
[ 1106 ms ] worker_62200: Request is not valid!
[ 1106 ms ] worker_62200: Send response to client
[ 1106 ms ] worker_62200: Start wait for client data...
[ 1106 ms ] worker_62200: 1448 bytes were received from client 4
[ 1106 ms ] worker_62200: Start to process client request
[ 1106 ms ] worker_62200: Request is not valid!
[ 1106 ms ] worker_62200: Send response to client
[ 1106 ms ] worker_62200: Start wait for client data...
[ 1108 ms ] worker_62200: 1448 bytes were received from client 4
[ 1108 ms ] worker_62200: Start to process client request
[ 1108 ms ] worker_62200: Request is not valid!
[ 1108 ms ] worker_62200: Send response to client
[ 1108 ms ] worker_62200: Start wait for client data...
[ 1110 ms ] worker_62200: 1448 bytes were received from client 4
[ 1110 ms ] worker_62200: Start to process client request
[ 1110 ms ] worker_62200: Request is not valid!
[ 1110 ms ] worker_62200: Send response to client
[ 1110 ms ] worker_62200: Start wait for client data...
[ 1110 ms ] worker_62200: 1448 bytes were received from client 4
[ 1110 ms ] worker_62200: Start to process client request
[ 1110 ms ] worker_62200: Request is not valid!
[ 1110 ms ] worker_62200: Send response to client
[ 1110 ms ] worker_62200: Start wait for client data...
[ 1110 ms ] worker_62200: 1448 bytes were received from client 4
[ 1110 ms ] worker_62200: Start to process client request
[ 1110 ms ] worker_62200: Request is not valid!
[ 1110 ms ] worker_62200: Send response to client
[ 1110 ms ] worker_62200: Start wait for client data...
[ 1110 ms ] worker_62200: 2896 bytes were received from client 4
[ 1110 ms ] worker_62200: Start to process client request
[ 1110 ms ] worker_62200: Request is not valid!
[ 1110 ms ] worker_62200: Send response to client
[ 1110 ms ] worker_62200: Start wait for client data...
[ 1110 ms ] worker_62200: 1448 bytes were received from client 4
[ 1110 ms ] worker_62200: Start to process client request
[ 1110 ms ] worker_62200: Request is not valid!
[ 1110 ms ] worker_62200: Send response to client
[ 1110 ms ] worker_62200: Start wait for client data...
[ 1110 ms ] worker_62200: 1448 bytes were received from client 4
[ 1110 ms ] worker_62200: Start to process client request
[ 1110 ms ] worker_62200: Request is not valid!
[ 1110 ms ] worker_62200: Send response to client
[ 1110 ms ] worker_62200: Start wait for client data...
[ 1110 ms ] worker_62200: 1448 bytes were received from client 4
[ 1110 ms ] worker_62200: Start to process client request
[ 1110 ms ] worker_62200: Request is not valid!
[ 1110 ms ] worker_62200: Send response to client
[ 1110 ms ] worker_62200: Start wait for client data...
[ 1111 ms ] worker_62200: 1448 bytes were received from client 4
[ 1111 ms ] worker_62200: Start to process client request
[ 1111 ms ] worker_62200: Request is not valid!
[ 1111 ms ] worker_62200: Send response to client
[ 1111 ms ] worker_62200: Start wait for client data...
[ 1111 ms ] worker_62200: 1448 bytes were received from client 4
[ 1111 ms ] worker_62200: Start to process client request
[ 1111 ms ] worker_62200: Request is not valid!
[ 1111 ms ] worker_62200: Send response to client
[ 1111 ms ] worker_62200: Start wait for client data...
[ 1470 ms ] worker_62200: 1448 bytes were received from client 4
[ 1470 ms ] worker_62200: Start to process client request
[ 1470 ms ] worker_62200: Request is not valid!
[ 1470 ms ] worker_62200: Send response to client
[ 1470 ms ] worker_62200: Start wait for client data...
[ 1470 ms ] worker_62200: 1448 bytes were received from client 4
[ 1470 ms ] worker_62200: Start to process client request
[ 1470 ms ] worker_62200: Request is not valid!
[ 1470 ms ] worker_62200: Send response to client
[ 1470 ms ] worker_62200: Start wait for client data...
[ 1470 ms ] worker_62200: 1448 bytes were received from client 4
[ 1470 ms ] worker_62200: Start to process client request
[ 1470 ms ] worker_62200: Request is not valid!
[ 1470 ms ] worker_62200: Send response to client
[ 1470 ms ] worker_62200: Start wait for client data...
[ 1470 ms ] worker_62200: 1448 bytes were received from client 4
[ 1470 ms ] worker_62200: Start to process client request
[ 1470 ms ] worker_62200: Request is not valid!
[ 1470 ms ] worker_62200: Send response to client
[ 1470 ms ] worker_62200: Start wait for client data...
[ 1473 ms ] worker_62200: 2896 bytes were received from client 4
[ 1473 ms ] worker_62200: Start to process client request
[ 1473 ms ] worker_62200: Request is not valid!
[ 1473 ms ] worker_62200: Send response to client
[ 1473 ms ] worker_62200: Start wait for client data...
[ 1473 ms ] worker_62200: 1448 bytes were received from client 4
[ 1473 ms ] worker_62200: Start to process client request
[ 1473 ms ] worker_62200: Request is not valid!
[ 1473 ms ] worker_62200: Send response to client
[ 1473 ms ] worker_62200: Start wait for client data...
[ 1473 ms ] worker_62200: 1448 bytes were received from client 4
[ 1473 ms ] worker_62200: Start to process client request
[ 1473 ms ] worker_62200: Request is not valid!
[ 1473 ms ] worker_62200: Send response to client
[ 1473 ms ] worker_62200: Start wait for client data...
[ 1473 ms ] worker_62200: 1448 bytes were received from client 4
[ 1473 ms ] worker_62200: Start to process client request
[ 1473 ms ] worker_62200: Request is not valid!
[ 1473 ms ] worker_62200: Send response to client
[ 1473 ms ] worker_62200: Start wait for client data...
[ 1474 ms ] worker_62200: 2896 bytes were received from client 4
[ 1474 ms ] worker_62200: Start to process client request
[ 1474 ms ] worker_62200: Request is not valid!
[ 1474 ms ] worker_62200: Send response to client
[ 1474 ms ] worker_62200: Start wait for client data...
[ 1474 ms ] worker_62200: 1448 bytes were received from client 4
[ 1474 ms ] worker_62200: Start to process client request
[ 1474 ms ] worker_62200: Request is not valid!
[ 1474 ms ] worker_62200: Send response to client
[ 1474 ms ] worker_62200: Start wait for client data...
[ 1474 ms ] worker_62200: 1448 bytes were received from client 4
[ 1474 ms ] worker_62200: Start to process client request
[ 1474 ms ] worker_62200: Request is not valid!
[ 1474 ms ] worker_62200: Send response to client
[ 1474 ms ] worker_62200: Start wait for client data...
[ 1479 ms ] worker_62200: 1448 bytes were received from client 4
[ 1479 ms ] worker_62200: Start to process client request
[ 1479 ms ] worker_62200: Request is not valid!
[ 1479 ms ] worker_62200: Send response to client
[ 1479 ms ] worker_62200: Start wait for client data...
[ 1979 ms ] worker_62200: 2896 bytes were received from client 4
[ 1979 ms ] worker_62200: Start to process client request
[ 1979 ms ] worker_62200: Request is not valid!
[ 1979 ms ] worker_62200: Send response to client
[ 1979 ms ] worker_62200: Start wait for client data...
[ 1980 ms ] worker_62200: 1448 bytes were received from client 4
[ 1980 ms ] worker_62200: Start to process client request
[ 1980 ms ] worker_62200: Request is not valid!
[ 1980 ms ] worker_62200: Send response to client
[ 1980 ms ] worker_62200: Start wait for client data...
[ 1980 ms ] worker_62200: 1448 bytes were received from client 4
[ 1980 ms ] worker_62200: Start to process client request
[ 1980 ms ] worker_62200: Request is not valid!
[ 1980 ms ] worker_62200: Send response to client
[ 1980 ms ] worker_62200: Start wait for client data...
[ 1980 ms ] worker_62200: 1448 bytes were received from client 4
[ 1980 ms ] worker_62200: Start to process client request
[ 1980 ms ] worker_62200: Request is not valid!
[ 1980 ms ] worker_62200: Send response to client
[ 1980 ms ] worker_62200: Start wait for client data...
[ 1980 ms ] worker_62200: 1448 bytes were received from client 4
[ 1980 ms ] worker_62200: Start to process client request
[ 1980 ms ] worker_62200: Request is not valid!
[ 1980 ms ] worker_62200: Send response to client
[ 1980 ms ] worker_62200: Start wait for client data...
[ 1980 ms ] worker_62200: 1448 bytes were received from client 4
[ 1980 ms ] worker_62200: Start to process client request
[ 1980 ms ] worker_62200: Request is not valid!
[ 1980 ms ] worker_62200: Send response to client
[ 1980 ms ] worker_62200: Start wait for client data...
[ 1980 ms ] worker_62200: 1448 bytes were received from client 4
[ 1980 ms ] worker_62200: Start to process client request
[ 1980 ms ] worker_62200: Request is not valid!
[ 1980 ms ] worker_62200: Send response to client
[ 1980 ms ] worker_62200: Start wait for client data...
[ 1980 ms ] worker_62200: 1448 bytes were received from client 4
[ 1980 ms ] worker_62200: Start to process client request
[ 1980 ms ] worker_62200: Request is not valid!
[ 1980 ms ] worker_62200: Send response to client
[ 1980 ms ] worker_62200: Start wait for client data...
[ 1980 ms ] worker_62200: 1448 bytes were received from client 4
[ 1981 ms ] worker_62200: Start to process client request
[ 1981 ms ] worker_62200: Request is not valid!
[ 1981 ms ] worker_62200: Send response to client
[ 1981 ms ] worker_62200: Start wait for client data...
[ 1981 ms ] worker_62200: 1448 bytes were received from client 4
[ 1981 ms ] worker_62200: Start to process client request
[ 1981 ms ] worker_62200: Request is not valid!
[ 1981 ms ] worker_62200: Send response to client
[ 1981 ms ] worker_62200: Start wait for client data...
[ 1982 ms ] worker_62200: 1448 bytes were received from client 4
[ 1982 ms ] worker_62200: Start to process client request
[ 1982 ms ] worker_62200: Request is not valid!
[ 1982 ms ] worker_62200: Send response to client
[ 1982 ms ] worker_62200: Start wait for client data...
[ 1982 ms ] worker_62200: 1448 bytes were received from client 4
[ 1982 ms ] worker_62200: Start to process client request
[ 1982 ms ] worker_62200: Request is not valid!
[ 1982 ms ] worker_62200: Send response to client
[ 1982 ms ] worker_62200: Start wait for client data...
[ 1982 ms ] worker_62200: 1448 bytes were received from client 4
[ 1982 ms ] worker_62200: Start to process client request
[ 1982 ms ] worker_62200: Request is not valid!
[ 1982 ms ] worker_62200: Send response to client
[ 1982 ms ] worker_62200: Start wait for client data...
[ 1982 ms ] worker_62200: 1448 bytes were received from client 4
[ 1982 ms ] worker_62200: Start to process client request
[ 1982 ms ] worker_62200: Request is not valid!
[ 1982 ms ] worker_62200: Send response to client
[ 1982 ms ] worker_62200: Start wait for client data...
[ 2403 ms ] worker_62200: 1448 bytes were received from client 4
[ 2403 ms ] worker_62200: Start to process client request
[ 2403 ms ] worker_62200: Request is not valid!
[ 2403 ms ] worker_62200: Send response to client
[ 2403 ms ] worker_62200: Start wait for client data...
[ 2403 ms ] worker_62200: 2896 bytes were received from client 4
[ 2403 ms ] worker_62200: Start to process client request
[ 2403 ms ] worker_62200: Request is not valid!
[ 2403 ms ] worker_62200: Send response to client
[ 2403 ms ] worker_62200: Start wait for client data...
[ 2403 ms ] worker_62200: 1448 bytes were received from client 4
[ 2403 ms ] worker_62200: Start to process client request
[ 2403 ms ] worker_62200: Request is not valid!
[ 2403 ms ] worker_62200: Send response to client
[ 2403 ms ] worker_62200: Start wait for client data...
[ 2403 ms ] worker_62200: 1448 bytes were received from client 4
[ 2403 ms ] worker_62200: Start to process client request
[ 2403 ms ] worker_62200: Request is not valid!
[ 2403 ms ] worker_62200: Send response to client
[ 2403 ms ] worker_62200: Start wait for client data...
[ 2404 ms ] worker_62200: 1448 bytes were received from client 4
[ 2404 ms ] worker_62200: Start to process client request
[ 2404 ms ] worker_62200: Request is not valid!
[ 2404 ms ] worker_62200: Send response to client
[ 2404 ms ] worker_62200: Start wait for client data...
[ 2404 ms ] worker_62200: 1448 bytes were received from client 4
[ 2404 ms ] worker_62200: Start to process client request
[ 2404 ms ] worker_62200: Request is not valid!
[ 2404 ms ] worker_62200: Send response to client
[ 2404 ms ] worker_62200: Start wait for client data...
[ 2404 ms ] worker_62200: 1448 bytes were received from client 4
[ 2404 ms ] worker_62200: Start to process client request
[ 2404 ms ] worker_62200: Request is not valid!
[ 2404 ms ] worker_62200: Send response to client
[ 2404 ms ] worker_62200: Start wait for client data...
[ 2404 ms ] worker_62200: 1448 bytes were received from client 4
[ 2404 ms ] worker_62200: Start to process client request
[ 2404 ms ] worker_62200: Request is not valid!
[ 2404 ms ] worker_62200: Send response to client
[ 2404 ms ] worker_62200: Start wait for client data...
[ 2404 ms ] worker_62200: 2896 bytes were received from client 4
[ 2404 ms ] worker_62200: Start to process client request
[ 2404 ms ] worker_62200: Request is not valid!
[ 2404 ms ] worker_62200: Send response to client
[ 2404 ms ] worker_62200: Start wait for client data...
[ 2405 ms ] worker_62200: 1448 bytes were received from client 4
[ 2405 ms ] worker_62200: Start to process client request
[ 2405 ms ] worker_62200: Request is not valid!
[ 2405 ms ] worker_62200: Send response to client
[ 2405 ms ] worker_62200: Start wait for client data...
[ 2405 ms ] worker_62200: 1448 bytes were received from client 4
[ 2405 ms ] worker_62200: Start to process client request
[ 2405 ms ] worker_62200: Request is not valid!
[ 2405 ms ] worker_62200: Send response to client
[ 2405 ms ] worker_62200: Start wait for client data...
[ 2405 ms ] worker_62200: 1448 bytes were received from client 4
[ 2405 ms ] worker_62200: Start to process client request
[ 2405 ms ] worker_62200: Request is not valid!
[ 2405 ms ] worker_62200: Send response to client
[ 2405 ms ] worker_62200: Start wait for client data...
[ 2405 ms ] worker_62200: 2896 bytes were received from client 4
[ 2405 ms ] worker_62200: Start to process client request
[ 2405 ms ] worker_62200: Request is not valid!
[ 2405 ms ] worker_62200: Send response to client
[ 2405 ms ] worker_62200: Start wait for client data...
[ 2405 ms ] worker_62200: 1448 bytes were received from client 4
[ 2405 ms ] worker_62200: Start to process client request
[ 2405 ms ] worker_62200: Request is not valid!
[ 2405 ms ] worker_62200: Send response to client
[ 2405 ms ] worker_62200: Start wait for client data...
[ 2752 ms ] worker_62200: 1448 bytes were received from client 4
[ 2752 ms ] worker_62200: Start to process client request
[ 2752 ms ] worker_62200: Request is not valid!
[ 2752 ms ] worker_62200: Send response to client
[ 2752 ms ] worker_62200: Start wait for client data...
[ 2753 ms ] worker_62200: 1448 bytes were received from client 4
[ 2753 ms ] worker_62200: Start to process client request
[ 2753 ms ] worker_62200: Request is not valid!
[ 2753 ms ] worker_62200: Send response to client
[ 2753 ms ] worker_62200: Start wait for client data...
[ 2753 ms ] worker_62200: 1448 bytes were received from client 4
[ 2753 ms ] worker_62200: Start to process client request
[ 2753 ms ] worker_62200: Request is not valid!
[ 2753 ms ] worker_62200: Send response to client
[ 2753 ms ] worker_62200: Start wait for client data...
[ 2753 ms ] worker_62200: 1448 bytes were received from client 4
[ 2753 ms ] worker_62200: Start to process client request
[ 2753 ms ] worker_62200: Request is not valid!
[ 2753 ms ] worker_62200: Send response to client
[ 2753 ms ] worker_62200: Start wait for client data...
[ 2753 ms ] worker_62200: 1448 bytes were received from client 4
[ 2753 ms ] worker_62200: Start to process client request
[ 2753 ms ] worker_62200: Request is not valid!
[ 2753 ms ] worker_62200: Send response to client
[ 2753 ms ] worker_62200: Start wait for client data...
[ 2754 ms ] worker_62200: 1448 bytes were received from client 4
[ 2754 ms ] worker_62200: Start to process client request
[ 2754 ms ] worker_62200: Request is not valid!
[ 2754 ms ] worker_62200: Send response to client
[ 2754 ms ] worker_62200: Start wait for client data...
[ 2754 ms ] worker_62200: 1448 bytes were received from client 4
[ 2754 ms ] worker_62200: Start to process client request
[ 2754 ms ] worker_62200: Request is not valid!
[ 2754 ms ] worker_62200: Send response to client
[ 2754 ms ] worker_62200: Start wait for client data...
[ 2754 ms ] worker_62200: 1448 bytes were received from client 4
[ 2754 ms ] worker_62200: Start to process client request
[ 2754 ms ] worker_62200: Request is not valid!
[ 2754 ms ] worker_62200: Send response to client
[ 2754 ms ] worker_62200: Start wait for client data...
[ 2754 ms ] worker_62200: 1448 bytes were received from client 4
[ 2754 ms ] worker_62200: Start to process client request
[ 2754 ms ] worker_62200: Request is not valid!
[ 2754 ms ] worker_62200: Send response to client
[ 2754 ms ] worker_62200: Start wait for client data...
[ 2754 ms ] worker_62200: 1448 bytes were received from client 4
[ 2754 ms ] worker_62200: Start to process client request
[ 2754 ms ] worker_62200: Request is not valid!
[ 2754 ms ] worker_62200: Send response to client
[ 2754 ms ] worker_62200: Start wait for client data...
[ 2754 ms ] worker_62200: 1448 bytes were received from client 4
[ 2754 ms ] worker_62200: Start to process client request
[ 2754 ms ] worker_62200: Request is not valid!
[ 2754 ms ] worker_62200: Send response to client
[ 2754 ms ] worker_62200: Start wait for client data...
[ 2754 ms ] worker_62200: 1448 bytes were received from client 4
[ 2754 ms ] worker_62200: Start to process client request
[ 2754 ms ] worker_62200: Request is not valid!
[ 2754 ms ] worker_62200: Send response to client
[ 2754 ms ] worker_62200: Start wait for client data...
[ 2754 ms ] worker_62200: 1448 bytes were received from client 4
[ 2754 ms ] worker_62200: Start to process client request
[ 2754 ms ] worker_62200: Request is not valid!
[ 2754 ms ] worker_62200: Send response to client
[ 2754 ms ] worker_62200: Start wait for client data...
[ 2754 ms ] worker_62200: 1448 bytes were received from client 4
[ 2754 ms ] worker_62200: Start to process client request
[ 2754 ms ] worker_62200: Request is not valid!
[ 2754 ms ] worker_62200: Send response to client
[ 2754 ms ] worker_62200: Start wait for client data...
[ 2755 ms ] worker_62200: 1448 bytes were received from client 4
[ 2755 ms ] worker_62200: Start to process client request
[ 2755 ms ] worker_62200: Request is not valid!
[ 2755 ms ] worker_62200: Send response to client
[ 2755 ms ] worker_62200: Start wait for client data...
[ 2755 ms ] worker_62200: 1448 bytes were received from client 4
[ 2755 ms ] worker_62200: Start to process client request
[ 2755 ms ] worker_62200: Request is not valid!
[ 2755 ms ] worker_62200: Send response to client
[ 2755 ms ] worker_62200: Start wait for client data...
[ 2755 ms ] worker_62200: 2896 bytes were received from client 4
[ 2755 ms ] worker_62200: Start to process client request
[ 2755 ms ] worker_62200: Request is not valid!
[ 2755 ms ] worker_62200: Send response to client
[ 2755 ms ] worker_62200: Start wait for client data...
[ 3041 ms ] worker_62200: 2896 bytes were received from client 4
[ 3041 ms ] worker_62200: Start to process client request
[ 3041 ms ] worker_62200: Request is not valid!
[ 3041 ms ] worker_62200: Send response to client
[ 3041 ms ] worker_62200: Start wait for client data...
[ 3042 ms ] worker_62200: 2896 bytes were received from client 4
[ 3042 ms ] worker_62200: Start to process client request
[ 3042 ms ] worker_62200: Request is not valid!
[ 3042 ms ] worker_62200: Send response to client
[ 3042 ms ] worker_62200: Start wait for client data...
[ 3043 ms ] worker_62200: 1448 bytes were received from client 4
[ 3043 ms ] worker_62200: Start to process client request
[ 3043 ms ] worker_62200: Request is not valid!
[ 3043 ms ] worker_62200: Send response to client
[ 3043 ms ] worker_62200: Start wait for client data...
[ 3045 ms ] worker_62200: 1448 bytes were received from client 4
[ 3045 ms ] worker_62200: Start to process client request
[ 3045 ms ] worker_62200: Request is not valid!
[ 3045 ms ] worker_62200: Send response to client
[ 3045 ms ] worker_62200: Start wait for client data...
[ 3053 ms ] worker_62200: 2896 bytes were received from client 4
[ 3053 ms ] worker_62200: Start to process client request
[ 3053 ms ] worker_62200: Request is not valid!
[ 3053 ms ] worker_62200: Send response to client
[ 3053 ms ] worker_62200: Start wait for client data...
[ 3053 ms ] worker_62200: 2896 bytes were received from client 4
[ 3053 ms ] worker_62200: Start to process client request
[ 3053 ms ] worker_62200: Request is not valid!
[ 3053 ms ] worker_62200: Send response to client
[ 3053 ms ] worker_62200: Start wait for client data...
[ 3053 ms ] worker_62200: 1448 bytes were received from client 4
[ 3053 ms ] worker_62200: Start to process client request
[ 3053 ms ] worker_62200: Request is not valid!
[ 3053 ms ] worker_62200: Send response to client
[ 3053 ms ] worker_62200: Start wait for client data...
[ 3055 ms ] worker_62200: 1448 bytes were received from client 4
[ 3055 ms ] worker_62200: Start to process client request
[ 3055 ms ] worker_62200: Request is not valid!
[ 3055 ms ] worker_62200: Send response to client
[ 3055 ms ] worker_62200: Start wait for client data...
[ 3055 ms ] worker_62200: 1448 bytes were received from client 4
[ 3055 ms ] worker_62200: Start to process client request
[ 3055 ms ] worker_62200: Request is not valid!
[ 3055 ms ] worker_62200: Send response to client
[ 3055 ms ] worker_62200: Start wait for client data...
[ 3060 ms ] worker_62200: 1448 bytes were received from client 4
[ 3060 ms ] worker_62200: Start to process client request
[ 3060 ms ] worker_62200: Request is not valid!
[ 3060 ms ] worker_62200: Send response to client
[ 3060 ms ] worker_62200: Start wait for client data...
[ 3142 ms ] worker_62200: Error was occurred while receiving data from client
[ 3142 ms ] worker_62200: Exit
[ 3143 ms ] END
