[ 0 ms ] START
[ 0 ms ] worker_62157: Hello, I'm new worker!
[ 0 ms ] worker_62157: Incomming connection info: 0.0.0.0 : 0New client socket was created: 4

[ 0 ms ] worker_62157: Start wait for client data...
[ 1204 ms ] worker_62157: 1448 bytes were received from client 4
[ 1204 ms ] worker_62157: Start to process client request
[ 1204 ms ] worker_62157: Request is not valid!
[ 1204 ms ] worker_62157: Send response to client
[ 1204 ms ] worker_62157: Start wait for client data...
[ 1242 ms ] worker_62157: 1448 bytes were received from client 4
[ 1242 ms ] worker_62157: Start to process client request
[ 1242 ms ] worker_62157: Request is not valid!
[ 1242 ms ] worker_62157: Send response to client
[ 1242 ms ] worker_62157: Start wait for client data...
[ 1242 ms ] worker_62157: 1448 bytes were received from client 4
[ 1242 ms ] worker_62157: Start to process client request
[ 1242 ms ] worker_62157: Request is not valid!
[ 1242 ms ] worker_62157: Send response to client
[ 1242 ms ] worker_62157: Start wait for client data...
[ 1275 ms ] worker_62157: 1448 bytes were received from client 4
[ 1275 ms ] worker_62157: Start to process client request
[ 1275 ms ] worker_62157: Request is not valid!
[ 1275 ms ] worker_62157: Send response to client
[ 1275 ms ] worker_62157: Start wait for client data...
[ 1275 ms ] worker_62157: 2896 bytes were received from client 4
[ 1275 ms ] worker_62157: Start to process client request
[ 1275 ms ] worker_62157: Request is not valid!
[ 1275 ms ] worker_62157: Send response to client
[ 1275 ms ] worker_62157: Start wait for client data...
[ 1275 ms ] worker_62157: 1448 bytes were received from client 4
[ 1275 ms ] worker_62157: Start to process client request
[ 1275 ms ] worker_62157: Request is not valid!
[ 1275 ms ] worker_62157: Send response to client
[ 1275 ms ] worker_62157: Start wait for client data...
[ 1342 ms ] worker_62157: 1448 bytes were received from client 4
[ 1342 ms ] worker_62157: Start to process client request
[ 1342 ms ] worker_62157: Request is not valid!
[ 1342 ms ] worker_62157: Send response to client
[ 1342 ms ] worker_62157: Start wait for client data...
[ 1344 ms ] worker_62157: 1448 bytes were received from client 4
[ 1344 ms ] worker_62157: Start to process client request
[ 1344 ms ] worker_62157: Request is not valid!
[ 1344 ms ] worker_62157: Send response to client
[ 1344 ms ] worker_62157: Start wait for client data...
[ 1344 ms ] worker_62157: 5792 bytes were received from client 4
[ 1344 ms ] worker_62157: Start to process client request
[ 1344 ms ] worker_62157: Request is not valid!
[ 1344 ms ] worker_62157: Send response to client
[ 1344 ms ] worker_62157: Start wait for client data...
[ 1344 ms ] worker_62157: 1448 bytes were received from client 4
[ 1344 ms ] worker_62157: Start to process client request
[ 1344 ms ] worker_62157: Request is not valid!
[ 1344 ms ] worker_62157: Send response to client
[ 1344 ms ] worker_62157: Start wait for client data...
[ 1344 ms ] worker_62157: 1448 bytes were received from client 4
[ 1345 ms ] worker_62157: Start to process client request
[ 1345 ms ] worker_62157: Request is not valid!
[ 1345 ms ] worker_62157: Send response to client
[ 1345 ms ] worker_62157: Start wait for client data...
[ 1345 ms ] worker_62157: 1448 bytes were received from client 4
[ 1345 ms ] worker_62157: Start to process client request
[ 1345 ms ] worker_62157: Request is not valid!
[ 1345 ms ] worker_62157: Send response to client
[ 1345 ms ] worker_62157: Start wait for client data...
[ 1345 ms ] worker_62157: 1448 bytes were received from client 4
[ 1345 ms ] worker_62157: Start to process client request
[ 1345 ms ] worker_62157: Request is not valid!
[ 1345 ms ] worker_62157: Send response to client
[ 1345 ms ] worker_62157: Start wait for client data...
[ 1391 ms ] worker_62157: 1448 bytes were received from client 4
[ 1391 ms ] worker_62157: Start to process client request
[ 1391 ms ] worker_62157: Request is not valid!
[ 1391 ms ] worker_62157: Send response to client
[ 1391 ms ] worker_62157: Start wait for client data...
[ 1391 ms ] worker_62157: 1448 bytes were received from client 4
[ 1391 ms ] worker_62157: Start to process client request
[ 1391 ms ] worker_62157: Request is not valid!
[ 1391 ms ] worker_62157: Send response to client
[ 1391 ms ] worker_62157: Start wait for client data...
[ 1391 ms ] worker_62157: 1448 bytes were received from client 4
[ 1391 ms ] worker_62157: Start to process client request
[ 1391 ms ] worker_62157: Request is not valid!
[ 1391 ms ] worker_62157: Send response to client
[ 1391 ms ] worker_62157: Start wait for client data...
[ 1391 ms ] worker_62157: 1448 bytes were received from client 4
[ 1391 ms ] worker_62157: Start to process client request
[ 1391 ms ] worker_62157: Request is not valid!
[ 1391 ms ] worker_62157: Send response to client
[ 1391 ms ] worker_62157: Start wait for client data...
[ 1391 ms ] worker_62157: 1448 bytes were received from client 4
[ 1391 ms ] worker_62157: Start to process client request
[ 1391 ms ] worker_62157: Request is not valid!
[ 1391 ms ] worker_62157: Send response to client
[ 1391 ms ] worker_62157: Start wait for client data...
[ 1391 ms ] worker_62157: 1448 bytes were received from client 4
[ 1391 ms ] worker_62157: Start to process client request
[ 1391 ms ] worker_62157: Request is not valid!
[ 1391 ms ] worker_62157: Send response to client
[ 1391 ms ] worker_62157: Start wait for client data...
[ 1396 ms ] worker_62157: 2896 bytes were received from client 4
[ 1396 ms ] worker_62157: Start to process client request
[ 1396 ms ] worker_62157: Request is not valid!
[ 1396 ms ] worker_62157: Send response to client
[ 1396 ms ] worker_62157: Start wait for client data...
[ 1463 ms ] worker_62157: 1448 bytes were received from client 4
[ 1463 ms ] worker_62157: Start to process client request
[ 1463 ms ] worker_62157: Request is not valid!
[ 1463 ms ] worker_62157: Send response to client
[ 1463 ms ] worker_62157: Start wait for client data...
[ 1464 ms ] worker_62157: 4344 bytes were received from client 4
[ 1464 ms ] worker_62157: Start to process client request
[ 1464 ms ] worker_62157: Request is not valid!
[ 1464 ms ] worker_62157: Send response to client
[ 1464 ms ] worker_62157: Start wait for client data...
[ 1464 ms ] worker_62157: 1448 bytes were received from client 4
[ 1464 ms ] worker_62157: Start to process client request
[ 1464 ms ] worker_62157: Request is not valid!
[ 1464 ms ] worker_62157: Send response to client
[ 1464 ms ] worker_62157: Start wait for client data...
[ 1465 ms ] worker_62157: 2896 bytes were received from client 4
[ 1465 ms ] worker_62157: Start to process client request
[ 1465 ms ] worker_62157: Request is not valid!
[ 1465 ms ] worker_62157: Send response to client
[ 1465 ms ] worker_62157: Start wait for client data...
[ 1465 ms ] worker_62157: 2896 bytes were received from client 4
[ 1465 ms ] worker_62157: Start to process client request
[ 1465 ms ] worker_62157: Request is not valid!
[ 1465 ms ] worker_62157: Send response to client
[ 1465 ms ] worker_62157: Start wait for client data...
[ 1537 ms ] worker_62157: 2896 bytes were received from client 4
[ 1537 ms ] worker_62157: Start to process client request
[ 1537 ms ] worker_62157: Request is not valid!
[ 1537 ms ] worker_62157: Send response to client
[ 1537 ms ] worker_62157: Start wait for client data...
[ 1537 ms ] worker_62157: 1448 bytes were received from client 4
[ 1537 ms ] worker_62157: Start to process client request
[ 1537 ms ] worker_62157: Request is not valid!
[ 1537 ms ] worker_62157: Send response to client
[ 1537 ms ] worker_62157: Start wait for client data...
[ 1537 ms ] worker_62157: 4344 bytes were received from client 4
[ 1537 ms ] worker_62157: Start to process client request
[ 1537 ms ] worker_62157: Request is not valid!
[ 1537 ms ] worker_62157: Send response to client
[ 1537 ms ] worker_62157: Start wait for client data...
[ 1538 ms ] worker_62157: 2896 bytes were received from client 4
[ 1538 ms ] worker_62157: Start to process client request
[ 1538 ms ] worker_62157: Request is not valid!
[ 1538 ms ] worker_62157: Send response to client
[ 1538 ms ] worker_62157: Start wait for client data...
[ 1538 ms ] worker_62157: 1448 bytes were received from client 4
[ 1538 ms ] worker_62157: Start to process client request
[ 1538 ms ] worker_62157: Request is not valid!
[ 1538 ms ] worker_62157: Send response to client
[ 1538 ms ] worker_62157: Start wait for client data...
[ 1599 ms ] worker_62157: 1448 bytes were received from client 4
[ 1599 ms ] worker_62157: Start to process client request
[ 1599 ms ] worker_62157: Request is not valid!
[ 1599 ms ] worker_62157: Send response to client
[ 1599 ms ] worker_62157: Start wait for client data...
[ 1600 ms ] worker_62157: 1448 bytes were received from client 4
[ 1600 ms ] worker_62157: Start to process client request
[ 1600 ms ] worker_62157: Request is not valid!
[ 1600 ms ] worker_62157: Send response to client
[ 1600 ms ] worker_62157: Start wait for client data...
[ 1600 ms ] worker_62157: 1448 bytes were received from client 4
[ 1600 ms ] worker_62157: Start to process client request
[ 1600 ms ] worker_62157: Request is not valid!
[ 1600 ms ] worker_62157: Send response to client
[ 1600 ms ] worker_62157: Start wait for client data...
[ 1600 ms ] worker_62157: 1448 bytes were received from client 4
[ 1600 ms ] worker_62157: Start to process client request
[ 1600 ms ] worker_62157: Request is not valid!
[ 1600 ms ] worker_62157: Send response to client
[ 1600 ms ] worker_62157: Start wait for client data...
[ 1600 ms ] worker_62157: 1448 bytes were received from client 4
[ 1600 ms ] worker_62157: Start to process client request
[ 1600 ms ] worker_62157: Request is not valid!
[ 1600 ms ] worker_62157: Send response to client
[ 1600 ms ] worker_62157: Start wait for client data...
[ 1600 ms ] worker_62157: 1448 bytes were received from client 4
[ 1600 ms ] worker_62157: Start to process client request
[ 1600 ms ] worker_62157: Request is not valid!
[ 1600 ms ] worker_62157: Send response to client
[ 1600 ms ] worker_62157: Start wait for client data...
[ 1601 ms ] worker_62157: 1448 bytes were received from client 4
[ 1601 ms ] worker_62157: Start to process client request
[ 1601 ms ] worker_62157: Request is not valid!
[ 1601 ms ] worker_62157: Send response to client
[ 1601 ms ] worker_62157: Start wait for client data...
[ 1601 ms ] worker_62157: 1448 bytes were received from client 4
[ 1601 ms ] worker_62157: Start to process client request
[ 1601 ms ] worker_62157: Request is not valid!
[ 1601 ms ] worker_62157: Send response to client
[ 1601 ms ] worker_62157: Start wait for client data...
[ 1606 ms ] worker_62157: 2896 bytes were received from client 4
[ 1606 ms ] worker_62157: Start to process client request
[ 1606 ms ] worker_62157: Request is not valid!
[ 1606 ms ] worker_62157: Send response to client
[ 1606 ms ] worker_62157: Start wait for client data...
[ 1697 ms ] worker_62157: 1448 bytes were received from client 4
[ 1697 ms ] worker_62157: Start to process client request
[ 1697 ms ] worker_62157: Request is not valid!
[ 1697 ms ] worker_62157: Send response to client
[ 1697 ms ] worker_62157: Start wait for client data...
[ 1698 ms ] worker_62157: 1448 bytes were received from client 4
[ 1698 ms ] worker_62157: Start to process client request
[ 1698 ms ] worker_62157: Request is not valid!
[ 1698 ms ] worker_62157: Send response to client
[ 1698 ms ] worker_62157: Start wait for client data...
[ 1698 ms ] worker_62157: 1448 bytes were received from client 4
[ 1698 ms ] worker_62157: Start to process client request
[ 1698 ms ] worker_62157: Request is not valid!
[ 1698 ms ] worker_62157: Send response to client
[ 1698 ms ] worker_62157: Start wait for client data...
[ 1698 ms ] worker_62157: 1448 bytes were received from client 4
[ 1698 ms ] worker_62157: Start to process client request
[ 1698 ms ] worker_62157: Request is not valid!
[ 1698 ms ] worker_62157: Send response to client
[ 1698 ms ] worker_62157: Start wait for client data...
[ 1698 ms ] worker_62157: 1448 bytes were received from client 4
[ 1698 ms ] worker_62157: Start to process client request
[ 1698 ms ] worker_62157: Request is not valid!
[ 1698 ms ] worker_62157: Send response to client
[ 1698 ms ] worker_62157: Start wait for client data...
[ 1699 ms ] worker_62157: 1448 bytes were received from client 4
[ 1699 ms ] worker_62157: Start to process client request
[ 1699 ms ] worker_62157: Request is not valid!
[ 1699 ms ] worker_62157: Send response to client
[ 1699 ms ] worker_62157: Start wait for client data...
[ 1699 ms ] worker_62157: 1448 bytes were received from client 4
[ 1699 ms ] worker_62157: Start to process client request
[ 1699 ms ] worker_62157: Request is not valid!
[ 1699 ms ] worker_62157: Send response to client
[ 1699 ms ] worker_62157: Start wait for client data...
[ 1699 ms ] worker_62157: 1448 bytes were received from client 4
[ 1699 ms ] worker_62157: Start to process client request
[ 1699 ms ] worker_62157: Request is not valid!
[ 1699 ms ] worker_62157: Send response to client
[ 1699 ms ] worker_62157: Start wait for client data...
[ 1699 ms ] worker_62157: 1448 bytes were received from client 4
[ 1699 ms ] worker_62157: Start to process client request
[ 1699 ms ] worker_62157: Request is not valid!
[ 1699 ms ] worker_62157: Send response to client
[ 1699 ms ] worker_62157: Start wait for client data...
[ 1699 ms ] worker_62157: 1448 bytes were received from client 4
[ 1699 ms ] worker_62157: Start to process client request
[ 1699 ms ] worker_62157: Request is not valid!
[ 1699 ms ] worker_62157: Send response to client
[ 1699 ms ] worker_62157: Start wait for client data...
[ 1789 ms ] worker_62157: 1448 bytes were received from client 4
[ 1789 ms ] worker_62157: Start to process client request
[ 1789 ms ] worker_62157: Request is not valid!
[ 1789 ms ] worker_62157: Send response to client
[ 1789 ms ] worker_62157: Start wait for client data...
[ 1789 ms ] worker_62157: 1448 bytes were received from client 4
[ 1789 ms ] worker_62157: Start to process client request
[ 1789 ms ] worker_62157: Request is not valid!
[ 1789 ms ] worker_62157: Send response to client
[ 1789 ms ] worker_62157: Start wait for client data...
[ 1789 ms ] worker_62157: 1448 bytes were received from client 4
[ 1789 ms ] worker_62157: Start to process client request
[ 1789 ms ] worker_62157: Request is not valid!
[ 1789 ms ] worker_62157: Send response to client
[ 1789 ms ] worker_62157: Start wait for client data...
[ 1790 ms ] worker_62157: 1448 bytes were received from client 4
[ 1790 ms ] worker_62157: Start to process client request
[ 1790 ms ] worker_62157: Request is not valid!
[ 1790 ms ] worker_62157: Send response to client
[ 1790 ms ] worker_62157: Start wait for client data...
[ 1790 ms ] worker_62157: 1448 bytes were received from client 4
[ 1790 ms ] worker_62157: Start to process client request
[ 1790 ms ] worker_62157: Request is not valid!
[ 1790 ms ] worker_62157: Send response to client
[ 1790 ms ] worker_62157: Start wait for client data...
[ 1791 ms ] worker_62157: 1448 bytes were received from client 4
[ 1791 ms ] worker_62157: Start to process client request
[ 1791 ms ] worker_62157: Request is not valid!
[ 1791 ms ] worker_62157: Send response to client
[ 1791 ms ] worker_62157: Start wait for client data...
[ 1791 ms ] worker_62157: 1448 bytes were received from client 4
[ 1791 ms ] worker_62157: Start to process client request
[ 1791 ms ] worker_62157: Request is not valid!
[ 1791 ms ] worker_62157: Send response to client
[ 1791 ms ] worker_62157: Start wait for client data...
[ 1791 ms ] worker_62157: 1448 bytes were received from client 4
[ 1791 ms ] worker_62157: Start to process client request
[ 1791 ms ] worker_62157: Request is not valid!
[ 1791 ms ] worker_62157: Send response to client
[ 1791 ms ] worker_62157: Start wait for client data...
[ 1791 ms ] worker_62157: 1448 bytes were received from client 4
[ 1791 ms ] worker_62157: Start to process client request
[ 1791 ms ] worker_62157: Request is not valid!
[ 1791 ms ] worker_62157: Send response to client
[ 1791 ms ] worker_62157: Start wait for client data...
[ 1792 ms ] worker_62157: 1448 bytes were received from client 4
[ 1792 ms ] worker_62157: Start to process client request
[ 1792 ms ] worker_62157: Request is not valid!
[ 1792 ms ] worker_62157: Send response to client
[ 1792 ms ] worker_62157: Start wait for client data...
[ 1792 ms ] worker_62157: 1448 bytes were received from client 4
[ 1792 ms ] worker_62157: Start to process client request
[ 1792 ms ] worker_62157: Request is not valid!
[ 1792 ms ] worker_62157: Send response to client
[ 1792 ms ] worker_62157: Start wait for client data...
[ 1861 ms ] worker_62157: 1448 bytes were received from client 4
[ 1861 ms ] worker_62157: Start to process client request
[ 1861 ms ] worker_62157: Request is not valid!
[ 1861 ms ] worker_62157: Send response to client
[ 1861 ms ] worker_62157: Start wait for client data...
[ 1861 ms ] worker_62157: 1448 bytes were received from client 4
[ 1861 ms ] worker_62157: Start to process client request
[ 1861 ms ] worker_62157: Request is not valid!
[ 1861 ms ] worker_62157: Send response to client
[ 1861 ms ] worker_62157: Start wait for client data...
[ 1861 ms ] worker_62157: 1448 bytes were received from client 4
[ 1861 ms ] worker_62157: Start to process client request
[ 1861 ms ] worker_62157: Request is not valid!
[ 1861 ms ] worker_62157: Send response to client
[ 1861 ms ] worker_62157: Start wait for client data...
[ 1861 ms ] worker_62157: 1448 bytes were received from client 4
[ 1861 ms ] worker_62157: Start to process client request
[ 1861 ms ] worker_62157: Request is not valid!
[ 1861 ms ] worker_62157: Send response to client
[ 1861 ms ] worker_62157: Start wait for client data...
[ 1861 ms ] worker_62157: 1448 bytes were received from client 4
[ 1861 ms ] worker_62157: Start to process client request
[ 1861 ms ] worker_62157: Request is not valid!
[ 1861 ms ] worker_62157: Send response to client
[ 1861 ms ] worker_62157: Start wait for client data...
[ 1861 ms ] worker_62157: 1448 bytes were received from client 4
[ 1861 ms ] worker_62157: Start to process client request
[ 1861 ms ] worker_62157: Request is not valid!
[ 1861 ms ] worker_62157: Send response to client
[ 1861 ms ] worker_62157: Start wait for client data...
[ 1870 ms ] worker_62157: 1448 bytes were received from client 4
[ 1870 ms ] worker_62157: Start to process client request
[ 1870 ms ] worker_62157: Request is not valid!
[ 1870 ms ] worker_62157: Send response to client
[ 1870 ms ] worker_62157: Start wait for client data...
[ 1870 ms ] worker_62157: 1448 bytes were received from client 4
[ 1870 ms ] worker_62157: Start to process client request
[ 1870 ms ] worker_62157: Request is not valid!
[ 1870 ms ] worker_62157: Send response to client
[ 1870 ms ] worker_62157: Start wait for client data...
[ 1870 ms ] worker_62157: 1448 bytes were received from client 4
[ 1870 ms ] worker_62157: Start to process client request
[ 1870 ms ] worker_62157: Request is not valid!
[ 1870 ms ] worker_62157: Send response to client
[ 1870 ms ] worker_62157: Start wait for client data...
[ 1870 ms ] worker_62157: 1448 bytes were received from client 4
[ 1870 ms ] worker_62157: Start to process client request
[ 1870 ms ] worker_62157: Request is not valid!
[ 1870 ms ] worker_62157: Send response to client
[ 1870 ms ] worker_62157: Start wait for client data...
[ 1870 ms ] worker_62157: 2896 bytes were received from client 4
[ 1870 ms ] worker_62157: Start to process client request
[ 1870 ms ] worker_62157: Request is not valid!
[ 1870 ms ] worker_62157: Send response to client
[ 1871 ms ] worker_62157: Start wait for client data...
[ 1959 ms ] worker_62157: 1448 bytes were received from client 4
[ 1959 ms ] worker_62157: Start to process client request
[ 1959 ms ] worker_62157: Request is not valid!
[ 1959 ms ] worker_62157: Send response to client
[ 1959 ms ] worker_62157: Start wait for client data...
[ 1959 ms ] worker_62157: 1448 bytes were received from client 4
[ 1959 ms ] worker_62157: Start to process client request
[ 1959 ms ] worker_62157: Request is not valid!
[ 1959 ms ] worker_62157: Send response to client
[ 1959 ms ] worker_62157: Start wait for client data...
[ 1960 ms ] worker_62157: 1448 bytes were received from client 4
[ 1960 ms ] worker_62157: Start to process client request
[ 1960 ms ] worker_62157: Request is not valid!
[ 1960 ms ] worker_62157: Send response to client
[ 1960 ms ] worker_62157: Start wait for client data...
[ 1960 ms ] worker_62157: 1448 bytes were received from client 4
[ 1960 ms ] worker_62157: Start to process client request
[ 1960 ms ] worker_62157: Request is not valid!
[ 1960 ms ] worker_62157: Send response to client
[ 1960 ms ] worker_62157: Start wait for client data...
[ 1960 ms ] worker_62157: 1448 bytes were received from client 4
[ 1960 ms ] worker_62157: Start to process client request
[ 1960 ms ] worker_62157: Request is not valid!
[ 1960 ms ] worker_62157: Send response to client
[ 1960 ms ] worker_62157: Start wait for client data...
[ 1961 ms ] worker_62157: 2896 bytes were received from client 4
[ 1961 ms ] worker_62157: Start to process client request
[ 1961 ms ] worker_62157: Request is not valid!
[ 1961 ms ] worker_62157: Send response to client
[ 1961 ms ] worker_62157: Start wait for client data...
[ 1962 ms ] worker_62157: 1448 bytes were received from client 4
[ 1962 ms ] worker_62157: Start to process client request
[ 1962 ms ] worker_62157: Request is not valid!
[ 1962 ms ] worker_62157: Send response to client
[ 1962 ms ] worker_62157: Start wait for client data...
[ 1962 ms ] worker_62157: 1448 bytes were received from client 4
[ 1962 ms ] worker_62157: Start to process client request
[ 1962 ms ] worker_62157: Request is not valid!
[ 1962 ms ] worker_62157: Send response to client
[ 1962 ms ] worker_62157: Start wait for client data...
[ 1962 ms ] worker_62157: 2896 bytes were received from client 4
[ 1962 ms ] worker_62157: Start to process client request
[ 1962 ms ] worker_62157: Request is not valid!
[ 1962 ms ] worker_62157: Send response to client
[ 1962 ms ] worker_62157: Start wait for client data...
[ 1966 ms ] worker_62157: 2896 bytes were received from client 4
[ 1966 ms ] worker_62157: Start to process client request
[ 1966 ms ] worker_62157: Request is not valid!
[ 1966 ms ] worker_62157: Send response to client
[ 1966 ms ] worker_62157: Start wait for client data...
[ 2098 ms ] worker_62157: 1448 bytes were received from client 4
[ 2098 ms ] worker_62157: Start to process client request
[ 2098 ms ] worker_62157: Request is not valid!
[ 2098 ms ] worker_62157: Send response to client
[ 2098 ms ] worker_62157: Start wait for client data...
[ 2099 ms ] worker_62157: 1448 bytes were received from client 4
[ 2099 ms ] worker_62157: Start to process client request
[ 2099 ms ] worker_62157: Request is not valid!
[ 2099 ms ] worker_62157: Send response to client
[ 2099 ms ] worker_62157: Start wait for client data...
[ 2099 ms ] worker_62157: 1448 bytes were received from client 4
[ 2099 ms ] worker_62157: Start to process client request
[ 2099 ms ] worker_62157: Request is not valid!
[ 2099 ms ] worker_62157: Send response to client
[ 2099 ms ] worker_62157: Start wait for client data...
[ 2099 ms ] worker_62157: 1448 bytes were received from client 4
[ 2099 ms ] worker_62157: Start to process client request
[ 2099 ms ] worker_62157: Request is not valid!
[ 2099 ms ] worker_62157: Send response to client
[ 2099 ms ] worker_62157: Start wait for client data...
[ 2102 ms ] worker_62157: 2896 bytes were received from client 4
[ 2102 ms ] worker_62157: Start to process client request
[ 2102 ms ] worker_62157: Request is not valid!
[ 2102 ms ] worker_62157: Send response to client
[ 2102 ms ] worker_62157: Start wait for client data...
[ 2102 ms ] worker_62157: 1448 bytes were received from client 4
[ 2102 ms ] worker_62157: Start to process client request
[ 2102 ms ] worker_62157: Request is not valid!
[ 2102 ms ] worker_62157: Send response to client
[ 2102 ms ] worker_62157: Start wait for client data...
[ 2103 ms ] worker_62157: 2896 bytes were received from client 4
[ 2103 ms ] worker_62157: Start to process client request
[ 2103 ms ] worker_62157: Request is not valid!
[ 2103 ms ] worker_62157: Send response to client
[ 2103 ms ] worker_62157: Start wait for client data...
[ 2103 ms ] worker_62157: 1448 bytes were received from client 4
[ 2103 ms ] worker_62157: Start to process client request
[ 2103 ms ] worker_62157: Request is not valid!
[ 2103 ms ] worker_62157: Send response to client
[ 2103 ms ] worker_62157: Start wait for client data...
[ 2103 ms ] worker_62157: 2896 bytes were received from client 4
[ 2103 ms ] worker_62157: Start to process client request
[ 2103 ms ] worker_62157: Request is not valid!
[ 2103 ms ] worker_62157: Send response to client
[ 2103 ms ] worker_62157: Start wait for client data...
[ 2103 ms ] worker_62157: 1448 bytes were received from client 4
[ 2103 ms ] worker_62157: Start to process client request
[ 2103 ms ] worker_62157: Request is not valid!
[ 2103 ms ] worker_62157: Send response to client
[ 2103 ms ] worker_62157: Start wait for client data...
[ 2104 ms ] worker_62157: 1448 bytes were received from client 4
[ 2104 ms ] worker_62157: Start to process client request
[ 2104 ms ] worker_62157: Request is not valid!
[ 2104 ms ] worker_62157: Send response to client
[ 2104 ms ] worker_62157: Start wait for client data...
[ 2374 ms ] worker_62157: 1448 bytes were received from client 4
[ 2374 ms ] worker_62157: Start to process client request
[ 2374 ms ] worker_62157: Request is not valid!
[ 2374 ms ] worker_62157: Send response to client
[ 2374 ms ] worker_62157: Start wait for client data...
[ 2682 ms ] worker_62157: 10136 bytes were received from client 4
[ 2682 ms ] worker_62157: Start to process client request
[ 2682 ms ] worker_62157: Request is not valid!
[ 2682 ms ] worker_62157: Send response to client
[ 2682 ms ] worker_62157: Start wait for client data...
[ 2682 ms ] worker_62157: 1448 bytes were received from client 4
[ 2682 ms ] worker_62157: Start to process client request
[ 2682 ms ] worker_62157: Request is not valid!
[ 2682 ms ] worker_62157: Send response to client
[ 2682 ms ] worker_62157: Start wait for client data...
[ 2709 ms ] worker_62157: 1448 bytes were received from client 4
[ 2709 ms ] worker_62157: Start to process client request
[ 2709 ms ] worker_62157: Request is not valid!
[ 2709 ms ] worker_62157: Send response to client
[ 2709 ms ] worker_62157: Start wait for client data...
[ 2709 ms ] worker_62157: 1448 bytes were received from client 4
[ 2709 ms ] worker_62157: Start to process client request
[ 2709 ms ] worker_62157: Request is not valid!
[ 2710 ms ] worker_62157: Send response to client
[ 2710 ms ] worker_62157: Start wait for client data...
[ 2710 ms ] worker_62157: 1448 bytes were received from client 4
[ 2710 ms ] worker_62157: Start to process client request
[ 2710 ms ] worker_62157: Request is not valid!
[ 2710 ms ] worker_62157: Send response to client
[ 2710 ms ] worker_62157: Start wait for client data...
[ 2710 ms ] worker_62157: 1448 bytes were received from client 4
[ 2710 ms ] worker_62157: Start to process client request
[ 2710 ms ] worker_62157: Request is not valid!
[ 2710 ms ] worker_62157: Send response to client
[ 2710 ms ] worker_62157: Start wait for client data...
[ 2713 ms ] worker_62157: 1448 bytes were received from client 4
[ 2713 ms ] worker_62157: Start to process client request
[ 2713 ms ] worker_62157: Request is not valid!
[ 2713 ms ] worker_62157: Send response to client
[ 2713 ms ] worker_62157: Start wait for client data...
[ 3124 ms ] worker_62157: 1448 bytes were received from client 4
[ 3125 ms ] worker_62157: Start to process client request
[ 3125 ms ] worker_62157: Request is not valid!
[ 3125 ms ] worker_62157: Send response to client
[ 3125 ms ] worker_62157: Start wait for client data...
[ 3771 ms ] worker_62157: Error was occurred while receiving data from client
[ 3771 ms ] worker_62157: Exit
[ 3772 ms ] END
