[ 0 ms ] START
[ 0 ms ] worker_62148: Hello, I'm new worker!
[ 0 ms ] worker_62148: Incomming connection info: 0.0.0.0 : 0New client socket was created: 4

[ 0 ms ] worker_62148: Start wait for client data...
[ 403 ms ] worker_62148: 14480 bytes were received from client 4
[ 403 ms ] worker_62148: Start to process client request
[ 403 ms ] worker_62148: Request is not valid!
[ 403 ms ] worker_62148: Send response to client
[ 403 ms ] worker_62148: Start wait for client data...
[ 452 ms ] worker_62148: 13032 bytes were received from client 4
[ 452 ms ] worker_62148: Start to process client request
[ 452 ms ] worker_62148: Request is not valid!
[ 452 ms ] worker_62148: Send response to client
[ 452 ms ] worker_62148: Start wait for client data...
[ 453 ms ] worker_62148: 1448 bytes were received from client 4
[ 453 ms ] worker_62148: Start to process client request
[ 453 ms ] worker_62148: Request is not valid!
[ 453 ms ] worker_62148: Send response to client
[ 453 ms ] worker_62148: Start wait for client data...
[ 453 ms ] worker_62148: 1448 bytes were received from client 4
[ 453 ms ] worker_62148: Start to process client request
[ 453 ms ] worker_62148: Request is not valid!
[ 453 ms ] worker_62148: Send response to client
[ 453 ms ] worker_62148: Start wait for client data...
[ 453 ms ] worker_62148: 1448 bytes were received from client 4
[ 453 ms ] worker_62148: Start to process client request
[ 453 ms ] worker_62148: Request is not valid!
[ 453 ms ] worker_62148: Send response to client
[ 453 ms ] worker_62148: Start wait for client data...
[ 493 ms ] worker_62148: 1448 bytes were received from client 4
[ 493 ms ] worker_62148: Start to process client request
[ 493 ms ] worker_62148: Request is not valid!
[ 493 ms ] worker_62148: Send response to client
[ 493 ms ] worker_62148: Start wait for client data...
[ 494 ms ] worker_62148: 2896 bytes were received from client 4
[ 494 ms ] worker_62148: Start to process client request
[ 494 ms ] worker_62148: Request is not valid!
[ 494 ms ] worker_62148: Send response to client
[ 494 ms ] worker_62148: Start wait for client data...
[ 494 ms ] worker_62148: 2896 bytes were received from client 4
[ 494 ms ] worker_62148: Start to process client request
[ 494 ms ] worker_62148: Request is not valid!
[ 494 ms ] worker_62148: Send response to client
[ 494 ms ] worker_62148: Start wait for client data...
[ 494 ms ] worker_62148: 1448 bytes were received from client 4
[ 494 ms ] worker_62148: Start to process client request
[ 494 ms ] worker_62148: Request is not valid!
[ 494 ms ] worker_62148: Send response to client
[ 494 ms ] worker_62148: Start wait for client data...
[ 494 ms ] worker_62148: 1448 bytes were received from client 4
[ 494 ms ] worker_62148: Start to process client request
[ 494 ms ] worker_62148: Request is not valid!
[ 494 ms ] worker_62148: Send response to client
[ 494 ms ] worker_62148: Start wait for client data...
[ 527 ms ] worker_62148: 2896 bytes were received from client 4
[ 527 ms ] worker_62148: Start to process client request
[ 527 ms ] worker_62148: Request is not valid!
[ 527 ms ] worker_62148: Send response to client
[ 527 ms ] worker_62148: Start wait for client data...
[ 529 ms ] worker_62148: 1448 bytes were received from client 4
[ 529 ms ] worker_62148: Start to process client request
[ 529 ms ] worker_62148: Request is not valid!
[ 529 ms ] worker_62148: Send response to client
[ 529 ms ] worker_62148: Start wait for client data...
[ 533 ms ] worker_62148: 2896 bytes were received from client 4
[ 533 ms ] worker_62148: Start to process client request
[ 533 ms ] worker_62148: Request is not valid!
[ 533 ms ] worker_62148: Send response to client
[ 533 ms ] worker_62148: Start wait for client data...
[ 533 ms ] worker_62148: 2896 bytes were received from client 4
[ 533 ms ] worker_62148: Start to process client request
[ 533 ms ] worker_62148: Request is not valid!
[ 533 ms ] worker_62148: Send response to client
[ 533 ms ] worker_62148: Start wait for client data...
[ 533 ms ] worker_62148: 1448 bytes were received from client 4
[ 533 ms ] worker_62148: Start to process client request
[ 533 ms ] worker_62148: Request is not valid!
[ 533 ms ] worker_62148: Send response to client
[ 534 ms ] worker_62148: Start wait for client data...
[ 534 ms ] worker_62148: 1448 bytes were received from client 4
[ 534 ms ] worker_62148: Start to process client request
[ 534 ms ] worker_62148: Request is not valid!
[ 534 ms ] worker_62148: Send response to client
[ 534 ms ] worker_62148: Start wait for client data...
[ 568 ms ] worker_62148: 2896 bytes were received from client 4
[ 568 ms ] worker_62148: Start to process client request
[ 568 ms ] worker_62148: Request is not valid!
[ 568 ms ] worker_62148: Send response to client
[ 568 ms ] worker_62148: Start wait for client data...
[ 569 ms ] worker_62148: 2896 bytes were received from client 4
[ 569 ms ] worker_62148: Start to process client request
[ 569 ms ] worker_62148: Request is not valid!
[ 569 ms ] worker_62148: Send response to client
[ 569 ms ] worker_62148: Start wait for client data...
[ 574 ms ] worker_62148: 2896 bytes were received from client 4
[ 575 ms ] worker_62148: Start to process client request
[ 575 ms ] worker_62148: Request is not valid!
[ 575 ms ] worker_62148: Send response to client
[ 575 ms ] worker_62148: Start wait for client data...
[ 575 ms ] worker_62148: 1448 bytes were received from client 4
[ 575 ms ] worker_62148: Start to process client request
[ 575 ms ] worker_62148: Request is not valid!
[ 575 ms ] worker_62148: Send response to client
[ 575 ms ] worker_62148: Start wait for client data...
[ 575 ms ] worker_62148: 1448 bytes were received from client 4
[ 575 ms ] worker_62148: Start to process client request
[ 575 ms ] worker_62148: Request is not valid!
[ 575 ms ] worker_62148: Send response to client
[ 575 ms ] worker_62148: Start wait for client data...
[ 575 ms ] worker_62148: 1448 bytes were received from client 4
[ 575 ms ] worker_62148: Start to process client request
[ 575 ms ] worker_62148: Request is not valid!
[ 575 ms ] worker_62148: Send response to client
[ 575 ms ] worker_62148: Start wait for client data...
[ 615 ms ] worker_62148: 1448 bytes were received from client 4
[ 615 ms ] worker_62148: Start to process client request
[ 615 ms ] worker_62148: Request is not valid!
[ 615 ms ] worker_62148: Send response to client
[ 615 ms ] worker_62148: Start wait for client data...
[ 620 ms ] worker_62148: 1448 bytes were received from client 4
[ 620 ms ] worker_62148: Start to process client request
[ 620 ms ] worker_62148: Request is not valid!
[ 620 ms ] worker_62148: Send response to client
[ 620 ms ] worker_62148: Start wait for client data...
[ 621 ms ] worker_62148: 2896 bytes were received from client 4
[ 621 ms ] worker_62148: Start to process client request
[ 621 ms ] worker_62148: Request is not valid!
[ 621 ms ] worker_62148: Send response to client
[ 621 ms ] worker_62148: Start wait for client data...
[ 621 ms ] worker_62148: 2896 bytes were received from client 4
[ 621 ms ] worker_62148: Start to process client request
[ 621 ms ] worker_62148: Request is not valid!
[ 621 ms ] worker_62148: Send response to client
[ 621 ms ] worker_62148: Start wait for client data...
[ 621 ms ] worker_62148: 2896 bytes were received from client 4
[ 621 ms ] worker_62148: Start to process client request
[ 621 ms ] worker_62148: Request is not valid!
[ 621 ms ] worker_62148: Send response to client
[ 621 ms ] worker_62148: Start wait for client data...
[ 621 ms ] worker_62148: 1448 bytes were received from client 4
[ 621 ms ] worker_62148: Start to process client request
[ 621 ms ] worker_62148: Request is not valid!
[ 621 ms ] worker_62148: Send response to client
[ 621 ms ] worker_62148: Start wait for client data...
[ 674 ms ] worker_62148: 1448 bytes were received from client 4
[ 674 ms ] worker_62148: Start to process client request
[ 674 ms ] worker_62148: Request is not valid!
[ 674 ms ] worker_62148: Send response to client
[ 674 ms ] worker_62148: Start wait for client data...
[ 675 ms ] worker_62148: 1448 bytes were received from client 4
[ 675 ms ] worker_62148: Start to process client request
[ 675 ms ] worker_62148: Request is not valid!
[ 675 ms ] worker_62148: Send response to client
[ 675 ms ] worker_62148: Start wait for client data...
[ 675 ms ] worker_62148: 1448 bytes were received from client 4
[ 675 ms ] worker_62148: Start to process client request
[ 675 ms ] worker_62148: Request is not valid!
[ 675 ms ] worker_62148: Send response to client
[ 675 ms ] worker_62148: Start wait for client data...
[ 675 ms ] worker_62148: 1448 bytes were received from client 4
[ 675 ms ] worker_62148: Start to process client request
[ 675 ms ] worker_62148: Request is not valid!
[ 675 ms ] worker_62148: Send response to client
[ 675 ms ] worker_62148: Start wait for client data...
[ 676 ms ] worker_62148: 1448 bytes were received from client 4
[ 676 ms ] worker_62148: Start to process client request
[ 676 ms ] worker_62148: Request is not valid!
[ 676 ms ] worker_62148: Send response to client
[ 676 ms ] worker_62148: Start wait for client data...
[ 676 ms ] worker_62148: 1448 bytes were received from client 4
[ 676 ms ] worker_62148: Start to process client request
[ 676 ms ] worker_62148: Request is not valid!
[ 676 ms ] worker_62148: Send response to client
[ 676 ms ] worker_62148: Start wait for client data...
[ 676 ms ] worker_62148: 1448 bytes were received from client 4
[ 676 ms ] worker_62148: Start to process client request
[ 676 ms ] worker_62148: Request is not valid!
[ 676 ms ] worker_62148: Send response to client
[ 676 ms ] worker_62148: Start wait for client data...
[ 676 ms ] worker_62148: 1448 bytes were received from client 4
[ 676 ms ] worker_62148: Start to process client request
[ 676 ms ] worker_62148: Request is not valid!
[ 676 ms ] worker_62148: Send response to client
[ 676 ms ] worker_62148: Start wait for client data...
[ 706 ms ] worker_62148: 1448 bytes were received from client 4
[ 706 ms ] worker_62148: Start to process client request
[ 706 ms ] worker_62148: Request is not valid!
[ 706 ms ] worker_62148: Send response to client
[ 706 ms ] worker_62148: Start wait for client data...
[ 706 ms ] worker_62148: 1448 bytes were received from client 4
[ 706 ms ] worker_62148: Start to process client request
[ 706 ms ] worker_62148: Request is not valid!
[ 706 ms ] worker_62148: Send response to client
[ 706 ms ] worker_62148: Start wait for client data...
[ 707 ms ] worker_62148: 1448 bytes were received from client 4
[ 707 ms ] worker_62148: Start to process client request
[ 707 ms ] worker_62148: Request is not valid!
[ 707 ms ] worker_62148: Send response to client
[ 707 ms ] worker_62148: Start wait for client data...
[ 708 ms ] worker_62148: 2896 bytes were received from client 4
[ 708 ms ] worker_62148: Start to process client request
[ 708 ms ] worker_62148: Request is not valid!
[ 708 ms ] worker_62148: Send response to client
[ 708 ms ] worker_62148: Start wait for client data...
[ 708 ms ] worker_62148: 2896 bytes were received from client 4
[ 708 ms ] worker_62148: Start to process client request
[ 708 ms ] worker_62148: Request is not valid!
[ 708 ms ] worker_62148: Send response to client
[ 708 ms ] worker_62148: Start wait for client data...
[ 708 ms ] worker_62148: 1448 bytes were received from client 4
[ 708 ms ] worker_62148: Start to process client request
[ 708 ms ] worker_62148: Request is not valid!
[ 708 ms ] worker_62148: Send response to client
[ 708 ms ] worker_62148: Start wait for client data...
[ 720 ms ] worker_62148: 1448 bytes were received from client 4
[ 720 ms ] worker_62148: Start to process client request
[ 720 ms ] worker_62148: Request is not valid!
[ 720 ms ] worker_62148: Send response to client
[ 720 ms ] worker_62148: Start wait for client data...
[ 734 ms ] worker_62148: 1448 bytes were received from client 4
[ 734 ms ] worker_62148: Start to process client request
[ 734 ms ] worker_62148: Request is not valid!
[ 734 ms ] worker_62148: Send response to client
[ 734 ms ] worker_62148: Start wait for client data...
[ 734 ms ] worker_62148: 2896 bytes were received from client 4
[ 734 ms ] worker_62148: Start to process client request
[ 734 ms ] worker_62148: Request is not valid!
[ 734 ms ] worker_62148: Send response to client
[ 734 ms ] worker_62148: Start wait for client data...
[ 736 ms ] worker_62148: 4344 bytes were received from client 4
[ 736 ms ] worker_62148: Start to process client request
[ 736 ms ] worker_62148: Request is not valid!
[ 736 ms ] worker_62148: Send response to client
[ 736 ms ] worker_62148: Start wait for client data...
[ 737 ms ] worker_62148: 1448 bytes were received from client 4
[ 737 ms ] worker_62148: Start to process client request
[ 737 ms ] worker_62148: Request is not valid!
[ 737 ms ] worker_62148: Send response to client
[ 737 ms ] worker_62148: Start wait for client data...
[ 738 ms ] worker_62148: 1448 bytes were received from client 4
[ 738 ms ] worker_62148: Start to process client request
[ 738 ms ] worker_62148: Request is not valid!
[ 738 ms ] worker_62148: Send response to client
[ 738 ms ] worker_62148: Start wait for client data...
[ 738 ms ] worker_62148: 1448 bytes were received from client 4
[ 738 ms ] worker_62148: Start to process client request
[ 738 ms ] worker_62148: Request is not valid!
[ 738 ms ] worker_62148: Send response to client
[ 738 ms ] worker_62148: Start wait for client data...
[ 738 ms ] worker_62148: 1448 bytes were received from client 4
[ 738 ms ] worker_62148: Start to process client request
[ 738 ms ] worker_62148: Request is not valid!
[ 738 ms ] worker_62148: Send response to client
[ 738 ms ] worker_62148: Start wait for client data...
[ 748 ms ] worker_62148: 1448 bytes were received from client 4
[ 748 ms ] worker_62148: Start to process client request
[ 748 ms ] worker_62148: Request is not valid!
[ 748 ms ] worker_62148: Send response to client
[ 748 ms ] worker_62148: Start wait for client data...
[ 748 ms ] worker_62148: 1448 bytes were received from client 4
[ 748 ms ] worker_62148: Start to process client request
[ 748 ms ] worker_62148: Request is not valid!
[ 748 ms ] worker_62148: Send response to client
[ 748 ms ] worker_62148: Start wait for client data...
[ 748 ms ] worker_62148: 1448 bytes were received from client 4
[ 748 ms ] worker_62148: Start to process client request
[ 748 ms ] worker_62148: Request is not valid!
[ 748 ms ] worker_62148: Send response to client
[ 748 ms ] worker_62148: Start wait for client data...
[ 751 ms ] worker_62148: 4344 bytes were received from client 4
[ 751 ms ] worker_62148: Start to process client request
[ 751 ms ] worker_62148: Request is not valid!
[ 751 ms ] worker_62148: Send response to client
[ 751 ms ] worker_62148: Start wait for client data...
[ 751 ms ] worker_62148: 2896 bytes were received from client 4
[ 751 ms ] worker_62148: Start to process client request
[ 751 ms ] worker_62148: Request is not valid!
[ 751 ms ] worker_62148: Send response to client
[ 751 ms ] worker_62148: Start wait for client data...
[ 751 ms ] worker_62148: 1448 bytes were received from client 4
[ 751 ms ] worker_62148: Start to process client request
[ 751 ms ] worker_62148: Request is not valid!
[ 751 ms ] worker_62148: Send response to client
[ 751 ms ] worker_62148: Start wait for client data...
[ 758 ms ] worker_62148: 1448 bytes were received from client 4
[ 758 ms ] worker_62148: Start to process client request
[ 758 ms ] worker_62148: Request is not valid!
[ 758 ms ] worker_62148: Send response to client
[ 758 ms ] worker_62148: Start wait for client data...
[ 758 ms ] worker_62148: 1448 bytes were received from client 4
[ 758 ms ] worker_62148: Start to process client request
[ 758 ms ] worker_62148: Request is not valid!
[ 758 ms ] worker_62148: Send response to client
[ 758 ms ] worker_62148: Start wait for client data...
[ 758 ms ] worker_62148: 1448 bytes were received from client 4
[ 758 ms ] worker_62148: Start to process client request
[ 758 ms ] worker_62148: Request is not valid!
[ 758 ms ] worker_62148: Send response to client
[ 758 ms ] worker_62148: Start wait for client data...
[ 758 ms ] worker_62148: 1448 bytes were received from client 4
[ 758 ms ] worker_62148: Start to process client request
[ 758 ms ] worker_62148: Request is not valid!
[ 758 ms ] worker_62148: Send response to client
[ 758 ms ] worker_62148: Start wait for client data...
[ 765 ms ] worker_62148: 1448 bytes were received from client 4
[ 765 ms ] worker_62148: Start to process client request
[ 765 ms ] worker_62148: Request is not valid!
[ 765 ms ] worker_62148: Send response to client
[ 765 ms ] worker_62148: Start wait for client data...
[ 765 ms ] worker_62148: 1448 bytes were received from client 4
[ 765 ms ] worker_62148: Start to process client request
[ 765 ms ] worker_62148: Request is not valid!
[ 765 ms ] worker_62148: Send response to client
[ 765 ms ] worker_62148: Start wait for client data...
[ 766 ms ] worker_62148: 1448 bytes were received from client 4
[ 766 ms ] worker_62148: Start to process client request
[ 766 ms ] worker_62148: Request is not valid!
[ 766 ms ] worker_62148: Send response to client
[ 766 ms ] worker_62148: Start wait for client data...
[ 766 ms ] worker_62148: 1448 bytes were received from client 4
[ 766 ms ] worker_62148: Start to process client request
[ 766 ms ] worker_62148: Request is not valid!
[ 766 ms ] worker_62148: Send response to client
[ 766 ms ] worker_62148: Start wait for client data...
[ 766 ms ] worker_62148: 1448 bytes were received from client 4
[ 766 ms ] worker_62148: Start to process client request
[ 766 ms ] worker_62148: Request is not valid!
[ 766 ms ] worker_62148: Send response to client
[ 766 ms ] worker_62148: Start wait for client data...
[ 773 ms ] worker_62148: 2896 bytes were received from client 4
[ 773 ms ] worker_62148: Start to process client request
[ 773 ms ] worker_62148: Request is not valid!
[ 773 ms ] worker_62148: Send response to client
[ 773 ms ] worker_62148: Start wait for client data...
[ 773 ms ] worker_62148: 1448 bytes were received from client 4
[ 773 ms ] worker_62148: Start to process client request
[ 773 ms ] worker_62148: Request is not valid!
[ 773 ms ] worker_62148: Send response to client
[ 773 ms ] worker_62148: Start wait for client data...
[ 773 ms ] worker_62148: 1448 bytes were received from client 4
[ 773 ms ] worker_62148: Start to process client request
[ 773 ms ] worker_62148: Request is not valid!
[ 773 ms ] worker_62148: Send response to client
[ 773 ms ] worker_62148: Start wait for client data...
[ 773 ms ] worker_62148: 1448 bytes were received from client 4
[ 773 ms ] worker_62148: Start to process client request
[ 773 ms ] worker_62148: Request is not valid!
[ 773 ms ] worker_62148: Send response to client
[ 773 ms ] worker_62148: Start wait for client data...
[ 775 ms ] worker_62148: 2896 bytes were received from client 4
[ 775 ms ] worker_62148: Start to process client request
[ 775 ms ] worker_62148: Request is not valid!
[ 775 ms ] worker_62148: Send response to client
[ 775 ms ] worker_62148: Start wait for client data...
[ 775 ms ] worker_62148: 1448 bytes were received from client 4
[ 775 ms ] worker_62148: Start to process client request
[ 775 ms ] worker_62148: Request is not valid!
[ 775 ms ] worker_62148: Send response to client
[ 775 ms ] worker_62148: Start wait for client data...
[ 775 ms ] worker_62148: 1448 bytes were received from client 4
[ 775 ms ] worker_62148: Start to process client request
[ 775 ms ] worker_62148: Request is not valid!
[ 775 ms ] worker_62148: Send response to client
[ 775 ms ] worker_62148: Start wait for client data...
[ 775 ms ] worker_62148: 1448 bytes were received from client 4
[ 775 ms ] worker_62148: Start to process client request
[ 775 ms ] worker_62148: Request is not valid!
[ 775 ms ] worker_62148: Send response to client
[ 775 ms ] worker_62148: Start wait for client data...
[ 780 ms ] worker_62148: 1448 bytes were received from client 4
[ 780 ms ] worker_62148: Start to process client request
[ 780 ms ] worker_62148: Request is not valid!
[ 780 ms ] worker_62148: Send response to client
[ 780 ms ] worker_62148: Start wait for client data...
[ 780 ms ] worker_62148: 2896 bytes were received from client 4
[ 780 ms ] worker_62148: Start to process client request
[ 780 ms ] worker_62148: Request is not valid!
[ 780 ms ] worker_62148: Send response to client
[ 780 ms ] worker_62148: Start wait for client data...
[ 781 ms ] worker_62148: 1448 bytes were received from client 4
[ 781 ms ] worker_62148: Start to process client request
[ 781 ms ] worker_62148: Request is not valid!
[ 781 ms ] worker_62148: Send response to client
[ 781 ms ] worker_62148: Start wait for client data...
[ 781 ms ] worker_62148: 1448 bytes were received from client 4
[ 781 ms ] worker_62148: Start to process client request
[ 781 ms ] worker_62148: Request is not valid!
[ 781 ms ] worker_62148: Send response to client
[ 781 ms ] worker_62148: Start wait for client data...
[ 781 ms ] worker_62148: 1448 bytes were received from client 4
[ 781 ms ] worker_62148: Start to process client request
[ 781 ms ] worker_62148: Request is not valid!
[ 781 ms ] worker_62148: Send response to client
[ 781 ms ] worker_62148: Start wait for client data...
[ 781 ms ] worker_62148: 2896 bytes were received from client 4
[ 781 ms ] worker_62148: Start to process client request
[ 781 ms ] worker_62148: Request is not valid!
[ 781 ms ] worker_62148: Send response to client
[ 781 ms ] worker_62148: Start wait for client data...
[ 781 ms ] worker_62148: 2896 bytes were received from client 4
[ 781 ms ] worker_62148: Start to process client request
[ 781 ms ] worker_62148: Request is not valid!
[ 781 ms ] worker_62148: Send response to client
[ 781 ms ] worker_62148: Start wait for client data...
[ 781 ms ] worker_62148: 1448 bytes were received from client 4
[ 781 ms ] worker_62148: Start to process client request
[ 781 ms ] worker_62148: Request is not valid!
[ 781 ms ] worker_62148: Send response to client
[ 781 ms ] worker_62148: Start wait for client data...
[ 784 ms ] worker_62148: 2896 bytes were received from client 4
[ 784 ms ] worker_62148: Start to process client request
[ 784 ms ] worker_62148: Request is not valid!
[ 784 ms ] worker_62148: Send response to client
[ 784 ms ] worker_62148: Start wait for client data...
[ 786 ms ] worker_62148: 2896 bytes were received from client 4
[ 786 ms ] worker_62148: Start to process client request
[ 786 ms ] worker_62148: Request is not valid!
[ 786 ms ] worker_62148: Send response to client
[ 786 ms ] worker_62148: Start wait for client data...
[ 786 ms ] worker_62148: 1448 bytes were received from client 4
[ 786 ms ] worker_62148: Start to process client request
[ 786 ms ] worker_62148: Request is not valid!
[ 786 ms ] worker_62148: Send response to client
[ 786 ms ] worker_62148: Start wait for client data...
[ 786 ms ] worker_62148: 1448 bytes were received from client 4
[ 786 ms ] worker_62148: Start to process client request
[ 786 ms ] worker_62148: Request is not valid!
[ 786 ms ] worker_62148: Send response to client
[ 786 ms ] worker_62148: Start wait for client data...
[ 786 ms ] worker_62148: 1448 bytes were received from client 4
[ 786 ms ] worker_62148: Start to process client request
[ 786 ms ] worker_62148: Request is not valid!
[ 786 ms ] worker_62148: Send response to client
[ 786 ms ] worker_62148: Start wait for client data...
[ 786 ms ] worker_62148: 1448 bytes were received from client 4
[ 786 ms ] worker_62148: Start to process client request
[ 786 ms ] worker_62148: Request is not valid!
[ 786 ms ] worker_62148: Send response to client
[ 786 ms ] worker_62148: Start wait for client data...
[ 787 ms ] worker_62148: 2896 bytes were received from client 4
[ 787 ms ] worker_62148: Start to process client request
[ 787 ms ] worker_62148: Request is not valid!
[ 787 ms ] worker_62148: Send response to client
[ 787 ms ] worker_62148: Start wait for client data...
[ 787 ms ] worker_62148: Error was occurred while receiving data from client
[ 787 ms ] worker_62148: Exit
[ 788 ms ] END
