[ 0 ms ] START
[ 0 ms ] worker_62163: Hello, I'm new worker!
[ 0 ms ] worker_62163: Incomming connection info: 0.0.0.0 : 0New client socket was created: 4

[ 0 ms ] worker_62163: Start wait for client data...
[ 129 ms ] worker_62163: 1448 bytes were received from client 4
[ 129 ms ] worker_62163: Start to process client request
[ 129 ms ] worker_62163: Request is not valid!
[ 129 ms ] worker_62163: Send response to client
[ 129 ms ] worker_62163: Start wait for client data...
[ 129 ms ] worker_62163: 1448 bytes were received from client 4
[ 129 ms ] worker_62163: Start to process client request
[ 129 ms ] worker_62163: Request is not valid!
[ 129 ms ] worker_62163: Send response to client
[ 129 ms ] worker_62163: Start wait for client data...
[ 130 ms ] worker_62163: 1448 bytes were received from client 4
[ 130 ms ] worker_62163: Start to process client request
[ 130 ms ] worker_62163: Request is not valid!
[ 130 ms ] worker_62163: Send response to client
[ 130 ms ] worker_62163: Start wait for client data...
[ 130 ms ] worker_62163: 2896 bytes were received from client 4
[ 130 ms ] worker_62163: Start to process client request
[ 130 ms ] worker_62163: Request is not valid!
[ 130 ms ] worker_62163: Send response to client
[ 130 ms ] worker_62163: Start wait for client data...
[ 131 ms ] worker_62163: 1448 bytes were received from client 4
[ 131 ms ] worker_62163: Start to process client request
[ 131 ms ] worker_62163: Request is not valid!
[ 131 ms ] worker_62163: Send response to client
[ 131 ms ] worker_62163: Start wait for client data...
[ 131 ms ] worker_62163: 1448 bytes were received from client 4
[ 131 ms ] worker_62163: Start to process client request
[ 131 ms ] worker_62163: Request is not valid!
[ 131 ms ] worker_62163: Send response to client
[ 131 ms ] worker_62163: Start wait for client data...
[ 131 ms ] worker_62163: 2896 bytes were received from client 4
[ 131 ms ] worker_62163: Start to process client request
[ 131 ms ] worker_62163: Request is not valid!
[ 131 ms ] worker_62163: Send response to client
[ 131 ms ] worker_62163: Start wait for client data...
[ 131 ms ] worker_62163: 1448 bytes were received from client 4
[ 131 ms ] worker_62163: Start to process client request
[ 131 ms ] worker_62163: Request is not valid!
[ 131 ms ] worker_62163: Send response to client
[ 131 ms ] worker_62163: Start wait for client data...
[ 698 ms ] worker_62163: 1448 bytes were received from client 4
[ 698 ms ] worker_62163: Start to process client request
[ 698 ms ] worker_62163: Request is not valid!
[ 698 ms ] worker_62163: Send response to client
[ 698 ms ] worker_62163: Start wait for client data...
[ 997 ms ] worker_62163: 1448 bytes were received from client 4
[ 997 ms ] worker_62163: Start to process client request
[ 997 ms ] worker_62163: Request is not valid!
[ 997 ms ] worker_62163: Send response to client
[ 997 ms ] worker_62163: Start wait for client data...
[ 998 ms ] worker_62163: 1448 bytes were received from client 4
[ 998 ms ] worker_62163: Start to process client request
[ 998 ms ] worker_62163: Request is not valid!
[ 998 ms ] worker_62163: Send response to client
[ 998 ms ] worker_62163: Start wait for client data...
[ 998 ms ] worker_62163: 1448 bytes were received from client 4
[ 998 ms ] worker_62163: Start to process client request
[ 998 ms ] worker_62163: Request is not valid!
[ 998 ms ] worker_62163: Send response to client
[ 998 ms ] worker_62163: Start wait for client data...
[ 1155 ms ] worker_62163: 1448 bytes were received from client 4
[ 1155 ms ] worker_62163: Start to process client request
[ 1155 ms ] worker_62163: Request is not valid!
[ 1155 ms ] worker_62163: Send response to client
[ 1155 ms ] worker_62163: Start wait for client data...
[ 1155 ms ] worker_62163: 1448 bytes were received from client 4
[ 1155 ms ] worker_62163: Start to process client request
[ 1155 ms ] worker_62163: Request is not valid!
[ 1155 ms ] worker_62163: Send response to client
[ 1155 ms ] worker_62163: Start wait for client data...
[ 1159 ms ] worker_62163: 2896 bytes were received from client 4
[ 1159 ms ] worker_62163: Start to process client request
[ 1159 ms ] worker_62163: Request is not valid!
[ 1159 ms ] worker_62163: Send response to client
[ 1159 ms ] worker_62163: Start wait for client data...
[ 1159 ms ] worker_62163: 1448 bytes were received from client 4
[ 1159 ms ] worker_62163: Start to process client request
[ 1159 ms ] worker_62163: Request is not valid!
[ 1159 ms ] worker_62163: Send response to client
[ 1159 ms ] worker_62163: Start wait for client data...
[ 1159 ms ] worker_62163: 1448 bytes were received from client 4
[ 1159 ms ] worker_62163: Start to process client request
[ 1159 ms ] worker_62163: Request is not valid!
[ 1159 ms ] worker_62163: Send response to client
[ 1159 ms ] worker_62163: Start wait for client data...
[ 1194 ms ] worker_62163: 4344 bytes were received from client 4
[ 1194 ms ] worker_62163: Start to process client request
[ 1194 ms ] worker_62163: Request is not valid!
[ 1194 ms ] worker_62163: Send response to client
[ 1194 ms ] worker_62163: Start wait for client data...
[ 1194 ms ] worker_62163: 2896 bytes were received from client 4
[ 1194 ms ] worker_62163: Start to process client request
[ 1194 ms ] worker_62163: Request is not valid!
[ 1194 ms ] worker_62163: Send response to client
[ 1194 ms ] worker_62163: Start wait for client data...
[ 1194 ms ] worker_62163: 2896 bytes were received from client 4
[ 1194 ms ] worker_62163: Start to process client request
[ 1194 ms ] worker_62163: Request is not valid!
[ 1194 ms ] worker_62163: Send response to client
[ 1194 ms ] worker_62163: Start wait for client data...
[ 1328 ms ] worker_62163: 1448 bytes were received from client 4
[ 1328 ms ] worker_62163: Start to process client request
[ 1328 ms ] worker_62163: Request is not valid!
[ 1328 ms ] worker_62163: Send response to client
[ 1328 ms ] worker_62163: Start wait for client data...
[ 1708 ms ] worker_62163: 1448 bytes were received from client 4
[ 1708 ms ] worker_62163: Start to process client request
[ 1708 ms ] worker_62163: Request is not valid!
[ 1708 ms ] worker_62163: Send response to client
[ 1708 ms ] worker_62163: Start wait for client data...
[ 1747 ms ] worker_62163: 1448 bytes were received from client 4
[ 1748 ms ] worker_62163: Start to process client request
[ 1748 ms ] worker_62163: Request is not valid!
[ 1748 ms ] worker_62163: Send response to client
[ 1748 ms ] worker_62163: Start wait for client data...
[ 1915 ms ] worker_62163: 1448 bytes were received from client 4
[ 1915 ms ] worker_62163: Start to process client request
[ 1915 ms ] worker_62163: Request is not valid!
[ 1915 ms ] worker_62163: Send response to client
[ 1915 ms ] worker_62163: Start wait for client data...
[ 2053 ms ] worker_62163: 1448 bytes were received from client 4
[ 2053 ms ] worker_62163: Start to process client request
[ 2053 ms ] worker_62163: Request is not valid!
[ 2053 ms ] worker_62163: Send response to client
[ 2053 ms ] worker_62163: Start wait for client data...
[ 2325 ms ] worker_62163: 1448 bytes were received from client 4
[ 2325 ms ] worker_62163: Start to process client request
[ 2325 ms ] worker_62163: Request is not valid!
[ 2325 ms ] worker_62163: Send response to client
[ 2325 ms ] worker_62163: Start wait for client data...
[ 2325 ms ] worker_62163: 1448 bytes were received from client 4
[ 2325 ms ] worker_62163: Start to process client request
[ 2325 ms ] worker_62163: Request is not valid!
[ 2325 ms ] worker_62163: Send response to client
[ 2325 ms ] worker_62163: Start wait for client data...
[ 2325 ms ] worker_62163: 1448 bytes were received from client 4
[ 2325 ms ] worker_62163: Start to process client request
[ 2325 ms ] worker_62163: Request is not valid!
[ 2325 ms ] worker_62163: Send response to client
[ 2325 ms ] worker_62163: Start wait for client data...
[ 2329 ms ] worker_62163: 2884 bytes were received from client 4
[ 2329 ms ] worker_62163: Start to process client request
[ 2329 ms ] worker_62163: Request is not valid!
[ 2329 ms ] worker_62163: Send response to client
[ 2329 ms ] worker_62163: Start wait for client data...
[ 2338 ms ] worker_62163: 12 bytes were received from client 4
[ 2338 ms ] worker_62163: Start to process client request
[ 2338 ms ] worker_62163: Request is not valid!
[ 2338 ms ] worker_62163: Send response to client
[ 2338 ms ] worker_62163: Start wait for client data...
[ 2354 ms ] worker_62163: 1448 bytes were received from client 4
[ 2354 ms ] worker_62163: Start to process client request
[ 2354 ms ] worker_62163: Request is not valid!
[ 2354 ms ] worker_62163: Send response to client
[ 2354 ms ] worker_62163: Start wait for client data...
[ 2354 ms ] worker_62163: 1448 bytes were received from client 4
[ 2354 ms ] worker_62163: Start to process client request
[ 2354 ms ] worker_62163: Request is not valid!
[ 2354 ms ] worker_62163: Send response to client
[ 2354 ms ] worker_62163: Start wait for client data...
[ 2354 ms ] worker_62163: 1448 bytes were received from client 4
[ 2354 ms ] worker_62163: Start to process client request
[ 2354 ms ] worker_62163: Request is not valid!
[ 2354 ms ] worker_62163: Send response to client
[ 2354 ms ] worker_62163: Start wait for client data...
[ 2370 ms ] worker_62163: 1448 bytes were received from client 4
[ 2370 ms ] worker_62163: Start to process client request
[ 2370 ms ] worker_62163: Request is not valid!
[ 2370 ms ] worker_62163: Send response to client
[ 2370 ms ] worker_62163: Start wait for client data...
[ 2521 ms ] worker_62163: 1448 bytes were received from client 4
[ 2521 ms ] worker_62163: Start to process client request
[ 2521 ms ] worker_62163: Request is not valid!
[ 2521 ms ] worker_62163: Send response to client
[ 2521 ms ] worker_62163: Start wait for client data...
[ 2521 ms ] worker_62163: 1428 bytes were received from client 4
[ 2521 ms ] worker_62163: Start to process client request
[ 2521 ms ] worker_62163: Request is not valid!
[ 2521 ms ] worker_62163: Send response to client
[ 2521 ms ] worker_62163: Start wait for client data...
[ 2524 ms ] worker_62163: 20 bytes were received from client 4
[ 2524 ms ] worker_62163: Start to process client request
[ 2524 ms ] worker_62163: Request is not valid!
[ 2524 ms ] worker_62163: Send response to client
[ 2524 ms ] worker_62163: Start wait for client data...
[ 2524 ms ] worker_62163: 1448 bytes were received from client 4
[ 2524 ms ] worker_62163: Start to process client request
[ 2524 ms ] worker_62163: Request is not valid!
[ 2524 ms ] worker_62163: Send response to client
[ 2524 ms ] worker_62163: Start wait for client data...
[ 2524 ms ] worker_62163: 1448 bytes were received from client 4
[ 2524 ms ] worker_62163: Start to process client request
[ 2524 ms ] worker_62163: Request is not valid!
[ 2524 ms ] worker_62163: Send response to client
[ 2524 ms ] worker_62163: Start wait for client data...
[ 2525 ms ] worker_62163: 1448 bytes were received from client 4
[ 2525 ms ] worker_62163: Start to process client request
[ 2525 ms ] worker_62163: Request is not valid!
[ 2525 ms ] worker_62163: Send response to client
[ 2525 ms ] worker_62163: Start wait for client data...
[ 2525 ms ] worker_62163: 1448 bytes were received from client 4
[ 2525 ms ] worker_62163: Start to process client request
[ 2525 ms ] worker_62163: Request is not valid!
[ 2525 ms ] worker_62163: Send response to client
[ 2525 ms ] worker_62163: Start wait for client data...
[ 2529 ms ] worker_62163: 1428 bytes were received from client 4
[ 2529 ms ] worker_62163: Start to process client request
[ 2529 ms ] worker_62163: Request is not valid!
[ 2529 ms ] worker_62163: Send response to client
[ 2529 ms ] worker_62163: Start wait for client data...
[ 2552 ms ] worker_62163: 20 bytes were received from client 4
[ 2553 ms ] worker_62163: Start to process client request
[ 2553 ms ] worker_62163: Request is not valid!
[ 2553 ms ] worker_62163: Send response to client
[ 2553 ms ] worker_62163: Start wait for client data...
[ 2553 ms ] worker_62163: 1428 bytes were received from client 4
[ 2553 ms ] worker_62163: Start to process client request
[ 2553 ms ] worker_62163: Request is not valid!
[ 2553 ms ] worker_62163: Send response to client
[ 2553 ms ] worker_62163: Start wait for client data...
[ 2553 ms ] worker_62163: 1428 bytes were received from client 4
[ 2553 ms ] worker_62163: Start to process client request
[ 2553 ms ] worker_62163: Request is not valid!
[ 2553 ms ] worker_62163: Send response to client
[ 2553 ms ] worker_62163: Start wait for client data...
[ 2553 ms ] worker_62163: 1428 bytes were received from client 4
[ 2553 ms ] worker_62163: Start to process client request
[ 2553 ms ] worker_62163: Request is not valid!
[ 2553 ms ] worker_62163: Send response to client
[ 2553 ms ] worker_62163: Start wait for client data...
[ 2553 ms ] worker_62163: 1428 bytes were received from client 4
[ 2553 ms ] worker_62163: Start to process client request
[ 2553 ms ] worker_62163: Request is not valid!
[ 2553 ms ] worker_62163: Send response to client
[ 2553 ms ] worker_62163: Start wait for client data...
[ 2554 ms ] worker_62163: 1428 bytes were received from client 4
[ 2554 ms ] worker_62163: Start to process client request
[ 2554 ms ] worker_62163: Request is not valid!
[ 2554 ms ] worker_62163: Send response to client
[ 2554 ms ] worker_62163: Start wait for client data...
[ 2554 ms ] worker_62163: 1428 bytes were received from client 4
[ 2554 ms ] worker_62163: Start to process client request
[ 2554 ms ] worker_62163: Request is not valid!
[ 2554 ms ] worker_62163: Send response to client
[ 2554 ms ] worker_62163: Start wait for client data...
[ 2690 ms ] worker_62163: 1428 bytes were received from client 4
[ 2690 ms ] worker_62163: Start to process client request
[ 2690 ms ] worker_62163: Request is not valid!
[ 2690 ms ] worker_62163: Send response to client
[ 2690 ms ] worker_62163: Start wait for client data...
[ 2690 ms ] worker_62163: 1428 bytes were received from client 4
[ 2690 ms ] worker_62163: Start to process client request
[ 2690 ms ] worker_62163: Request is not valid!
[ 2690 ms ] worker_62163: Send response to client
[ 2690 ms ] worker_62163: Start wait for client data...
[ 2982 ms ] worker_62163: 1428 bytes were received from client 4
[ 2982 ms ] worker_62163: Start to process client request
[ 2982 ms ] worker_62163: Request is not valid!
[ 2982 ms ] worker_62163: Send response to client
[ 2982 ms ] worker_62163: Start wait for client data...
[ 2982 ms ] worker_62163: 1428 bytes were received from client 4
[ 2982 ms ] worker_62163: Start to process client request
[ 2982 ms ] worker_62163: Request is not valid!
[ 2982 ms ] worker_62163: Send response to client
[ 2982 ms ] worker_62163: Start wait for client data...
[ 2985 ms ] worker_62163: 4284 bytes were received from client 4
[ 2985 ms ] worker_62163: Start to process client request
[ 2985 ms ] worker_62163: Request is not valid!
[ 2985 ms ] worker_62163: Send response to client
[ 2985 ms ] worker_62163: Start wait for client data...
[ 2986 ms ] worker_62163: 4284 bytes were received from client 4
[ 2986 ms ] worker_62163: Start to process client request
[ 2986 ms ] worker_62163: Request is not valid!
[ 2986 ms ] worker_62163: Send response to client
[ 2986 ms ] worker_62163: Start wait for client data...
[ 2986 ms ] worker_62163: 1428 bytes were received from client 4
[ 2986 ms ] worker_62163: Start to process client request
[ 2986 ms ] worker_62163: Request is not valid!
[ 2986 ms ] worker_62163: Send response to client
[ 2986 ms ] worker_62163: Start wait for client data...
[ 2986 ms ] worker_62163: 1428 bytes were received from client 4
[ 2986 ms ] worker_62163: Start to process client request
[ 2986 ms ] worker_62163: Request is not valid!
[ 2986 ms ] worker_62163: Send response to client
[ 2986 ms ] worker_62163: Start wait for client data...
[ 2986 ms ] worker_62163: 1428 bytes were received from client 4
[ 2986 ms ] worker_62163: Start to process client request
[ 2986 ms ] worker_62163: Request is not valid!
[ 2986 ms ] worker_62163: Send response to client
[ 2986 ms ] worker_62163: Start wait for client data...
[ 2986 ms ] worker_62163: 1428 bytes were received from client 4
[ 2986 ms ] worker_62163: Start to process client request
[ 2986 ms ] worker_62163: Request is not valid!
[ 2986 ms ] worker_62163: Send response to client
[ 2986 ms ] worker_62163: Start wait for client data...
[ 2987 ms ] worker_62163: 1428 bytes were received from client 4
[ 2987 ms ] worker_62163: Start to process client request
[ 2987 ms ] worker_62163: Request is not valid!
[ 2987 ms ] worker_62163: Send response to client
[ 2987 ms ] worker_62163: Start wait for client data...
[ 2987 ms ] worker_62163: 1428 bytes were received from client 4
[ 2987 ms ] worker_62163: Start to process client request
[ 2987 ms ] worker_62163: Request is not valid!
[ 2987 ms ] worker_62163: Send response to client
[ 2987 ms ] worker_62163: Start wait for client data...
[ 2988 ms ] worker_62163: 1428 bytes were received from client 4
[ 2988 ms ] worker_62163: Start to process client request
[ 2988 ms ] worker_62163: Request is not valid!
[ 2988 ms ] worker_62163: Send response to client
[ 2988 ms ] worker_62163: Start wait for client data...
[ 3808 ms ] worker_62163: Error was occurred while receiving data from client
[ 3808 ms ] worker_62163: Exit
[ 3809 ms ] END
