[ 0 ms ] START
[ 0 ms ] worker_62142: Hello, I'm new worker!
[ 0 ms ] worker_62142: Incomming connection info: 0.0.0.0 : 0New client socket was created: 4

[ 0 ms ] worker_62142: Start wait for client data...
[ 403 ms ] worker_62142: 14480 bytes were received from client 4
[ 403 ms ] worker_62142: Start to process client request
[ 403 ms ] worker_62142: Request is not valid!
[ 404 ms ] worker_62142: Send response to client
[ 404 ms ] worker_62142: Start wait for client data...
[ 458 ms ] worker_62142: 20008 bytes were received from client 4
[ 458 ms ] worker_62142: Start to process client request
[ 458 ms ] worker_62142: Request is not valid!
[ 458 ms ] worker_62142: Send response to client
[ 458 ms ] worker_62142: Start wait for client data...
[ 458 ms ] worker_62142: 11848 bytes were received from client 4
[ 458 ms ] worker_62142: Start to process client request
[ 458 ms ] worker_62142: Request is not valid!
[ 458 ms ] worker_62142: Send response to client
[ 458 ms ] worker_62142: Start wait for client data...
[ 465 ms ] worker_62142: 4344 bytes were received from client 4
[ 465 ms ] worker_62142: Start to process client request
[ 465 ms ] worker_62142: Request is not valid!
[ 465 ms ] worker_62142: Send response to client
[ 465 ms ] worker_62142: Start wait for client data...
[ 465 ms ] worker_62142: 1448 bytes were received from client 4
[ 465 ms ] worker_62142: Start to process client request
[ 465 ms ] worker_62142: Request is not valid!
[ 465 ms ] worker_62142: Send response to client
[ 465 ms ] worker_62142: Start wait for client data...
[ 498 ms ] worker_62142: 4344 bytes were received from client 4
[ 498 ms ] worker_62142: Start to process client request
[ 498 ms ] worker_62142: Request is not valid!
[ 498 ms ] worker_62142: Send response to client
[ 498 ms ] worker_62142: Start wait for client data...
[ 498 ms ] worker_62142: 4344 bytes were received from client 4
[ 498 ms ] worker_62142: Start to process client request
[ 498 ms ] worker_62142: Request is not valid!
[ 498 ms ] worker_62142: Send response to client
[ 498 ms ] worker_62142: Start wait for client data...
[ 499 ms ] worker_62142: 1448 bytes were received from client 4
[ 499 ms ] worker_62142: Start to process client request
[ 499 ms ] worker_62142: Request is not valid!
[ 499 ms ] worker_62142: Send response to client
[ 499 ms ] worker_62142: Start wait for client data...
[ 501 ms ] worker_62142: 1448 bytes were received from client 4
[ 501 ms ] worker_62142: Start to process client request
[ 501 ms ] worker_62142: Request is not valid!
[ 501 ms ] worker_62142: Send response to client
[ 501 ms ] worker_62142: Start wait for client data...
[ 501 ms ] worker_62142: 2896 bytes were received from client 4
[ 501 ms ] worker_62142: Start to process client request
[ 501 ms ] worker_62142: Request is not valid!
[ 501 ms ] worker_62142: Send response to client
[ 501 ms ] worker_62142: Start wait for client data...
[ 501 ms ] worker_62142: 2896 bytes were received from client 4
[ 501 ms ] worker_62142: Start to process client request
[ 501 ms ] worker_62142: Request is not valid!
[ 501 ms ] worker_62142: Send response to client
[ 501 ms ] worker_62142: Start wait for client data...
[ 501 ms ] worker_62142: 2896 bytes were received from client 4
[ 501 ms ] worker_62142: Start to process client request
[ 501 ms ] worker_62142: Request is not valid!
[ 501 ms ] worker_62142: Send response to client
[ 501 ms ] worker_62142: Start wait for client data...
[ 532 ms ] worker_62142: 2896 bytes were received from client 4
[ 532 ms ] worker_62142: Start to process client request
[ 532 ms ] worker_62142: Request is not valid!
[ 532 ms ] worker_62142: Send response to client
[ 532 ms ] worker_62142: Start wait for client data...
[ 532 ms ] worker_62142: 2896 bytes were received from client 4
[ 532 ms ] worker_62142: Start to process client request
[ 532 ms ] worker_62142: Request is not valid!
[ 532 ms ] worker_62142: Send response to client
[ 532 ms ] worker_62142: Start wait for client data...
[ 532 ms ] worker_62142: 1448 bytes were received from client 4
[ 532 ms ] worker_62142: Start to process client request
[ 532 ms ] worker_62142: Request is not valid!
[ 532 ms ] worker_62142: Send response to client
[ 532 ms ] worker_62142: Start wait for client data...
[ 532 ms ] worker_62142: 1448 bytes were received from client 4
[ 532 ms ] worker_62142: Start to process client request
[ 532 ms ] worker_62142: Request is not valid!
[ 532 ms ] worker_62142: Send response to client
[ 532 ms ] worker_62142: Start wait for client data...
[ 532 ms ] worker_62142: 1448 bytes were received from client 4
[ 532 ms ] worker_62142: Start to process client request
[ 532 ms ] worker_62142: Request is not valid!
[ 532 ms ] worker_62142: Send response to client
[ 532 ms ] worker_62142: Start wait for client data...
[ 538 ms ] worker_62142: 1448 bytes were received from client 4
[ 538 ms ] worker_62142: Start to process client request
[ 538 ms ] worker_62142: Request is not valid!
[ 538 ms ] worker_62142: Send response to client
[ 538 ms ] worker_62142: Start wait for client data...
[ 539 ms ] worker_62142: 1448 bytes were received from client 4
[ 539 ms ] worker_62142: Start to process client request
[ 539 ms ] worker_62142: Request is not valid!
[ 539 ms ] worker_62142: Send response to client
[ 539 ms ] worker_62142: Start wait for client data...
[ 539 ms ] worker_62142: 1448 bytes were received from client 4
[ 539 ms ] worker_62142: Start to process client request
[ 539 ms ] worker_62142: Request is not valid!
[ 539 ms ] worker_62142: Send response to client
[ 539 ms ] worker_62142: Start wait for client data...
[ 539 ms ] worker_62142: 2896 bytes were received from client 4
[ 539 ms ] worker_62142: Start to process client request
[ 539 ms ] worker_62142: Request is not valid!
[ 539 ms ] worker_62142: Send response to client
[ 539 ms ] worker_62142: Start wait for client data...
[ 539 ms ] worker_62142: 1448 bytes were received from client 4
[ 539 ms ] worker_62142: Start to process client request
[ 539 ms ] worker_62142: Request is not valid!
[ 539 ms ] worker_62142: Send response to client
[ 539 ms ] worker_62142: Start wait for client data...
[ 539 ms ] worker_62142: 1448 bytes were received from client 4
[ 539 ms ] worker_62142: Start to process client request
[ 539 ms ] worker_62142: Request is not valid!
[ 539 ms ] worker_62142: Send response to client
[ 539 ms ] worker_62142: Start wait for client data...
[ 539 ms ] worker_62142: 1448 bytes were received from client 4
[ 539 ms ] worker_62142: Start to process client request
[ 539 ms ] worker_62142: Request is not valid!
[ 539 ms ] worker_62142: Send response to client
[ 539 ms ] worker_62142: Start wait for client data...
[ 539 ms ] worker_62142: 1448 bytes were received from client 4
[ 539 ms ] worker_62142: Start to process client request
[ 539 ms ] worker_62142: Request is not valid!
[ 539 ms ] worker_62142: Send response to client
[ 539 ms ] worker_62142: Start wait for client data...
[ 572 ms ] worker_62142: 2896 bytes were received from client 4
[ 572 ms ] worker_62142: Start to process client request
[ 572 ms ] worker_62142: Request is not valid!
[ 572 ms ] worker_62142: Send response to client
[ 573 ms ] worker_62142: Start wait for client data...
[ 573 ms ] worker_62142: 2896 bytes were received from client 4
[ 573 ms ] worker_62142: Start to process client request
[ 573 ms ] worker_62142: Request is not valid!
[ 573 ms ] worker_62142: Send response to client
[ 573 ms ] worker_62142: Start wait for client data...
[ 573 ms ] worker_62142: 1448 bytes were received from client 4
[ 573 ms ] worker_62142: Start to process client request
[ 573 ms ] worker_62142: Request is not valid!
[ 573 ms ] worker_62142: Send response to client
[ 573 ms ] worker_62142: Start wait for client data...
[ 573 ms ] worker_62142: 1448 bytes were received from client 4
[ 573 ms ] worker_62142: Start to process client request
[ 573 ms ] worker_62142: Request is not valid!
[ 573 ms ] worker_62142: Send response to client
[ 573 ms ] worker_62142: Start wait for client data...
[ 573 ms ] worker_62142: 1448 bytes were received from client 4
[ 573 ms ] worker_62142: Start to process client request
[ 573 ms ] worker_62142: Request is not valid!
[ 573 ms ] worker_62142: Send response to client
[ 573 ms ] worker_62142: Start wait for client data...
[ 580 ms ] worker_62142: 1448 bytes were received from client 4
[ 580 ms ] worker_62142: Start to process client request
[ 580 ms ] worker_62142: Request is not valid!
[ 580 ms ] worker_62142: Send response to client
[ 580 ms ] worker_62142: Start wait for client data...
[ 580 ms ] worker_62142: 1448 bytes were received from client 4
[ 580 ms ] worker_62142: Start to process client request
[ 580 ms ] worker_62142: Request is not valid!
[ 580 ms ] worker_62142: Send response to client
[ 580 ms ] worker_62142: Start wait for client data...
[ 580 ms ] worker_62142: 2896 bytes were received from client 4
[ 580 ms ] worker_62142: Start to process client request
[ 580 ms ] worker_62142: Request is not valid!
[ 580 ms ] worker_62142: Send response to client
[ 580 ms ] worker_62142: Start wait for client data...
[ 580 ms ] worker_62142: 2896 bytes were received from client 4
[ 580 ms ] worker_62142: Start to process client request
[ 580 ms ] worker_62142: Request is not valid!
[ 580 ms ] worker_62142: Send response to client
[ 580 ms ] worker_62142: Start wait for client data...
[ 580 ms ] worker_62142: 1448 bytes were received from client 4
[ 580 ms ] worker_62142: Start to process client request
[ 580 ms ] worker_62142: Request is not valid!
[ 580 ms ] worker_62142: Send response to client
[ 580 ms ] worker_62142: Start wait for client data...
[ 581 ms ] worker_62142: 1448 bytes were received from client 4
[ 581 ms ] worker_62142: Start to process client request
[ 581 ms ] worker_62142: Request is not valid!
[ 581 ms ] worker_62142: Send response to client
[ 581 ms ] worker_62142: Start wait for client data...
[ 620 ms ] worker_62142: 1448 bytes were received from client 4
[ 620 ms ] worker_62142: Start to process client request
[ 620 ms ] worker_62142: Request is not valid!
[ 620 ms ] worker_62142: Send response to client
[ 620 ms ] worker_62142: Start wait for client data...
[ 620 ms ] worker_62142: 1448 bytes were received from client 4
[ 620 ms ] worker_62142: Start to process client request
[ 620 ms ] worker_62142: Request is not valid!
[ 620 ms ] worker_62142: Send response to client
[ 620 ms ] worker_62142: Start wait for client data...
[ 620 ms ] worker_62142: 1448 bytes were received from client 4
[ 620 ms ] worker_62142: Start to process client request
[ 620 ms ] worker_62142: Request is not valid!
[ 620 ms ] worker_62142: Send response to client
[ 620 ms ] worker_62142: Start wait for client data...
[ 620 ms ] worker_62142: 1448 bytes were received from client 4
[ 620 ms ] worker_62142: Start to process client request
[ 620 ms ] worker_62142: Request is not valid!
[ 620 ms ] worker_62142: Send response to client
[ 620 ms ] worker_62142: Start wait for client data...
[ 620 ms ] worker_62142: 1448 bytes were received from client 4
[ 620 ms ] worker_62142: Start to process client request
[ 620 ms ] worker_62142: Request is not valid!
[ 620 ms ] worker_62142: Send response to client
[ 620 ms ] worker_62142: Start wait for client data...
[ 625 ms ] worker_62142: 2896 bytes were received from client 4
[ 625 ms ] worker_62142: Start to process client request
[ 625 ms ] worker_62142: Request is not valid!
[ 625 ms ] worker_62142: Send response to client
[ 625 ms ] worker_62142: Start wait for client data...
[ 625 ms ] worker_62142: 2896 bytes were received from client 4
[ 625 ms ] worker_62142: Start to process client request
[ 625 ms ] worker_62142: Request is not valid!
[ 625 ms ] worker_62142: Send response to client
[ 625 ms ] worker_62142: Start wait for client data...
[ 626 ms ] worker_62142: 2896 bytes were received from client 4
[ 626 ms ] worker_62142: Start to process client request
[ 626 ms ] worker_62142: Request is not valid!
[ 626 ms ] worker_62142: Send response to client
[ 626 ms ] worker_62142: Start wait for client data...
[ 626 ms ] worker_62142: 2896 bytes were received from client 4
[ 626 ms ] worker_62142: Start to process client request
[ 626 ms ] worker_62142: Request is not valid!
[ 626 ms ] worker_62142: Send response to client
[ 626 ms ] worker_62142: Start wait for client data...
[ 627 ms ] worker_62142: 2896 bytes were received from client 4
[ 627 ms ] worker_62142: Start to process client request
[ 627 ms ] worker_62142: Request is not valid!
[ 627 ms ] worker_62142: Send response to client
[ 627 ms ] worker_62142: Start wait for client data...
[ 627 ms ] worker_62142: 1448 bytes were received from client 4
[ 627 ms ] worker_62142: Start to process client request
[ 627 ms ] worker_62142: Request is not valid!
[ 627 ms ] worker_62142: Send response to client
[ 627 ms ] worker_62142: Start wait for client data...
[ 627 ms ] worker_62142: 1448 bytes were received from client 4
[ 627 ms ] worker_62142: Start to process client request
[ 627 ms ] worker_62142: Request is not valid!
[ 627 ms ] worker_62142: Send response to client
[ 627 ms ] worker_62142: Start wait for client data...
[ 679 ms ] worker_62142: 1448 bytes were received from client 4
[ 679 ms ] worker_62142: Start to process client request
[ 679 ms ] worker_62142: Request is not valid!
[ 679 ms ] worker_62142: Send response to client
[ 679 ms ] worker_62142: Start wait for client data...
[ 679 ms ] worker_62142: 1448 bytes were received from client 4
[ 679 ms ] worker_62142: Start to process client request
[ 679 ms ] worker_62142: Request is not valid!
[ 679 ms ] worker_62142: Send response to client
[ 679 ms ] worker_62142: Start wait for client data...
[ 679 ms ] worker_62142: 1448 bytes were received from client 4
[ 679 ms ] worker_62142: Start to process client request
[ 679 ms ] worker_62142: Request is not valid!
[ 679 ms ] worker_62142: Send response to client
[ 679 ms ] worker_62142: Start wait for client data...
[ 679 ms ] worker_62142: 1448 bytes were received from client 4
[ 679 ms ] worker_62142: Start to process client request
[ 679 ms ] worker_62142: Request is not valid!
[ 679 ms ] worker_62142: Send response to client
[ 679 ms ] worker_62142: Start wait for client data...
[ 679 ms ] worker_62142: 1448 bytes were received from client 4
[ 679 ms ] worker_62142: Start to process client request
[ 679 ms ] worker_62142: Request is not valid!
[ 679 ms ] worker_62142: Send response to client
[ 680 ms ] worker_62142: Start wait for client data...
[ 680 ms ] worker_62142: 1448 bytes were received from client 4
[ 680 ms ] worker_62142: Start to process client request
[ 680 ms ] worker_62142: Request is not valid!
[ 680 ms ] worker_62142: Send response to client
[ 680 ms ] worker_62142: Start wait for client data...
[ 680 ms ] worker_62142: 1448 bytes were received from client 4
[ 680 ms ] worker_62142: Start to process client request
[ 680 ms ] worker_62142: Request is not valid!
[ 680 ms ] worker_62142: Send response to client
[ 680 ms ] worker_62142: Start wait for client data...
[ 680 ms ] worker_62142: 2896 bytes were received from client 4
[ 680 ms ] worker_62142: Start to process client request
[ 680 ms ] worker_62142: Request is not valid!
[ 680 ms ] worker_62142: Send response to client
[ 680 ms ] worker_62142: Start wait for client data...
[ 681 ms ] worker_62142: 1448 bytes were received from client 4
[ 681 ms ] worker_62142: Start to process client request
[ 681 ms ] worker_62142: Request is not valid!
[ 681 ms ] worker_62142: Send response to client
[ 681 ms ] worker_62142: Start wait for client data...
[ 681 ms ] worker_62142: 2896 bytes were received from client 4
[ 681 ms ] worker_62142: Start to process client request
[ 681 ms ] worker_62142: Request is not valid!
[ 681 ms ] worker_62142: Send response to client
[ 681 ms ] worker_62142: Start wait for client data...
[ 681 ms ] worker_62142: 2896 bytes were received from client 4
[ 681 ms ] worker_62142: Start to process client request
[ 681 ms ] worker_62142: Request is not valid!
[ 682 ms ] worker_62142: Send response to client
[ 682 ms ] worker_62142: Start wait for client data...
[ 683 ms ] worker_62142: 1448 bytes were received from client 4
[ 683 ms ] worker_62142: Start to process client request
[ 683 ms ] worker_62142: Request is not valid!
[ 683 ms ] worker_62142: Send response to client
[ 683 ms ] worker_62142: Start wait for client data...
[ 683 ms ] worker_62142: 1448 bytes were received from client 4
[ 683 ms ] worker_62142: Start to process client request
[ 683 ms ] worker_62142: Request is not valid!
[ 683 ms ] worker_62142: Send response to client
[ 683 ms ] worker_62142: Start wait for client data...
[ 683 ms ] worker_62142: 1448 bytes were received from client 4
[ 683 ms ] worker_62142: Start to process client request
[ 683 ms ] worker_62142: Request is not valid!
[ 683 ms ] worker_62142: Send response to client
[ 683 ms ] worker_62142: Start wait for client data...
[ 711 ms ] worker_62142: 1448 bytes were received from client 4
[ 711 ms ] worker_62142: Start to process client request
[ 711 ms ] worker_62142: Request is not valid!
[ 711 ms ] worker_62142: Send response to client
[ 711 ms ] worker_62142: Start wait for client data...
[ 711 ms ] worker_62142: 1448 bytes were received from client 4
[ 711 ms ] worker_62142: Start to process client request
[ 711 ms ] worker_62142: Request is not valid!
[ 711 ms ] worker_62142: Send response to client
[ 711 ms ] worker_62142: Start wait for client data...
[ 711 ms ] worker_62142: 1448 bytes were received from client 4
[ 711 ms ] worker_62142: Start to process client request
[ 711 ms ] worker_62142: Request is not valid!
[ 711 ms ] worker_62142: Send response to client
[ 711 ms ] worker_62142: Start wait for client data...
[ 712 ms ] worker_62142: 1448 bytes were received from client 4
[ 712 ms ] worker_62142: Start to process client request
[ 712 ms ] worker_62142: Request is not valid!
[ 712 ms ] worker_62142: Send response to client
[ 712 ms ] worker_62142: Start wait for client data...
[ 712 ms ] worker_62142: 2896 bytes were received from client 4
[ 712 ms ] worker_62142: Start to process client request
[ 712 ms ] worker_62142: Request is not valid!
[ 712 ms ] worker_62142: Send response to client
[ 712 ms ] worker_62142: Start wait for client data...
[ 712 ms ] worker_62142: 1448 bytes were received from client 4
[ 712 ms ] worker_62142: Start to process client request
[ 712 ms ] worker_62142: Request is not valid!
[ 712 ms ] worker_62142: Send response to client
[ 712 ms ] worker_62142: Start wait for client data...
[ 712 ms ] worker_62142: 1448 bytes were received from client 4
[ 712 ms ] worker_62142: Start to process client request
[ 712 ms ] worker_62142: Request is not valid!
[ 712 ms ] worker_62142: Send response to client
[ 712 ms ] worker_62142: Start wait for client data...
[ 712 ms ] worker_62142: 1448 bytes were received from client 4
[ 712 ms ] worker_62142: Start to process client request
[ 712 ms ] worker_62142: Request is not valid!
[ 712 ms ] worker_62142: Send response to client
[ 712 ms ] worker_62142: Start wait for client data...
[ 739 ms ] worker_62142: Error was occurred while receiving data from client
[ 739 ms ] worker_62142: Exit
[ 740 ms ] END
