[ 0 ms ] START
[ 0 ms ] worker_62167: Hello, I'm new worker!
[ 0 ms ] worker_62167: Incomming connection info: 0.0.0.0 : 0New client socket was created: 4

[ 0 ms ] worker_62167: Start wait for client data...
[ 49 ms ] worker_62167: 1448 bytes were received from client 4
[ 49 ms ] worker_62167: Start to process client request
[ 49 ms ] worker_62167: Request is not valid!
[ 49 ms ] worker_62167: Send response to client
[ 49 ms ] worker_62167: Start wait for client data...
[ 49 ms ] worker_62167: 1448 bytes were received from client 4
[ 49 ms ] worker_62167: Start to process client request
[ 49 ms ] worker_62167: Request is not valid!
[ 49 ms ] worker_62167: Send response to client
[ 49 ms ] worker_62167: Start wait for client data...
[ 49 ms ] worker_62167: 1448 bytes were received from client 4
[ 49 ms ] worker_62167: Start to process client request
[ 49 ms ] worker_62167: Request is not valid!
[ 49 ms ] worker_62167: Send response to client
[ 49 ms ] worker_62167: Start wait for client data...
[ 49 ms ] worker_62167: 1448 bytes were received from client 4
[ 49 ms ] worker_62167: Start to process client request
[ 49 ms ] worker_62167: Request is not valid!
[ 49 ms ] worker_62167: Send response to client
[ 49 ms ] worker_62167: Start wait for client data...
[ 50 ms ] worker_62167: 1448 bytes were received from client 4
[ 50 ms ] worker_62167: Start to process client request
[ 50 ms ] worker_62167: Request is not valid!
[ 50 ms ] worker_62167: Send response to client
[ 50 ms ] worker_62167: Start wait for client data...
[ 50 ms ] worker_62167: 1448 bytes were received from client 4
[ 50 ms ] worker_62167: Start to process client request
[ 50 ms ] worker_62167: Request is not valid!
[ 50 ms ] worker_62167: Send response to client
[ 50 ms ] worker_62167: Start wait for client data...
[ 50 ms ] worker_62167: 1448 bytes were received from client 4
[ 50 ms ] worker_62167: Start to process client request
[ 50 ms ] worker_62167: Request is not valid!
[ 50 ms ] worker_62167: Send response to client
[ 50 ms ] worker_62167: Start wait for client data...
[ 50 ms ] worker_62167: 1448 bytes were received from client 4
[ 50 ms ] worker_62167: Start to process client request
[ 50 ms ] worker_62167: Request is not valid!
[ 50 ms ] worker_62167: Send response to client
[ 50 ms ] worker_62167: Start wait for client data...
[ 50 ms ] worker_62167: 1448 bytes were received from client 4
[ 50 ms ] worker_62167: Start to process client request
[ 50 ms ] worker_62167: Request is not valid!
[ 50 ms ] worker_62167: Send response to client
[ 50 ms ] worker_62167: Start wait for client data...
[ 50 ms ] worker_62167: 1448 bytes were received from client 4
[ 50 ms ] worker_62167: Start to process client request
[ 50 ms ] worker_62167: Request is not valid!
[ 50 ms ] worker_62167: Send response to client
[ 50 ms ] worker_62167: Start wait for client data...
[ 567 ms ] worker_62167: 2896 bytes were received from client 4
[ 567 ms ] worker_62167: Start to process client request
[ 567 ms ] worker_62167: Request is not valid!
[ 567 ms ] worker_62167: Send response to client
[ 567 ms ] worker_62167: Start wait for client data...
[ 567 ms ] worker_62167: 1448 bytes were received from client 4
[ 567 ms ] worker_62167: Start to process client request
[ 567 ms ] worker_62167: Request is not valid!
[ 567 ms ] worker_62167: Send response to client
[ 567 ms ] worker_62167: Start wait for client data...
[ 567 ms ] worker_62167: 1448 bytes were received from client 4
[ 567 ms ] worker_62167: Start to process client request
[ 567 ms ] worker_62167: Request is not valid!
[ 567 ms ] worker_62167: Send response to client
[ 567 ms ] worker_62167: Start wait for client data...
[ 574 ms ] worker_62167: 2896 bytes were received from client 4
[ 574 ms ] worker_62167: Start to process client request
[ 574 ms ] worker_62167: Request is not valid!
[ 574 ms ] worker_62167: Send response to client
[ 574 ms ] worker_62167: Start wait for client data...
[ 574 ms ] worker_62167: 4344 bytes were received from client 4
[ 574 ms ] worker_62167: Start to process client request
[ 574 ms ] worker_62167: Request is not valid!
[ 574 ms ] worker_62167: Send response to client
[ 574 ms ] worker_62167: Start wait for client data...
[ 574 ms ] worker_62167: 1448 bytes were received from client 4
[ 574 ms ] worker_62167: Start to process client request
[ 574 ms ] worker_62167: Request is not valid!
[ 574 ms ] worker_62167: Send response to client
[ 574 ms ] worker_62167: Start wait for client data...
[ 673 ms ] worker_62167: 2896 bytes were received from client 4
[ 673 ms ] worker_62167: Start to process client request
[ 673 ms ] worker_62167: Request is not valid!
[ 673 ms ] worker_62167: Send response to client
[ 673 ms ] worker_62167: Start wait for client data...
[ 697 ms ] worker_62167: 7240 bytes were received from client 4
[ 697 ms ] worker_62167: Start to process client request
[ 697 ms ] worker_62167: Request is not valid!
[ 697 ms ] worker_62167: Send response to client
[ 697 ms ] worker_62167: Start wait for client data...
[ 1551 ms ] worker_62167: 1448 bytes were received from client 4
[ 1551 ms ] worker_62167: Start to process client request
[ 1551 ms ] worker_62167: Request is not valid!
[ 1551 ms ] worker_62167: Send response to client
[ 1551 ms ] worker_62167: Start wait for client data...
[ 2072 ms ] worker_62167: 2884 bytes were received from client 4
[ 2072 ms ] worker_62167: Start to process client request
[ 2072 ms ] worker_62167: Request is not valid!
[ 2072 ms ] worker_62167: Send response to client
[ 2072 ms ] worker_62167: Start wait for client data...
[ 2072 ms ] worker_62167: 12 bytes were received from client 4
[ 2072 ms ] worker_62167: Start to process client request
[ 2072 ms ] worker_62167: Request is not valid!
[ 2072 ms ] worker_62167: Send response to client
[ 2072 ms ] worker_62167: Start wait for client data...
[ 2072 ms ] worker_62167: 1436 bytes were received from client 4
[ 2072 ms ] worker_62167: Start to process client request
[ 2072 ms ] worker_62167: Request is not valid!
[ 2072 ms ] worker_62167: Send response to client
[ 2072 ms ] worker_62167: Start wait for client data...
[ 2074 ms ] worker_62167: 1460 bytes were received from client 4
[ 2074 ms ] worker_62167: Start to process client request
[ 2074 ms ] worker_62167: Request is not valid!
[ 2074 ms ] worker_62167: Send response to client
[ 2074 ms ] worker_62167: Start wait for client data...
[ 2074 ms ] worker_62167: 1448 bytes were received from client 4
[ 2074 ms ] worker_62167: Start to process client request
[ 2074 ms ] worker_62167: Request is not valid!
[ 2074 ms ] worker_62167: Send response to client
[ 2074 ms ] worker_62167: Start wait for client data...
[ 2074 ms ] worker_62167: 1448 bytes were received from client 4
[ 2074 ms ] worker_62167: Start to process client request
[ 2074 ms ] worker_62167: Request is not valid!
[ 2074 ms ] worker_62167: Send response to client
[ 2074 ms ] worker_62167: Start wait for client data...
[ 2077 ms ] worker_62167: 1436 bytes were received from client 4
[ 2077 ms ] worker_62167: Start to process client request
[ 2077 ms ] worker_62167: Request is not valid!
[ 2077 ms ] worker_62167: Send response to client
[ 2077 ms ] worker_62167: Start wait for client data...
[ 2101 ms ] worker_62167: 12 bytes were received from client 4
[ 2101 ms ] worker_62167: Start to process client request
[ 2101 ms ] worker_62167: Request is not valid!
[ 2101 ms ] worker_62167: Send response to client
[ 2101 ms ] worker_62167: Start wait for client data...
[ 2102 ms ] worker_62167: 1436 bytes were received from client 4
[ 2102 ms ] worker_62167: Start to process client request
[ 2102 ms ] worker_62167: Request is not valid!
[ 2102 ms ] worker_62167: Send response to client
[ 2102 ms ] worker_62167: Start wait for client data...
[ 2103 ms ] worker_62167: 12 bytes were received from client 4
[ 2103 ms ] worker_62167: Start to process client request
[ 2103 ms ] worker_62167: Request is not valid!
[ 2103 ms ] worker_62167: Send response to client
[ 2103 ms ] worker_62167: Start wait for client data...
[ 2103 ms ] worker_62167: 1448 bytes were received from client 4
[ 2103 ms ] worker_62167: Start to process client request
[ 2103 ms ] worker_62167: Request is not valid!
[ 2103 ms ] worker_62167: Send response to client
[ 2103 ms ] worker_62167: Start wait for client data...
[ 2622 ms ] worker_62167: 1428 bytes were received from client 4
[ 2622 ms ] worker_62167: Start to process client request
[ 2622 ms ] worker_62167: Request is not valid!
[ 2622 ms ] worker_62167: Send response to client
[ 2622 ms ] worker_62167: Start wait for client data...
[ 2622 ms ] worker_62167: 20 bytes were received from client 4
[ 2622 ms ] worker_62167: Start to process client request
[ 2622 ms ] worker_62167: Request is not valid!
[ 2622 ms ] worker_62167: Send response to client
[ 2622 ms ] worker_62167: Start wait for client data...
[ 2876 ms ] worker_62167: 2896 bytes were received from client 4
[ 2876 ms ] worker_62167: Start to process client request
[ 2876 ms ] worker_62167: Request is not valid!
[ 2876 ms ] worker_62167: Send response to client
[ 2876 ms ] worker_62167: Start wait for client data...
[ 2876 ms ] worker_62167: 1448 bytes were received from client 4
[ 2876 ms ] worker_62167: Start to process client request
[ 2876 ms ] worker_62167: Request is not valid!
[ 2876 ms ] worker_62167: Send response to client
[ 2876 ms ] worker_62167: Start wait for client data...
[ 2877 ms ] worker_62167: 1448 bytes were received from client 4
[ 2877 ms ] worker_62167: Start to process client request
[ 2877 ms ] worker_62167: Request is not valid!
[ 2877 ms ] worker_62167: Send response to client
[ 2877 ms ] worker_62167: Start wait for client data...
[ 2878 ms ] worker_62167: 1436 bytes were received from client 4
[ 2878 ms ] worker_62167: Start to process client request
[ 2878 ms ] worker_62167: Request is not valid!
[ 2878 ms ] worker_62167: Send response to client
[ 2878 ms ] worker_62167: Start wait for client data...
[ 2878 ms ] worker_62167: 1436 bytes were received from client 4
[ 2878 ms ] worker_62167: Start to process client request
[ 2878 ms ] worker_62167: Request is not valid!
[ 2878 ms ] worker_62167: Send response to client
[ 2879 ms ] worker_62167: Start wait for client data...
[ 2879 ms ] worker_62167: 1436 bytes were received from client 4
[ 2879 ms ] worker_62167: Start to process client request
[ 2879 ms ] worker_62167: Request is not valid!
[ 2879 ms ] worker_62167: Send response to client
[ 2879 ms ] worker_62167: Start wait for client data...
[ 2879 ms ] worker_62167: 1436 bytes were received from client 4
[ 2879 ms ] worker_62167: Start to process client request
[ 2879 ms ] worker_62167: Request is not valid!
[ 2879 ms ] worker_62167: Send response to client
[ 2879 ms ] worker_62167: Start wait for client data...
[ 2881 ms ] worker_62167: 1436 bytes were received from client 4
[ 2881 ms ] worker_62167: Start to process client request
[ 2881 ms ] worker_62167: Request is not valid!
[ 2881 ms ] worker_62167: Send response to client
[ 2881 ms ] worker_62167: Start wait for client data...
[ 2881 ms ] worker_62167: 1436 bytes were received from client 4
[ 2882 ms ] worker_62167: Start to process client request
[ 2882 ms ] worker_62167: Request is not valid!
[ 2882 ms ] worker_62167: Send response to client
[ 2882 ms ] worker_62167: Start wait for client data...
[ 2882 ms ] worker_62167: 1436 bytes were received from client 4
[ 2882 ms ] worker_62167: Start to process client request
[ 2882 ms ] worker_62167: Request is not valid!
[ 2882 ms ] worker_62167: Send response to client
[ 2882 ms ] worker_62167: Start wait for client data...
[ 2882 ms ] worker_62167: 2872 bytes were received from client 4
[ 2882 ms ] worker_62167: Start to process client request
[ 2882 ms ] worker_62167: Request is not valid!
[ 2882 ms ] worker_62167: Send response to client
[ 2882 ms ] worker_62167: Start wait for client data...
[ 2882 ms ] worker_62167: 1436 bytes were received from client 4
[ 2882 ms ] worker_62167: Start to process client request
[ 2882 ms ] worker_62167: Request is not valid!
[ 2882 ms ] worker_62167: Send response to client
[ 2882 ms ] worker_62167: Start wait for client data...
[ 2885 ms ] worker_62167: 1436 bytes were received from client 4
[ 2885 ms ] worker_62167: Start to process client request
[ 2885 ms ] worker_62167: Request is not valid!
[ 2885 ms ] worker_62167: Send response to client
[ 2885 ms ] worker_62167: Start wait for client data...
[ 2885 ms ] worker_62167: 1436 bytes were received from client 4
[ 2885 ms ] worker_62167: Start to process client request
[ 2885 ms ] worker_62167: Request is not valid!
[ 2885 ms ] worker_62167: Send response to client
[ 2885 ms ] worker_62167: Start wait for client data...
[ 2923 ms ] worker_62167: 1436 bytes were received from client 4
[ 2923 ms ] worker_62167: Start to process client request
[ 2923 ms ] worker_62167: Request is not valid!
[ 2923 ms ] worker_62167: Send response to client
[ 2923 ms ] worker_62167: Start wait for client data...
[ 2923 ms ] worker_62167: 1436 bytes were received from client 4
[ 2923 ms ] worker_62167: Start to process client request
[ 2923 ms ] worker_62167: Request is not valid!
[ 2923 ms ] worker_62167: Send response to client
[ 2923 ms ] worker_62167: Start wait for client data...
[ 2923 ms ] worker_62167: 1436 bytes were received from client 4
[ 2923 ms ] worker_62167: Start to process client request
[ 2923 ms ] worker_62167: Request is not valid!
[ 2923 ms ] worker_62167: Send response to client
[ 2923 ms ] worker_62167: Start wait for client data...
[ 2923 ms ] worker_62167: 1428 bytes were received from client 4
[ 2923 ms ] worker_62167: Start to process client request
[ 2923 ms ] worker_62167: Request is not valid!
[ 2923 ms ] worker_62167: Send response to client
[ 2923 ms ] worker_62167: Start wait for client data...
[ 2928 ms ] worker_62167: 8 bytes were received from client 4
[ 2928 ms ] worker_62167: Start to process client request
[ 2928 ms ] worker_62167: Request is not valid!
[ 2928 ms ] worker_62167: Send response to client
[ 2928 ms ] worker_62167: Start wait for client data...
[ 2928 ms ] worker_62167: 1436 bytes were received from client 4
[ 2928 ms ] worker_62167: Start to process client request
[ 2928 ms ] worker_62167: Request is not valid!
[ 2928 ms ] worker_62167: Send response to client
[ 2928 ms ] worker_62167: Start wait for client data...
[ 2947 ms ] worker_62167: 2872 bytes were received from client 4
[ 2947 ms ] worker_62167: Start to process client request
[ 2947 ms ] worker_62167: Request is not valid!
[ 2947 ms ] worker_62167: Send response to client
[ 2947 ms ] worker_62167: Start wait for client data...
[ 4239 ms ] worker_62167: 20008 bytes were received from client 4
[ 4239 ms ] worker_62167: Start to process client request
[ 4239 ms ] worker_62167: Request is not valid!
[ 4239 ms ] worker_62167: Send response to client
[ 4239 ms ] worker_62167: Start wait for client data...
[ 4239 ms ] worker_62167: 20008 bytes were received from client 4
[ 4239 ms ] worker_62167: Start to process client request
[ 4239 ms ] worker_62167: Request is not valid!
[ 4239 ms ] worker_62167: Send response to client
[ 4239 ms ] worker_62167: Start wait for client data...
[ 4239 ms ] worker_62167: 19656 bytes were received from client 4
[ 4239 ms ] worker_62167: Start to process client request
[ 4239 ms ] worker_62167: Request is not valid!
[ 4239 ms ] worker_62167: Send response to client
[ 4239 ms ] worker_62167: Start wait for client data...
[ 4239 ms ] worker_62167: 2840 bytes were received from client 4
[ 4239 ms ] worker_62167: Start to process client request
[ 4239 ms ] worker_62167: Request is not valid!
[ 4239 ms ] worker_62167: Send response to client
[ 4239 ms ] worker_62167: Start wait for client data...
[ 4244 ms ] worker_62167: 1420 bytes were received from client 4
[ 4244 ms ] worker_62167: Start to process client request
[ 4244 ms ] worker_62167: Request is not valid!
[ 4244 ms ] worker_62167: Send response to client
[ 4244 ms ] worker_62167: Start wait for client data...
[ 4244 ms ] worker_62167: 1420 bytes were received from client 4
[ 4244 ms ] worker_62167: Start to process client request
[ 4244 ms ] worker_62167: Request is not valid!
[ 4244 ms ] worker_62167: Send response to client
[ 4244 ms ] worker_62167: Start wait for client data...
[ 4244 ms ] worker_62167: 1420 bytes were received from client 4
[ 4244 ms ] worker_62167: Start to process client request
[ 4244 ms ] worker_62167: Request is not valid!
[ 4244 ms ] worker_62167: Send response to client
[ 4244 ms ] worker_62167: Start wait for client data...
[ 4245 ms ] worker_62167: 1420 bytes were received from client 4
[ 4245 ms ] worker_62167: Start to process client request
[ 4245 ms ] worker_62167: Request is not valid!
[ 4245 ms ] worker_62167: Send response to client
[ 4245 ms ] worker_62167: Start wait for client data...
[ 4245 ms ] worker_62167: 1420 bytes were received from client 4
[ 4245 ms ] worker_62167: Start to process client request
[ 4245 ms ] worker_62167: Request is not valid!
[ 4245 ms ] worker_62167: Send response to client
[ 4245 ms ] worker_62167: Start wait for client data...
[ 4246 ms ] worker_62167: 2840 bytes were received from client 4
[ 4246 ms ] worker_62167: Start to process client request
[ 4246 ms ] worker_62167: Request is not valid!
[ 4246 ms ] worker_62167: Send response to client
[ 4246 ms ] worker_62167: Start wait for client data...
[ 4246 ms ] worker_62167: 1420 bytes were received from client 4
[ 4246 ms ] worker_62167: Start to process client request
[ 4246 ms ] worker_62167: Request is not valid!
[ 4246 ms ] worker_62167: Send response to client
[ 4246 ms ] worker_62167: Start wait for client data...
[ 4247 ms ] worker_62167: 2840 bytes were received from client 4
[ 4247 ms ] worker_62167: Start to process client request
[ 4247 ms ] worker_62167: Request is not valid!
[ 4247 ms ] worker_62167: Send response to client
[ 4247 ms ] worker_62167: Start wait for client data...
[ 4247 ms ] worker_62167: 1420 bytes were received from client 4
[ 4247 ms ] worker_62167: Start to process client request
[ 4247 ms ] worker_62167: Request is not valid!
[ 4247 ms ] worker_62167: Send response to client
[ 4247 ms ] worker_62167: Start wait for client data...
[ 4247 ms ] worker_62167: 1420 bytes were received from client 4
[ 4247 ms ] worker_62167: Start to process client request
[ 4247 ms ] worker_62167: Request is not valid!
[ 4247 ms ] worker_62167: Send response to client
[ 4247 ms ] worker_62167: Start wait for client data...
[ 4359 ms ] worker_62167: 1420 bytes were received from client 4
[ 4359 ms ] worker_62167: Start to process client request
[ 4359 ms ] worker_62167: Request is not valid!
[ 4359 ms ] worker_62167: Send response to client
[ 4359 ms ] worker_62167: Start wait for client data...
[ 4359 ms ] worker_62167: 1420 bytes were received from client 4
[ 4359 ms ] worker_62167: Start to process client request
[ 4359 ms ] worker_62167: Request is not valid!
[ 4359 ms ] worker_62167: Send response to client
[ 4359 ms ] worker_62167: Start wait for client data...
[ 4360 ms ] worker_62167: 1448 bytes were received from client 4
[ 4360 ms ] worker_62167: Start to process client request
[ 4360 ms ] worker_62167: Request is not valid!
[ 4360 ms ] worker_62167: Send response to client
[ 4360 ms ] worker_62167: Start wait for client data...
[ 4360 ms ] worker_62167: 1448 bytes were received from client 4
[ 4360 ms ] worker_62167: Start to process client request
[ 4360 ms ] worker_62167: Request is not valid!
[ 4360 ms ] worker_62167: Send response to client
[ 4360 ms ] worker_62167: Start wait for client data...
[ 4360 ms ] worker_62167: 1448 bytes were received from client 4
[ 4360 ms ] worker_62167: Start to process client request
[ 4360 ms ] worker_62167: Request is not valid!
[ 4360 ms ] worker_62167: Send response to client
[ 4360 ms ] worker_62167: Start wait for client data...
[ 4361 ms ] worker_62167: 1448 bytes were received from client 4
[ 4361 ms ] worker_62167: Start to process client request
[ 4361 ms ] worker_62167: Request is not valid!
[ 4361 ms ] worker_62167: Send response to client
[ 4361 ms ] worker_62167: Start wait for client data...
[ 4363 ms ] worker_62167: 1448 bytes were received from client 4
[ 4363 ms ] worker_62167: Start to process client request
[ 4363 ms ] worker_62167: Request is not valid!
[ 4363 ms ] worker_62167: Send response to client
[ 4363 ms ] worker_62167: Start wait for client data...
[ 4402 ms ] worker_62167: 2896 bytes were received from client 4
[ 4402 ms ] worker_62167: Start to process client request
[ 4402 ms ] worker_62167: Request is not valid!
[ 4402 ms ] worker_62167: Send response to client
[ 4402 ms ] worker_62167: Start wait for client data...
[ 4402 ms ] worker_62167: 1448 bytes were received from client 4
[ 4402 ms ] worker_62167: Start to process client request
[ 4402 ms ] worker_62167: Request is not valid!
[ 4402 ms ] worker_62167: Send response to client
[ 4402 ms ] worker_62167: Start wait for client data...
[ 4402 ms ] worker_62167: 1448 bytes were received from client 4
[ 4402 ms ] worker_62167: Start to process client request
[ 4402 ms ] worker_62167: Request is not valid!
[ 4402 ms ] worker_62167: Send response to client
[ 4402 ms ] worker_62167: Start wait for client data...
[ 4402 ms ] worker_62167: 1448 bytes were received from client 4
[ 4402 ms ] worker_62167: Start to process client request
[ 4402 ms ] worker_62167: Request is not valid!
[ 4402 ms ] worker_62167: Send response to client
[ 4402 ms ] worker_62167: Start wait for client data...
[ 4402 ms ] worker_62167: 1448 bytes were received from client 4
[ 4402 ms ] worker_62167: Start to process client request
[ 4402 ms ] worker_62167: Request is not valid!
[ 4402 ms ] worker_62167: Send response to client
[ 4402 ms ] worker_62167: Start wait for client data...
[ 4702 ms ] worker_62167: Error was occurred while receiving data from client
[ 4703 ms ] worker_62167: Exit
[ 4704 ms ] END
