[ 0 ms ] START
[ 0 ms ] worker_62141: Hello, I'm new worker!
[ 0 ms ] worker_62141: Incomming connection info: 0.0.0.0 : 0New client socket was created: 4

[ 0 ms ] worker_62141: Start wait for client data...
[ 1219 ms ] worker_62141: 1448 bytes were received from client 4
[ 1219 ms ] worker_62141: Start to process client request
[ 1219 ms ] worker_62141: Request is not valid!
[ 1219 ms ] worker_62141: Send response to client
[ 1219 ms ] worker_62141: Start wait for client data...
[ 1258 ms ] worker_62141: 1448 bytes were received from client 4
[ 1258 ms ] worker_62141: Start to process client request
[ 1258 ms ] worker_62141: Request is not valid!
[ 1258 ms ] worker_62141: Send response to client
[ 1258 ms ] worker_62141: Start wait for client data...
[ 1258 ms ] worker_62141: 1448 bytes were received from client 4
[ 1258 ms ] worker_62141: Start to process client request
[ 1258 ms ] worker_62141: Request is not valid!
[ 1258 ms ] worker_62141: Send response to client
[ 1258 ms ] worker_62141: Start wait for client data...
[ 1293 ms ] worker_62141: 4344 bytes were received from client 4
[ 1293 ms ] worker_62141: Start to process client request
[ 1293 ms ] worker_62141: Request is not valid!
[ 1293 ms ] worker_62141: Send response to client
[ 1293 ms ] worker_62141: Start wait for client data...
[ 1293 ms ] worker_62141: 1448 bytes were received from client 4
[ 1293 ms ] worker_62141: Start to process client request
[ 1293 ms ] worker_62141: Request is not valid!
[ 1293 ms ] worker_62141: Send response to client
[ 1293 ms ] worker_62141: Start wait for client data...
[ 1369 ms ] worker_62141: 2896 bytes were received from client 4
[ 1369 ms ] worker_62141: Start to process client request
[ 1369 ms ] worker_62141: Request is not valid!
[ 1369 ms ] worker_62141: Send response to client
[ 1369 ms ] worker_62141: Start wait for client data...
[ 1369 ms ] worker_62141: 8688 bytes were received from client 4
[ 1369 ms ] worker_62141: Start to process client request
[ 1369 ms ] worker_62141: Request is not valid!
[ 1369 ms ] worker_62141: Send response to client
[ 1369 ms ] worker_62141: Start wait for client data...
[ 1370 ms ] worker_62141: 1448 bytes were received from client 4
[ 1370 ms ] worker_62141: Start to process client request
[ 1370 ms ] worker_62141: Request is not valid!
[ 1370 ms ] worker_62141: Send response to client
[ 1370 ms ] worker_62141: Start wait for client data...
[ 1370 ms ] worker_62141: 1448 bytes were received from client 4
[ 1370 ms ] worker_62141: Start to process client request
[ 1370 ms ] worker_62141: Request is not valid!
[ 1370 ms ] worker_62141: Send response to client
[ 1370 ms ] worker_62141: Start wait for client data...
[ 1452 ms ] worker_62141: 2896 bytes were received from client 4
[ 1452 ms ] worker_62141: Start to process client request
[ 1452 ms ] worker_62141: Request is not valid!
[ 1452 ms ] worker_62141: Send response to client
[ 1452 ms ] worker_62141: Start wait for client data...
[ 1453 ms ] worker_62141: 2896 bytes were received from client 4
[ 1453 ms ] worker_62141: Start to process client request
[ 1453 ms ] worker_62141: Request is not valid!
[ 1453 ms ] worker_62141: Send response to client
[ 1453 ms ] worker_62141: Start wait for client data...
[ 1453 ms ] worker_62141: 1448 bytes were received from client 4
[ 1453 ms ] worker_62141: Start to process client request
[ 1453 ms ] worker_62141: Request is not valid!
[ 1453 ms ] worker_62141: Send response to client
[ 1453 ms ] worker_62141: Start wait for client data...
[ 1453 ms ] worker_62141: 1448 bytes were received from client 4
[ 1453 ms ] worker_62141: Start to process client request
[ 1453 ms ] worker_62141: Request is not valid!
[ 1453 ms ] worker_62141: Send response to client
[ 1453 ms ] worker_62141: Start wait for client data...
[ 1454 ms ] worker_62141: 1448 bytes were received from client 4
[ 1454 ms ] worker_62141: Start to process client request
[ 1454 ms ] worker_62141: Request is not valid!
[ 1454 ms ] worker_62141: Send response to client
[ 1454 ms ] worker_62141: Start wait for client data...
[ 1455 ms ] worker_62141: 1448 bytes were received from client 4
[ 1455 ms ] worker_62141: Start to process client request
[ 1455 ms ] worker_62141: Request is not valid!
[ 1455 ms ] worker_62141: Send response to client
[ 1455 ms ] worker_62141: Start wait for client data...
[ 1503 ms ] worker_62141: 1448 bytes were received from client 4
[ 1503 ms ] worker_62141: Start to process client request
[ 1503 ms ] worker_62141: Request is not valid!
[ 1503 ms ] worker_62141: Send response to client
[ 1503 ms ] worker_62141: Start wait for client data...
[ 1504 ms ] worker_62141: 1448 bytes were received from client 4
[ 1504 ms ] worker_62141: Start to process client request
[ 1504 ms ] worker_62141: Request is not valid!
[ 1504 ms ] worker_62141: Send response to client
[ 1504 ms ] worker_62141: Start wait for client data...
[ 1505 ms ] worker_62141: 1448 bytes were received from client 4
[ 1505 ms ] worker_62141: Start to process client request
[ 1505 ms ] worker_62141: Request is not valid!
[ 1505 ms ] worker_62141: Send response to client
[ 1505 ms ] worker_62141: Start wait for client data...
[ 1505 ms ] worker_62141: 4344 bytes were received from client 4
[ 1505 ms ] worker_62141: Start to process client request
[ 1505 ms ] worker_62141: Request is not valid!
[ 1505 ms ] worker_62141: Send response to client
[ 1505 ms ] worker_62141: Start wait for client data...
[ 1505 ms ] worker_62141: 1448 bytes were received from client 4
[ 1505 ms ] worker_62141: Start to process client request
[ 1505 ms ] worker_62141: Request is not valid!
[ 1505 ms ] worker_62141: Send response to client
[ 1505 ms ] worker_62141: Start wait for client data...
[ 1505 ms ] worker_62141: 1448 bytes were received from client 4
[ 1505 ms ] worker_62141: Start to process client request
[ 1505 ms ] worker_62141: Request is not valid!
[ 1505 ms ] worker_62141: Send response to client
[ 1505 ms ] worker_62141: Start wait for client data...
[ 1567 ms ] worker_62141: 1448 bytes were received from client 4
[ 1567 ms ] worker_62141: Start to process client request
[ 1567 ms ] worker_62141: Request is not valid!
[ 1567 ms ] worker_62141: Send response to client
[ 1567 ms ] worker_62141: Start wait for client data...
[ 1567 ms ] worker_62141: 1448 bytes were received from client 4
[ 1567 ms ] worker_62141: Start to process client request
[ 1567 ms ] worker_62141: Request is not valid!
[ 1567 ms ] worker_62141: Send response to client
[ 1567 ms ] worker_62141: Start wait for client data...
[ 1576 ms ] worker_62141: 1448 bytes were received from client 4
[ 1576 ms ] worker_62141: Start to process client request
[ 1576 ms ] worker_62141: Request is not valid!
[ 1576 ms ] worker_62141: Send response to client
[ 1576 ms ] worker_62141: Start wait for client data...
[ 1576 ms ] worker_62141: 1448 bytes were received from client 4
[ 1576 ms ] worker_62141: Start to process client request
[ 1576 ms ] worker_62141: Request is not valid!
[ 1576 ms ] worker_62141: Send response to client
[ 1576 ms ] worker_62141: Start wait for client data...
[ 1576 ms ] worker_62141: 1448 bytes were received from client 4
[ 1576 ms ] worker_62141: Start to process client request
[ 1576 ms ] worker_62141: Request is not valid!
[ 1576 ms ] worker_62141: Send response to client
[ 1576 ms ] worker_62141: Start wait for client data...
[ 1577 ms ] worker_62141: 1448 bytes were received from client 4
[ 1577 ms ] worker_62141: Start to process client request
[ 1577 ms ] worker_62141: Request is not valid!
[ 1577 ms ] worker_62141: Send response to client
[ 1577 ms ] worker_62141: Start wait for client data...
[ 1577 ms ] worker_62141: 1448 bytes were received from client 4
[ 1577 ms ] worker_62141: Start to process client request
[ 1577 ms ] worker_62141: Request is not valid!
[ 1577 ms ] worker_62141: Send response to client
[ 1577 ms ] worker_62141: Start wait for client data...
[ 1577 ms ] worker_62141: 2896 bytes were received from client 4
[ 1577 ms ] worker_62141: Start to process client request
[ 1577 ms ] worker_62141: Request is not valid!
[ 1577 ms ] worker_62141: Send response to client
[ 1577 ms ] worker_62141: Start wait for client data...
[ 1654 ms ] worker_62141: 1448 bytes were received from client 4
[ 1654 ms ] worker_62141: Start to process client request
[ 1654 ms ] worker_62141: Request is not valid!
[ 1654 ms ] worker_62141: Send response to client
[ 1654 ms ] worker_62141: Start wait for client data...
[ 1661 ms ] worker_62141: 1448 bytes were received from client 4
[ 1661 ms ] worker_62141: Start to process client request
[ 1661 ms ] worker_62141: Request is not valid!
[ 1661 ms ] worker_62141: Send response to client
[ 1661 ms ] worker_62141: Start wait for client data...
[ 1661 ms ] worker_62141: 1448 bytes were received from client 4
[ 1661 ms ] worker_62141: Start to process client request
[ 1661 ms ] worker_62141: Request is not valid!
[ 1661 ms ] worker_62141: Send response to client
[ 1661 ms ] worker_62141: Start wait for client data...
[ 1662 ms ] worker_62141: 1448 bytes were received from client 4
[ 1662 ms ] worker_62141: Start to process client request
[ 1662 ms ] worker_62141: Request is not valid!
[ 1662 ms ] worker_62141: Send response to client
[ 1662 ms ] worker_62141: Start wait for client data...
[ 1662 ms ] worker_62141: 1448 bytes were received from client 4
[ 1662 ms ] worker_62141: Start to process client request
[ 1662 ms ] worker_62141: Request is not valid!
[ 1662 ms ] worker_62141: Send response to client
[ 1662 ms ] worker_62141: Start wait for client data...
[ 1663 ms ] worker_62141: 1448 bytes were received from client 4
[ 1663 ms ] worker_62141: Start to process client request
[ 1663 ms ] worker_62141: Request is not valid!
[ 1663 ms ] worker_62141: Send response to client
[ 1663 ms ] worker_62141: Start wait for client data...
[ 1663 ms ] worker_62141: 1448 bytes were received from client 4
[ 1663 ms ] worker_62141: Start to process client request
[ 1663 ms ] worker_62141: Request is not valid!
[ 1663 ms ] worker_62141: Send response to client
[ 1663 ms ] worker_62141: Start wait for client data...
[ 1663 ms ] worker_62141: 1448 bytes were received from client 4
[ 1663 ms ] worker_62141: Start to process client request
[ 1663 ms ] worker_62141: Request is not valid!
[ 1663 ms ] worker_62141: Send response to client
[ 1663 ms ] worker_62141: Start wait for client data...
[ 1663 ms ] worker_62141: 2896 bytes were received from client 4
[ 1663 ms ] worker_62141: Start to process client request
[ 1663 ms ] worker_62141: Request is not valid!
[ 1663 ms ] worker_62141: Send response to client
[ 1663 ms ] worker_62141: Start wait for client data...
[ 1737 ms ] worker_62141: 1448 bytes were received from client 4
[ 1737 ms ] worker_62141: Start to process client request
[ 1737 ms ] worker_62141: Request is not valid!
[ 1737 ms ] worker_62141: Send response to client
[ 1737 ms ] worker_62141: Start wait for client data...
[ 1737 ms ] worker_62141: 1448 bytes were received from client 4
[ 1737 ms ] worker_62141: Start to process client request
[ 1737 ms ] worker_62141: Request is not valid!
[ 1737 ms ] worker_62141: Send response to client
[ 1737 ms ] worker_62141: Start wait for client data...
[ 1741 ms ] worker_62141: 1448 bytes were received from client 4
[ 1741 ms ] worker_62141: Start to process client request
[ 1741 ms ] worker_62141: Request is not valid!
[ 1741 ms ] worker_62141: Send response to client
[ 1741 ms ] worker_62141: Start wait for client data...
[ 1741 ms ] worker_62141: 1448 bytes were received from client 4
[ 1741 ms ] worker_62141: Start to process client request
[ 1741 ms ] worker_62141: Request is not valid!
[ 1741 ms ] worker_62141: Send response to client
[ 1741 ms ] worker_62141: Start wait for client data...
[ 1742 ms ] worker_62141: 2896 bytes were received from client 4
[ 1742 ms ] worker_62141: Start to process client request
[ 1742 ms ] worker_62141: Request is not valid!
[ 1742 ms ] worker_62141: Send response to client
[ 1742 ms ] worker_62141: Start wait for client data...
[ 1742 ms ] worker_62141: 2896 bytes were received from client 4
[ 1742 ms ] worker_62141: Start to process client request
[ 1742 ms ] worker_62141: Request is not valid!
[ 1742 ms ] worker_62141: Send response to client
[ 1742 ms ] worker_62141: Start wait for client data...
[ 1742 ms ] worker_62141: 1448 bytes were received from client 4
[ 1742 ms ] worker_62141: Start to process client request
[ 1742 ms ] worker_62141: Request is not valid!
[ 1742 ms ] worker_62141: Send response to client
[ 1742 ms ] worker_62141: Start wait for client data...
[ 1742 ms ] worker_62141: 1448 bytes were received from client 4
[ 1742 ms ] worker_62141: Start to process client request
[ 1742 ms ] worker_62141: Request is not valid!
[ 1742 ms ] worker_62141: Send response to client
[ 1742 ms ] worker_62141: Start wait for client data...
[ 1822 ms ] worker_62141: 1448 bytes were received from client 4
[ 1822 ms ] worker_62141: Start to process client request
[ 1822 ms ] worker_62141: Request is not valid!
[ 1822 ms ] worker_62141: Send response to client
[ 1822 ms ] worker_62141: Start wait for client data...
[ 1822 ms ] worker_62141: 1448 bytes were received from client 4
[ 1822 ms ] worker_62141: Start to process client request
[ 1822 ms ] worker_62141: Request is not valid!
[ 1822 ms ] worker_62141: Send response to client
[ 1822 ms ] worker_62141: Start wait for client data...
[ 1823 ms ] worker_62141: 1448 bytes were received from client 4
[ 1823 ms ] worker_62141: Start to process client request
[ 1823 ms ] worker_62141: Request is not valid!
[ 1823 ms ] worker_62141: Send response to client
[ 1823 ms ] worker_62141: Start wait for client data...
[ 1823 ms ] worker_62141: 1448 bytes were received from client 4
[ 1823 ms ] worker_62141: Start to process client request
[ 1823 ms ] worker_62141: Request is not valid!
[ 1823 ms ] worker_62141: Send response to client
[ 1823 ms ] worker_62141: Start wait for client data...
[ 1824 ms ] worker_62141: 1448 bytes were received from client 4
[ 1824 ms ] worker_62141: Start to process client request
[ 1824 ms ] worker_62141: Request is not valid!
[ 1824 ms ] worker_62141: Send response to client
[ 1824 ms ] worker_62141: Start wait for client data...
[ 1824 ms ] worker_62141: 1448 bytes were received from client 4
[ 1824 ms ] worker_62141: Start to process client request
[ 1824 ms ] worker_62141: Request is not valid!
[ 1824 ms ] worker_62141: Send response to client
[ 1824 ms ] worker_62141: Start wait for client data...
[ 1824 ms ] worker_62141: 1448 bytes were received from client 4
[ 1824 ms ] worker_62141: Start to process client request
[ 1824 ms ] worker_62141: Request is not valid!
[ 1824 ms ] worker_62141: Send response to client
[ 1824 ms ] worker_62141: Start wait for client data...
[ 1832 ms ] worker_62141: 2896 bytes were received from client 4
[ 1833 ms ] worker_62141: Start to process client request
[ 1833 ms ] worker_62141: Request is not valid!
[ 1833 ms ] worker_62141: Send response to client
[ 1833 ms ] worker_62141: Start wait for client data...
[ 1833 ms ] worker_62141: 1448 bytes were received from client 4
[ 1833 ms ] worker_62141: Start to process client request
[ 1833 ms ] worker_62141: Request is not valid!
[ 1833 ms ] worker_62141: Send response to client
[ 1833 ms ] worker_62141: Start wait for client data...
[ 1833 ms ] worker_62141: 1448 bytes were received from client 4
[ 1833 ms ] worker_62141: Start to process client request
[ 1833 ms ] worker_62141: Request is not valid!
[ 1833 ms ] worker_62141: Send response to client
[ 1833 ms ] worker_62141: Start wait for client data...
[ 1900 ms ] worker_62141: 1448 bytes were received from client 4
[ 1900 ms ] worker_62141: Start to process client request
[ 1900 ms ] worker_62141: Request is not valid!
[ 1900 ms ] worker_62141: Send response to client
[ 1900 ms ] worker_62141: Start wait for client data...
[ 1901 ms ] worker_62141: 1448 bytes were received from client 4
[ 1901 ms ] worker_62141: Start to process client request
[ 1901 ms ] worker_62141: Request is not valid!
[ 1901 ms ] worker_62141: Send response to client
[ 1901 ms ] worker_62141: Start wait for client data...
[ 1901 ms ] worker_62141: 1448 bytes were received from client 4
[ 1901 ms ] worker_62141: Start to process client request
[ 1901 ms ] worker_62141: Request is not valid!
[ 1901 ms ] worker_62141: Send response to client
[ 1901 ms ] worker_62141: Start wait for client data...
[ 1901 ms ] worker_62141: 1448 bytes were received from client 4
[ 1901 ms ] worker_62141: Start to process client request
[ 1901 ms ] worker_62141: Request is not valid!
[ 1901 ms ] worker_62141: Send response to client
[ 1901 ms ] worker_62141: Start wait for client data...
[ 1908 ms ] worker_62141: 1448 bytes were received from client 4
[ 1908 ms ] worker_62141: Start to process client request
[ 1908 ms ] worker_62141: Request is not valid!
[ 1908 ms ] worker_62141: Send response to client
[ 1908 ms ] worker_62141: Start wait for client data...
[ 1908 ms ] worker_62141: 1448 bytes were received from client 4
[ 1908 ms ] worker_62141: Start to process client request
[ 1908 ms ] worker_62141: Request is not valid!
[ 1908 ms ] worker_62141: Send response to client
[ 1908 ms ] worker_62141: Start wait for client data...
[ 1908 ms ] worker_62141: 1448 bytes were received from client 4
[ 1908 ms ] worker_62141: Start to process client request
[ 1908 ms ] worker_62141: Request is not valid!
[ 1908 ms ] worker_62141: Send response to client
[ 1908 ms ] worker_62141: Start wait for client data...
[ 1908 ms ] worker_62141: 1448 bytes were received from client 4
[ 1908 ms ] worker_62141: Start to process client request
[ 1908 ms ] worker_62141: Request is not valid!
[ 1908 ms ] worker_62141: Send response to client
[ 1908 ms ] worker_62141: Start wait for client data...
[ 1908 ms ] worker_62141: 1448 bytes were received from client 4
[ 1908 ms ] worker_62141: Start to process client request
[ 1908 ms ] worker_62141: Request is not valid!
[ 1908 ms ] worker_62141: Send response to client
[ 1908 ms ] worker_62141: Start wait for client data...
[ 1908 ms ] worker_62141: 1448 bytes were received from client 4
[ 1908 ms ] worker_62141: Start to process client request
[ 1908 ms ] worker_62141: Request is not valid!
[ 1908 ms ] worker_62141: Send response to client
[ 1908 ms ] worker_62141: Start wait for client data...
[ 1908 ms ] worker_62141: 1448 bytes were received from client 4
[ 1908 ms ] worker_62141: Start to process client request
[ 1908 ms ] worker_62141: Request is not valid!
[ 1908 ms ] worker_62141: Send response to client
[ 1908 ms ] worker_62141: Start wait for client data...
[ 1909 ms ] worker_62141: 1448 bytes were received from client 4
[ 1909 ms ] worker_62141: Start to process client request
[ 1909 ms ] worker_62141: Request is not valid!
[ 1909 ms ] worker_62141: Send response to client
[ 1909 ms ] worker_62141: Start wait for client data...
[ 2037 ms ] worker_62141: 1448 bytes were received from client 4
[ 2037 ms ] worker_62141: Start to process client request
[ 2037 ms ] worker_62141: Request is not valid!
[ 2037 ms ] worker_62141: Send response to client
[ 2037 ms ] worker_62141: Start wait for client data...
[ 2038 ms ] worker_62141: 2896 bytes were received from client 4
[ 2038 ms ] worker_62141: Start to process client request
[ 2038 ms ] worker_62141: Request is not valid!
[ 2038 ms ] worker_62141: Send response to client
[ 2038 ms ] worker_62141: Start wait for client data...
[ 2038 ms ] worker_62141: 1448 bytes were received from client 4
[ 2038 ms ] worker_62141: Start to process client request
[ 2038 ms ] worker_62141: Request is not valid!
[ 2038 ms ] worker_62141: Send response to client
[ 2038 ms ] worker_62141: Start wait for client data...
[ 2049 ms ] worker_62141: 1448 bytes were received from client 4
[ 2049 ms ] worker_62141: Start to process client request
[ 2049 ms ] worker_62141: Request is not valid!
[ 2049 ms ] worker_62141: Send response to client
[ 2049 ms ] worker_62141: Start wait for client data...
[ 2049 ms ] worker_62141: 1448 bytes were received from client 4
[ 2049 ms ] worker_62141: Start to process client request
[ 2049 ms ] worker_62141: Request is not valid!
[ 2049 ms ] worker_62141: Send response to client
[ 2049 ms ] worker_62141: Start wait for client data...
[ 2049 ms ] worker_62141: 2896 bytes were received from client 4
[ 2049 ms ] worker_62141: Start to process client request
[ 2049 ms ] worker_62141: Request is not valid!
[ 2049 ms ] worker_62141: Send response to client
[ 2049 ms ] worker_62141: Start wait for client data...
[ 2049 ms ] worker_62141: 2896 bytes were received from client 4
[ 2049 ms ] worker_62141: Start to process client request
[ 2049 ms ] worker_62141: Request is not valid!
[ 2049 ms ] worker_62141: Send response to client
[ 2049 ms ] worker_62141: Start wait for client data...
[ 2050 ms ] worker_62141: 1448 bytes were received from client 4
[ 2050 ms ] worker_62141: Start to process client request
[ 2050 ms ] worker_62141: Request is not valid!
[ 2050 ms ] worker_62141: Send response to client
[ 2050 ms ] worker_62141: Start wait for client data...
[ 2132 ms ] worker_62141: 1448 bytes were received from client 4
[ 2132 ms ] worker_62141: Start to process client request
[ 2132 ms ] worker_62141: Request is not valid!
[ 2132 ms ] worker_62141: Send response to client
[ 2132 ms ] worker_62141: Start wait for client data...
[ 2137 ms ] worker_62141: 1448 bytes were received from client 4
[ 2137 ms ] worker_62141: Start to process client request
[ 2137 ms ] worker_62141: Request is not valid!
[ 2137 ms ] worker_62141: Send response to client
[ 2137 ms ] worker_62141: Start wait for client data...
[ 2137 ms ] worker_62141: 1448 bytes were received from client 4
[ 2137 ms ] worker_62141: Start to process client request
[ 2137 ms ] worker_62141: Request is not valid!
[ 2137 ms ] worker_62141: Send response to client
[ 2137 ms ] worker_62141: Start wait for client data...
[ 2139 ms ] worker_62141: 1448 bytes were received from client 4
[ 2139 ms ] worker_62141: Start to process client request
[ 2139 ms ] worker_62141: Request is not valid!
[ 2139 ms ] worker_62141: Send response to client
[ 2139 ms ] worker_62141: Start wait for client data...
[ 2139 ms ] worker_62141: 1448 bytes were received from client 4
[ 2139 ms ] worker_62141: Start to process client request
[ 2139 ms ] worker_62141: Request is not valid!
[ 2139 ms ] worker_62141: Send response to client
[ 2139 ms ] worker_62141: Start wait for client data...
[ 2139 ms ] worker_62141: 1448 bytes were received from client 4
[ 2139 ms ] worker_62141: Start to process client request
[ 2139 ms ] worker_62141: Request is not valid!
[ 2139 ms ] worker_62141: Send response to client
[ 2139 ms ] worker_62141: Start wait for client data...
[ 2292 ms ] worker_62141: 1448 bytes were received from client 4
[ 2292 ms ] worker_62141: Start to process client request
[ 2292 ms ] worker_62141: Request is not valid!
[ 2292 ms ] worker_62141: Send response to client
[ 2292 ms ] worker_62141: Start wait for client data...
[ 2292 ms ] worker_62141: 1448 bytes were received from client 4
[ 2292 ms ] worker_62141: Start to process client request
[ 2292 ms ] worker_62141: Request is not valid!
[ 2292 ms ] worker_62141: Send response to client
[ 2292 ms ] worker_62141: Start wait for client data...
[ 2292 ms ] worker_62141: 1448 bytes were received from client 4
[ 2292 ms ] worker_62141: Start to process client request
[ 2292 ms ] worker_62141: Request is not valid!
[ 2292 ms ] worker_62141: Send response to client
[ 2292 ms ] worker_62141: Start wait for client data...
[ 2292 ms ] worker_62141: 1448 bytes were received from client 4
[ 2292 ms ] worker_62141: Start to process client request
[ 2292 ms ] worker_62141: Request is not valid!
[ 2292 ms ] worker_62141: Send response to client
[ 2292 ms ] worker_62141: Start wait for client data...
[ 2292 ms ] worker_62141: 1448 bytes were received from client 4
[ 2292 ms ] worker_62141: Start to process client request
[ 2292 ms ] worker_62141: Request is not valid!
[ 2292 ms ] worker_62141: Send response to client
[ 2292 ms ] worker_62141: Start wait for client data...
[ 2293 ms ] worker_62141: 1448 bytes were received from client 4
[ 2293 ms ] worker_62141: Start to process client request
[ 2293 ms ] worker_62141: Request is not valid!
[ 2293 ms ] worker_62141: Send response to client
[ 2293 ms ] worker_62141: Start wait for client data...
[ 3128 ms ] worker_62141: 2896 bytes were received from client 4
[ 3128 ms ] worker_62141: Start to process client request
[ 3128 ms ] worker_62141: Request is not valid!
[ 3128 ms ] worker_62141: Send response to client
[ 3128 ms ] worker_62141: Start wait for client data...
[ 3128 ms ] worker_62141: 1448 bytes were received from client 4
[ 3128 ms ] worker_62141: Start to process client request
[ 3128 ms ] worker_62141: Request is not valid!
[ 3128 ms ] worker_62141: Send response to client
[ 3128 ms ] worker_62141: Start wait for client data...
[ 3131 ms ] worker_62141: 1448 bytes were received from client 4
[ 3131 ms ] worker_62141: Start to process client request
[ 3131 ms ] worker_62141: Request is not valid!
[ 3131 ms ] worker_62141: Send response to client
[ 3131 ms ] worker_62141: Start wait for client data...
[ 3131 ms ] worker_62141: 1448 bytes were received from client 4
[ 3132 ms ] worker_62141: Start to process client request
[ 3132 ms ] worker_62141: Request is not valid!
[ 3132 ms ] worker_62141: Send response to client
[ 3132 ms ] worker_62141: Start wait for client data...
[ 3132 ms ] worker_62141: 1448 bytes were received from client 4
[ 3132 ms ] worker_62141: Start to process client request
[ 3132 ms ] worker_62141: Request is not valid!
[ 3132 ms ] worker_62141: Send response to client
[ 3132 ms ] worker_62141: Start wait for client data...
[ 3146 ms ] worker_62141: 2896 bytes were received from client 4
[ 3146 ms ] worker_62141: Start to process client request
[ 3146 ms ] worker_62141: Request is not valid!
[ 3146 ms ] worker_62141: Send response to client
[ 3146 ms ] worker_62141: Start wait for client data...
[ 3146 ms ] worker_62141: 1448 bytes were received from client 4
[ 3146 ms ] worker_62141: Start to process client request
[ 3146 ms ] worker_62141: Request is not valid!
[ 3146 ms ] worker_62141: Send response to client
[ 3146 ms ] worker_62141: Start wait for client data...
[ 3146 ms ] worker_62141: 1448 bytes were received from client 4
[ 3146 ms ] worker_62141: Start to process client request
[ 3146 ms ] worker_62141: Request is not valid!
[ 3146 ms ] worker_62141: Send response to client
[ 3146 ms ] worker_62141: Start wait for client data...
[ 3146 ms ] worker_62141: 2896 bytes were received from client 4
[ 3146 ms ] worker_62141: Start to process client request
[ 3146 ms ] worker_62141: Request is not valid!
[ 3146 ms ] worker_62141: Send response to client
[ 3146 ms ] worker_62141: Start wait for client data...
[ 3147 ms ] worker_62141: 1448 bytes were received from client 4
[ 3147 ms ] worker_62141: Start to process client request
[ 3147 ms ] worker_62141: Request is not valid!
[ 3147 ms ] worker_62141: Send response to client
[ 3147 ms ] worker_62141: Start wait for client data...
[ 3427 ms ] worker_62141: 1448 bytes were received from client 4
[ 3427 ms ] worker_62141: Start to process client request
[ 3427 ms ] worker_62141: Request is not valid!
[ 3427 ms ] worker_62141: Send response to client
[ 3427 ms ] worker_62141: Start wait for client data...
[ 3783 ms ] worker_62141: 1448 bytes were received from client 4
[ 3783 ms ] worker_62141: Start to process client request
[ 3783 ms ] worker_62141: Request is not valid!
[ 3783 ms ] worker_62141: Send response to client
[ 3783 ms ] worker_62141: Start wait for client data...
[ 3833 ms ] worker_62141: 1448 bytes were received from client 4
[ 3833 ms ] worker_62141: Start to process client request
[ 3833 ms ] worker_62141: Request is not valid!
[ 3833 ms ] worker_62141: Send response to client
[ 3833 ms ] worker_62141: Start wait for client data...
[ 3833 ms ] worker_62141: 2896 bytes were received from client 4
[ 3833 ms ] worker_62141: Start to process client request
[ 3833 ms ] worker_62141: Request is not valid!
[ 3833 ms ] worker_62141: Send response to client
[ 3833 ms ] worker_62141: Start wait for client data...
[ 3833 ms ] worker_62141: 1448 bytes were received from client 4
[ 3833 ms ] worker_62141: Start to process client request
[ 3833 ms ] worker_62141: Request is not valid!
[ 3833 ms ] worker_62141: Send response to client
[ 3833 ms ] worker_62141: Start wait for client data...
[ 3833 ms ] worker_62141: 1436 bytes were received from client 4
[ 3833 ms ] worker_62141: Start to process client request
[ 3833 ms ] worker_62141: Request is not valid!
[ 3833 ms ] worker_62141: Send response to client
[ 3833 ms ] worker_62141: Start wait for client data...
[ 3834 ms ] worker_62141: 12 bytes were received from client 4
[ 3834 ms ] worker_62141: Start to process client request
[ 3834 ms ] worker_62141: Request is not valid!
[ 3834 ms ] worker_62141: Send response to client
[ 3834 ms ] worker_62141: Start wait for client data...
[ 3842 ms ] worker_62141: 1436 bytes were received from client 4
[ 3842 ms ] worker_62141: Start to process client request
[ 3842 ms ] worker_62141: Request is not valid!
[ 3842 ms ] worker_62141: Send response to client
[ 3842 ms ] worker_62141: Start wait for client data...
[ 3842 ms ] worker_62141: 1436 bytes were received from client 4
[ 3842 ms ] worker_62141: Start to process client request
[ 3842 ms ] worker_62141: Request is not valid!
[ 3842 ms ] worker_62141: Send response to client
[ 3842 ms ] worker_62141: Start wait for client data...
[ 3842 ms ] worker_62141: 1436 bytes were received from client 4
[ 3842 ms ] worker_62141: Start to process client request
[ 3842 ms ] worker_62141: Request is not valid!
[ 3842 ms ] worker_62141: Send response to client
[ 3842 ms ] worker_62141: Start wait for client data...
[ 4439 ms ] worker_62141: Error was occurred while receiving data from client
[ 4439 ms ] worker_62141: Exit
[ 4441 ms ] END
