[ 0 ms ] START
[ 0 ms ] worker_62193: Hello, I'm new worker!
[ 0 ms ] worker_62193: Incomming connection info: 0.0.0.0 : 0New client socket was created: 4

[ 0 ms ] worker_62193: Start wait for client data...
[ 0 ms ] worker_62193: 2896 bytes were received from client 4
[ 0 ms ] worker_62193: Start to process client request
[ 0 ms ] worker_62193: Request is not valid!
[ 0 ms ] worker_62193: Send response to client
[ 0 ms ] worker_62193: Start wait for client data...
[ 1 ms ] worker_62193: 1448 bytes were received from client 4
[ 1 ms ] worker_62193: Start to process client request
[ 1 ms ] worker_62193: Request is not valid!
[ 1 ms ] worker_62193: Send response to client
[ 1 ms ] worker_62193: Start wait for client data...
[ 2 ms ] worker_62193: 1448 bytes were received from client 4
[ 2 ms ] worker_62193: Start to process client request
[ 2 ms ] worker_62193: Request is not valid!
[ 2 ms ] worker_62193: Send response to client
[ 2 ms ] worker_62193: Start wait for client data...
[ 4 ms ] worker_62193: 1448 bytes were received from client 4
[ 4 ms ] worker_62193: Start to process client request
[ 4 ms ] worker_62193: Request is not valid!
[ 4 ms ] worker_62193: Send response to client
[ 4 ms ] worker_62193: Start wait for client data...
[ 6 ms ] worker_62193: 1448 bytes were received from client 4
[ 6 ms ] worker_62193: Start to process client request
[ 6 ms ] worker_62193: Request is not valid!
[ 6 ms ] worker_62193: Send response to client
[ 6 ms ] worker_62193: Start wait for client data...
[ 8 ms ] worker_62193: 1448 bytes were received from client 4
[ 8 ms ] worker_62193: Start to process client request
[ 8 ms ] worker_62193: Request is not valid!
[ 8 ms ] worker_62193: Send response to client
[ 8 ms ] worker_62193: Start wait for client data...
[ 8 ms ] worker_62193: 1448 bytes were received from client 4
[ 8 ms ] worker_62193: Start to process client request
[ 8 ms ] worker_62193: Request is not valid!
[ 8 ms ] worker_62193: Send response to client
[ 8 ms ] worker_62193: Start wait for client data...
[ 9 ms ] worker_62193: 1448 bytes were received from client 4
[ 9 ms ] worker_62193: Start to process client request
[ 9 ms ] worker_62193: Request is not valid!
[ 9 ms ] worker_62193: Send response to client
[ 9 ms ] worker_62193: Start wait for client data...
[ 93 ms ] worker_62193: 1448 bytes were received from client 4
[ 93 ms ] worker_62193: Start to process client request
[ 93 ms ] worker_62193: Request is not valid!
[ 93 ms ] worker_62193: Send response to client
[ 93 ms ] worker_62193: Start wait for client data...
[ 416 ms ] worker_62193: 1448 bytes were received from client 4
[ 416 ms ] worker_62193: Start to process client request
[ 416 ms ] worker_62193: Request is not valid!
[ 416 ms ] worker_62193: Send response to client
[ 416 ms ] worker_62193: Start wait for client data...
[ 416 ms ] worker_62193: 1448 bytes were received from client 4
[ 416 ms ] worker_62193: Start to process client request
[ 416 ms ] worker_62193: Request is not valid!
[ 416 ms ] worker_62193: Send response to client
[ 416 ms ] worker_62193: Start wait for client data...
[ 424 ms ] worker_62193: 1448 bytes were received from client 4
[ 424 ms ] worker_62193: Start to process client request
[ 424 ms ] worker_62193: Request is not valid!
[ 424 ms ] worker_62193: Send response to client
[ 424 ms ] worker_62193: Start wait for client data...
[ 426 ms ] worker_62193: 1448 bytes were received from client 4
[ 426 ms ] worker_62193: Start to process client request
[ 426 ms ] worker_62193: Request is not valid!
[ 426 ms ] worker_62193: Send response to client
[ 426 ms ] worker_62193: Start wait for client data...
[ 426 ms ] worker_62193: 1448 bytes were received from client 4
[ 426 ms ] worker_62193: Start to process client request
[ 426 ms ] worker_62193: Request is not valid!
[ 426 ms ] worker_62193: Send response to client
[ 426 ms ] worker_62193: Start wait for client data...
[ 426 ms ] worker_62193: 1448 bytes were received from client 4
[ 426 ms ] worker_62193: Start to process client request
[ 426 ms ] worker_62193: Request is not valid!
[ 426 ms ] worker_62193: Send response to client
[ 426 ms ] worker_62193: Start wait for client data...
[ 426 ms ] worker_62193: 1448 bytes were received from client 4
[ 426 ms ] worker_62193: Start to process client request
[ 426 ms ] worker_62193: Request is not valid!
[ 426 ms ] worker_62193: Send response to client
[ 426 ms ] worker_62193: Start wait for client data...
[ 426 ms ] worker_62193: 1448 bytes were received from client 4
[ 426 ms ] worker_62193: Start to process client request
[ 426 ms ] worker_62193: Request is not valid!
[ 426 ms ] worker_62193: Send response to client
[ 426 ms ] worker_62193: Start wait for client data...
[ 429 ms ] worker_62193: 1448 bytes were received from client 4
[ 429 ms ] worker_62193: Start to process client request
[ 429 ms ] worker_62193: Request is not valid!
[ 429 ms ] worker_62193: Send response to client
[ 429 ms ] worker_62193: Start wait for client data...
[ 429 ms ] worker_62193: 1448 bytes were received from client 4
[ 429 ms ] worker_62193: Start to process client request
[ 429 ms ] worker_62193: Request is not valid!
[ 429 ms ] worker_62193: Send response to client
[ 429 ms ] worker_62193: Start wait for client data...
[ 429 ms ] worker_62193: 1448 bytes were received from client 4
[ 429 ms ] worker_62193: Start to process client request
[ 429 ms ] worker_62193: Request is not valid!
[ 429 ms ] worker_62193: Send response to client
[ 429 ms ] worker_62193: Start wait for client data...
[ 740 ms ] worker_62193: 1448 bytes were received from client 4
[ 740 ms ] worker_62193: Start to process client request
[ 740 ms ] worker_62193: Request is not valid!
[ 740 ms ] worker_62193: Send response to client
[ 740 ms ] worker_62193: Start wait for client data...
[ 740 ms ] worker_62193: 1448 bytes were received from client 4
[ 740 ms ] worker_62193: Start to process client request
[ 740 ms ] worker_62193: Request is not valid!
[ 740 ms ] worker_62193: Send response to client
[ 740 ms ] worker_62193: Start wait for client data...
[ 740 ms ] worker_62193: 1448 bytes were received from client 4
[ 740 ms ] worker_62193: Start to process client request
[ 740 ms ] worker_62193: Request is not valid!
[ 740 ms ] worker_62193: Send response to client
[ 740 ms ] worker_62193: Start wait for client data...
[ 740 ms ] worker_62193: 1448 bytes were received from client 4
[ 740 ms ] worker_62193: Start to process client request
[ 740 ms ] worker_62193: Request is not valid!
[ 740 ms ] worker_62193: Send response to client
[ 740 ms ] worker_62193: Start wait for client data...
[ 740 ms ] worker_62193: 1448 bytes were received from client 4
[ 740 ms ] worker_62193: Start to process client request
[ 740 ms ] worker_62193: Request is not valid!
[ 740 ms ] worker_62193: Send response to client
[ 740 ms ] worker_62193: Start wait for client data...
[ 740 ms ] worker_62193: 1448 bytes were received from client 4
[ 740 ms ] worker_62193: Start to process client request
[ 740 ms ] worker_62193: Request is not valid!
[ 740 ms ] worker_62193: Send response to client
[ 740 ms ] worker_62193: Start wait for client data...
[ 740 ms ] worker_62193: 1448 bytes were received from client 4
[ 740 ms ] worker_62193: Start to process client request
[ 740 ms ] worker_62193: Request is not valid!
[ 740 ms ] worker_62193: Send response to client
[ 740 ms ] worker_62193: Start wait for client data...
[ 741 ms ] worker_62193: 1448 bytes were received from client 4
[ 741 ms ] worker_62193: Start to process client request
[ 741 ms ] worker_62193: Request is not valid!
[ 741 ms ] worker_62193: Send response to client
[ 741 ms ] worker_62193: Start wait for client data...
[ 741 ms ] worker_62193: 1448 bytes were received from client 4
[ 741 ms ] worker_62193: Start to process client request
[ 741 ms ] worker_62193: Request is not valid!
[ 741 ms ] worker_62193: Send response to client
[ 741 ms ] worker_62193: Start wait for client data...
[ 741 ms ] worker_62193: 1448 bytes were received from client 4
[ 741 ms ] worker_62193: Start to process client request
[ 741 ms ] worker_62193: Request is not valid!
[ 741 ms ] worker_62193: Send response to client
[ 741 ms ] worker_62193: Start wait for client data...
[ 742 ms ] worker_62193: 2896 bytes were received from client 4
[ 742 ms ] worker_62193: Start to process client request
[ 742 ms ] worker_62193: Request is not valid!
[ 742 ms ] worker_62193: Send response to client
[ 742 ms ] worker_62193: Start wait for client data...
[ 1052 ms ] worker_62193: 1448 bytes were received from client 4
[ 1052 ms ] worker_62193: Start to process client request
[ 1052 ms ] worker_62193: Request is not valid!
[ 1052 ms ] worker_62193: Send response to client
[ 1052 ms ] worker_62193: Start wait for client data...
[ 1052 ms ] worker_62193: 1448 bytes were received from client 4
[ 1053 ms ] worker_62193: Start to process client request
[ 1053 ms ] worker_62193: Request is not valid!
[ 1053 ms ] worker_62193: Send response to client
[ 1053 ms ] worker_62193: Start wait for client data...
[ 1053 ms ] worker_62193: 1448 bytes were received from client 4
[ 1053 ms ] worker_62193: Start to process client request
[ 1053 ms ] worker_62193: Request is not valid!
[ 1053 ms ] worker_62193: Send response to client
[ 1053 ms ] worker_62193: Start wait for client data...
[ 1053 ms ] worker_62193: 2896 bytes were received from client 4
[ 1053 ms ] worker_62193: Start to process client request
[ 1053 ms ] worker_62193: Request is not valid!
[ 1053 ms ] worker_62193: Send response to client
[ 1053 ms ] worker_62193: Start wait for client data...
[ 1053 ms ] worker_62193: 1448 bytes were received from client 4
[ 1053 ms ] worker_62193: Start to process client request
[ 1053 ms ] worker_62193: Request is not valid!
[ 1053 ms ] worker_62193: Send response to client
[ 1053 ms ] worker_62193: Start wait for client data...
[ 1053 ms ] worker_62193: 1448 bytes were received from client 4
[ 1053 ms ] worker_62193: Start to process client request
[ 1053 ms ] worker_62193: Request is not valid!
[ 1053 ms ] worker_62193: Send response to client
[ 1053 ms ] worker_62193: Start wait for client data...
[ 1053 ms ] worker_62193: 1448 bytes were received from client 4
[ 1053 ms ] worker_62193: Start to process client request
[ 1053 ms ] worker_62193: Request is not valid!
[ 1053 ms ] worker_62193: Send response to client
[ 1053 ms ] worker_62193: Start wait for client data...
[ 1053 ms ] worker_62193: 1448 bytes were received from client 4
[ 1053 ms ] worker_62193: Start to process client request
[ 1053 ms ] worker_62193: Request is not valid!
[ 1053 ms ] worker_62193: Send response to client
[ 1053 ms ] worker_62193: Start wait for client data...
[ 1055 ms ] worker_62193: 1448 bytes were received from client 4
[ 1055 ms ] worker_62193: Start to process client request
[ 1055 ms ] worker_62193: Request is not valid!
[ 1055 ms ] worker_62193: Send response to client
[ 1055 ms ] worker_62193: Start wait for client data...
[ 1055 ms ] worker_62193: 1448 bytes were received from client 4
[ 1055 ms ] worker_62193: Start to process client request
[ 1055 ms ] worker_62193: Request is not valid!
[ 1055 ms ] worker_62193: Send response to client
[ 1055 ms ] worker_62193: Start wait for client data...
[ 1055 ms ] worker_62193: 1448 bytes were received from client 4
[ 1055 ms ] worker_62193: Start to process client request
[ 1055 ms ] worker_62193: Request is not valid!
[ 1055 ms ] worker_62193: Send response to client
[ 1055 ms ] worker_62193: Start wait for client data...
[ 1055 ms ] worker_62193: 1448 bytes were received from client 4
[ 1055 ms ] worker_62193: Start to process client request
[ 1055 ms ] worker_62193: Request is not valid!
[ 1055 ms ] worker_62193: Send response to client
[ 1055 ms ] worker_62193: Start wait for client data...
[ 1056 ms ] worker_62193: 1448 bytes were received from client 4
[ 1056 ms ] worker_62193: Start to process client request
[ 1056 ms ] worker_62193: Request is not valid!
[ 1056 ms ] worker_62193: Send response to client
[ 1056 ms ] worker_62193: Start wait for client data...
[ 1444 ms ] worker_62193: 1448 bytes were received from client 4
[ 1444 ms ] worker_62193: Start to process client request
[ 1444 ms ] worker_62193: Request is not valid!
[ 1444 ms ] worker_62193: Send response to client
[ 1444 ms ] worker_62193: Start wait for client data...
[ 1444 ms ] worker_62193: 1448 bytes were received from client 4
[ 1444 ms ] worker_62193: Start to process client request
[ 1444 ms ] worker_62193: Request is not valid!
[ 1444 ms ] worker_62193: Send response to client
[ 1444 ms ] worker_62193: Start wait for client data...
[ 1445 ms ] worker_62193: 1448 bytes were received from client 4
[ 1445 ms ] worker_62193: Start to process client request
[ 1445 ms ] worker_62193: Request is not valid!
[ 1445 ms ] worker_62193: Send response to client
[ 1445 ms ] worker_62193: Start wait for client data...
[ 1445 ms ] worker_62193: 1448 bytes were received from client 4
[ 1445 ms ] worker_62193: Start to process client request
[ 1445 ms ] worker_62193: Request is not valid!
[ 1445 ms ] worker_62193: Send response to client
[ 1445 ms ] worker_62193: Start wait for client data...
[ 1445 ms ] worker_62193: 2896 bytes were received from client 4
[ 1445 ms ] worker_62193: Start to process client request
[ 1445 ms ] worker_62193: Request is not valid!
[ 1445 ms ] worker_62193: Send response to client
[ 1445 ms ] worker_62193: Start wait for client data...
[ 1449 ms ] worker_62193: 1448 bytes were received from client 4
[ 1449 ms ] worker_62193: Start to process client request
[ 1449 ms ] worker_62193: Request is not valid!
[ 1449 ms ] worker_62193: Send response to client
[ 1449 ms ] worker_62193: Start wait for client data...
[ 1450 ms ] worker_62193: 2896 bytes were received from client 4
[ 1450 ms ] worker_62193: Start to process client request
[ 1450 ms ] worker_62193: Request is not valid!
[ 1450 ms ] worker_62193: Send response to client
[ 1450 ms ] worker_62193: Start wait for client data...
[ 1450 ms ] worker_62193: 1448 bytes were received from client 4
[ 1450 ms ] worker_62193: Start to process client request
[ 1450 ms ] worker_62193: Request is not valid!
[ 1450 ms ] worker_62193: Send response to client
[ 1450 ms ] worker_62193: Start wait for client data...
[ 1450 ms ] worker_62193: 1448 bytes were received from client 4
[ 1450 ms ] worker_62193: Start to process client request
[ 1450 ms ] worker_62193: Request is not valid!
[ 1450 ms ] worker_62193: Send response to client
[ 1450 ms ] worker_62193: Start wait for client data...
[ 1450 ms ] worker_62193: 2896 bytes were received from client 4
[ 1450 ms ] worker_62193: Start to process client request
[ 1450 ms ] worker_62193: Request is not valid!
[ 1450 ms ] worker_62193: Send response to client
[ 1450 ms ] worker_62193: Start wait for client data...
[ 1451 ms ] worker_62193: 1448 bytes were received from client 4
[ 1451 ms ] worker_62193: Start to process client request
[ 1451 ms ] worker_62193: Request is not valid!
[ 1451 ms ] worker_62193: Send response to client
[ 1451 ms ] worker_62193: Start wait for client data...
[ 1451 ms ] worker_62193: 1448 bytes were received from client 4
[ 1451 ms ] worker_62193: Start to process client request
[ 1451 ms ] worker_62193: Request is not valid!
[ 1451 ms ] worker_62193: Send response to client
[ 1451 ms ] worker_62193: Start wait for client data...
[ 1803 ms ] worker_62193: 1448 bytes were received from client 4
[ 1803 ms ] worker_62193: Start to process client request
[ 1803 ms ] worker_62193: Request is not valid!
[ 1803 ms ] worker_62193: Send response to client
[ 1803 ms ] worker_62193: Start wait for client data...
[ 1804 ms ] worker_62193: 1448 bytes were received from client 4
[ 1804 ms ] worker_62193: Start to process client request
[ 1804 ms ] worker_62193: Request is not valid!
[ 1804 ms ] worker_62193: Send response to client
[ 1804 ms ] worker_62193: Start wait for client data...
[ 1804 ms ] worker_62193: 1448 bytes were received from client 4
[ 1804 ms ] worker_62193: Start to process client request
[ 1804 ms ] worker_62193: Request is not valid!
[ 1804 ms ] worker_62193: Send response to client
[ 1804 ms ] worker_62193: Start wait for client data...
[ 1804 ms ] worker_62193: 1448 bytes were received from client 4
[ 1804 ms ] worker_62193: Start to process client request
[ 1804 ms ] worker_62193: Request is not valid!
[ 1804 ms ] worker_62193: Send response to client
[ 1804 ms ] worker_62193: Start wait for client data...
[ 1806 ms ] worker_62193: 2896 bytes were received from client 4
[ 1806 ms ] worker_62193: Start to process client request
[ 1806 ms ] worker_62193: Request is not valid!
[ 1806 ms ] worker_62193: Send response to client
[ 1806 ms ] worker_62193: Start wait for client data...
[ 1806 ms ] worker_62193: 1448 bytes were received from client 4
[ 1806 ms ] worker_62193: Start to process client request
[ 1806 ms ] worker_62193: Request is not valid!
[ 1806 ms ] worker_62193: Send response to client
[ 1806 ms ] worker_62193: Start wait for client data...
[ 1807 ms ] worker_62193: 1448 bytes were received from client 4
[ 1807 ms ] worker_62193: Start to process client request
[ 1807 ms ] worker_62193: Request is not valid!
[ 1807 ms ] worker_62193: Send response to client
[ 1807 ms ] worker_62193: Start wait for client data...
[ 1807 ms ] worker_62193: 2896 bytes were received from client 4
[ 1807 ms ] worker_62193: Start to process client request
[ 1807 ms ] worker_62193: Request is not valid!
[ 1807 ms ] worker_62193: Send response to client
[ 1807 ms ] worker_62193: Start wait for client data...
[ 1807 ms ] worker_62193: 1448 bytes were received from client 4
[ 1807 ms ] worker_62193: Start to process client request
[ 1807 ms ] worker_62193: Request is not valid!
[ 1807 ms ] worker_62193: Send response to client
[ 1807 ms ] worker_62193: Start wait for client data...
[ 1807 ms ] worker_62193: 1448 bytes were received from client 4
[ 1807 ms ] worker_62193: Start to process client request
[ 1807 ms ] worker_62193: Request is not valid!
[ 1807 ms ] worker_62193: Send response to client
[ 1807 ms ] worker_62193: Start wait for client data...
[ 1807 ms ] worker_62193: 1448 bytes were received from client 4
[ 1807 ms ] worker_62193: Start to process client request
[ 1807 ms ] worker_62193: Request is not valid!
[ 1807 ms ] worker_62193: Send response to client
[ 1807 ms ] worker_62193: Start wait for client data...
[ 1807 ms ] worker_62193: 1448 bytes were received from client 4
[ 1807 ms ] worker_62193: Start to process client request
[ 1807 ms ] worker_62193: Request is not valid!
[ 1807 ms ] worker_62193: Send response to client
[ 1807 ms ] worker_62193: Start wait for client data...
[ 1807 ms ] worker_62193: 1448 bytes were received from client 4
[ 1807 ms ] worker_62193: Start to process client request
[ 1807 ms ] worker_62193: Request is not valid!
[ 1807 ms ] worker_62193: Send response to client
[ 1807 ms ] worker_62193: Start wait for client data...
[ 1808 ms ] worker_62193: 1448 bytes were received from client 4
[ 1808 ms ] worker_62193: Start to process client request
[ 1808 ms ] worker_62193: Request is not valid!
[ 1808 ms ] worker_62193: Send response to client
[ 1808 ms ] worker_62193: Start wait for client data...
[ 2299 ms ] worker_62193: 1448 bytes were received from client 4
[ 2299 ms ] worker_62193: Start to process client request
[ 2299 ms ] worker_62193: Request is not valid!
[ 2299 ms ] worker_62193: Send response to client
[ 2299 ms ] worker_62193: Start wait for client data...
[ 2300 ms ] worker_62193: 1448 bytes were received from client 4
[ 2300 ms ] worker_62193: Start to process client request
[ 2300 ms ] worker_62193: Request is not valid!
[ 2300 ms ] worker_62193: Send response to client
[ 2300 ms ] worker_62193: Start wait for client data...
[ 2300 ms ] worker_62193: 1448 bytes were received from client 4
[ 2300 ms ] worker_62193: Start to process client request
[ 2300 ms ] worker_62193: Request is not valid!
[ 2300 ms ] worker_62193: Send response to client
[ 2300 ms ] worker_62193: Start wait for client data...
[ 2300 ms ] worker_62193: 1448 bytes were received from client 4
[ 2300 ms ] worker_62193: Start to process client request
[ 2300 ms ] worker_62193: Request is not valid!
[ 2300 ms ] worker_62193: Send response to client
[ 2300 ms ] worker_62193: Start wait for client data...
[ 2301 ms ] worker_62193: 1448 bytes were received from client 4
[ 2301 ms ] worker_62193: Start to process client request
[ 2301 ms ] worker_62193: Request is not valid!
[ 2301 ms ] worker_62193: Send response to client
[ 2301 ms ] worker_62193: Start wait for client data...
[ 2301 ms ] worker_62193: 1448 bytes were received from client 4
[ 2301 ms ] worker_62193: Start to process client request
[ 2301 ms ] worker_62193: Request is not valid!
[ 2301 ms ] worker_62193: Send response to client
[ 2301 ms ] worker_62193: Start wait for client data...
[ 2301 ms ] worker_62193: 1448 bytes were received from client 4
[ 2302 ms ] worker_62193: Start to process client request
[ 2302 ms ] worker_62193: Request is not valid!
[ 2302 ms ] worker_62193: Send response to client
[ 2302 ms ] worker_62193: Start wait for client data...
[ 2302 ms ] worker_62193: 1448 bytes were received from client 4
[ 2302 ms ] worker_62193: Start to process client request
[ 2302 ms ] worker_62193: Request is not valid!
[ 2302 ms ] worker_62193: Send response to client
[ 2302 ms ] worker_62193: Start wait for client data...
[ 2302 ms ] worker_62193: 1448 bytes were received from client 4
[ 2302 ms ] worker_62193: Start to process client request
[ 2302 ms ] worker_62193: Request is not valid!
[ 2302 ms ] worker_62193: Send response to client
[ 2302 ms ] worker_62193: Start wait for client data...
[ 2302 ms ] worker_62193: 1448 bytes were received from client 4
[ 2302 ms ] worker_62193: Start to process client request
[ 2302 ms ] worker_62193: Request is not valid!
[ 2302 ms ] worker_62193: Send response to client
[ 2302 ms ] worker_62193: Start wait for client data...
[ 2302 ms ] worker_62193: 1448 bytes were received from client 4
[ 2302 ms ] worker_62193: Start to process client request
[ 2302 ms ] worker_62193: Request is not valid!
[ 2302 ms ] worker_62193: Send response to client
[ 2302 ms ] worker_62193: Start wait for client data...
[ 2302 ms ] worker_62193: 1448 bytes were received from client 4
[ 2302 ms ] worker_62193: Start to process client request
[ 2302 ms ] worker_62193: Request is not valid!
[ 2302 ms ] worker_62193: Send response to client
[ 2302 ms ] worker_62193: Start wait for client data...
[ 2302 ms ] worker_62193: 1448 bytes were received from client 4
[ 2302 ms ] worker_62193: Start to process client request
[ 2302 ms ] worker_62193: Request is not valid!
[ 2302 ms ] worker_62193: Send response to client
[ 2302 ms ] worker_62193: Start wait for client data...
[ 2302 ms ] worker_62193: 1448 bytes were received from client 4
[ 2302 ms ] worker_62193: Start to process client request
[ 2302 ms ] worker_62193: Request is not valid!
[ 2302 ms ] worker_62193: Send response to client
[ 2302 ms ] worker_62193: Start wait for client data...
[ 2302 ms ] worker_62193: 1448 bytes were received from client 4
[ 2303 ms ] worker_62193: Start to process client request
[ 2303 ms ] worker_62193: Request is not valid!
[ 2303 ms ] worker_62193: Send response to client
[ 2303 ms ] worker_62193: Start wait for client data...
[ 2303 ms ] worker_62193: 1448 bytes were received from client 4
[ 2303 ms ] worker_62193: Start to process client request
[ 2303 ms ] worker_62193: Request is not valid!
[ 2303 ms ] worker_62193: Send response to client
[ 2303 ms ] worker_62193: Start wait for client data...
[ 2303 ms ] worker_62193: 1448 bytes were received from client 4
[ 2303 ms ] worker_62193: Start to process client request
[ 2303 ms ] worker_62193: Request is not valid!
[ 2303 ms ] worker_62193: Send response to client
[ 2303 ms ] worker_62193: Start wait for client data...
[ 2692 ms ] worker_62193: 1448 bytes were received from client 4
[ 2692 ms ] worker_62193: Start to process client request
[ 2692 ms ] worker_62193: Request is not valid!
[ 2692 ms ] worker_62193: Send response to client
[ 2692 ms ] worker_62193: Start wait for client data...
[ 2692 ms ] worker_62193: 1448 bytes were received from client 4
[ 2692 ms ] worker_62193: Start to process client request
[ 2692 ms ] worker_62193: Request is not valid!
[ 2692 ms ] worker_62193: Send response to client
[ 2692 ms ] worker_62193: Start wait for client data...
[ 2692 ms ] worker_62193: 1448 bytes were received from client 4
[ 2692 ms ] worker_62193: Start to process client request
[ 2692 ms ] worker_62193: Request is not valid!
[ 2692 ms ] worker_62193: Send response to client
[ 2692 ms ] worker_62193: Start wait for client data...
[ 2692 ms ] worker_62193: 1448 bytes were received from client 4
[ 2692 ms ] worker_62193: Start to process client request
[ 2692 ms ] worker_62193: Request is not valid!
[ 2692 ms ] worker_62193: Send response to client
[ 2692 ms ] worker_62193: Start wait for client data...
[ 2704 ms ] worker_62193: 2896 bytes were received from client 4
[ 2704 ms ] worker_62193: Start to process client request
[ 2704 ms ] worker_62193: Request is not valid!
[ 2704 ms ] worker_62193: Send response to client
[ 2704 ms ] worker_62193: Start wait for client data...
[ 2704 ms ] worker_62193: 2896 bytes were received from client 4
[ 2704 ms ] worker_62193: Start to process client request
[ 2704 ms ] worker_62193: Request is not valid!
[ 2704 ms ] worker_62193: Send response to client
[ 2704 ms ] worker_62193: Start wait for client data...
[ 2704 ms ] worker_62193: 2896 bytes were received from client 4
[ 2704 ms ] worker_62193: Start to process client request
[ 2704 ms ] worker_62193: Request is not valid!
[ 2704 ms ] worker_62193: Send response to client
[ 2704 ms ] worker_62193: Start wait for client data...
[ 2704 ms ] worker_62193: 1448 bytes were received from client 4
[ 2704 ms ] worker_62193: Start to process client request
[ 2704 ms ] worker_62193: Request is not valid!
[ 2704 ms ] worker_62193: Send response to client
[ 2704 ms ] worker_62193: Start wait for client data...
[ 2704 ms ] worker_62193: 1448 bytes were received from client 4
[ 2704 ms ] worker_62193: Start to process client request
[ 2704 ms ] worker_62193: Request is not valid!
[ 2704 ms ] worker_62193: Send response to client
[ 2704 ms ] worker_62193: Start wait for client data...
[ 2704 ms ] worker_62193: 1448 bytes were received from client 4
[ 2704 ms ] worker_62193: Start to process client request
[ 2704 ms ] worker_62193: Request is not valid!
[ 2704 ms ] worker_62193: Send response to client
[ 2704 ms ] worker_62193: Start wait for client data...
[ 2705 ms ] worker_62193: 1448 bytes were received from client 4
[ 2705 ms ] worker_62193: Start to process client request
[ 2705 ms ] worker_62193: Request is not valid!
[ 2705 ms ] worker_62193: Send response to client
[ 2705 ms ] worker_62193: Start wait for client data...
[ 2705 ms ] worker_62193: 1448 bytes were received from client 4
[ 2705 ms ] worker_62193: Start to process client request
[ 2705 ms ] worker_62193: Request is not valid!
[ 2705 ms ] worker_62193: Send response to client
[ 2705 ms ] worker_62193: Start wait for client data...
[ 2705 ms ] worker_62193: 2896 bytes were received from client 4
[ 2705 ms ] worker_62193: Start to process client request
[ 2705 ms ] worker_62193: Request is not valid!
[ 2705 ms ] worker_62193: Send response to client
[ 2705 ms ] worker_62193: Start wait for client data...
[ 2705 ms ] worker_62193: 1448 bytes were received from client 4
[ 2706 ms ] worker_62193: Start to process client request
[ 2706 ms ] worker_62193: Request is not valid!
[ 2706 ms ] worker_62193: Send response to client
[ 2706 ms ] worker_62193: Start wait for client data...
[ 2706 ms ] worker_62193: 1448 bytes were received from client 4
[ 2706 ms ] worker_62193: Start to process client request
[ 2706 ms ] worker_62193: Request is not valid!
[ 2706 ms ] worker_62193: Send response to client
[ 2706 ms ] worker_62193: Start wait for client data...
[ 2991 ms ] worker_62193: 2896 bytes were received from client 4
[ 2991 ms ] worker_62193: Start to process client request
[ 2991 ms ] worker_62193: Request is not valid!
[ 2991 ms ] worker_62193: Send response to client
[ 2991 ms ] worker_62193: Start wait for client data...
[ 2991 ms ] worker_62193: 1448 bytes were received from client 4
[ 2991 ms ] worker_62193: Start to process client request
[ 2991 ms ] worker_62193: Request is not valid!
[ 2991 ms ] worker_62193: Send response to client
[ 2991 ms ] worker_62193: Start wait for client data...
[ 2991 ms ] worker_62193: 1448 bytes were received from client 4
[ 2991 ms ] worker_62193: Start to process client request
[ 2991 ms ] worker_62193: Request is not valid!
[ 2991 ms ] worker_62193: Send response to client
[ 2991 ms ] worker_62193: Start wait for client data...
[ 2991 ms ] worker_62193: 1448 bytes were received from client 4
[ 2991 ms ] worker_62193: Start to process client request
[ 2991 ms ] worker_62193: Request is not valid!
[ 2991 ms ] worker_62193: Send response to client
[ 2991 ms ] worker_62193: Start wait for client data...
[ 3229 ms ] worker_62193: Error was occurred while receiving data from client
[ 3229 ms ] worker_62193: Exit
[ 3231 ms ] END
