[ 0 ms ] START
[ 0 ms ] worker_60424: Hello, I'm new worker!
[ 0 ms ] worker_60424: Incomming connection info: 0.0.0.0 : 0New client socket was created: 4

[ 0 ms ] worker_60424: Start wait for client data...
[ 123 ms ] worker_60424: 1448 bytes were received from client 4
[ 123 ms ] worker_60424: Start to process client request
[ 123 ms ] worker_60424: Request is not valid!
[ 123 ms ] worker_60424: Send response to client
[ 123 ms ] worker_60424: Start wait for client data...
[ 123 ms ] worker_60424: 1448 bytes were received from client 4
[ 123 ms ] worker_60424: Start to process client request
[ 123 ms ] worker_60424: Request is not valid!
[ 123 ms ] worker_60424: Send response to client
[ 123 ms ] worker_60424: Start wait for client data...
[ 124 ms ] worker_60424: 1448 bytes were received from client 4
[ 124 ms ] worker_60424: Start to process client request
[ 124 ms ] worker_60424: Request is not valid!
[ 124 ms ] worker_60424: Send response to client
[ 124 ms ] worker_60424: Start wait for client data...
[ 124 ms ] worker_60424: 1448 bytes were received from client 4
[ 124 ms ] worker_60424: Start to process client request
[ 124 ms ] worker_60424: Request is not valid!
[ 124 ms ] worker_60424: Send response to client
[ 124 ms ] worker_60424: Start wait for client data...
[ 124 ms ] worker_60424: 1448 bytes were received from client 4
[ 124 ms ] worker_60424: Start to process client request
[ 124 ms ] worker_60424: Request is not valid!
[ 124 ms ] worker_60424: Send response to client
[ 124 ms ] worker_60424: Start wait for client data...
[ 124 ms ] worker_60424: 1448 bytes were received from client 4
[ 124 ms ] worker_60424: Start to process client request
[ 124 ms ] worker_60424: Request is not valid!
[ 124 ms ] worker_60424: Send response to client
[ 124 ms ] worker_60424: Start wait for client data...
[ 124 ms ] worker_60424: 1448 bytes were received from client 4
[ 124 ms ] worker_60424: Start to process client request
[ 124 ms ] worker_60424: Request is not valid!
[ 124 ms ] worker_60424: Send response to client
[ 124 ms ] worker_60424: Start wait for client data...
[ 124 ms ] worker_60424: 832 bytes were received from client 4
[ 124 ms ] worker_60424: Start to process client request
[ 124 ms ] worker_60424: Request is not valid!
[ 124 ms ] worker_60424: Send response to client
[ 124 ms ] worker_60424: Start wait for client data...
[ 231 ms ] worker_60424: Receive 0 bytes. Client closed connection. Goodbye!
[ 231 ms ] worker_60424: Exit
[ 231 ms ] END
