[ 0 ms ] START
[ 0 ms ] worker_60414: Hello, I'm new worker!
[ 0 ms ] worker_60414: Incomming connection info: 0.0.0.0 : 0New client socket was created: 4

[ 0 ms ] worker_60414: Start wait for client data...
[ 83 ms ] worker_60414: 1448 bytes were received from client 4
[ 83 ms ] worker_60414: Start to process client request
[ 83 ms ] worker_60414: Request is not valid!
[ 83 ms ] worker_60414: Send response to client
[ 83 ms ] worker_60414: Start wait for client data...
[ 84 ms ] worker_60414: 2896 bytes were received from client 4
[ 84 ms ] worker_60414: Start to process client request
[ 84 ms ] worker_60414: Request is not valid!
[ 84 ms ] worker_60414: Send response to client
[ 84 ms ] worker_60414: Start wait for client data...
[ 84 ms ] worker_60414: 2896 bytes were received from client 4
[ 84 ms ] worker_60414: Start to process client request
[ 84 ms ] worker_60414: Request is not valid!
[ 84 ms ] worker_60414: Send response to client
[ 84 ms ] worker_60414: Start wait for client data...
[ 84 ms ] worker_60414: 2896 bytes were received from client 4
[ 84 ms ] worker_60414: Start to process client request
[ 84 ms ] worker_60414: Request is not valid!
[ 84 ms ] worker_60414: Send response to client
[ 84 ms ] worker_60414: Start wait for client data...
[ 84 ms ] worker_60414: 2502 bytes were received from client 4
[ 84 ms ] worker_60414: Start to process client request
[ 84 ms ] worker_60414: Request is not valid!
[ 84 ms ] worker_60414: Send response to client
[ 84 ms ] worker_60414: Start wait for client data...
[ 111 ms ] worker_60414: Receive 0 bytes. Client closed connection. Goodbye!
[ 111 ms ] worker_60414: Exit
[ 112 ms ] END
