[ 0 ms ] START
[ 0 ms ] worker_60383: Hello, I'm new worker!
[ 0 ms ] worker_60383: Incomming connection info: 0.0.0.0 : 0New client socket was created: 4

[ 0 ms ] worker_60383: Start wait for client data...
[ 12 ms ] worker_60383: 2896 bytes were received from client 4
[ 12 ms ] worker_60383: Start to process client request
[ 12 ms ] worker_60383: Request is not valid!
[ 12 ms ] worker_60383: Send response to client
[ 12 ms ] worker_60383: Start wait for client data...
[ 12 ms ] worker_60383: 1448 bytes were received from client 4
[ 12 ms ] worker_60383: Start to process client request
[ 12 ms ] worker_60383: Request is not valid!
[ 12 ms ] worker_60383: Send response to client
[ 12 ms ] worker_60383: Start wait for client data...
[ 12 ms ] worker_60383: 1448 bytes were received from client 4
[ 12 ms ] worker_60383: Start to process client request
[ 12 ms ] worker_60383: Request is not valid!
[ 12 ms ] worker_60383: Send response to client
[ 12 ms ] worker_60383: Start wait for client data...
[ 13 ms ] worker_60383: 2896 bytes were received from client 4
[ 13 ms ] worker_60383: Start to process client request
[ 13 ms ] worker_60383: Request is not valid!
[ 13 ms ] worker_60383: Send response to client
[ 13 ms ] worker_60383: Start wait for client data...
[ 13 ms ] worker_60383: 2896 bytes were received from client 4
[ 13 ms ] worker_60383: Start to process client request
[ 13 ms ] worker_60383: Request is not valid!
[ 13 ms ] worker_60383: Send response to client
[ 13 ms ] worker_60383: Start wait for client data...
[ 13 ms ] worker_60383: 1448 bytes were received from client 4
[ 13 ms ] worker_60383: Start to process client request
[ 13 ms ] worker_60383: Request is not valid!
[ 13 ms ] worker_60383: Send response to client
[ 13 ms ] worker_60383: Start wait for client data...
[ 13 ms ] worker_60383: 1448 bytes were received from client 4
[ 13 ms ] worker_60383: Start to process client request
[ 13 ms ] worker_60383: Request is not valid!
[ 13 ms ] worker_60383: Send response to client
[ 13 ms ] worker_60383: Start wait for client data...
[ 81 ms ] worker_60383: 24 bytes were received from client 4
[ 81 ms ] worker_60383: Start to process client request
[ 81 ms ] worker_60383: Request is not valid!
[ 81 ms ] worker_60383: Send response to client
[ 81 ms ] worker_60383: Start wait for client data...
[ 82 ms ] worker_60383: Receive 0 bytes. Client closed connection. Goodbye!
[ 82 ms ] worker_60383: Exit
[ 82 ms ] END
