[ 0 ms ] START
[ 0 ms ] worker_60401: Hello, I'm new worker!
[ 0 ms ] worker_60401: Incomming connection info: 0.0.0.0 : 0New client socket was created: 4

[ 0 ms ] worker_60401: Start wait for client data...
[ 16 ms ] worker_60401: 1448 bytes were received from client 4
[ 17 ms ] worker_60401: Start to process client request
[ 17 ms ] worker_60401: Request is not valid!
[ 17 ms ] worker_60401: Send response to client
[ 17 ms ] worker_60401: Start wait for client data...
[ 35 ms ] worker_60401: 4344 bytes were received from client 4
[ 35 ms ] worker_60401: Start to process client request
[ 35 ms ] worker_60401: Request is not valid!
[ 35 ms ] worker_60401: Send response to client
[ 35 ms ] worker_60401: Start wait for client data...
[ 36 ms ] worker_60401: 2896 bytes were received from client 4
[ 36 ms ] worker_60401: Start to process client request
[ 36 ms ] worker_60401: Request is not valid!
[ 36 ms ] worker_60401: Send response to client
[ 36 ms ] worker_60401: Start wait for client data...
[ 36 ms ] worker_60401: 2896 bytes were received from client 4
[ 36 ms ] worker_60401: Start to process client request
[ 36 ms ] worker_60401: Request is not valid!
[ 36 ms ] worker_60401: Send response to client
[ 36 ms ] worker_60401: Start wait for client data...
[ 36 ms ] worker_60401: 1448 bytes were received from client 4
[ 36 ms ] worker_60401: Start to process client request
[ 36 ms ] worker_60401: Request is not valid!
[ 36 ms ] worker_60401: Send response to client
[ 36 ms ] worker_60401: Start wait for client data...
[ 36 ms ] worker_60401: 1448 bytes were received from client 4
[ 36 ms ] worker_60401: Start to process client request
[ 36 ms ] worker_60401: Request is not valid!
[ 36 ms ] worker_60401: Send response to client
[ 36 ms ] worker_60401: Start wait for client data...
[ 112 ms ] worker_60401: 1448 bytes were received from client 4
[ 112 ms ] worker_60401: Start to process client request
[ 112 ms ] worker_60401: Request is not valid!
[ 112 ms ] worker_60401: Send response to client
[ 112 ms ] worker_60401: Start wait for client data...
[ 113 ms ] worker_60401: 1448 bytes were received from client 4
[ 113 ms ] worker_60401: Start to process client request
[ 113 ms ] worker_60401: Request is not valid!
[ 113 ms ] worker_60401: Send response to client
[ 113 ms ] worker_60401: Start wait for client data...
[ 113 ms ] worker_60401: 2114 bytes were received from client 4
[ 113 ms ] worker_60401: Start to process client request
[ 113 ms ] worker_60401: Request is not valid!
[ 113 ms ] worker_60401: Send response to client
[ 113 ms ] worker_60401: Start wait for client data...
[ 113 ms ] worker_60401: Receive 0 bytes. Client closed connection. Goodbye!
[ 113 ms ] worker_60401: Exit
[ 114 ms ] END
