[ 0 ms ] START
[ 0 ms ] worker_60409: Hello, I'm new worker!
[ 0 ms ] worker_60409: Incomming connection info: 0.0.0.0 : 0New client socket was created: 4

[ 0 ms ] worker_60409: Start wait for client data...
[ 64 ms ] worker_60409: 1448 bytes were received from client 4
[ 64 ms ] worker_60409: Start to process client request
[ 64 ms ] worker_60409: Request is not valid!
[ 64 ms ] worker_60409: Send response to client
[ 64 ms ] worker_60409: Start wait for client data...
[ 64 ms ] worker_60409: 1448 bytes were received from client 4
[ 64 ms ] worker_60409: Start to process client request
[ 64 ms ] worker_60409: Request is not valid!
[ 64 ms ] worker_60409: Send response to client
[ 64 ms ] worker_60409: Start wait for client data...
[ 64 ms ] worker_60409: 1448 bytes were received from client 4
[ 64 ms ] worker_60409: Start to process client request
[ 64 ms ] worker_60409: Request is not valid!
[ 64 ms ] worker_60409: Send response to client
[ 64 ms ] worker_60409: Start wait for client data...
[ 64 ms ] worker_60409: 1448 bytes were received from client 4
[ 64 ms ] worker_60409: Start to process client request
[ 64 ms ] worker_60409: Request is not valid!
[ 64 ms ] worker_60409: Send response to client
[ 64 ms ] worker_60409: Start wait for client data...
[ 64 ms ] worker_60409: 1448 bytes were received from client 4
[ 64 ms ] worker_60409: Start to process client request
[ 64 ms ] worker_60409: Request is not valid!
[ 64 ms ] worker_60409: Send response to client
[ 64 ms ] worker_60409: Start wait for client data...
[ 64 ms ] worker_60409: 1448 bytes were received from client 4
[ 64 ms ] worker_60409: Start to process client request
[ 64 ms ] worker_60409: Request is not valid!
[ 64 ms ] worker_60409: Send response to client
[ 64 ms ] worker_60409: Start wait for client data...
[ 64 ms ] worker_60409: 1448 bytes were received from client 4
[ 64 ms ] worker_60409: Start to process client request
[ 64 ms ] worker_60409: Request is not valid!
[ 64 ms ] worker_60409: Send response to client
[ 65 ms ] worker_60409: Start wait for client data...
[ 65 ms ] worker_60409: 2896 bytes were received from client 4
[ 65 ms ] worker_60409: Start to process client request
[ 65 ms ] worker_60409: Request is not valid!
[ 65 ms ] worker_60409: Send response to client
[ 65 ms ] worker_60409: Start wait for client data...
[ 65 ms ] worker_60409: 1448 bytes were received from client 4
[ 65 ms ] worker_60409: Start to process client request
[ 65 ms ] worker_60409: Request is not valid!
[ 65 ms ] worker_60409: Send response to client
[ 65 ms ] worker_60409: Start wait for client data...
[ 110 ms ] worker_60409: 110 bytes were received from client 4
[ 110 ms ] worker_60409: Start to process client request
[ 110 ms ] worker_60409: Request is not valid!
[ 110 ms ] worker_60409: Send response to client
[ 110 ms ] worker_60409: Start wait for client data...
[ 110 ms ] worker_60409: Receive 0 bytes. Client closed connection. Goodbye!
[ 110 ms ] worker_60409: Exit
[ 111 ms ] END
