[ 0 ms ] START
[ 0 ms ] worker_60407: Hello, I'm new worker!
[ 0 ms ] worker_60407: Incomming connection info: 0.0.0.0 : 0New client socket was created: 4

[ 0 ms ] worker_60407: Start wait for client data...
[ 69 ms ] worker_60407: 2896 bytes were received from client 4
[ 69 ms ] worker_60407: Start to process client request
[ 69 ms ] worker_60407: Request is not valid!
[ 69 ms ] worker_60407: Send response to client
[ 69 ms ] worker_60407: Start wait for client data...
[ 70 ms ] worker_60407: 1448 bytes were received from client 4
[ 70 ms ] worker_60407: Start to process client request
[ 70 ms ] worker_60407: Request is not valid!
[ 70 ms ] worker_60407: Send response to client
[ 70 ms ] worker_60407: Start wait for client data...
[ 70 ms ] worker_60407: 1448 bytes were received from client 4
[ 70 ms ] worker_60407: Start to process client request
[ 70 ms ] worker_60407: Request is not valid!
[ 70 ms ] worker_60407: Send response to client
[ 70 ms ] worker_60407: Start wait for client data...
[ 70 ms ] worker_60407: 1448 bytes were received from client 4
[ 70 ms ] worker_60407: Start to process client request
[ 70 ms ] worker_60407: Request is not valid!
[ 70 ms ] worker_60407: Send response to client
[ 70 ms ] worker_60407: Start wait for client data...
[ 70 ms ] worker_60407: 1448 bytes were received from client 4
[ 70 ms ] worker_60407: Start to process client request
[ 70 ms ] worker_60407: Request is not valid!
[ 70 ms ] worker_60407: Send response to client
[ 70 ms ] worker_60407: Start wait for client data...
[ 70 ms ] worker_60407: 1448 bytes were received from client 4
[ 70 ms ] worker_60407: Start to process client request
[ 70 ms ] worker_60407: Request is not valid!
[ 70 ms ] worker_60407: Send response to client
[ 70 ms ] worker_60407: Start wait for client data...
[ 70 ms ] worker_60407: 1448 bytes were received from client 4
[ 70 ms ] worker_60407: Start to process client request
[ 70 ms ] worker_60407: Request is not valid!
[ 70 ms ] worker_60407: Send response to client
[ 70 ms ] worker_60407: Start wait for client data...
[ 70 ms ] worker_60407: 1448 bytes were received from client 4
[ 70 ms ] worker_60407: Start to process client request
[ 70 ms ] worker_60407: Request is not valid!
[ 70 ms ] worker_60407: Send response to client
[ 70 ms ] worker_60407: Start wait for client data...
[ 71 ms ] worker_60407: 1448 bytes were received from client 4
[ 71 ms ] worker_60407: Start to process client request
[ 71 ms ] worker_60407: Request is not valid!
[ 71 ms ] worker_60407: Send response to client
[ 71 ms ] worker_60407: Start wait for client data...
[ 113 ms ] worker_60407: 110 bytes were received from client 4
[ 113 ms ] worker_60407: Start to process client request
[ 113 ms ] worker_60407: Request is not valid!
[ 113 ms ] worker_60407: Send response to client
[ 113 ms ] worker_60407: Start wait for client data...
[ 113 ms ] worker_60407: Receive 0 bytes. Client closed connection. Goodbye!
[ 113 ms ] worker_60407: Exit
[ 114 ms ] END
