[ 0 ms ] START
[ 0 ms ] worker_60393: Hello, I'm new worker!
[ 0 ms ] worker_60393: Incomming connection info: 0.0.0.0 : 0New client socket was created: 4

[ 0 ms ] worker_60393: Start wait for client data...
[ 4 ms ] worker_60393: 1448 bytes were received from client 4
[ 4 ms ] worker_60393: Start to process client request
[ 4 ms ] worker_60393: Request is not valid!
[ 4 ms ] worker_60393: Send response to client
[ 4 ms ] worker_60393: Start wait for client data...
[ 4 ms ] worker_60393: 1448 bytes were received from client 4
[ 4 ms ] worker_60393: Start to process client request
[ 4 ms ] worker_60393: Request is not valid!
[ 4 ms ] worker_60393: Send response to client
[ 4 ms ] worker_60393: Start wait for client data...
[ 4 ms ] worker_60393: 1448 bytes were received from client 4
[ 4 ms ] worker_60393: Start to process client request
[ 4 ms ] worker_60393: Request is not valid!
[ 4 ms ] worker_60393: Send response to client
[ 4 ms ] worker_60393: Start wait for client data...
[ 4 ms ] worker_60393: 1448 bytes were received from client 4
[ 4 ms ] worker_60393: Start to process client request
[ 4 ms ] worker_60393: Request is not valid!
[ 4 ms ] worker_60393: Send response to client
[ 4 ms ] worker_60393: Start wait for client data...
[ 4 ms ] worker_60393: 2896 bytes were received from client 4
[ 4 ms ] worker_60393: Start to process client request
[ 4 ms ] worker_60393: Request is not valid!
[ 4 ms ] worker_60393: Send response to client
[ 4 ms ] worker_60393: Start wait for client data...
[ 5 ms ] worker_60393: 1448 bytes were received from client 4
[ 5 ms ] worker_60393: Start to process client request
[ 5 ms ] worker_60393: Request is not valid!
[ 5 ms ] worker_60393: Send response to client
[ 5 ms ] worker_60393: Start wait for client data...
[ 5 ms ] worker_60393: 1448 bytes were received from client 4
[ 5 ms ] worker_60393: Start to process client request
[ 5 ms ] worker_60393: Request is not valid!
[ 5 ms ] worker_60393: Send response to client
[ 5 ms ] worker_60393: Start wait for client data...
[ 5 ms ] worker_60393: 880 bytes were received from client 4
[ 5 ms ] worker_60393: Start to process client request
[ 5 ms ] worker_60393: Request is not valid!
[ 5 ms ] worker_60393: Send response to client
[ 5 ms ] worker_60393: Start wait for client data...
[ 111 ms ] worker_60393: Receive 0 bytes. Client closed connection. Goodbye!
[ 111 ms ] worker_60393: Exit
[ 111 ms ] END
