[ 0 ms ] START
[ 0 ms ] worker_60439: Hello, I'm new worker!
[ 0 ms ] worker_60439: Incomming connection info: 0.0.0.0 : 0New client socket was created: 4

[ 0 ms ] worker_60439: Start wait for client data...
[ 16 ms ] worker_60439: 1448 bytes were received from client 4
[ 16 ms ] worker_60439: Start to process client request
[ 16 ms ] worker_60439: Request is not valid!
[ 16 ms ] worker_60439: Send response to client
[ 16 ms ] worker_60439: Start wait for client data...
[ 18 ms ] worker_60439: 2896 bytes were received from client 4
[ 18 ms ] worker_60439: Start to process client request
[ 18 ms ] worker_60439: Request is not valid!
[ 18 ms ] worker_60439: Send response to client
[ 18 ms ] worker_60439: Start wait for client data...
[ 20 ms ] worker_60439: 2896 bytes were received from client 4
[ 20 ms ] worker_60439: Start to process client request
[ 20 ms ] worker_60439: Request is not valid!
[ 20 ms ] worker_60439: Send response to client
[ 20 ms ] worker_60439: Start wait for client data...
[ 22 ms ] worker_60439: 2896 bytes were received from client 4
[ 22 ms ] worker_60439: Start to process client request
[ 22 ms ] worker_60439: Request is not valid!
[ 22 ms ] worker_60439: Send response to client
[ 22 ms ] worker_60439: Start wait for client data...
[ 22 ms ] worker_60439: 1448 bytes were received from client 4
[ 22 ms ] worker_60439: Start to process client request
[ 22 ms ] worker_60439: Request is not valid!
[ 22 ms ] worker_60439: Send response to client
[ 22 ms ] worker_60439: Start wait for client data...
[ 24 ms ] worker_60439: 1448 bytes were received from client 4
[ 24 ms ] worker_60439: Start to process client request
[ 24 ms ] worker_60439: Request is not valid!
[ 24 ms ] worker_60439: Send response to client
[ 24 ms ] worker_60439: Start wait for client data...
[ 36 ms ] worker_60439: 1448 bytes were received from client 4
[ 36 ms ] worker_60439: Start to process client request
[ 36 ms ] worker_60439: Request is not valid!
[ 36 ms ] worker_60439: Send response to client
[ 36 ms ] worker_60439: Start wait for client data...
[ 111 ms ] worker_60439: 1448 bytes were received from client 4
[ 111 ms ] worker_60439: Start to process client request
[ 111 ms ] worker_60439: Request is not valid!
[ 111 ms ] worker_60439: Send response to client
[ 111 ms ] worker_60439: Start wait for client data...
[ 125 ms ] worker_60439: 1438 bytes were received from client 4
[ 125 ms ] worker_60439: Start to process client request
[ 125 ms ] worker_60439: Request is not valid!
[ 125 ms ] worker_60439: Send response to client
[ 125 ms ] worker_60439: Start wait for client data...
[ 125 ms ] worker_60439: Receive 0 bytes. Client closed connection. Goodbye!
[ 125 ms ] worker_60439: Exit
[ 125 ms ] END
