[ 0 ms ] START
[ 0 ms ] worker_60402: Hello, I'm new worker!
[ 0 ms ] worker_60402: Incomming connection info: 0.0.0.0 : 0New client socket was created: 4

[ 0 ms ] worker_60402: Start wait for client data...
[ 62 ms ] worker_60402: 2896 bytes were received from client 4
[ 62 ms ] worker_60402: Start to process client request
[ 62 ms ] worker_60402: Request is not valid!
[ 62 ms ] worker_60402: Send response to client
[ 62 ms ] worker_60402: Start wait for client data...
[ 63 ms ] worker_60402: 1448 bytes were received from client 4
[ 63 ms ] worker_60402: Start to process client request
[ 63 ms ] worker_60402: Request is not valid!
[ 63 ms ] worker_60402: Send response to client
[ 63 ms ] worker_60402: Start wait for client data...
[ 63 ms ] worker_60402: 1448 bytes were received from client 4
[ 63 ms ] worker_60402: Start to process client request
[ 63 ms ] worker_60402: Request is not valid!
[ 63 ms ] worker_60402: Send response to client
[ 63 ms ] worker_60402: Start wait for client data...
[ 63 ms ] worker_60402: 1448 bytes were received from client 4
[ 63 ms ] worker_60402: Start to process client request
[ 63 ms ] worker_60402: Request is not valid!
[ 63 ms ] worker_60402: Send response to client
[ 63 ms ] worker_60402: Start wait for client data...
[ 63 ms ] worker_60402: 826 bytes were received from client 4
[ 63 ms ] worker_60402: Start to process client request
[ 63 ms ] worker_60402: Request is not valid!
[ 63 ms ] worker_60402: Send response to client
[ 63 ms ] worker_60402: Start wait for client data...
[ 116 ms ] worker_60402: Receive 0 bytes. Client closed connection. Goodbye!
[ 116 ms ] worker_60402: Exit
[ 117 ms ] END
