[ 0 ms ] START
[ 0 ms ] worker_60394: Hello, I'm new worker!
[ 0 ms ] worker_60394: Incomming connection info: 0.0.0.0 : 0New client socket was created: 4

[ 0 ms ] worker_60394: Start wait for client data...
[ 12 ms ] worker_60394: 2896 bytes were received from client 4
[ 12 ms ] worker_60394: Start to process client request
[ 12 ms ] worker_60394: Request is not valid!
[ 12 ms ] worker_60394: Send response to client
[ 12 ms ] worker_60394: Start wait for client data...
[ 13 ms ] worker_60394: 1448 bytes were received from client 4
[ 13 ms ] worker_60394: Start to process client request
[ 13 ms ] worker_60394: Request is not valid!
[ 13 ms ] worker_60394: Send response to client
[ 13 ms ] worker_60394: Start wait for client data...
[ 13 ms ] worker_60394: 2896 bytes were received from client 4
[ 13 ms ] worker_60394: Start to process client request
[ 13 ms ] worker_60394: Request is not valid!
[ 13 ms ] worker_60394: Send response to client
[ 13 ms ] worker_60394: Start wait for client data...
[ 13 ms ] worker_60394: 1448 bytes were received from client 4
[ 13 ms ] worker_60394: Start to process client request
[ 13 ms ] worker_60394: Request is not valid!
[ 13 ms ] worker_60394: Send response to client
[ 13 ms ] worker_60394: Start wait for client data...
[ 13 ms ] worker_60394: 1448 bytes were received from client 4
[ 13 ms ] worker_60394: Start to process client request
[ 13 ms ] worker_60394: Request is not valid!
[ 13 ms ] worker_60394: Send response to client
[ 13 ms ] worker_60394: Start wait for client data...
[ 13 ms ] worker_60394: 1448 bytes were received from client 4
[ 13 ms ] worker_60394: Start to process client request
[ 13 ms ] worker_60394: Request is not valid!
[ 13 ms ] worker_60394: Send response to client
[ 13 ms ] worker_60394: Start wait for client data...
[ 13 ms ] worker_60394: 1448 bytes were received from client 4
[ 13 ms ] worker_60394: Start to process client request
[ 13 ms ] worker_60394: Request is not valid!
[ 13 ms ] worker_60394: Send response to client
[ 13 ms ] worker_60394: Start wait for client data...
[ 13 ms ] worker_60394: 1448 bytes were received from client 4
[ 13 ms ] worker_60394: Start to process client request
[ 13 ms ] worker_60394: Request is not valid!
[ 13 ms ] worker_60394: Send response to client
[ 14 ms ] worker_60394: Start wait for client data...
[ 118 ms ] worker_60394: 1448 bytes were received from client 4
[ 118 ms ] worker_60394: Start to process client request
[ 118 ms ] worker_60394: Request is not valid!
[ 118 ms ] worker_60394: Send response to client
[ 118 ms ] worker_60394: Start wait for client data...
[ 118 ms ] worker_60394: 1448 bytes were received from client 4
[ 118 ms ] worker_60394: Start to process client request
[ 118 ms ] worker_60394: Request is not valid!
[ 118 ms ] worker_60394: Send response to client
[ 118 ms ] worker_60394: Start wait for client data...
[ 119 ms ] worker_60394: 2114 bytes were received from client 4
[ 119 ms ] worker_60394: Start to process client request
[ 119 ms ] worker_60394: Request is not valid!
[ 119 ms ] worker_60394: Send response to client
[ 119 ms ] worker_60394: Start wait for client data...
[ 140 ms ] worker_60394: Error was occurred while receiving data from client
[ 140 ms ] worker_60394: Exit
[ 140 ms ] END
