[ 0 ms ] START
[ 0 ms ] worker_60400: Hello, I'm new worker!
[ 0 ms ] worker_60400: Incomming connection info: 0.0.0.0 : 0New client socket was created: 4

[ 0 ms ] worker_60400: Start wait for client data...
[ 83 ms ] worker_60400: 1448 bytes were received from client 4
[ 83 ms ] worker_60400: Start to process client request
[ 83 ms ] worker_60400: Request is not valid!
[ 83 ms ] worker_60400: Send response to client
[ 83 ms ] worker_60400: Start wait for client data...
[ 84 ms ] worker_60400: 2896 bytes were received from client 4
[ 84 ms ] worker_60400: Start to process client request
[ 84 ms ] worker_60400: Request is not valid!
[ 84 ms ] worker_60400: Send response to client
[ 84 ms ] worker_60400: Start wait for client data...
[ 84 ms ] worker_60400: 1448 bytes were received from client 4
[ 84 ms ] worker_60400: Start to process client request
[ 84 ms ] worker_60400: Request is not valid!
[ 84 ms ] worker_60400: Send response to client
[ 84 ms ] worker_60400: Start wait for client data...
[ 84 ms ] worker_60400: 1448 bytes were received from client 4
[ 84 ms ] worker_60400: Start to process client request
[ 84 ms ] worker_60400: Request is not valid!
[ 84 ms ] worker_60400: Send response to client
[ 84 ms ] worker_60400: Start wait for client data...
[ 84 ms ] worker_60400: 826 bytes were received from client 4
[ 84 ms ] worker_60400: Start to process client request
[ 84 ms ] worker_60400: Request is not valid!
[ 84 ms ] worker_60400: Send response to client
[ 84 ms ] worker_60400: Start wait for client data...
[ 124 ms ] worker_60400: Receive 0 bytes. Client closed connection. Goodbye!
[ 124 ms ] worker_60400: Exit
[ 124 ms ] END
