[ 0 ms ] START
[ 0 ms ] worker_60371: Hello, I'm new worker!
[ 0 ms ] worker_60371: Incomming connection info: 0.0.0.0 : 0New client socket was created: 4

[ 0 ms ] worker_60371: Start wait for client data...
[ 36 ms ] worker_60371: 1448 bytes were received from client 4
[ 36 ms ] worker_60371: Start to process client request
[ 36 ms ] worker_60371: Request is not valid!
[ 36 ms ] worker_60371: Send response to client
[ 36 ms ] worker_60371: Start wait for client data...
[ 36 ms ] worker_60371: 2896 bytes were received from client 4
[ 36 ms ] worker_60371: Start to process client request
[ 36 ms ] worker_60371: Request is not valid!
[ 36 ms ] worker_60371: Send response to client
[ 36 ms ] worker_60371: Start wait for client data...
[ 36 ms ] worker_60371: 1448 bytes were received from client 4
[ 36 ms ] worker_60371: Start to process client request
[ 36 ms ] worker_60371: Request is not valid!
[ 36 ms ] worker_60371: Send response to client
[ 36 ms ] worker_60371: Start wait for client data...
[ 36 ms ] worker_60371: 1448 bytes were received from client 4
[ 36 ms ] worker_60371: Start to process client request
[ 36 ms ] worker_60371: Request is not valid!
[ 36 ms ] worker_60371: Send response to client
[ 36 ms ] worker_60371: Start wait for client data...
[ 36 ms ] worker_60371: 1448 bytes were received from client 4
[ 36 ms ] worker_60371: Start to process client request
[ 36 ms ] worker_60371: Request is not valid!
[ 36 ms ] worker_60371: Send response to client
[ 36 ms ] worker_60371: Start wait for client data...
[ 40 ms ] worker_60371: 2896 bytes were received from client 4
[ 40 ms ] worker_60371: Start to process client request
[ 40 ms ] worker_60371: Request is not valid!
[ 40 ms ] worker_60371: Send response to client
[ 40 ms ] worker_60371: Start wait for client data...
[ 40 ms ] worker_60371: 1448 bytes were received from client 4
[ 40 ms ] worker_60371: Start to process client request
[ 40 ms ] worker_60371: Request is not valid!
[ 40 ms ] worker_60371: Send response to client
[ 40 ms ] worker_60371: Start wait for client data...
[ 40 ms ] worker_60371: 1448 bytes were received from client 4
[ 40 ms ] worker_60371: Start to process client request
[ 40 ms ] worker_60371: Request is not valid!
[ 40 ms ] worker_60371: Send response to client
[ 40 ms ] worker_60371: Start wait for client data...
[ 92 ms ] worker_60371: 2042 bytes were received from client 4
[ 92 ms ] worker_60371: Start to process client request
[ 92 ms ] worker_60371: Request is not valid!
[ 92 ms ] worker_60371: Send response to client
[ 92 ms ] worker_60371: Start wait for client data...
[ 2235 ms ] worker_60371: Error was occurred while receiving data from client
[ 2235 ms ] worker_60371: Exit
[ 2237 ms ] END
