[ 0 ms ] START
[ 0 ms ] worker_60405: Hello, I'm new worker!
[ 0 ms ] worker_60405: Incomming connection info: 0.0.0.0 : 0New client socket was created: 4

[ 0 ms ] worker_60405: Start wait for client data...
[ 71 ms ] worker_60405: 1448 bytes were received from client 4
[ 71 ms ] worker_60405: Start to process client request
[ 71 ms ] worker_60405: Request is not valid!
[ 71 ms ] worker_60405: Send response to client
[ 71 ms ] worker_60405: Start wait for client data...
[ 71 ms ] worker_60405: 1448 bytes were received from client 4
[ 71 ms ] worker_60405: Start to process client request
[ 71 ms ] worker_60405: Request is not valid!
[ 71 ms ] worker_60405: Send response to client
[ 71 ms ] worker_60405: Start wait for client data...
[ 71 ms ] worker_60405: 1448 bytes were received from client 4
[ 71 ms ] worker_60405: Start to process client request
[ 71 ms ] worker_60405: Request is not valid!
[ 71 ms ] worker_60405: Send response to client
[ 71 ms ] worker_60405: Start wait for client data...
[ 71 ms ] worker_60405: 2896 bytes were received from client 4
[ 71 ms ] worker_60405: Start to process client request
[ 71 ms ] worker_60405: Request is not valid!
[ 71 ms ] worker_60405: Send response to client
[ 71 ms ] worker_60405: Start wait for client data...
[ 72 ms ] worker_60405: 1448 bytes were received from client 4
[ 72 ms ] worker_60405: Start to process client request
[ 72 ms ] worker_60405: Request is not valid!
[ 72 ms ] worker_60405: Send response to client
[ 72 ms ] worker_60405: Start wait for client data...
[ 72 ms ] worker_60405: 2910 bytes were received from client 4
[ 72 ms ] worker_60405: Start to process client request
[ 72 ms ] worker_60405: Request is not valid!
[ 72 ms ] worker_60405: Send response to client
[ 72 ms ] worker_60405: Start wait for client data...
[ 129 ms ] worker_60405: Error was occurred while receiving data from client
[ 129 ms ] worker_60405: Exit
[ 129 ms ] END
