[ 0 ms ] START
[ 0 ms ] worker_60403: Hello, I'm new worker!
[ 0 ms ] worker_60403: Incomming connection info: 0.0.0.0 : 0New client socket was created: 4

[ 0 ms ] worker_60403: Start wait for client data...
[ 0 ms ] worker_60403: 1448 bytes were received from client 4
[ 0 ms ] worker_60403: Start to process client request
[ 0 ms ] worker_60403: Request is not valid!
[ 0 ms ] worker_60403: Send response to client
[ 0 ms ] worker_60403: Start wait for client data...
[ 0 ms ] worker_60403: 1448 bytes were received from client 4
[ 0 ms ] worker_60403: Start to process client request
[ 0 ms ] worker_60403: Request is not valid!
[ 0 ms ] worker_60403: Send response to client
[ 0 ms ] worker_60403: Start wait for client data...
[ 0 ms ] worker_60403: 1448 bytes were received from client 4
[ 0 ms ] worker_60403: Start to process client request
[ 0 ms ] worker_60403: Request is not valid!
[ 0 ms ] worker_60403: Send response to client
[ 0 ms ] worker_60403: Start wait for client data...
[ 0 ms ] worker_60403: 1448 bytes were received from client 4
[ 0 ms ] worker_60403: Start to process client request
[ 0 ms ] worker_60403: Request is not valid!
[ 0 ms ] worker_60403: Send response to client
[ 0 ms ] worker_60403: Start wait for client data...
[ 1 ms ] worker_60403: 2274 bytes were received from client 4
[ 1 ms ] worker_60403: Start to process client request
[ 1 ms ] worker_60403: Request is not valid!
[ 1 ms ] worker_60403: Send response to client
[ 1 ms ] worker_60403: Start wait for client data...
[ 107 ms ] worker_60403: Receive 0 bytes. Client closed connection. Goodbye!
[ 107 ms ] worker_60403: Exit
[ 107 ms ] END
