[ 0 ms ] START
[ 0 ms ] worker_60434: Hello, I'm new worker!
[ 0 ms ] worker_60434: Incomming connection info: 0.0.0.0 : 0New client socket was created: 4

[ 0 ms ] worker_60434: Start wait for client data...
[ 110 ms ] worker_60434: 1448 bytes were received from client 4
[ 110 ms ] worker_60434: Start to process client request
[ 110 ms ] worker_60434: Request is not valid!
[ 110 ms ] worker_60434: Send response to client
[ 110 ms ] worker_60434: Start wait for client data...
[ 110 ms ] worker_60434: 1448 bytes were received from client 4
[ 110 ms ] worker_60434: Start to process client request
[ 110 ms ] worker_60434: Request is not valid!
[ 110 ms ] worker_60434: Send response to client
[ 110 ms ] worker_60434: Start wait for client data...
[ 112 ms ] worker_60434: 1448 bytes were received from client 4
[ 112 ms ] worker_60434: Start to process client request
[ 112 ms ] worker_60434: Request is not valid!
[ 112 ms ] worker_60434: Send response to client
[ 112 ms ] worker_60434: Start wait for client data...
[ 113 ms ] worker_60434: 2896 bytes were received from client 4
[ 113 ms ] worker_60434: Start to process client request
[ 113 ms ] worker_60434: Request is not valid!
[ 113 ms ] worker_60434: Send response to client
[ 113 ms ] worker_60434: Start wait for client data...
[ 113 ms ] worker_60434: 2630 bytes were received from client 4
[ 113 ms ] worker_60434: Start to process client request
[ 113 ms ] worker_60434: Request is not valid!
[ 113 ms ] worker_60434: Send response to client
[ 113 ms ] worker_60434: Start wait for client data...
[ 226 ms ] worker_60434: Error was occurred while receiving data from client
[ 226 ms ] worker_60434: Exit
[ 226 ms ] END
