[ 0 ms ] START
[ 0 ms ] worker_71069: Hello, I'm new worker!
[ 0 ms ] worker_71069: Incomming connection info: 127.0.0.1 : 65196

[ 0 ms ] worker_71069: New client socket was created: 4

[ 0 ms ] worker_71069: Start wait for client data...
[ 0 ms ] worker_71069: 522988 bytes were received from client 4. Expected: 1633934 bytes.  Total: 522988 bytes

[ 0 ms ] worker_71069: Start wait for client data...
[ 1 ms ] worker_71069: 637416 bytes were received from client 4. Expected: 1633934 bytes.  Total: 1160404 bytes

[ 1 ms ] worker_71069: Start wait for client data...
[ 12 ms ] worker_71069: 473530 bytes were received from client 4. Expected: 1633934 bytes.  Total: 1633934 bytes

[ 12 ms ] worker_71069: PROCESS_CLIENT_REQUEST_START
[ 12 ms ] worker_71069: Start to process client request
[ 12 ms ] worker_71069: Request is valid. Begin result computing...
[ 349 ms ] worker_71069: Computing completed
[ 349 ms ] worker_71069: PROCESS_CLIENT_REQUEST_END
[ 349 ms ] worker_71069: Send response to client
[ 349 ms ] worker_71069: Start wait for client data...
[ 350 ms ] worker_71069: Receive 0 bytes. Client closed connection. Goodbye!
[ 350 ms ] worker_71069: Client socket 4 has been closed

[ 350 ms ] worker_71069: Exit
[ 350 ms ] END
