[ 0 ms ] START
[ 0 ms ] worker_60812: Hello, I'm new worker!
[ 0 ms ] worker_60812: Incomming connection info: 0.0.0.0 : 0New client socket was created: 4

[ 0 ms ] worker_60812: Start wait for client data...
[ 46 ms ] worker_60812: 1448 bytes were received from client 4
[ 46 ms ] worker_60812: Start to process client request
[ 46 ms ] worker_60812: Request is not valid!
[ 46 ms ] worker_60812: Send response to client
[ 46 ms ] worker_60812: Start wait for client data...
[ 49 ms ] worker_60812: 1448 bytes were received from client 4
[ 49 ms ] worker_60812: Start to process client request
[ 49 ms ] worker_60812: Request is not valid!
[ 49 ms ] worker_60812: Send response to client
[ 49 ms ] worker_60812: Start wait for client data...
[ 49 ms ] worker_60812: 1448 bytes were received from client 4
[ 49 ms ] worker_60812: Start to process client request
[ 49 ms ] worker_60812: Request is not valid!
[ 49 ms ] worker_60812: Send response to client
[ 49 ms ] worker_60812: Start wait for client data...
[ 50 ms ] worker_60812: 1448 bytes were received from client 4
[ 50 ms ] worker_60812: Start to process client request
[ 50 ms ] worker_60812: Request is not valid!
[ 50 ms ] worker_60812: Send response to client
[ 50 ms ] worker_60812: Start wait for client data...
[ 50 ms ] worker_60812: 2896 bytes were received from client 4
[ 50 ms ] worker_60812: Start to process client request
[ 50 ms ] worker_60812: Request is not valid!
[ 50 ms ] worker_60812: Send response to client
[ 50 ms ] worker_60812: Start wait for client data...
[ 50 ms ] worker_60812: 2512 bytes were received from client 4
[ 50 ms ] worker_60812: Start to process client request
[ 50 ms ] worker_60812: Request is not valid!
[ 50 ms ] worker_60812: Send response to client
[ 50 ms ] worker_60812: Start wait for client data...
[ 67 ms ] worker_60812: Receive 0 bytes. Client closed connection. Goodbye!
[ 67 ms ] worker_60812: Exit
[ 68 ms ] END
