[ 0 ms ] START
[ 0 ms ] worker_60817: Hello, I'm new worker!
[ 0 ms ] worker_60817: Incomming connection info: 0.0.0.0 : 0New client socket was created: 4

[ 0 ms ] worker_60817: Start wait for client data...
[ 3 ms ] worker_60817: 1448 bytes were received from client 4
[ 3 ms ] worker_60817: Start to process client request
[ 3 ms ] worker_60817: Request is not valid!
[ 3 ms ] worker_60817: Send response to client
[ 3 ms ] worker_60817: Start wait for client data...
[ 3 ms ] worker_60817: 1448 bytes were received from client 4
[ 3 ms ] worker_60817: Start to process client request
[ 3 ms ] worker_60817: Request is not valid!
[ 3 ms ] worker_60817: Send response to client
[ 3 ms ] worker_60817: Start wait for client data...
[ 8 ms ] worker_60817: 1448 bytes were received from client 4
[ 8 ms ] worker_60817: Start to process client request
[ 8 ms ] worker_60817: Request is not valid!
[ 8 ms ] worker_60817: Send response to client
[ 8 ms ] worker_60817: Start wait for client data...
[ 8 ms ] worker_60817: 1448 bytes were received from client 4
[ 8 ms ] worker_60817: Start to process client request
[ 8 ms ] worker_60817: Request is not valid!
[ 8 ms ] worker_60817: Send response to client
[ 8 ms ] worker_60817: Start wait for client data...
[ 8 ms ] worker_60817: 1448 bytes were received from client 4
[ 8 ms ] worker_60817: Start to process client request
[ 8 ms ] worker_60817: Request is not valid!
[ 8 ms ] worker_60817: Send response to client
[ 8 ms ] worker_60817: Start wait for client data...
[ 8 ms ] worker_60817: 1448 bytes were received from client 4
[ 8 ms ] worker_60817: Start to process client request
[ 8 ms ] worker_60817: Request is not valid!
[ 8 ms ] worker_60817: Send response to client
[ 8 ms ] worker_60817: Start wait for client data...
[ 8 ms ] worker_60817: 1448 bytes were received from client 4
[ 8 ms ] worker_60817: Start to process client request
[ 8 ms ] worker_60817: Request is not valid!
[ 8 ms ] worker_60817: Send response to client
[ 8 ms ] worker_60817: Start wait for client data...
[ 8 ms ] worker_60817: 1448 bytes were received from client 4
[ 8 ms ] worker_60817: Start to process client request
[ 8 ms ] worker_60817: Request is not valid!
[ 8 ms ] worker_60817: Send response to client
[ 9 ms ] worker_60817: Start wait for client data...
[ 10 ms ] worker_60817: 1448 bytes were received from client 4
[ 10 ms ] worker_60817: Start to process client request
[ 10 ms ] worker_60817: Request is not valid!
[ 10 ms ] worker_60817: Send response to client
[ 10 ms ] worker_60817: Start wait for client data...
[ 10 ms ] worker_60817: 1448 bytes were received from client 4
[ 10 ms ] worker_60817: Start to process client request
[ 10 ms ] worker_60817: Request is not valid!
[ 10 ms ] worker_60817: Send response to client
[ 10 ms ] worker_60817: Start wait for client data...
[ 51 ms ] worker_60817: 1448 bytes were received from client 4
[ 51 ms ] worker_60817: Start to process client request
[ 51 ms ] worker_60817: Request is not valid!
[ 51 ms ] worker_60817: Send response to client
[ 51 ms ] worker_60817: Start wait for client data...
[ 53 ms ] worker_60817: 1186 bytes were received from client 4
[ 53 ms ] worker_60817: Start to process client request
[ 53 ms ] worker_60817: Request is not valid!
[ 53 ms ] worker_60817: Send response to client
[ 53 ms ] worker_60817: Start wait for client data...
[ 53 ms ] worker_60817: Receive 0 bytes. Client closed connection. Goodbye!
[ 53 ms ] worker_60817: Exit
[ 53 ms ] END
