[ 0 ms ] START
[ 0 ms ] worker_60814: Hello, I'm new worker!
[ 0 ms ] worker_60814: Incomming connection info: 0.0.0.0 : 0New client socket was created: 4

[ 0 ms ] worker_60814: Start wait for client data...
[ 43 ms ] worker_60814: 1448 bytes were received from client 4
[ 43 ms ] worker_60814: Start to process client request
[ 43 ms ] worker_60814: Request is not valid!
[ 43 ms ] worker_60814: Send response to client
[ 43 ms ] worker_60814: Start wait for client data...
[ 43 ms ] worker_60814: 1448 bytes were received from client 4
[ 43 ms ] worker_60814: Start to process client request
[ 43 ms ] worker_60814: Request is not valid!
[ 43 ms ] worker_60814: Send response to client
[ 43 ms ] worker_60814: Start wait for client data...
[ 43 ms ] worker_60814: 1448 bytes were received from client 4
[ 43 ms ] worker_60814: Start to process client request
[ 43 ms ] worker_60814: Request is not valid!
[ 43 ms ] worker_60814: Send response to client
[ 43 ms ] worker_60814: Start wait for client data...
[ 43 ms ] worker_60814: 1448 bytes were received from client 4
[ 43 ms ] worker_60814: Start to process client request
[ 43 ms ] worker_60814: Request is not valid!
[ 43 ms ] worker_60814: Send response to client
[ 43 ms ] worker_60814: Start wait for client data...
[ 43 ms ] worker_60814: 1448 bytes were received from client 4
[ 43 ms ] worker_60814: Start to process client request
[ 43 ms ] worker_60814: Request is not valid!
[ 43 ms ] worker_60814: Send response to client
[ 43 ms ] worker_60814: Start wait for client data...
[ 43 ms ] worker_60814: 1448 bytes were received from client 4
[ 43 ms ] worker_60814: Start to process client request
[ 43 ms ] worker_60814: Request is not valid!
[ 43 ms ] worker_60814: Send response to client
[ 43 ms ] worker_60814: Start wait for client data...
[ 43 ms ] worker_60814: 1448 bytes were received from client 4
[ 43 ms ] worker_60814: Start to process client request
[ 43 ms ] worker_60814: Request is not valid!
[ 43 ms ] worker_60814: Send response to client
[ 43 ms ] worker_60814: Start wait for client data...
[ 43 ms ] worker_60814: 1064 bytes were received from client 4
[ 43 ms ] worker_60814: Start to process client request
[ 43 ms ] worker_60814: Request is not valid!
[ 43 ms ] worker_60814: Send response to client
[ 43 ms ] worker_60814: Start wait for client data...
[ 75 ms ] worker_60814: Error was occurred while receiving data from client
[ 75 ms ] worker_60814: Exit
[ 76 ms ] END
