[ 0 ms ] START
[ 0 ms ] worker_60792: Hello, I'm new worker!
[ 0 ms ] worker_60792: Incomming connection info: 0.0.0.0 : 0New client socket was created: 4

[ 0 ms ] worker_60792: Start wait for client data...
[ 71 ms ] worker_60792: 1448 bytes were received from client 4
[ 71 ms ] worker_60792: Start to process client request
[ 71 ms ] worker_60792: Request is not valid!
[ 71 ms ] worker_60792: Send response to client
[ 71 ms ] worker_60792: Start wait for client data...
[ 76 ms ] worker_60792: 2896 bytes were received from client 4
[ 76 ms ] worker_60792: Start to process client request
[ 76 ms ] worker_60792: Request is not valid!
[ 76 ms ] worker_60792: Send response to client
[ 76 ms ] worker_60792: Start wait for client data...
[ 76 ms ] worker_60792: 2896 bytes were received from client 4
[ 76 ms ] worker_60792: Start to process client request
[ 76 ms ] worker_60792: Request is not valid!
[ 76 ms ] worker_60792: Send response to client
[ 76 ms ] worker_60792: Start wait for client data...
[ 76 ms ] worker_60792: 2216 bytes were received from client 4
[ 76 ms ] worker_60792: Start to process client request
[ 76 ms ] worker_60792: Request is not valid!
[ 76 ms ] worker_60792: Send response to client
[ 76 ms ] worker_60792: Start wait for client data...
[ 100 ms ] worker_60792: Error was occurred while receiving data from client
[ 100 ms ] worker_60792: Exit
[ 100 ms ] END
