[ 0 ms ] START
[ 0 ms ] worker_60791: Hello, I'm new worker!
[ 0 ms ] worker_60791: Incomming connection info: 0.0.0.0 : 0New client socket was created: 4

[ 0 ms ] worker_60791: Start wait for client data...
[ 39 ms ] worker_60791: 2896 bytes were received from client 4
[ 39 ms ] worker_60791: Start to process client request
[ 39 ms ] worker_60791: Request is not valid!
[ 39 ms ] worker_60791: Send response to client
[ 39 ms ] worker_60791: Start wait for client data...
[ 40 ms ] worker_60791: 2896 bytes were received from client 4
[ 40 ms ] worker_60791: Start to process client request
[ 40 ms ] worker_60791: Request is not valid!
[ 40 ms ] worker_60791: Send response to client
[ 40 ms ] worker_60791: Start wait for client data...
[ 40 ms ] worker_60791: 1448 bytes were received from client 4
[ 40 ms ] worker_60791: Start to process client request
[ 40 ms ] worker_60791: Request is not valid!
[ 40 ms ] worker_60791: Send response to client
[ 40 ms ] worker_60791: Start wait for client data...
[ 40 ms ] worker_60791: 1448 bytes were received from client 4
[ 40 ms ] worker_60791: Start to process client request
[ 40 ms ] worker_60791: Request is not valid!
[ 40 ms ] worker_60791: Send response to client
[ 40 ms ] worker_60791: Start wait for client data...
[ 40 ms ] worker_60791: 1448 bytes were received from client 4
[ 40 ms ] worker_60791: Start to process client request
[ 40 ms ] worker_60791: Request is not valid!
[ 40 ms ] worker_60791: Send response to client
[ 40 ms ] worker_60791: Start wait for client data...
[ 40 ms ] worker_60791: 1448 bytes were received from client 4
[ 40 ms ] worker_60791: Start to process client request
[ 40 ms ] worker_60791: Request is not valid!
[ 40 ms ] worker_60791: Send response to client
[ 40 ms ] worker_60791: Start wait for client data...
[ 40 ms ] worker_60791: 1448 bytes were received from client 4
[ 40 ms ] worker_60791: Start to process client request
[ 40 ms ] worker_60791: Request is not valid!
[ 40 ms ] worker_60791: Send response to client
[ 40 ms ] worker_60791: Start wait for client data...
[ 40 ms ] worker_60791: 1448 bytes were received from client 4
[ 40 ms ] worker_60791: Start to process client request
[ 40 ms ] worker_60791: Request is not valid!
[ 40 ms ] worker_60791: Send response to client
[ 40 ms ] worker_60791: Start wait for client data...
[ 51 ms ] worker_60791: 1386 bytes were received from client 4
[ 51 ms ] worker_60791: Start to process client request
[ 51 ms ] worker_60791: Request is not valid!
[ 51 ms ] worker_60791: Send response to client
[ 51 ms ] worker_60791: Start wait for client data...
[ 54 ms ] worker_60791: Error was occurred while receiving data from client
[ 54 ms ] worker_60791: Exit
[ 54 ms ] END
