[ 0 ms ] START
[ 0 ms ] worker_60784: Hello, I'm new worker!
[ 0 ms ] worker_60784: Incomming connection info: 0.0.0.0 : 0New client socket was created: 4

[ 0 ms ] worker_60784: Start wait for client data...
[ 45 ms ] worker_60784: 1448 bytes were received from client 4
[ 45 ms ] worker_60784: Start to process client request
[ 45 ms ] worker_60784: Request is not valid!
[ 45 ms ] worker_60784: Send response to client
[ 45 ms ] worker_60784: Start wait for client data...
[ 45 ms ] worker_60784: 1448 bytes were received from client 4
[ 45 ms ] worker_60784: Start to process client request
[ 45 ms ] worker_60784: Request is not valid!
[ 45 ms ] worker_60784: Send response to client
[ 45 ms ] worker_60784: Start wait for client data...
[ 45 ms ] worker_60784: 1448 bytes were received from client 4
[ 45 ms ] worker_60784: Start to process client request
[ 45 ms ] worker_60784: Request is not valid!
[ 45 ms ] worker_60784: Send response to client
[ 45 ms ] worker_60784: Start wait for client data...
[ 45 ms ] worker_60784: 2 bytes were received from client 4
[ 45 ms ] worker_60784: Start to process client request
[ 45 ms ] worker_60784: Request is not valid!
[ 45 ms ] worker_60784: Send response to client
[ 45 ms ] worker_60784: Start wait for client data...
[ 68 ms ] worker_60784: Error was occurred while receiving data from client
[ 68 ms ] worker_60784: Exit
[ 68 ms ] END
