[ 0 ms ] START
[ 0 ms ] worker_60822: Hello, I'm new worker!
[ 0 ms ] worker_60822: Incomming connection info: 0.0.0.0 : 0New client socket was created: 4

[ 0 ms ] worker_60822: Start wait for client data...
[ 11 ms ] worker_60822: 1448 bytes were received from client 4
[ 11 ms ] worker_60822: Start to process client request
[ 11 ms ] worker_60822: Request is not valid!
[ 11 ms ] worker_60822: Send response to client
[ 11 ms ] worker_60822: Start wait for client data...
[ 11 ms ] worker_60822: 1448 bytes were received from client 4
[ 11 ms ] worker_60822: Start to process client request
[ 11 ms ] worker_60822: Request is not valid!
[ 11 ms ] worker_60822: Send response to client
[ 11 ms ] worker_60822: Start wait for client data...
[ 13 ms ] worker_60822: 1448 bytes were received from client 4
[ 13 ms ] worker_60822: Start to process client request
[ 13 ms ] worker_60822: Request is not valid!
[ 13 ms ] worker_60822: Send response to client
[ 13 ms ] worker_60822: Start wait for client data...
[ 13 ms ] worker_60822: 1330 bytes were received from client 4
[ 13 ms ] worker_60822: Start to process client request
[ 13 ms ] worker_60822: Request is not valid!
[ 13 ms ] worker_60822: Send response to client
[ 13 ms ] worker_60822: Start wait for client data...
[ 65 ms ] worker_60822: Receive 0 bytes. Client closed connection. Goodbye!
[ 65 ms ] worker_60822: Exit
[ 65 ms ] END
