[ 0 ms ] START
[ 0 ms ] worker_60811: Hello, I'm new worker!
[ 0 ms ] worker_60811: Incomming connection info: 0.0.0.0 : 0New client socket was created: 4

[ 0 ms ] worker_60811: Start wait for client data...
[ 57 ms ] worker_60811: 2896 bytes were received from client 4
[ 57 ms ] worker_60811: Start to process client request
[ 57 ms ] worker_60811: Request is not valid!
[ 57 ms ] worker_60811: Send response to client
[ 57 ms ] worker_60811: Start wait for client data...
[ 57 ms ] worker_60811: 1448 bytes were received from client 4
[ 57 ms ] worker_60811: Start to process client request
[ 57 ms ] worker_60811: Request is not valid!
[ 57 ms ] worker_60811: Send response to client
[ 57 ms ] worker_60811: Start wait for client data...
[ 57 ms ] worker_60811: 1448 bytes were received from client 4
[ 57 ms ] worker_60811: Start to process client request
[ 57 ms ] worker_60811: Request is not valid!
[ 57 ms ] worker_60811: Send response to client
[ 57 ms ] worker_60811: Start wait for client data...
[ 57 ms ] worker_60811: 1448 bytes were received from client 4
[ 57 ms ] worker_60811: Start to process client request
[ 57 ms ] worker_60811: Request is not valid!
[ 57 ms ] worker_60811: Send response to client
[ 57 ms ] worker_60811: Start wait for client data...
[ 57 ms ] worker_60811: 1448 bytes were received from client 4
[ 57 ms ] worker_60811: Start to process client request
[ 57 ms ] worker_60811: Request is not valid!
[ 57 ms ] worker_60811: Send response to client
[ 57 ms ] worker_60811: Start wait for client data...
[ 57 ms ] worker_60811: 2512 bytes were received from client 4
[ 57 ms ] worker_60811: Start to process client request
[ 57 ms ] worker_60811: Request is not valid!
[ 57 ms ] worker_60811: Send response to client
[ 57 ms ] worker_60811: Start wait for client data...
[ 80 ms ] worker_60811: Error was occurred while receiving data from client
[ 80 ms ] worker_60811: Exit
[ 81 ms ] END
