[ 0 ms ] START
[ 0 ms ] worker_60795: Hello, I'm new worker!
[ 0 ms ] worker_60795: Incomming connection info: 0.0.0.0 : 0New client socket was created: 4

[ 0 ms ] worker_60795: Start wait for client data...
[ 5 ms ] worker_60795: 2896 bytes were received from client 4
[ 5 ms ] worker_60795: Start to process client request
[ 5 ms ] worker_60795: Request is not valid!
[ 5 ms ] worker_60795: Send response to client
[ 5 ms ] worker_60795: Start wait for client data...
[ 5 ms ] worker_60795: 1448 bytes were received from client 4
[ 5 ms ] worker_60795: Start to process client request
[ 5 ms ] worker_60795: Request is not valid!
[ 5 ms ] worker_60795: Send response to client
[ 5 ms ] worker_60795: Start wait for client data...
[ 5 ms ] worker_60795: 1448 bytes were received from client 4
[ 5 ms ] worker_60795: Start to process client request
[ 5 ms ] worker_60795: Request is not valid!
[ 6 ms ] worker_60795: Send response to client
[ 6 ms ] worker_60795: Start wait for client data...
[ 6 ms ] worker_60795: 1332 bytes were received from client 4
[ 6 ms ] worker_60795: Start to process client request
[ 6 ms ] worker_60795: Request is not valid!
[ 6 ms ] worker_60795: Send response to client
[ 6 ms ] worker_60795: Start wait for client data...
[ 91 ms ] worker_60795: Error was occurred while receiving data from client
[ 91 ms ] worker_60795: Exit
[ 92 ms ] END
