[ 0 ms ] START
[ 0 ms ] worker_60789: Hello, I'm new worker!
[ 0 ms ] worker_60789: Incomming connection info: 0.0.0.0 : 0New client socket was created: 4

[ 0 ms ] worker_60789: Start wait for client data...
[ 8 ms ] worker_60789: 1448 bytes were received from client 4
[ 8 ms ] worker_60789: Start to process client request
[ 8 ms ] worker_60789: Request is not valid!
[ 8 ms ] worker_60789: Send response to client
[ 8 ms ] worker_60789: Start wait for client data...
[ 8 ms ] worker_60789: 1448 bytes were received from client 4
[ 8 ms ] worker_60789: Start to process client request
[ 8 ms ] worker_60789: Request is not valid!
[ 8 ms ] worker_60789: Send response to client
[ 8 ms ] worker_60789: Start wait for client data...
[ 8 ms ] worker_60789: 1448 bytes were received from client 4
[ 8 ms ] worker_60789: Start to process client request
[ 8 ms ] worker_60789: Request is not valid!
[ 8 ms ] worker_60789: Send response to client
[ 8 ms ] worker_60789: Start wait for client data...
[ 8 ms ] worker_60789: 1448 bytes were received from client 4
[ 8 ms ] worker_60789: Start to process client request
[ 8 ms ] worker_60789: Request is not valid!
[ 8 ms ] worker_60789: Send response to client
[ 8 ms ] worker_60789: Start wait for client data...
[ 8 ms ] worker_60789: 1448 bytes were received from client 4
[ 8 ms ] worker_60789: Start to process client request
[ 8 ms ] worker_60789: Request is not valid!
[ 8 ms ] worker_60789: Send response to client
[ 8 ms ] worker_60789: Start wait for client data...
[ 8 ms ] worker_60789: 1448 bytes were received from client 4
[ 8 ms ] worker_60789: Start to process client request
[ 8 ms ] worker_60789: Request is not valid!
[ 8 ms ] worker_60789: Send response to client
[ 8 ms ] worker_60789: Start wait for client data...
[ 9 ms ] worker_60789: 1448 bytes were received from client 4
[ 9 ms ] worker_60789: Start to process client request
[ 9 ms ] worker_60789: Request is not valid!
[ 9 ms ] worker_60789: Send response to client
[ 9 ms ] worker_60789: Start wait for client data...
[ 9 ms ] worker_60789: 1448 bytes were received from client 4
[ 9 ms ] worker_60789: Start to process client request
[ 9 ms ] worker_60789: Request is not valid!
[ 9 ms ] worker_60789: Send response to client
[ 9 ms ] worker_60789: Start wait for client data...
[ 9 ms ] worker_60789: 1448 bytes were received from client 4
[ 9 ms ] worker_60789: Start to process client request
[ 9 ms ] worker_60789: Request is not valid!
[ 9 ms ] worker_60789: Send response to client
[ 9 ms ] worker_60789: Start wait for client data...
[ 9 ms ] worker_60789: 1448 bytes were received from client 4
[ 9 ms ] worker_60789: Start to process client request
[ 9 ms ] worker_60789: Request is not valid!
[ 9 ms ] worker_60789: Send response to client
[ 9 ms ] worker_60789: Start wait for client data...
[ 42 ms ] worker_60789: 2370 bytes were received from client 4
[ 42 ms ] worker_60789: Start to process client request
[ 42 ms ] worker_60789: Request is not valid!
[ 42 ms ] worker_60789: Send response to client
[ 42 ms ] worker_60789: Start wait for client data...
[ 42 ms ] worker_60789: Receive 0 bytes. Client closed connection. Goodbye!
[ 42 ms ] worker_60789: Exit
[ 42 ms ] END
