[ 0 ms ] START
[ 0 ms ] worker_60799: Hello, I'm new worker!
[ 0 ms ] worker_60799: Incomming connection info: 0.0.0.0 : 0New client socket was created: 4

[ 0 ms ] worker_60799: Start wait for client data...
[ 55 ms ] worker_60799: 2896 bytes were received from client 4
[ 55 ms ] worker_60799: Start to process client request
[ 55 ms ] worker_60799: Request is not valid!
[ 55 ms ] worker_60799: Send response to client
[ 56 ms ] worker_60799: Start wait for client data...
[ 56 ms ] worker_60799: 1448 bytes were received from client 4
[ 56 ms ] worker_60799: Start to process client request
[ 56 ms ] worker_60799: Request is not valid!
[ 56 ms ] worker_60799: Send response to client
[ 56 ms ] worker_60799: Start wait for client data...
[ 56 ms ] worker_60799: 2896 bytes were received from client 4
[ 56 ms ] worker_60799: Start to process client request
[ 56 ms ] worker_60799: Request is not valid!
[ 56 ms ] worker_60799: Send response to client
[ 56 ms ] worker_60799: Start wait for client data...
[ 56 ms ] worker_60799: 1448 bytes were received from client 4
[ 56 ms ] worker_60799: Start to process client request
[ 56 ms ] worker_60799: Request is not valid!
[ 56 ms ] worker_60799: Send response to client
[ 56 ms ] worker_60799: Start wait for client data...
[ 56 ms ] worker_60799: 1448 bytes were received from client 4
[ 56 ms ] worker_60799: Start to process client request
[ 56 ms ] worker_60799: Request is not valid!
[ 56 ms ] worker_60799: Send response to client
[ 56 ms ] worker_60799: Start wait for client data...
[ 56 ms ] worker_60799: 1448 bytes were received from client 4
[ 56 ms ] worker_60799: Start to process client request
[ 56 ms ] worker_60799: Request is not valid!
[ 56 ms ] worker_60799: Send response to client
[ 56 ms ] worker_60799: Start wait for client data...
[ 56 ms ] worker_60799: 1054 bytes were received from client 4
[ 56 ms ] worker_60799: Start to process client request
[ 56 ms ] worker_60799: Request is not valid!
[ 56 ms ] worker_60799: Send response to client
[ 56 ms ] worker_60799: Start wait for client data...
[ 90 ms ] worker_60799: Error was occurred while receiving data from client
[ 90 ms ] worker_60799: Exit
[ 92 ms ] END
