[ 0 ms ] START
[ 0 ms ] worker_60819: Hello, I'm new worker!
[ 0 ms ] worker_60819: Incomming connection info: 0.0.0.0 : 0New client socket was created: 4

[ 0 ms ] worker_60819: Start wait for client data...
[ 28 ms ] worker_60819: 1448 bytes were received from client 4
[ 28 ms ] worker_60819: Start to process client request
[ 28 ms ] worker_60819: Request is not valid!
[ 28 ms ] worker_60819: Send response to client
[ 28 ms ] worker_60819: Start wait for client data...
[ 31 ms ] worker_60819: 1448 bytes were received from client 4
[ 31 ms ] worker_60819: Start to process client request
[ 31 ms ] worker_60819: Request is not valid!
[ 31 ms ] worker_60819: Send response to client
[ 31 ms ] worker_60819: Start wait for client data...
[ 32 ms ] worker_60819: 1448 bytes were received from client 4
[ 32 ms ] worker_60819: Start to process client request
[ 32 ms ] worker_60819: Request is not valid!
[ 32 ms ] worker_60819: Send response to client
[ 32 ms ] worker_60819: Start wait for client data...
[ 33 ms ] worker_60819: 2896 bytes were received from client 4
[ 33 ms ] worker_60819: Start to process client request
[ 33 ms ] worker_60819: Request is not valid!
[ 33 ms ] worker_60819: Send response to client
[ 33 ms ] worker_60819: Start wait for client data...
[ 36 ms ] worker_60819: 1592 bytes were received from client 4
[ 36 ms ] worker_60819: Start to process client request
[ 36 ms ] worker_60819: Request is not valid!
[ 36 ms ] worker_60819: Send response to client
[ 36 ms ] worker_60819: Start wait for client data...
[ 75 ms ] worker_60819: Receive 0 bytes. Client closed connection. Goodbye!
[ 75 ms ] worker_60819: Exit
[ 75 ms ] END
