[ 0 ms ] START
[ 0 ms ] worker_61766: Hello, I'm new worker!
[ 0 ms ] worker_61766: Incomming connection info: 0.0.0.0 : 0New client socket was created: 4

[ 0 ms ] worker_61766: Start wait for client data...
[ 110 ms ] worker_61766: 1448 bytes were received from client 4
[ 110 ms ] worker_61766: Start to process client request
[ 110 ms ] worker_61766: Request is not valid!
[ 110 ms ] worker_61766: Send response to client
[ 110 ms ] worker_61766: Start wait for client data...
[ 110 ms ] worker_61766: 1448 bytes were received from client 4
[ 110 ms ] worker_61766: Start to process client request
[ 110 ms ] worker_61766: Request is not valid!
[ 110 ms ] worker_61766: Send response to client
[ 110 ms ] worker_61766: Start wait for client data...
[ 112 ms ] worker_61766: 1448 bytes were received from client 4
[ 112 ms ] worker_61766: Start to process client request
[ 112 ms ] worker_61766: Request is not valid!
[ 112 ms ] worker_61766: Send response to client
[ 112 ms ] worker_61766: Start wait for client data...
[ 115 ms ] worker_61766: 1448 bytes were received from client 4
[ 115 ms ] worker_61766: Start to process client request
[ 115 ms ] worker_61766: Request is not valid!
[ 115 ms ] worker_61766: Send response to client
[ 115 ms ] worker_61766: Start wait for client data...
[ 127 ms ] worker_61766: 1448 bytes were received from client 4
[ 127 ms ] worker_61766: Start to process client request
[ 127 ms ] worker_61766: Request is not valid!
[ 127 ms ] worker_61766: Send response to client
[ 127 ms ] worker_61766: Start wait for client data...
[ 128 ms ] worker_61766: 1448 bytes were received from client 4
[ 128 ms ] worker_61766: Start to process client request
[ 128 ms ] worker_61766: Request is not valid!
[ 128 ms ] worker_61766: Send response to client
[ 128 ms ] worker_61766: Start wait for client data...
[ 128 ms ] worker_61766: 1448 bytes were received from client 4
[ 128 ms ] worker_61766: Start to process client request
[ 128 ms ] worker_61766: Request is not valid!
[ 128 ms ] worker_61766: Send response to client
[ 128 ms ] worker_61766: Start wait for client data...
[ 130 ms ] worker_61766: 2896 bytes were received from client 4
[ 130 ms ] worker_61766: Start to process client request
[ 130 ms ] worker_61766: Request is not valid!
[ 130 ms ] worker_61766: Send response to client
[ 130 ms ] worker_61766: Start wait for client data...
[ 130 ms ] worker_61766: 1448 bytes were received from client 4
[ 130 ms ] worker_61766: Start to process client request
[ 130 ms ] worker_61766: Request is not valid!
[ 130 ms ] worker_61766: Send response to client
[ 130 ms ] worker_61766: Start wait for client data...
[ 172 ms ] worker_61766: 1448 bytes were received from client 4
[ 172 ms ] worker_61766: Start to process client request
[ 172 ms ] worker_61766: Request is not valid!
[ 172 ms ] worker_61766: Send response to client
[ 172 ms ] worker_61766: Start wait for client data...
[ 173 ms ] worker_61766: Error was occurred while receiving data from client
[ 173 ms ] worker_61766: Exit
[ 173 ms ] END
