[ 0 ms ] START
[ 0 ms ] worker_61780: Hello, I'm new worker!
[ 0 ms ] worker_61780: Incomming connection info: 0.0.0.0 : 0New client socket was created: 4

[ 0 ms ] worker_61780: Start wait for client data...
[ 84 ms ] worker_61780: 2896 bytes were received from client 4
[ 84 ms ] worker_61780: Start to process client request
[ 84 ms ] worker_61780: Request is not valid!
[ 84 ms ] worker_61780: Send response to client
[ 84 ms ] worker_61780: Start wait for client data...
[ 85 ms ] worker_61780: 1448 bytes were received from client 4
[ 85 ms ] worker_61780: Start to process client request
[ 85 ms ] worker_61780: Request is not valid!
[ 85 ms ] worker_61780: Send response to client
[ 85 ms ] worker_61780: Start wait for client data...
[ 85 ms ] worker_61780: 1448 bytes were received from client 4
[ 85 ms ] worker_61780: Start to process client request
[ 85 ms ] worker_61780: Request is not valid!
[ 85 ms ] worker_61780: Send response to client
[ 85 ms ] worker_61780: Start wait for client data...
[ 85 ms ] worker_61780: 1448 bytes were received from client 4
[ 85 ms ] worker_61780: Start to process client request
[ 85 ms ] worker_61780: Request is not valid!
[ 85 ms ] worker_61780: Send response to client
[ 85 ms ] worker_61780: Start wait for client data...
[ 87 ms ] worker_61780: 1448 bytes were received from client 4
[ 87 ms ] worker_61780: Start to process client request
[ 87 ms ] worker_61780: Request is not valid!
[ 87 ms ] worker_61780: Send response to client
[ 87 ms ] worker_61780: Start wait for client data...
[ 88 ms ] worker_61780: 4344 bytes were received from client 4
[ 88 ms ] worker_61780: Start to process client request
[ 88 ms ] worker_61780: Request is not valid!
[ 88 ms ] worker_61780: Send response to client
[ 88 ms ] worker_61780: Start wait for client data...
[ 88 ms ] worker_61780: 1448 bytes were received from client 4
[ 88 ms ] worker_61780: Start to process client request
[ 88 ms ] worker_61780: Request is not valid!
[ 88 ms ] worker_61780: Send response to client
[ 88 ms ] worker_61780: Start wait for client data...
[ 127 ms ] worker_61780: 1362 bytes were received from client 4
[ 127 ms ] worker_61780: Start to process client request
[ 127 ms ] worker_61780: Request is not valid!
[ 127 ms ] worker_61780: Send response to client
[ 127 ms ] worker_61780: Start wait for client data...
[ 127 ms ] worker_61780: Receive 0 bytes. Client closed connection. Goodbye!
[ 127 ms ] worker_61780: Exit
[ 127 ms ] END
