[ 0 ms ] START
[ 0 ms ] worker_61771: Hello, I'm new worker!
[ 0 ms ] worker_61771: Incomming connection info: 0.0.0.0 : 0New client socket was created: 4

[ 0 ms ] worker_61771: Start wait for client data...
[ 54 ms ] worker_61771: 1448 bytes were received from client 4
[ 54 ms ] worker_61771: Start to process client request
[ 54 ms ] worker_61771: Request is not valid!
[ 54 ms ] worker_61771: Send response to client
[ 54 ms ] worker_61771: Start wait for client data...
[ 54 ms ] worker_61771: 2896 bytes were received from client 4
[ 54 ms ] worker_61771: Start to process client request
[ 54 ms ] worker_61771: Request is not valid!
[ 54 ms ] worker_61771: Send response to client
[ 54 ms ] worker_61771: Start wait for client data...
[ 54 ms ] worker_61771: 1448 bytes were received from client 4
[ 54 ms ] worker_61771: Start to process client request
[ 54 ms ] worker_61771: Request is not valid!
[ 54 ms ] worker_61771: Send response to client
[ 54 ms ] worker_61771: Start wait for client data...
[ 54 ms ] worker_61771: 1448 bytes were received from client 4
[ 54 ms ] worker_61771: Start to process client request
[ 54 ms ] worker_61771: Request is not valid!
[ 54 ms ] worker_61771: Send response to client
[ 54 ms ] worker_61771: Start wait for client data...
[ 54 ms ] worker_61771: 1448 bytes were received from client 4
[ 54 ms ] worker_61771: Start to process client request
[ 54 ms ] worker_61771: Request is not valid!
[ 54 ms ] worker_61771: Send response to client
[ 54 ms ] worker_61771: Start wait for client data...
[ 55 ms ] worker_61771: 2896 bytes were received from client 4
[ 55 ms ] worker_61771: Start to process client request
[ 55 ms ] worker_61771: Request is not valid!
[ 55 ms ] worker_61771: Send response to client
[ 55 ms ] worker_61771: Start wait for client data...
[ 55 ms ] worker_61771: 2896 bytes were received from client 4
[ 55 ms ] worker_61771: Start to process client request
[ 55 ms ] worker_61771: Request is not valid!
[ 55 ms ] worker_61771: Send response to client
[ 55 ms ] worker_61771: Start wait for client data...
[ 136 ms ] worker_61771: 1448 bytes were received from client 4
[ 136 ms ] worker_61771: Start to process client request
[ 136 ms ] worker_61771: Request is not valid!
[ 136 ms ] worker_61771: Send response to client
[ 136 ms ] worker_61771: Start wait for client data...
[ 136 ms ] worker_61771: 544 bytes were received from client 4
[ 136 ms ] worker_61771: Start to process client request
[ 136 ms ] worker_61771: Request is not valid!
[ 136 ms ] worker_61771: Send response to client
[ 136 ms ] worker_61771: Start wait for client data...
[ 136 ms ] worker_61771: Receive 0 bytes. Client closed connection. Goodbye!
[ 136 ms ] worker_61771: Exit
[ 138 ms ] END
