[ 0 ms ] START
[ 0 ms ] worker_61783: Hello, I'm new worker!
[ 0 ms ] worker_61783: Incomming connection info: 0.0.0.0 : 0New client socket was created: 4

[ 0 ms ] worker_61783: Start wait for client data...
[ 4 ms ] worker_61783: 1448 bytes were received from client 4
[ 4 ms ] worker_61783: Start to process client request
[ 4 ms ] worker_61783: Request is not valid!
[ 4 ms ] worker_61783: Send response to client
[ 4 ms ] worker_61783: Start wait for client data...
[ 4 ms ] worker_61783: 1448 bytes were received from client 4
[ 4 ms ] worker_61783: Start to process client request
[ 4 ms ] worker_61783: Request is not valid!
[ 4 ms ] worker_61783: Send response to client
[ 4 ms ] worker_61783: Start wait for client data...
[ 4 ms ] worker_61783: 1448 bytes were received from client 4
[ 4 ms ] worker_61783: Start to process client request
[ 4 ms ] worker_61783: Request is not valid!
[ 4 ms ] worker_61783: Send response to client
[ 4 ms ] worker_61783: Start wait for client data...
[ 4 ms ] worker_61783: 2896 bytes were received from client 4
[ 4 ms ] worker_61783: Start to process client request
[ 4 ms ] worker_61783: Request is not valid!
[ 4 ms ] worker_61783: Send response to client
[ 4 ms ] worker_61783: Start wait for client data...
[ 4 ms ] worker_61783: 1448 bytes were received from client 4
[ 4 ms ] worker_61783: Start to process client request
[ 4 ms ] worker_61783: Request is not valid!
[ 4 ms ] worker_61783: Send response to client
[ 4 ms ] worker_61783: Start wait for client data...
[ 6 ms ] worker_61783: 1448 bytes were received from client 4
[ 6 ms ] worker_61783: Start to process client request
[ 6 ms ] worker_61783: Request is not valid!
[ 6 ms ] worker_61783: Send response to client
[ 6 ms ] worker_61783: Start wait for client data...
[ 6 ms ] worker_61783: 1448 bytes were received from client 4
[ 6 ms ] worker_61783: Start to process client request
[ 6 ms ] worker_61783: Request is not valid!
[ 6 ms ] worker_61783: Send response to client
[ 6 ms ] worker_61783: Start wait for client data...
[ 6 ms ] worker_61783: 710 bytes were received from client 4
[ 6 ms ] worker_61783: Start to process client request
[ 6 ms ] worker_61783: Request is not valid!
[ 6 ms ] worker_61783: Send response to client
[ 6 ms ] worker_61783: Start wait for client data...
[ 92 ms ] worker_61783: Error was occurred while receiving data from client
[ 92 ms ] worker_61783: Exit
[ 93 ms ] END
