[ 0 ms ] START
[ 0 ms ] worker_61784: Hello, I'm new worker!
[ 0 ms ] worker_61784: Incomming connection info: 0.0.0.0 : 0New client socket was created: 4

[ 0 ms ] worker_61784: Start wait for client data...
[ 4 ms ] worker_61784: 1448 bytes were received from client 4
[ 4 ms ] worker_61784: Start to process client request
[ 4 ms ] worker_61784: Request is not valid!
[ 4 ms ] worker_61784: Send response to client
[ 4 ms ] worker_61784: Start wait for client data...
[ 4 ms ] worker_61784: 1448 bytes were received from client 4
[ 4 ms ] worker_61784: Start to process client request
[ 4 ms ] worker_61784: Request is not valid!
[ 4 ms ] worker_61784: Send response to client
[ 4 ms ] worker_61784: Start wait for client data...
[ 4 ms ] worker_61784: 1448 bytes were received from client 4
[ 4 ms ] worker_61784: Start to process client request
[ 4 ms ] worker_61784: Request is not valid!
[ 4 ms ] worker_61784: Send response to client
[ 4 ms ] worker_61784: Start wait for client data...
[ 30 ms ] worker_61784: 2896 bytes were received from client 4
[ 30 ms ] worker_61784: Start to process client request
[ 30 ms ] worker_61784: Request is not valid!
[ 30 ms ] worker_61784: Send response to client
[ 30 ms ] worker_61784: Start wait for client data...
[ 30 ms ] worker_61784: 1448 bytes were received from client 4
[ 30 ms ] worker_61784: Start to process client request
[ 30 ms ] worker_61784: Request is not valid!
[ 30 ms ] worker_61784: Send response to client
[ 30 ms ] worker_61784: Start wait for client data...
[ 50 ms ] worker_61784: 1448 bytes were received from client 4
[ 50 ms ] worker_61784: Start to process client request
[ 50 ms ] worker_61784: Request is not valid!
[ 50 ms ] worker_61784: Send response to client
[ 50 ms ] worker_61784: Start wait for client data...
[ 50 ms ] worker_61784: 2158 bytes were received from client 4
[ 50 ms ] worker_61784: Start to process client request
[ 50 ms ] worker_61784: Request is not valid!
[ 50 ms ] worker_61784: Send response to client
[ 50 ms ] worker_61784: Start wait for client data...
[ 92 ms ] worker_61784: Receive 0 bytes. Client closed connection. Goodbye!
[ 92 ms ] worker_61784: Exit
[ 93 ms ] END
