[ 0 ms ] START
[ 0 ms ] worker_61778: Hello, I'm new worker!
[ 0 ms ] worker_61778: Incomming connection info: 0.0.0.0 : 0New client socket was created: 4

[ 0 ms ] worker_61778: Start wait for client data...
[ 40 ms ] worker_61778: 4344 bytes were received from client 4
[ 40 ms ] worker_61778: Start to process client request
[ 40 ms ] worker_61778: Request is not valid!
[ 40 ms ] worker_61778: Send response to client
[ 40 ms ] worker_61778: Start wait for client data...
[ 40 ms ] worker_61778: 1448 bytes were received from client 4
[ 40 ms ] worker_61778: Start to process client request
[ 40 ms ] worker_61778: Request is not valid!
[ 40 ms ] worker_61778: Send response to client
[ 40 ms ] worker_61778: Start wait for client data...
[ 40 ms ] worker_61778: 1448 bytes were received from client 4
[ 40 ms ] worker_61778: Start to process client request
[ 40 ms ] worker_61778: Request is not valid!
[ 40 ms ] worker_61778: Send response to client
[ 40 ms ] worker_61778: Start wait for client data...
[ 40 ms ] worker_61778: 1448 bytes were received from client 4
[ 40 ms ] worker_61778: Start to process client request
[ 40 ms ] worker_61778: Request is not valid!
[ 40 ms ] worker_61778: Send response to client
[ 40 ms ] worker_61778: Start wait for client data...
[ 40 ms ] worker_61778: 1448 bytes were received from client 4
[ 40 ms ] worker_61778: Start to process client request
[ 40 ms ] worker_61778: Request is not valid!
[ 40 ms ] worker_61778: Send response to client
[ 40 ms ] worker_61778: Start wait for client data...
[ 40 ms ] worker_61778: 1448 bytes were received from client 4
[ 40 ms ] worker_61778: Start to process client request
[ 40 ms ] worker_61778: Request is not valid!
[ 40 ms ] worker_61778: Send response to client
[ 40 ms ] worker_61778: Start wait for client data...
[ 42 ms ] worker_61778: 2816 bytes were received from client 4
[ 42 ms ] worker_61778: Start to process client request
[ 42 ms ] worker_61778: Request is not valid!
[ 42 ms ] worker_61778: Send response to client
[ 42 ms ] worker_61778: Start wait for client data...
[ 124 ms ] worker_61778: Error was occurred while receiving data from client
[ 124 ms ] worker_61778: Exit
[ 125 ms ] END
