[ 0 ms ] START
[ 0 ms ] worker_61770: Hello, I'm new worker!
[ 0 ms ] worker_61770: Incomming connection info: 0.0.0.0 : 0New client socket was created: 4

[ 0 ms ] worker_61770: Start wait for client data...
[ 5 ms ] worker_61770: 1448 bytes were received from client 4
[ 5 ms ] worker_61770: Start to process client request
[ 5 ms ] worker_61770: Request is not valid!
[ 5 ms ] worker_61770: Send response to client
[ 5 ms ] worker_61770: Start wait for client data...
[ 7 ms ] worker_61770: 2896 bytes were received from client 4
[ 7 ms ] worker_61770: Start to process client request
[ 7 ms ] worker_61770: Request is not valid!
[ 7 ms ] worker_61770: Send response to client
[ 7 ms ] worker_61770: Start wait for client data...
[ 7 ms ] worker_61770: 1448 bytes were received from client 4
[ 7 ms ] worker_61770: Start to process client request
[ 7 ms ] worker_61770: Request is not valid!
[ 7 ms ] worker_61770: Send response to client
[ 7 ms ] worker_61770: Start wait for client data...
[ 8 ms ] worker_61770: 1448 bytes were received from client 4
[ 8 ms ] worker_61770: Start to process client request
[ 8 ms ] worker_61770: Request is not valid!
[ 8 ms ] worker_61770: Send response to client
[ 8 ms ] worker_61770: Start wait for client data...
[ 8 ms ] worker_61770: 1448 bytes were received from client 4
[ 8 ms ] worker_61770: Start to process client request
[ 8 ms ] worker_61770: Request is not valid!
[ 8 ms ] worker_61770: Send response to client
[ 8 ms ] worker_61770: Start wait for client data...
[ 9 ms ] worker_61770: 1448 bytes were received from client 4
[ 9 ms ] worker_61770: Start to process client request
[ 9 ms ] worker_61770: Request is not valid!
[ 9 ms ] worker_61770: Send response to client
[ 9 ms ] worker_61770: Start wait for client data...
[ 10 ms ] worker_61770: 1448 bytes were received from client 4
[ 10 ms ] worker_61770: Start to process client request
[ 10 ms ] worker_61770: Request is not valid!
[ 10 ms ] worker_61770: Send response to client
[ 10 ms ] worker_61770: Start wait for client data...
[ 125 ms ] worker_61770: 1448 bytes were received from client 4
[ 125 ms ] worker_61770: Start to process client request
[ 125 ms ] worker_61770: Request is not valid!
[ 125 ms ] worker_61770: Send response to client
[ 125 ms ] worker_61770: Start wait for client data...
[ 125 ms ] worker_61770: 1448 bytes were received from client 4
[ 125 ms ] worker_61770: Start to process client request
[ 125 ms ] worker_61770: Request is not valid!
[ 125 ms ] worker_61770: Send response to client
[ 125 ms ] worker_61770: Start wait for client data...
[ 131 ms ] worker_61770: 1448 bytes were received from client 4
[ 132 ms ] worker_61770: Start to process client request
[ 132 ms ] worker_61770: Request is not valid!
[ 132 ms ] worker_61770: Send response to client
[ 132 ms ] worker_61770: Start wait for client data...
[ 132 ms ] worker_61770: 594 bytes were received from client 4
[ 132 ms ] worker_61770: Start to process client request
[ 132 ms ] worker_61770: Request is not valid!
[ 133 ms ] worker_61770: Send response to client
[ 133 ms ] worker_61770: Start wait for client data...
[ 133 ms ] worker_61770: Receive 0 bytes. Client closed connection. Goodbye!
[ 133 ms ] worker_61770: Exit
[ 133 ms ] END
