[ 0 ms ] START
[ 0 ms ] worker_61779: Hello, I'm new worker!
[ 0 ms ] worker_61779: Incomming connection info: 0.0.0.0 : 0New client socket was created: 4

[ 0 ms ] worker_61779: Start wait for client data...
[ 42 ms ] worker_61779: 2896 bytes were received from client 4
[ 42 ms ] worker_61779: Start to process client request
[ 42 ms ] worker_61779: Request is not valid!
[ 42 ms ] worker_61779: Send response to client
[ 42 ms ] worker_61779: Start wait for client data...
[ 43 ms ] worker_61779: 2896 bytes were received from client 4
[ 43 ms ] worker_61779: Start to process client request
[ 43 ms ] worker_61779: Request is not valid!
[ 43 ms ] worker_61779: Send response to client
[ 43 ms ] worker_61779: Start wait for client data...
[ 43 ms ] worker_61779: 2896 bytes were received from client 4
[ 43 ms ] worker_61779: Start to process client request
[ 43 ms ] worker_61779: Request is not valid!
[ 43 ms ] worker_61779: Send response to client
[ 43 ms ] worker_61779: Start wait for client data...
[ 43 ms ] worker_61779: 2896 bytes were received from client 4
[ 43 ms ] worker_61779: Start to process client request
[ 43 ms ] worker_61779: Request is not valid!
[ 43 ms ] worker_61779: Send response to client
[ 43 ms ] worker_61779: Start wait for client data...
[ 43 ms ] worker_61779: 1448 bytes were received from client 4
[ 43 ms ] worker_61779: Start to process client request
[ 43 ms ] worker_61779: Request is not valid!
[ 43 ms ] worker_61779: Send response to client
[ 43 ms ] worker_61779: Start wait for client data...
[ 44 ms ] worker_61779: 1448 bytes were received from client 4
[ 44 ms ] worker_61779: Start to process client request
[ 44 ms ] worker_61779: Request is not valid!
[ 44 ms ] worker_61779: Send response to client
[ 44 ms ] worker_61779: Start wait for client data...
[ 123 ms ] worker_61779: 1362 bytes were received from client 4
[ 123 ms ] worker_61779: Start to process client request
[ 123 ms ] worker_61779: Request is not valid!
[ 123 ms ] worker_61779: Send response to client
[ 123 ms ] worker_61779: Start wait for client data...
[ 157 ms ] worker_61779: Error was occurred while receiving data from client
[ 157 ms ] worker_61779: Exit
[ 157 ms ] END
