[ 0 ms ] START
[ 0 ms ] worker_59966: Hello, I'm new worker!
[ 0 ms ] worker_59966: Incomming connection info: 0.0.0.0 : 0New client socket was created: 4

[ 0 ms ] worker_59966: Start wait for client data...
[ 52 ms ] worker_59966: 1448 bytes were received from client 4
[ 52 ms ] worker_59966: Start to process client request
[ 52 ms ] worker_59966: Request is not valid!
[ 52 ms ] worker_59966: Send response to client
[ 52 ms ] worker_59966: Start wait for client data...
[ 52 ms ] worker_59966: 1448 bytes were received from client 4
[ 52 ms ] worker_59966: Start to process client request
[ 52 ms ] worker_59966: Request is not valid!
[ 52 ms ] worker_59966: Send response to client
[ 52 ms ] worker_59966: Start wait for client data...
[ 52 ms ] worker_59966: 2896 bytes were received from client 4
[ 52 ms ] worker_59966: Start to process client request
[ 52 ms ] worker_59966: Request is not valid!
[ 52 ms ] worker_59966: Send response to client
[ 52 ms ] worker_59966: Start wait for client data...
[ 52 ms ] worker_59966: 1448 bytes were received from client 4
[ 52 ms ] worker_59966: Start to process client request
[ 52 ms ] worker_59966: Request is not valid!
[ 52 ms ] worker_59966: Send response to client
[ 52 ms ] worker_59966: Start wait for client data...
[ 53 ms ] worker_59966: 1448 bytes were received from client 4
[ 53 ms ] worker_59966: Start to process client request
[ 53 ms ] worker_59966: Request is not valid!
[ 53 ms ] worker_59966: Send response to client
[ 53 ms ] worker_59966: Start wait for client data...
[ 53 ms ] worker_59966: 1448 bytes were received from client 4
[ 53 ms ] worker_59966: Start to process client request
[ 53 ms ] worker_59966: Request is not valid!
[ 53 ms ] worker_59966: Send response to client
[ 53 ms ] worker_59966: Start wait for client data...
[ 53 ms ] worker_59966: 1180 bytes were received from client 4
[ 53 ms ] worker_59966: Start to process client request
[ 53 ms ] worker_59966: Request is not valid!
[ 53 ms ] worker_59966: Send response to client
[ 53 ms ] worker_59966: Start wait for client data...
[ 96 ms ] worker_59966: Error was occurred while receiving data from client
[ 96 ms ] worker_59966: Exit
[ 97 ms ] END
