[ 0 ms ] START
[ 0 ms ] worker_60004: Hello, I'm new worker!
[ 0 ms ] worker_60004: Incomming connection info: 0.0.0.0 : 0New client socket was created: 4

[ 0 ms ] worker_60004: Start wait for client data...
[ 4 ms ] worker_60004: 1448 bytes were received from client 4
[ 4 ms ] worker_60004: Start to process client request
[ 4 ms ] worker_60004: Request is not valid!
[ 4 ms ] worker_60004: Send response to client
[ 4 ms ] worker_60004: Start wait for client data...
[ 7 ms ] worker_60004: 1448 bytes were received from client 4
[ 7 ms ] worker_60004: Start to process client request
[ 7 ms ] worker_60004: Request is not valid!
[ 7 ms ] worker_60004: Send response to client
[ 7 ms ] worker_60004: Start wait for client data...
[ 7 ms ] worker_60004: 1448 bytes were received from client 4
[ 7 ms ] worker_60004: Start to process client request
[ 7 ms ] worker_60004: Request is not valid!
[ 7 ms ] worker_60004: Send response to client
[ 7 ms ] worker_60004: Start wait for client data...
[ 8 ms ] worker_60004: 1448 bytes were received from client 4
[ 8 ms ] worker_60004: Start to process client request
[ 8 ms ] worker_60004: Request is not valid!
[ 8 ms ] worker_60004: Send response to client
[ 8 ms ] worker_60004: Start wait for client data...
[ 10 ms ] worker_60004: 1448 bytes were received from client 4
[ 10 ms ] worker_60004: Start to process client request
[ 10 ms ] worker_60004: Request is not valid!
[ 10 ms ] worker_60004: Send response to client
[ 10 ms ] worker_60004: Start wait for client data...
[ 10 ms ] worker_60004: 1168 bytes were received from client 4
[ 10 ms ] worker_60004: Start to process client request
[ 10 ms ] worker_60004: Request is not valid!
[ 10 ms ] worker_60004: Send response to client
[ 10 ms ] worker_60004: Start wait for client data...
[ 59 ms ] worker_60004: Error was occurred while receiving data from client
[ 59 ms ] worker_60004: Exit
[ 60 ms ] END
