[ 0 ms ] START
[ 0 ms ] worker_59957: Hello, I'm new worker!
[ 0 ms ] worker_59957: Incomming connection info: 0.0.0.0 : 0New client socket was created: 4

[ 0 ms ] worker_59957: Start wait for client data...
[ 12 ms ] worker_59957: 1448 bytes were received from client 4
[ 12 ms ] worker_59957: Start to process client request
[ 12 ms ] worker_59957: Request is not valid!
[ 12 ms ] worker_59957: Send response to client
[ 12 ms ] worker_59957: Start wait for client data...
[ 12 ms ] worker_59957: 2896 bytes were received from client 4
[ 12 ms ] worker_59957: Start to process client request
[ 12 ms ] worker_59957: Request is not valid!
[ 12 ms ] worker_59957: Send response to client
[ 12 ms ] worker_59957: Start wait for client data...
[ 12 ms ] worker_59957: 1448 bytes were received from client 4
[ 12 ms ] worker_59957: Start to process client request
[ 12 ms ] worker_59957: Request is not valid!
[ 12 ms ] worker_59957: Send response to client
[ 12 ms ] worker_59957: Start wait for client data...
[ 20 ms ] worker_59957: 1448 bytes were received from client 4
[ 20 ms ] worker_59957: Start to process client request
[ 20 ms ] worker_59957: Request is not valid!
[ 20 ms ] worker_59957: Send response to client
[ 20 ms ] worker_59957: Start wait for client data...
[ 21 ms ] worker_59957: 1448 bytes were received from client 4
[ 21 ms ] worker_59957: Start to process client request
[ 21 ms ] worker_59957: Request is not valid!
[ 21 ms ] worker_59957: Send response to client
[ 21 ms ] worker_59957: Start wait for client data...
[ 22 ms ] worker_59957: 2896 bytes were received from client 4
[ 22 ms ] worker_59957: Start to process client request
[ 22 ms ] worker_59957: Request is not valid!
[ 22 ms ] worker_59957: Send response to client
[ 22 ms ] worker_59957: Start wait for client data...
[ 22 ms ] worker_59957: 1796 bytes were received from client 4
[ 22 ms ] worker_59957: Start to process client request
[ 22 ms ] worker_59957: Request is not valid!
[ 22 ms ] worker_59957: Send response to client
[ 22 ms ] worker_59957: Start wait for client data...
[ 76 ms ] worker_59957: Receive 0 bytes. Client closed connection. Goodbye!
[ 76 ms ] worker_59957: Exit
[ 77 ms ] END
