[ 0 ms ] START
[ 0 ms ] worker_59958: Hello, I'm new worker!
[ 0 ms ] worker_59958: Incomming connection info: 0.0.0.0 : 0New client socket was created: 4

[ 0 ms ] worker_59958: Start wait for client data...
[ 2 ms ] worker_59958: 1448 bytes were received from client 4
[ 2 ms ] worker_59958: Start to process client request
[ 2 ms ] worker_59958: Request is not valid!
[ 2 ms ] worker_59958: Send response to client
[ 2 ms ] worker_59958: Start wait for client data...
[ 5 ms ] worker_59958: 2896 bytes were received from client 4
[ 5 ms ] worker_59958: Start to process client request
[ 5 ms ] worker_59958: Request is not valid!
[ 5 ms ] worker_59958: Send response to client
[ 5 ms ] worker_59958: Start wait for client data...
[ 5 ms ] worker_59958: 1448 bytes were received from client 4
[ 5 ms ] worker_59958: Start to process client request
[ 5 ms ] worker_59958: Request is not valid!
[ 5 ms ] worker_59958: Send response to client
[ 5 ms ] worker_59958: Start wait for client data...
[ 5 ms ] worker_59958: 1448 bytes were received from client 4
[ 5 ms ] worker_59958: Start to process client request
[ 5 ms ] worker_59958: Request is not valid!
[ 5 ms ] worker_59958: Send response to client
[ 5 ms ] worker_59958: Start wait for client data...
[ 6 ms ] worker_59958: 346 bytes were received from client 4
[ 6 ms ] worker_59958: Start to process client request
[ 6 ms ] worker_59958: Request is not valid!
[ 6 ms ] worker_59958: Send response to client
[ 6 ms ] worker_59958: Start wait for client data...
[ 91 ms ] worker_59958: Error was occurred while receiving data from client
[ 91 ms ] worker_59958: Exit
[ 91 ms ] END
