[ 0 ms ] START
[ 0 ms ] worker_59956: Hello, I'm new worker!
[ 0 ms ] worker_59956: Incomming connection info: 0.0.0.0 : 0New client socket was created: 4

[ 0 ms ] worker_59956: Start wait for client data...
[ 49 ms ] worker_59956: 1448 bytes were received from client 4
[ 49 ms ] worker_59956: Start to process client request
[ 49 ms ] worker_59956: Request is not valid!
[ 49 ms ] worker_59956: Send response to client
[ 49 ms ] worker_59956: Start wait for client data...
[ 49 ms ] worker_59956: 1448 bytes were received from client 4
[ 50 ms ] worker_59956: Start to process client request
[ 50 ms ] worker_59956: Request is not valid!
[ 50 ms ] worker_59956: Send response to client
[ 50 ms ] worker_59956: Start wait for client data...
[ 50 ms ] worker_59956: 1448 bytes were received from client 4
[ 50 ms ] worker_59956: Start to process client request
[ 50 ms ] worker_59956: Request is not valid!
[ 50 ms ] worker_59956: Send response to client
[ 50 ms ] worker_59956: Start wait for client data...
[ 50 ms ] worker_59956: 1448 bytes were received from client 4
[ 50 ms ] worker_59956: Start to process client request
[ 50 ms ] worker_59956: Request is not valid!
[ 50 ms ] worker_59956: Send response to client
[ 50 ms ] worker_59956: Start wait for client data...
[ 50 ms ] worker_59956: 1448 bytes were received from client 4
[ 50 ms ] worker_59956: Start to process client request
[ 50 ms ] worker_59956: Request is not valid!
[ 50 ms ] worker_59956: Send response to client
[ 50 ms ] worker_59956: Start wait for client data...
[ 50 ms ] worker_59956: 2896 bytes were received from client 4
[ 50 ms ] worker_59956: Start to process client request
[ 50 ms ] worker_59956: Request is not valid!
[ 50 ms ] worker_59956: Send response to client
[ 50 ms ] worker_59956: Start wait for client data...
[ 55 ms ] worker_59956: 1448 bytes were received from client 4
[ 55 ms ] worker_59956: Start to process client request
[ 55 ms ] worker_59956: Request is not valid!
[ 55 ms ] worker_59956: Send response to client
[ 55 ms ] worker_59956: Start wait for client data...
[ 56 ms ] worker_59956: 2896 bytes were received from client 4
[ 56 ms ] worker_59956: Start to process client request
[ 56 ms ] worker_59956: Request is not valid!
[ 56 ms ] worker_59956: Send response to client
[ 56 ms ] worker_59956: Start wait for client data...
[ 84 ms ] worker_59956: 1468 bytes were received from client 4
[ 84 ms ] worker_59956: Start to process client request
[ 84 ms ] worker_59956: Request is not valid!
[ 84 ms ] worker_59956: Send response to client
[ 84 ms ] worker_59956: Start wait for client data...
[ 86 ms ] worker_59956: Receive 0 bytes. Client closed connection. Goodbye!
[ 86 ms ] worker_59956: Exit
[ 87 ms ] END
