[ 0 ms ] START
[ 0 ms ] worker_59935: Hello, I'm new worker!
[ 0 ms ] worker_59935: Incomming connection info: 0.0.0.0 : 0New client socket was created: 4

[ 0 ms ] worker_59935: Start wait for client data...
[ 4 ms ] worker_59935: 1448 bytes were received from client 4
[ 4 ms ] worker_59935: Start to process client request
[ 4 ms ] worker_59935: Request is not valid!
[ 4 ms ] worker_59935: Send response to client
[ 4 ms ] worker_59935: Start wait for client data...
[ 8 ms ] worker_59935: 2896 bytes were received from client 4
[ 8 ms ] worker_59935: Start to process client request
[ 8 ms ] worker_59935: Request is not valid!
[ 8 ms ] worker_59935: Send response to client
[ 8 ms ] worker_59935: Start wait for client data...
[ 8 ms ] worker_59935: 1448 bytes were received from client 4
[ 8 ms ] worker_59935: Start to process client request
[ 8 ms ] worker_59935: Request is not valid!
[ 8 ms ] worker_59935: Send response to client
[ 8 ms ] worker_59935: Start wait for client data...
[ 8 ms ] worker_59935: 1448 bytes were received from client 4
[ 8 ms ] worker_59935: Start to process client request
[ 8 ms ] worker_59935: Request is not valid!
[ 8 ms ] worker_59935: Send response to client
[ 8 ms ] worker_59935: Start wait for client data...
[ 8 ms ] worker_59935: 2896 bytes were received from client 4
[ 8 ms ] worker_59935: Start to process client request
[ 8 ms ] worker_59935: Request is not valid!
[ 8 ms ] worker_59935: Send response to client
[ 8 ms ] worker_59935: Start wait for client data...
[ 8 ms ] worker_59935: 1058 bytes were received from client 4
[ 8 ms ] worker_59935: Start to process client request
[ 8 ms ] worker_59935: Request is not valid!
[ 8 ms ] worker_59935: Send response to client
[ 8 ms ] worker_59935: Start wait for client data...
[ 103 ms ] worker_59935: Error was occurred while receiving data from client
[ 103 ms ] worker_59935: Exit
[ 103 ms ] END
