[ 0 ms ] START
[ 0 ms ] worker_59969: Hello, I'm new worker!
[ 0 ms ] worker_59969: Incomming connection info: 0.0.0.0 : 0New client socket was created: 4

[ 0 ms ] worker_59969: Start wait for client data...
[ 52 ms ] worker_59969: 1448 bytes were received from client 4
[ 52 ms ] worker_59969: Start to process client request
[ 52 ms ] worker_59969: Request is not valid!
[ 52 ms ] worker_59969: Send response to client
[ 52 ms ] worker_59969: Start wait for client data...
[ 52 ms ] worker_59969: 1448 bytes were received from client 4
[ 52 ms ] worker_59969: Start to process client request
[ 52 ms ] worker_59969: Request is not valid!
[ 52 ms ] worker_59969: Send response to client
[ 52 ms ] worker_59969: Start wait for client data...
[ 52 ms ] worker_59969: 1448 bytes were received from client 4
[ 52 ms ] worker_59969: Start to process client request
[ 52 ms ] worker_59969: Request is not valid!
[ 52 ms ] worker_59969: Send response to client
[ 52 ms ] worker_59969: Start wait for client data...
[ 52 ms ] worker_59969: 1448 bytes were received from client 4
[ 52 ms ] worker_59969: Start to process client request
[ 52 ms ] worker_59969: Request is not valid!
[ 52 ms ] worker_59969: Send response to client
[ 52 ms ] worker_59969: Start wait for client data...
[ 54 ms ] worker_59969: 1448 bytes were received from client 4
[ 54 ms ] worker_59969: Start to process client request
[ 54 ms ] worker_59969: Request is not valid!
[ 54 ms ] worker_59969: Send response to client
[ 54 ms ] worker_59969: Start wait for client data...
[ 60 ms ] worker_59969: 1448 bytes were received from client 4
[ 60 ms ] worker_59969: Start to process client request
[ 60 ms ] worker_59969: Request is not valid!
[ 60 ms ] worker_59969: Send response to client
[ 60 ms ] worker_59969: Start wait for client data...
[ 60 ms ] worker_59969: 1100 bytes were received from client 4
[ 60 ms ] worker_59969: Start to process client request
[ 60 ms ] worker_59969: Request is not valid!
[ 60 ms ] worker_59969: Send response to client
[ 60 ms ] worker_59969: Start wait for client data...
[ 78 ms ] worker_59969: Receive 0 bytes. Client closed connection. Goodbye!
[ 78 ms ] worker_59969: Exit
[ 78 ms ] END
