[ 0 ms ] START
[ 0 ms ] worker_59973: Hello, I'm new worker!
[ 0 ms ] worker_59973: Incomming connection info: 0.0.0.0 : 0New client socket was created: 4

[ 0 ms ] worker_59973: Start wait for client data...
[ 5 ms ] worker_59973: 2896 bytes were received from client 4
[ 5 ms ] worker_59973: Start to process client request
[ 5 ms ] worker_59973: Request is not valid!
[ 5 ms ] worker_59973: Send response to client
[ 5 ms ] worker_59973: Start wait for client data...
[ 5 ms ] worker_59973: 1448 bytes were received from client 4
[ 5 ms ] worker_59973: Start to process client request
[ 5 ms ] worker_59973: Request is not valid!
[ 5 ms ] worker_59973: Send response to client
[ 5 ms ] worker_59973: Start wait for client data...
[ 5 ms ] worker_59973: 1448 bytes were received from client 4
[ 5 ms ] worker_59973: Start to process client request
[ 5 ms ] worker_59973: Request is not valid!
[ 5 ms ] worker_59973: Send response to client
[ 5 ms ] worker_59973: Start wait for client data...
[ 5 ms ] worker_59973: 1448 bytes were received from client 4
[ 5 ms ] worker_59973: Start to process client request
[ 5 ms ] worker_59973: Request is not valid!
[ 5 ms ] worker_59973: Send response to client
[ 5 ms ] worker_59973: Start wait for client data...
[ 6 ms ] worker_59973: 908 bytes were received from client 4
[ 6 ms ] worker_59973: Start to process client request
[ 6 ms ] worker_59973: Request is not valid!
[ 6 ms ] worker_59973: Send response to client
[ 6 ms ] worker_59973: Start wait for client data...
[ 78 ms ] worker_59973: Error was occurred while receiving data from client
[ 78 ms ] worker_59973: Exit
[ 78 ms ] END
