[ 0 ms ] START
[ 0 ms ] worker_59976: Hello, I'm new worker!
[ 0 ms ] worker_59976: Incomming connection info: 0.0.0.0 : 0New client socket was created: 4

[ 0 ms ] worker_59976: Start wait for client data...
[ 39 ms ] worker_59976: 1448 bytes were received from client 4
[ 39 ms ] worker_59976: Start to process client request
[ 39 ms ] worker_59976: Request is not valid!
[ 39 ms ] worker_59976: Send response to client
[ 39 ms ] worker_59976: Start wait for client data...
[ 39 ms ] worker_59976: 2896 bytes were received from client 4
[ 40 ms ] worker_59976: Start to process client request
[ 40 ms ] worker_59976: Request is not valid!
[ 40 ms ] worker_59976: Send response to client
[ 40 ms ] worker_59976: Start wait for client data...
[ 40 ms ] worker_59976: 2896 bytes were received from client 4
[ 40 ms ] worker_59976: Start to process client request
[ 40 ms ] worker_59976: Request is not valid!
[ 40 ms ] worker_59976: Send response to client
[ 40 ms ] worker_59976: Start wait for client data...
[ 40 ms ] worker_59976: 908 bytes were received from client 4
[ 40 ms ] worker_59976: Start to process client request
[ 40 ms ] worker_59976: Request is not valid!
[ 40 ms ] worker_59976: Send response to client
[ 40 ms ] worker_59976: Start wait for client data...
[ 84 ms ] worker_59976: Error was occurred while receiving data from client
[ 84 ms ] worker_59976: Exit
[ 85 ms ] END
