[ 0 ms ] START
[ 0 ms ] worker_59999: Hello, I'm new worker!
[ 0 ms ] worker_59999: Incomming connection info: 0.0.0.0 : 0New client socket was created: 4

[ 0 ms ] worker_59999: Start wait for client data...
[ 43 ms ] worker_59999: 1448 bytes were received from client 4
[ 43 ms ] worker_59999: Start to process client request
[ 43 ms ] worker_59999: Request is not valid!
[ 43 ms ] worker_59999: Send response to client
[ 43 ms ] worker_59999: Start wait for client data...
[ 46 ms ] worker_59999: 2896 bytes were received from client 4
[ 46 ms ] worker_59999: Start to process client request
[ 46 ms ] worker_59999: Request is not valid!
[ 46 ms ] worker_59999: Send response to client
[ 46 ms ] worker_59999: Start wait for client data...
[ 46 ms ] worker_59999: 1448 bytes were received from client 4
[ 46 ms ] worker_59999: Start to process client request
[ 46 ms ] worker_59999: Request is not valid!
[ 46 ms ] worker_59999: Send response to client
[ 46 ms ] worker_59999: Start wait for client data...
[ 49 ms ] worker_59999: 2896 bytes were received from client 4
[ 49 ms ] worker_59999: Start to process client request
[ 49 ms ] worker_59999: Request is not valid!
[ 49 ms ] worker_59999: Send response to client
[ 49 ms ] worker_59999: Start wait for client data...
[ 49 ms ] worker_59999: 1448 bytes were received from client 4
[ 49 ms ] worker_59999: Start to process client request
[ 49 ms ] worker_59999: Request is not valid!
[ 49 ms ] worker_59999: Send response to client
[ 49 ms ] worker_59999: Start wait for client data...
[ 49 ms ] worker_59999: 1448 bytes were received from client 4
[ 49 ms ] worker_59999: Start to process client request
[ 49 ms ] worker_59999: Request is not valid!
[ 49 ms ] worker_59999: Send response to client
[ 49 ms ] worker_59999: Start wait for client data...
[ 51 ms ] worker_59999: 2064 bytes were received from client 4
[ 51 ms ] worker_59999: Start to process client request
[ 51 ms ] worker_59999: Request is not valid!
[ 51 ms ] worker_59999: Send response to client
[ 52 ms ] worker_59999: Start wait for client data...
[ 121 ms ] worker_59999: Receive 0 bytes. Client closed connection. Goodbye!
[ 121 ms ] worker_59999: Exit
[ 121 ms ] END
