[ 0 ms ] START
[ 0 ms ] worker_59972: Hello, I'm new worker!
[ 0 ms ] worker_59972: Incomming connection info: 0.0.0.0 : 0New client socket was created: 4

[ 0 ms ] worker_59972: Start wait for client data...
[ 44 ms ] worker_59972: 1448 bytes were received from client 4
[ 44 ms ] worker_59972: Start to process client request
[ 44 ms ] worker_59972: Request is not valid!
[ 44 ms ] worker_59972: Send response to client
[ 44 ms ] worker_59972: Start wait for client data...
[ 44 ms ] worker_59972: 1448 bytes were received from client 4
[ 44 ms ] worker_59972: Start to process client request
[ 44 ms ] worker_59972: Request is not valid!
[ 44 ms ] worker_59972: Send response to client
[ 44 ms ] worker_59972: Start wait for client data...
[ 44 ms ] worker_59972: 1448 bytes were received from client 4
[ 44 ms ] worker_59972: Start to process client request
[ 44 ms ] worker_59972: Request is not valid!
[ 44 ms ] worker_59972: Send response to client
[ 44 ms ] worker_59972: Start wait for client data...
[ 44 ms ] worker_59972: 1448 bytes were received from client 4
[ 44 ms ] worker_59972: Start to process client request
[ 44 ms ] worker_59972: Request is not valid!
[ 44 ms ] worker_59972: Send response to client
[ 44 ms ] worker_59972: Start wait for client data...
[ 44 ms ] worker_59972: 1448 bytes were received from client 4
[ 44 ms ] worker_59972: Start to process client request
[ 44 ms ] worker_59972: Request is not valid!
[ 44 ms ] worker_59972: Send response to client
[ 44 ms ] worker_59972: Start wait for client data...
[ 44 ms ] worker_59972: 1448 bytes were received from client 4
[ 44 ms ] worker_59972: Start to process client request
[ 44 ms ] worker_59972: Request is not valid!
[ 44 ms ] worker_59972: Send response to client
[ 44 ms ] worker_59972: Start wait for client data...
[ 44 ms ] worker_59972: 344 bytes were received from client 4
[ 44 ms ] worker_59972: Start to process client request
[ 44 ms ] worker_59972: Request is not valid!
[ 44 ms ] worker_59972: Send response to client
[ 44 ms ] worker_59972: Start wait for client data...
[ 89 ms ] worker_59972: Error was occurred while receiving data from client
[ 89 ms ] worker_59972: Exit
[ 89 ms ] END
