[ 0 ms ] START
[ 0 ms ] worker_59996: Hello, I'm new worker!
[ 0 ms ] worker_59996: Incomming connection info: 0.0.0.0 : 0New client socket was created: 4

[ 0 ms ] worker_59996: Start wait for client data...
[ 0 ms ] worker_59996: 10136 bytes were received from client 4
[ 0 ms ] worker_59996: Start to process client request
[ 0 ms ] worker_59996: Request is not valid!
[ 0 ms ] worker_59996: Send response to client
[ 0 ms ] worker_59996: Start wait for client data...
[ 1 ms ] worker_59996: 2896 bytes were received from client 4
[ 1 ms ] worker_59996: Start to process client request
[ 1 ms ] worker_59996: Request is not valid!
[ 1 ms ] worker_59996: Send response to client
[ 1 ms ] worker_59996: Start wait for client data...
[ 1 ms ] worker_59996: 1448 bytes were received from client 4
[ 1 ms ] worker_59996: Start to process client request
[ 1 ms ] worker_59996: Request is not valid!
[ 1 ms ] worker_59996: Send response to client
[ 1 ms ] worker_59996: Start wait for client data...
[ 124 ms ] worker_59996: 1448 bytes were received from client 4
[ 124 ms ] worker_59996: Start to process client request
[ 124 ms ] worker_59996: Request is not valid!
[ 124 ms ] worker_59996: Send response to client
[ 124 ms ] worker_59996: Start wait for client data...
[ 125 ms ] worker_59996: 460 bytes were received from client 4
[ 125 ms ] worker_59996: Start to process client request
[ 125 ms ] worker_59996: Request is not valid!
[ 125 ms ] worker_59996: Send response to client
[ 125 ms ] worker_59996: Start wait for client data...
[ 140 ms ] worker_59996: Error was occurred while receiving data from client
[ 140 ms ] worker_59996: Exit
[ 141 ms ] END
