[ 0 ms ] START
[ 0 ms ] worker_59961: Hello, I'm new worker!
[ 0 ms ] worker_59961: Incomming connection info: 0.0.0.0 : 0New client socket was created: 4

[ 0 ms ] worker_59961: Start wait for client data...
[ 19 ms ] worker_59961: 1448 bytes were received from client 4
[ 19 ms ] worker_59961: Start to process client request
[ 19 ms ] worker_59961: Request is not valid!
[ 19 ms ] worker_59961: Send response to client
[ 19 ms ] worker_59961: Start wait for client data...
[ 20 ms ] worker_59961: 1448 bytes were received from client 4
[ 20 ms ] worker_59961: Start to process client request
[ 20 ms ] worker_59961: Request is not valid!
[ 20 ms ] worker_59961: Send response to client
[ 20 ms ] worker_59961: Start wait for client data...
[ 24 ms ] worker_59961: 1448 bytes were received from client 4
[ 24 ms ] worker_59961: Start to process client request
[ 24 ms ] worker_59961: Request is not valid!
[ 24 ms ] worker_59961: Send response to client
[ 24 ms ] worker_59961: Start wait for client data...
[ 24 ms ] worker_59961: 6 bytes were received from client 4
[ 24 ms ] worker_59961: Start to process client request
[ 24 ms ] worker_59961: Request is not valid!
[ 24 ms ] worker_59961: Send response to client
[ 24 ms ] worker_59961: Start wait for client data...
[ 76 ms ] worker_59961: Receive 0 bytes. Client closed connection. Goodbye!
[ 76 ms ] worker_59961: Exit
[ 76 ms ] END
