[ 0 ms ] START
[ 0 ms ] worker_60005: Hello, I'm new worker!
[ 0 ms ] worker_60005: Incomming connection info: 0.0.0.0 : 0New client socket was created: 4

[ 0 ms ] worker_60005: Start wait for client data...
[ 0 ms ] worker_60005: 4344 bytes were received from client 4
[ 0 ms ] worker_60005: Start to process client request
[ 0 ms ] worker_60005: Request is not valid!
[ 0 ms ] worker_60005: Send response to client
[ 0 ms ] worker_60005: Start wait for client data...
[ 8 ms ] worker_60005: 1448 bytes were received from client 4
[ 8 ms ] worker_60005: Start to process client request
[ 8 ms ] worker_60005: Request is not valid!
[ 8 ms ] worker_60005: Send response to client
[ 8 ms ] worker_60005: Start wait for client data...
[ 9 ms ] worker_60005: 558 bytes were received from client 4
[ 9 ms ] worker_60005: Start to process client request
[ 9 ms ] worker_60005: Request is not valid!
[ 9 ms ] worker_60005: Send response to client
[ 9 ms ] worker_60005: Start wait for client data...
[ 56 ms ] worker_60005: Error was occurred while receiving data from client
[ 56 ms ] worker_60005: Exit
[ 56 ms ] END
