[ 0 ms ] START
[ 0 ms ] worker_59959: Hello, I'm new worker!
[ 0 ms ] worker_59959: Incomming connection info: 0.0.0.0 : 0New client socket was created: 4

[ 0 ms ] worker_59959: Start wait for client data...
[ 4 ms ] worker_59959: 1448 bytes were received from client 4
[ 4 ms ] worker_59959: Start to process client request
[ 4 ms ] worker_59959: Request is not valid!
[ 4 ms ] worker_59959: Send response to client
[ 4 ms ] worker_59959: Start wait for client data...
[ 4 ms ] worker_59959: 1448 bytes were received from client 4
[ 4 ms ] worker_59959: Start to process client request
[ 4 ms ] worker_59959: Request is not valid!
[ 4 ms ] worker_59959: Send response to client
[ 4 ms ] worker_59959: Start wait for client data...
[ 4 ms ] worker_59959: 1448 bytes were received from client 4
[ 4 ms ] worker_59959: Start to process client request
[ 4 ms ] worker_59959: Request is not valid!
[ 4 ms ] worker_59959: Send response to client
[ 4 ms ] worker_59959: Start wait for client data...
[ 4 ms ] worker_59959: 2896 bytes were received from client 4
[ 4 ms ] worker_59959: Start to process client request
[ 4 ms ] worker_59959: Request is not valid!
[ 4 ms ] worker_59959: Send response to client
[ 4 ms ] worker_59959: Start wait for client data...
[ 4 ms ] worker_59959: 346 bytes were received from client 4
[ 4 ms ] worker_59959: Start to process client request
[ 4 ms ] worker_59959: Request is not valid!
[ 4 ms ] worker_59959: Send response to client
[ 4 ms ] worker_59959: Start wait for client data...
[ 93 ms ] worker_59959: Error was occurred while receiving data from client
[ 93 ms ] worker_59959: Exit
[ 93 ms ] END
