[ 0 ms ] START
[ 0 ms ] worker_60001: Hello, I'm new worker!
[ 0 ms ] worker_60001: Incomming connection info: 0.0.0.0 : 0New client socket was created: 4

[ 0 ms ] worker_60001: Start wait for client data...
[ 9 ms ] worker_60001: 2896 bytes were received from client 4
[ 9 ms ] worker_60001: Start to process client request
[ 9 ms ] worker_60001: Request is not valid!
[ 9 ms ] worker_60001: Send response to client
[ 9 ms ] worker_60001: Start wait for client data...
[ 11 ms ] worker_60001: 2896 bytes were received from client 4
[ 11 ms ] worker_60001: Start to process client request
[ 11 ms ] worker_60001: Request is not valid!
[ 11 ms ] worker_60001: Send response to client
[ 11 ms ] worker_60001: Start wait for client data...
[ 11 ms ] worker_60001: 1448 bytes were received from client 4
[ 11 ms ] worker_60001: Start to process client request
[ 11 ms ] worker_60001: Request is not valid!
[ 11 ms ] worker_60001: Send response to client
[ 11 ms ] worker_60001: Start wait for client data...
[ 13 ms ] worker_60001: 1448 bytes were received from client 4
[ 13 ms ] worker_60001: Start to process client request
[ 13 ms ] worker_60001: Request is not valid!
[ 13 ms ] worker_60001: Send response to client
[ 13 ms ] worker_60001: Start wait for client data...
[ 13 ms ] worker_60001: 1448 bytes were received from client 4
[ 13 ms ] worker_60001: Start to process client request
[ 13 ms ] worker_60001: Request is not valid!
[ 13 ms ] worker_60001: Send response to client
[ 13 ms ] worker_60001: Start wait for client data...
[ 13 ms ] worker_60001: 1448 bytes were received from client 4
[ 13 ms ] worker_60001: Start to process client request
[ 13 ms ] worker_60001: Request is not valid!
[ 13 ms ] worker_60001: Send response to client
[ 13 ms ] worker_60001: Start wait for client data...
[ 18 ms ] worker_60001: 1448 bytes were received from client 4
[ 18 ms ] worker_60001: Start to process client request
[ 18 ms ] worker_60001: Request is not valid!
[ 18 ms ] worker_60001: Send response to client
[ 18 ms ] worker_60001: Start wait for client data...
[ 18 ms ] worker_60001: 1448 bytes were received from client 4
[ 18 ms ] worker_60001: Start to process client request
[ 18 ms ] worker_60001: Request is not valid!
[ 18 ms ] worker_60001: Send response to client
[ 18 ms ] worker_60001: Start wait for client data...
[ 112 ms ] worker_60001: 1360 bytes were received from client 4
[ 113 ms ] worker_60001: Start to process client request
[ 113 ms ] worker_60001: Request is not valid!
[ 113 ms ] worker_60001: Send response to client
[ 113 ms ] worker_60001: Start wait for client data...
[ 127 ms ] worker_60001: Error was occurred while receiving data from client
[ 127 ms ] worker_60001: Exit
[ 128 ms ] END
