[ 0 ms ] START
[ 0 ms ] worker_59964: Hello, I'm new worker!
[ 0 ms ] worker_59964: Incomming connection info: 0.0.0.0 : 0New client socket was created: 4

[ 0 ms ] worker_59964: Start wait for client data...
[ 55 ms ] worker_59964: 1448 bytes were received from client 4
[ 55 ms ] worker_59964: Start to process client request
[ 55 ms ] worker_59964: Request is not valid!
[ 55 ms ] worker_59964: Send response to client
[ 55 ms ] worker_59964: Start wait for client data...
[ 57 ms ] worker_59964: 2896 bytes were received from client 4
[ 57 ms ] worker_59964: Start to process client request
[ 57 ms ] worker_59964: Request is not valid!
[ 57 ms ] worker_59964: Send response to client
[ 57 ms ] worker_59964: Start wait for client data...
[ 57 ms ] worker_59964: 1448 bytes were received from client 4
[ 57 ms ] worker_59964: Start to process client request
[ 57 ms ] worker_59964: Request is not valid!
[ 57 ms ] worker_59964: Send response to client
[ 57 ms ] worker_59964: Start wait for client data...
[ 57 ms ] worker_59964: 1448 bytes were received from client 4
[ 57 ms ] worker_59964: Start to process client request
[ 57 ms ] worker_59964: Request is not valid!
[ 57 ms ] worker_59964: Send response to client
[ 57 ms ] worker_59964: Start wait for client data...
[ 57 ms ] worker_59964: 1448 bytes were received from client 4
[ 57 ms ] worker_59964: Start to process client request
[ 57 ms ] worker_59964: Request is not valid!
[ 57 ms ] worker_59964: Send response to client
[ 57 ms ] worker_59964: Start wait for client data...
[ 57 ms ] worker_59964: 1100 bytes were received from client 4
[ 57 ms ] worker_59964: Start to process client request
[ 57 ms ] worker_59964: Request is not valid!
[ 57 ms ] worker_59964: Send response to client
[ 57 ms ] worker_59964: Start wait for client data...
[ 99 ms ] worker_59964: Error was occurred while receiving data from client
[ 99 ms ] worker_59964: Exit
[ 99 ms ] END
