[ 0 ms ] START
[ 0 ms ] worker_59947: Hello, I'm new worker!
[ 0 ms ] worker_59947: Incomming connection info: 0.0.0.0 : 0New client socket was created: 4

[ 0 ms ] worker_59947: Start wait for client data...
[ 28 ms ] worker_59947: 1448 bytes were received from client 4
[ 28 ms ] worker_59947: Start to process client request
[ 28 ms ] worker_59947: Request is not valid!
[ 28 ms ] worker_59947: Send response to client
[ 28 ms ] worker_59947: Start wait for client data...
[ 37 ms ] worker_59947: 1448 bytes were received from client 4
[ 37 ms ] worker_59947: Start to process client request
[ 37 ms ] worker_59947: Request is not valid!
[ 37 ms ] worker_59947: Send response to client
[ 37 ms ] worker_59947: Start wait for client data...
[ 37 ms ] worker_59947: 1448 bytes were received from client 4
[ 37 ms ] worker_59947: Start to process client request
[ 37 ms ] worker_59947: Request is not valid!
[ 37 ms ] worker_59947: Send response to client
[ 37 ms ] worker_59947: Start wait for client data...
[ 37 ms ] worker_59947: 1448 bytes were received from client 4
[ 37 ms ] worker_59947: Start to process client request
[ 37 ms ] worker_59947: Request is not valid!
[ 37 ms ] worker_59947: Send response to client
[ 37 ms ] worker_59947: Start wait for client data...
[ 37 ms ] worker_59947: 2896 bytes were received from client 4
[ 37 ms ] worker_59947: Start to process client request
[ 37 ms ] worker_59947: Request is not valid!
[ 37 ms ] worker_59947: Send response to client
[ 37 ms ] worker_59947: Start wait for client data...
[ 37 ms ] worker_59947: 2896 bytes were received from client 4
[ 37 ms ] worker_59947: Start to process client request
[ 37 ms ] worker_59947: Request is not valid!
[ 37 ms ] worker_59947: Send response to client
[ 37 ms ] worker_59947: Start wait for client data...
[ 37 ms ] worker_59947: 1448 bytes were received from client 4
[ 37 ms ] worker_59947: Start to process client request
[ 37 ms ] worker_59947: Request is not valid!
[ 37 ms ] worker_59947: Send response to client
[ 37 ms ] worker_59947: Start wait for client data...
[ 38 ms ] worker_59947: 1448 bytes were received from client 4
[ 38 ms ] worker_59947: Start to process client request
[ 38 ms ] worker_59947: Request is not valid!
[ 38 ms ] worker_59947: Send response to client
[ 38 ms ] worker_59947: Start wait for client data...
[ 85 ms ] worker_59947: 1468 bytes were received from client 4
[ 85 ms ] worker_59947: Start to process client request
[ 85 ms ] worker_59947: Request is not valid!
[ 85 ms ] worker_59947: Send response to client
[ 85 ms ] worker_59947: Start wait for client data...
[ 87 ms ] worker_59947: Receive 0 bytes. Client closed connection. Goodbye!
[ 87 ms ] worker_59947: Exit
[ 88 ms ] END
