[ 0 ms ] START
[ 0 ms ] worker_59938: Hello, I'm new worker!
[ 0 ms ] worker_59938: Incomming connection info: 0.0.0.0 : 0New client socket was created: 4

[ 0 ms ] worker_59938: Start wait for client data...
[ 39 ms ] worker_59938: 2896 bytes were received from client 4
[ 39 ms ] worker_59938: Start to process client request
[ 39 ms ] worker_59938: Request is not valid!
[ 39 ms ] worker_59938: Send response to client
[ 39 ms ] worker_59938: Start wait for client data...
[ 39 ms ] worker_59938: 1448 bytes were received from client 4
[ 39 ms ] worker_59938: Start to process client request
[ 39 ms ] worker_59938: Request is not valid!
[ 39 ms ] worker_59938: Send response to client
[ 39 ms ] worker_59938: Start wait for client data...
[ 39 ms ] worker_59938: 1448 bytes were received from client 4
[ 39 ms ] worker_59938: Start to process client request
[ 39 ms ] worker_59938: Request is not valid!
[ 39 ms ] worker_59938: Send response to client
[ 39 ms ] worker_59938: Start wait for client data...
[ 44 ms ] worker_59938: 84 bytes were received from client 4
[ 44 ms ] worker_59938: Start to process client request
[ 44 ms ] worker_59938: Request is not valid!
[ 44 ms ] worker_59938: Send response to client
[ 44 ms ] worker_59938: Start wait for client data...
[ 107 ms ] worker_59938: Error was occurred while receiving data from client
[ 107 ms ] worker_59938: Exit
[ 107 ms ] END
