[ 0 ms ] START
[ 0 ms ] worker_59950: Hello, I'm new worker!
[ 0 ms ] worker_59950: Incomming connection info: 0.0.0.0 : 0New client socket was created: 4

[ 0 ms ] worker_59950: Start wait for client data...
[ 51 ms ] worker_59950: 1448 bytes were received from client 4
[ 51 ms ] worker_59950: Start to process client request
[ 51 ms ] worker_59950: Request is not valid!
[ 51 ms ] worker_59950: Send response to client
[ 51 ms ] worker_59950: Start wait for client data...
[ 51 ms ] worker_59950: 1448 bytes were received from client 4
[ 51 ms ] worker_59950: Start to process client request
[ 51 ms ] worker_59950: Request is not valid!
[ 51 ms ] worker_59950: Send response to client
[ 51 ms ] worker_59950: Start wait for client data...
[ 51 ms ] worker_59950: 1448 bytes were received from client 4
[ 51 ms ] worker_59950: Start to process client request
[ 51 ms ] worker_59950: Request is not valid!
[ 51 ms ] worker_59950: Send response to client
[ 51 ms ] worker_59950: Start wait for client data...
[ 51 ms ] worker_59950: 2896 bytes were received from client 4
[ 51 ms ] worker_59950: Start to process client request
[ 51 ms ] worker_59950: Request is not valid!
[ 51 ms ] worker_59950: Send response to client
[ 51 ms ] worker_59950: Start wait for client data...
[ 51 ms ] worker_59950: 1448 bytes were received from client 4
[ 51 ms ] worker_59950: Start to process client request
[ 51 ms ] worker_59950: Request is not valid!
[ 51 ms ] worker_59950: Send response to client
[ 51 ms ] worker_59950: Start wait for client data...
[ 52 ms ] worker_59950: 1448 bytes were received from client 4
[ 52 ms ] worker_59950: Start to process client request
[ 52 ms ] worker_59950: Request is not valid!
[ 52 ms ] worker_59950: Send response to client
[ 52 ms ] worker_59950: Start wait for client data...
[ 52 ms ] worker_59950: 2896 bytes were received from client 4
[ 52 ms ] worker_59950: Start to process client request
[ 52 ms ] worker_59950: Request is not valid!
[ 52 ms ] worker_59950: Send response to client
[ 52 ms ] worker_59950: Start wait for client data...
[ 52 ms ] worker_59950: 1448 bytes were received from client 4
[ 52 ms ] worker_59950: Start to process client request
[ 52 ms ] worker_59950: Request is not valid!
[ 52 ms ] worker_59950: Send response to client
[ 52 ms ] worker_59950: Start wait for client data...
[ 87 ms ] worker_59950: 1448 bytes were received from client 4
[ 87 ms ] worker_59950: Start to process client request
[ 87 ms ] worker_59950: Request is not valid!
[ 87 ms ] worker_59950: Send response to client
[ 87 ms ] worker_59950: Start wait for client data...
[ 88 ms ] worker_59950: 1448 bytes were received from client 4
[ 88 ms ] worker_59950: Start to process client request
[ 88 ms ] worker_59950: Request is not valid!
[ 88 ms ] worker_59950: Send response to client
[ 88 ms ] worker_59950: Start wait for client data...
[ 90 ms ] worker_59950: 436 bytes were received from client 4
[ 90 ms ] worker_59950: Start to process client request
[ 90 ms ] worker_59950: Request is not valid!
[ 90 ms ] worker_59950: Send response to client
[ 90 ms ] worker_59950: Start wait for client data...
[ 90 ms ] worker_59950: Receive 0 bytes. Client closed connection. Goodbye!
[ 90 ms ] worker_59950: Exit
[ 90 ms ] END
