[ 0 ms ] START
[ 0 ms ] worker_62401: Hello, I'm new worker!
[ 0 ms ] worker_62401: Incomming connection info: 0.0.0.0 : 0New client socket was created: 4

[ 0 ms ] worker_62401: Start wait for client data...
[ 212 ms ] worker_62401: 1448 bytes were received from client 4
[ 212 ms ] worker_62401: Start to process client request
[ 212 ms ] worker_62401: Request is not valid!
[ 212 ms ] worker_62401: Send response to client
[ 212 ms ] worker_62401: Start wait for client data...
[ 213 ms ] worker_62401: 1448 bytes were received from client 4
[ 213 ms ] worker_62401: Start to process client request
[ 213 ms ] worker_62401: Request is not valid!
[ 213 ms ] worker_62401: Send response to client
[ 213 ms ] worker_62401: Start wait for client data...
[ 213 ms ] worker_62401: 1448 bytes were received from client 4
[ 213 ms ] worker_62401: Start to process client request
[ 213 ms ] worker_62401: Request is not valid!
[ 213 ms ] worker_62401: Send response to client
[ 213 ms ] worker_62401: Start wait for client data...
[ 215 ms ] worker_62401: 1448 bytes were received from client 4
[ 215 ms ] worker_62401: Start to process client request
[ 215 ms ] worker_62401: Request is not valid!
[ 215 ms ] worker_62401: Send response to client
[ 215 ms ] worker_62401: Start wait for client data...
[ 216 ms ] worker_62401: 1448 bytes were received from client 4
[ 216 ms ] worker_62401: Start to process client request
[ 216 ms ] worker_62401: Request is not valid!
[ 216 ms ] worker_62401: Send response to client
[ 216 ms ] worker_62401: Start wait for client data...
[ 216 ms ] worker_62401: 1448 bytes were received from client 4
[ 216 ms ] worker_62401: Start to process client request
[ 216 ms ] worker_62401: Request is not valid!
[ 216 ms ] worker_62401: Send response to client
[ 216 ms ] worker_62401: Start wait for client data...
[ 218 ms ] worker_62401: 1448 bytes were received from client 4
[ 218 ms ] worker_62401: Start to process client request
[ 218 ms ] worker_62401: Request is not valid!
[ 218 ms ] worker_62401: Send response to client
[ 218 ms ] worker_62401: Start wait for client data...
[ 219 ms ] worker_62401: 1448 bytes were received from client 4
[ 219 ms ] worker_62401: Start to process client request
[ 219 ms ] worker_62401: Request is not valid!
[ 219 ms ] worker_62401: Send response to client
[ 219 ms ] worker_62401: Start wait for client data...
[ 220 ms ] worker_62401: 2896 bytes were received from client 4
[ 220 ms ] worker_62401: Start to process client request
[ 220 ms ] worker_62401: Request is not valid!
[ 220 ms ] worker_62401: Send response to client
[ 220 ms ] worker_62401: Start wait for client data...
[ 341 ms ] worker_62401: 1448 bytes were received from client 4
[ 341 ms ] worker_62401: Start to process client request
[ 341 ms ] worker_62401: Request is not valid!
[ 341 ms ] worker_62401: Send response to client
[ 341 ms ] worker_62401: Start wait for client data...
[ 342 ms ] worker_62401: 1448 bytes were received from client 4
[ 342 ms ] worker_62401: Start to process client request
[ 342 ms ] worker_62401: Request is not valid!
[ 342 ms ] worker_62401: Send response to client
[ 342 ms ] worker_62401: Start wait for client data...
[ 342 ms ] worker_62401: 1448 bytes were received from client 4
[ 342 ms ] worker_62401: Start to process client request
[ 342 ms ] worker_62401: Request is not valid!
[ 342 ms ] worker_62401: Send response to client
[ 342 ms ] worker_62401: Start wait for client data...
[ 343 ms ] worker_62401: Error was occurred while receiving data from client
[ 343 ms ] worker_62401: Exit
[ 343 ms ] END
