[ 0 ms ] START
[ 0 ms ] worker_62407: Hello, I'm new worker!
[ 0 ms ] worker_62407: Incomming connection info: 0.0.0.0 : 0New client socket was created: 4

[ 0 ms ] worker_62407: Start wait for client data...
[ 69 ms ] worker_62407: 1448 bytes were received from client 4
[ 69 ms ] worker_62407: Start to process client request
[ 69 ms ] worker_62407: Request is not valid!
[ 69 ms ] worker_62407: Send response to client
[ 69 ms ] worker_62407: Start wait for client data...
[ 73 ms ] worker_62407: 1448 bytes were received from client 4
[ 73 ms ] worker_62407: Start to process client request
[ 73 ms ] worker_62407: Request is not valid!
[ 73 ms ] worker_62407: Send response to client
[ 73 ms ] worker_62407: Start wait for client data...
[ 73 ms ] worker_62407: 1448 bytes were received from client 4
[ 73 ms ] worker_62407: Start to process client request
[ 73 ms ] worker_62407: Request is not valid!
[ 73 ms ] worker_62407: Send response to client
[ 73 ms ] worker_62407: Start wait for client data...
[ 74 ms ] worker_62407: 1448 bytes were received from client 4
[ 74 ms ] worker_62407: Start to process client request
[ 74 ms ] worker_62407: Request is not valid!
[ 74 ms ] worker_62407: Send response to client
[ 74 ms ] worker_62407: Start wait for client data...
[ 75 ms ] worker_62407: 1448 bytes were received from client 4
[ 75 ms ] worker_62407: Start to process client request
[ 75 ms ] worker_62407: Request is not valid!
[ 75 ms ] worker_62407: Send response to client
[ 75 ms ] worker_62407: Start wait for client data...
[ 76 ms ] worker_62407: 1448 bytes were received from client 4
[ 76 ms ] worker_62407: Start to process client request
[ 76 ms ] worker_62407: Request is not valid!
[ 76 ms ] worker_62407: Send response to client
[ 76 ms ] worker_62407: Start wait for client data...
[ 77 ms ] worker_62407: 2896 bytes were received from client 4
[ 77 ms ] worker_62407: Start to process client request
[ 77 ms ] worker_62407: Request is not valid!
[ 77 ms ] worker_62407: Send response to client
[ 77 ms ] worker_62407: Start wait for client data...
[ 78 ms ] worker_62407: 1448 bytes were received from client 4
[ 78 ms ] worker_62407: Start to process client request
[ 78 ms ] worker_62407: Request is not valid!
[ 78 ms ] worker_62407: Send response to client
[ 78 ms ] worker_62407: Start wait for client data...
[ 79 ms ] worker_62407: 1448 bytes were received from client 4
[ 79 ms ] worker_62407: Start to process client request
[ 79 ms ] worker_62407: Request is not valid!
[ 79 ms ] worker_62407: Send response to client
[ 79 ms ] worker_62407: Start wait for client data...
[ 269 ms ] worker_62407: 1448 bytes were received from client 4
[ 269 ms ] worker_62407: Start to process client request
[ 269 ms ] worker_62407: Request is not valid!
[ 269 ms ] worker_62407: Send response to client
[ 269 ms ] worker_62407: Start wait for client data...
[ 354 ms ] worker_62407: Error was occurred while receiving data from client
[ 354 ms ] worker_62407: Exit
[ 355 ms ] END
