[ 0 ms ] START
[ 0 ms ] worker_62393: Hello, I'm new worker!
[ 0 ms ] worker_62393: Incomming connection info: 0.0.0.0 : 0New client socket was created: 4

[ 0 ms ] worker_62393: Start wait for client data...
[ 86 ms ] worker_62393: 1448 bytes were received from client 4
[ 86 ms ] worker_62393: Start to process client request
[ 86 ms ] worker_62393: Request is not valid!
[ 86 ms ] worker_62393: Send response to client
[ 86 ms ] worker_62393: Start wait for client data...
[ 87 ms ] worker_62393: 1448 bytes were received from client 4
[ 87 ms ] worker_62393: Start to process client request
[ 87 ms ] worker_62393: Request is not valid!
[ 87 ms ] worker_62393: Send response to client
[ 87 ms ] worker_62393: Start wait for client data...
[ 87 ms ] worker_62393: 1448 bytes were received from client 4
[ 87 ms ] worker_62393: Start to process client request
[ 87 ms ] worker_62393: Request is not valid!
[ 87 ms ] worker_62393: Send response to client
[ 87 ms ] worker_62393: Start wait for client data...
[ 87 ms ] worker_62393: 1448 bytes were received from client 4
[ 87 ms ] worker_62393: Start to process client request
[ 87 ms ] worker_62393: Request is not valid!
[ 87 ms ] worker_62393: Send response to client
[ 87 ms ] worker_62393: Start wait for client data...
[ 87 ms ] worker_62393: 1448 bytes were received from client 4
[ 87 ms ] worker_62393: Start to process client request
[ 87 ms ] worker_62393: Request is not valid!
[ 87 ms ] worker_62393: Send response to client
[ 87 ms ] worker_62393: Start wait for client data...
[ 87 ms ] worker_62393: 1448 bytes were received from client 4
[ 87 ms ] worker_62393: Start to process client request
[ 87 ms ] worker_62393: Request is not valid!
[ 87 ms ] worker_62393: Send response to client
[ 87 ms ] worker_62393: Start wait for client data...
[ 88 ms ] worker_62393: 1448 bytes were received from client 4
[ 88 ms ] worker_62393: Start to process client request
[ 88 ms ] worker_62393: Request is not valid!
[ 88 ms ] worker_62393: Send response to client
[ 88 ms ] worker_62393: Start wait for client data...
[ 88 ms ] worker_62393: 1448 bytes were received from client 4
[ 88 ms ] worker_62393: Start to process client request
[ 88 ms ] worker_62393: Request is not valid!
[ 88 ms ] worker_62393: Send response to client
[ 88 ms ] worker_62393: Start wait for client data...
[ 88 ms ] worker_62393: 1448 bytes were received from client 4
[ 88 ms ] worker_62393: Start to process client request
[ 88 ms ] worker_62393: Request is not valid!
[ 88 ms ] worker_62393: Send response to client
[ 88 ms ] worker_62393: Start wait for client data...
[ 88 ms ] worker_62393: 1448 bytes were received from client 4
[ 88 ms ] worker_62393: Start to process client request
[ 88 ms ] worker_62393: Request is not valid!
[ 88 ms ] worker_62393: Send response to client
[ 88 ms ] worker_62393: Start wait for client data...
[ 141 ms ] worker_62393: 1448 bytes were received from client 4
[ 141 ms ] worker_62393: Start to process client request
[ 141 ms ] worker_62393: Request is not valid!
[ 141 ms ] worker_62393: Send response to client
[ 141 ms ] worker_62393: Start wait for client data...
[ 141 ms ] worker_62393: 2896 bytes were received from client 4
[ 141 ms ] worker_62393: Start to process client request
[ 141 ms ] worker_62393: Request is not valid!
[ 141 ms ] worker_62393: Send response to client
[ 141 ms ] worker_62393: Start wait for client data...
[ 142 ms ] worker_62393: 1184 bytes were received from client 4
[ 142 ms ] worker_62393: Start to process client request
[ 142 ms ] worker_62393: Request is not valid!
[ 142 ms ] worker_62393: Send response to client
[ 142 ms ] worker_62393: Start wait for client data...
[ 143 ms ] worker_62393: Receive 0 bytes. Client closed connection. Goodbye!
[ 143 ms ] worker_62393: Exit
[ 143 ms ] END
