[ 0 ms ] START
[ 0 ms ] worker_62409: Hello, I'm new worker!
[ 0 ms ] worker_62409: Incomming connection info: 0.0.0.0 : 0New client socket was created: 4

[ 0 ms ] worker_62409: Start wait for client data...
[ 206 ms ] worker_62409: 1448 bytes were received from client 4
[ 206 ms ] worker_62409: Start to process client request
[ 206 ms ] worker_62409: Request is not valid!
[ 206 ms ] worker_62409: Send response to client
[ 206 ms ] worker_62409: Start wait for client data...
[ 207 ms ] worker_62409: 1448 bytes were received from client 4
[ 208 ms ] worker_62409: Start to process client request
[ 208 ms ] worker_62409: Request is not valid!
[ 208 ms ] worker_62409: Send response to client
[ 208 ms ] worker_62409: Start wait for client data...
[ 209 ms ] worker_62409: 2896 bytes were received from client 4
[ 209 ms ] worker_62409: Start to process client request
[ 209 ms ] worker_62409: Request is not valid!
[ 209 ms ] worker_62409: Send response to client
[ 209 ms ] worker_62409: Start wait for client data...
[ 220 ms ] worker_62409: 1448 bytes were received from client 4
[ 220 ms ] worker_62409: Start to process client request
[ 220 ms ] worker_62409: Request is not valid!
[ 220 ms ] worker_62409: Send response to client
[ 220 ms ] worker_62409: Start wait for client data...
[ 222 ms ] worker_62409: 1448 bytes were received from client 4
[ 222 ms ] worker_62409: Start to process client request
[ 222 ms ] worker_62409: Request is not valid!
[ 222 ms ] worker_62409: Send response to client
[ 222 ms ] worker_62409: Start wait for client data...
[ 222 ms ] worker_62409: 1448 bytes were received from client 4
[ 222 ms ] worker_62409: Start to process client request
[ 222 ms ] worker_62409: Request is not valid!
[ 222 ms ] worker_62409: Send response to client
[ 222 ms ] worker_62409: Start wait for client data...
[ 224 ms ] worker_62409: 1448 bytes were received from client 4
[ 224 ms ] worker_62409: Start to process client request
[ 224 ms ] worker_62409: Request is not valid!
[ 224 ms ] worker_62409: Send response to client
[ 224 ms ] worker_62409: Start wait for client data...
[ 225 ms ] worker_62409: 1448 bytes were received from client 4
[ 225 ms ] worker_62409: Start to process client request
[ 225 ms ] worker_62409: Request is not valid!
[ 225 ms ] worker_62409: Send response to client
[ 225 ms ] worker_62409: Start wait for client data...
[ 225 ms ] worker_62409: 1448 bytes were received from client 4
[ 225 ms ] worker_62409: Start to process client request
[ 225 ms ] worker_62409: Request is not valid!
[ 225 ms ] worker_62409: Send response to client
[ 225 ms ] worker_62409: Start wait for client data...
[ 330 ms ] worker_62409: 1448 bytes were received from client 4
[ 330 ms ] worker_62409: Start to process client request
[ 330 ms ] worker_62409: Request is not valid!
[ 330 ms ] worker_62409: Send response to client
[ 330 ms ] worker_62409: Start wait for client data...
[ 339 ms ] worker_62409: Error was occurred while receiving data from client
[ 339 ms ] worker_62409: Exit
[ 339 ms ] END
