[ 0 ms ] START
[ 0 ms ] worker_62391: Hello, I'm new worker!
[ 0 ms ] worker_62391: Incomming connection info: 0.0.0.0 : 0New client socket was created: 4

[ 0 ms ] worker_62391: Start wait for client data...
[ 91 ms ] worker_62391: 1448 bytes were received from client 4
[ 91 ms ] worker_62391: Start to process client request
[ 91 ms ] worker_62391: Request is not valid!
[ 91 ms ] worker_62391: Send response to client
[ 91 ms ] worker_62391: Start wait for client data...
[ 91 ms ] worker_62391: 1448 bytes were received from client 4
[ 91 ms ] worker_62391: Start to process client request
[ 91 ms ] worker_62391: Request is not valid!
[ 91 ms ] worker_62391: Send response to client
[ 92 ms ] worker_62391: Start wait for client data...
[ 92 ms ] worker_62391: 1448 bytes were received from client 4
[ 92 ms ] worker_62391: Start to process client request
[ 92 ms ] worker_62391: Request is not valid!
[ 92 ms ] worker_62391: Send response to client
[ 92 ms ] worker_62391: Start wait for client data...
[ 92 ms ] worker_62391: 1448 bytes were received from client 4
[ 92 ms ] worker_62391: Start to process client request
[ 92 ms ] worker_62391: Request is not valid!
[ 92 ms ] worker_62391: Send response to client
[ 92 ms ] worker_62391: Start wait for client data...
[ 92 ms ] worker_62391: 1448 bytes were received from client 4
[ 92 ms ] worker_62391: Start to process client request
[ 92 ms ] worker_62391: Request is not valid!
[ 92 ms ] worker_62391: Send response to client
[ 92 ms ] worker_62391: Start wait for client data...
[ 92 ms ] worker_62391: 1448 bytes were received from client 4
[ 92 ms ] worker_62391: Start to process client request
[ 92 ms ] worker_62391: Request is not valid!
[ 92 ms ] worker_62391: Send response to client
[ 92 ms ] worker_62391: Start wait for client data...
[ 93 ms ] worker_62391: 1448 bytes were received from client 4
[ 93 ms ] worker_62391: Start to process client request
[ 93 ms ] worker_62391: Request is not valid!
[ 93 ms ] worker_62391: Send response to client
[ 93 ms ] worker_62391: Start wait for client data...
[ 93 ms ] worker_62391: 1448 bytes were received from client 4
[ 93 ms ] worker_62391: Start to process client request
[ 93 ms ] worker_62391: Request is not valid!
[ 93 ms ] worker_62391: Send response to client
[ 93 ms ] worker_62391: Start wait for client data...
[ 93 ms ] worker_62391: 1448 bytes were received from client 4
[ 93 ms ] worker_62391: Start to process client request
[ 93 ms ] worker_62391: Request is not valid!
[ 93 ms ] worker_62391: Send response to client
[ 93 ms ] worker_62391: Start wait for client data...
[ 93 ms ] worker_62391: 1448 bytes were received from client 4
[ 93 ms ] worker_62391: Start to process client request
[ 93 ms ] worker_62391: Request is not valid!
[ 93 ms ] worker_62391: Send response to client
[ 93 ms ] worker_62391: Start wait for client data...
[ 144 ms ] worker_62391: 1448 bytes were received from client 4
[ 144 ms ] worker_62391: Start to process client request
[ 144 ms ] worker_62391: Request is not valid!
[ 144 ms ] worker_62391: Send response to client
[ 144 ms ] worker_62391: Start wait for client data...
[ 144 ms ] worker_62391: 1448 bytes were received from client 4
[ 144 ms ] worker_62391: Start to process client request
[ 144 ms ] worker_62391: Request is not valid!
[ 144 ms ] worker_62391: Send response to client
[ 144 ms ] worker_62391: Start wait for client data...
[ 145 ms ] worker_62391: 1448 bytes were received from client 4
[ 145 ms ] worker_62391: Start to process client request
[ 145 ms ] worker_62391: Request is not valid!
[ 145 ms ] worker_62391: Send response to client
[ 145 ms ] worker_62391: Start wait for client data...
[ 145 ms ] worker_62391: 1184 bytes were received from client 4
[ 145 ms ] worker_62391: Start to process client request
[ 145 ms ] worker_62391: Request is not valid!
[ 145 ms ] worker_62391: Send response to client
[ 145 ms ] worker_62391: Start wait for client data...
[ 146 ms ] worker_62391: Receive 0 bytes. Client closed connection. Goodbye!
[ 146 ms ] worker_62391: Exit
[ 146 ms ] END
