[ 0 ms ] START
[ 0 ms ] worker_62385: Hello, I'm new worker!
[ 0 ms ] worker_62385: Incomming connection info: 0.0.0.0 : 0New client socket was created: 4

[ 0 ms ] worker_62385: Start wait for client data...
[ 54 ms ] worker_62385: 1448 bytes were received from client 4
[ 54 ms ] worker_62385: Start to process client request
[ 54 ms ] worker_62385: Request is not valid!
[ 54 ms ] worker_62385: Send response to client
[ 54 ms ] worker_62385: Start wait for client data...
[ 54 ms ] worker_62385: 1448 bytes were received from client 4
[ 54 ms ] worker_62385: Start to process client request
[ 54 ms ] worker_62385: Request is not valid!
[ 54 ms ] worker_62385: Send response to client
[ 54 ms ] worker_62385: Start wait for client data...
[ 54 ms ] worker_62385: 1448 bytes were received from client 4
[ 54 ms ] worker_62385: Start to process client request
[ 54 ms ] worker_62385: Request is not valid!
[ 54 ms ] worker_62385: Send response to client
[ 54 ms ] worker_62385: Start wait for client data...
[ 54 ms ] worker_62385: 1448 bytes were received from client 4
[ 54 ms ] worker_62385: Start to process client request
[ 54 ms ] worker_62385: Request is not valid!
[ 54 ms ] worker_62385: Send response to client
[ 54 ms ] worker_62385: Start wait for client data...
[ 55 ms ] worker_62385: 1448 bytes were received from client 4
[ 55 ms ] worker_62385: Start to process client request
[ 55 ms ] worker_62385: Request is not valid!
[ 55 ms ] worker_62385: Send response to client
[ 55 ms ] worker_62385: Start wait for client data...
[ 55 ms ] worker_62385: 1448 bytes were received from client 4
[ 55 ms ] worker_62385: Start to process client request
[ 55 ms ] worker_62385: Request is not valid!
[ 55 ms ] worker_62385: Send response to client
[ 55 ms ] worker_62385: Start wait for client data...
[ 55 ms ] worker_62385: 1448 bytes were received from client 4
[ 55 ms ] worker_62385: Start to process client request
[ 55 ms ] worker_62385: Request is not valid!
[ 55 ms ] worker_62385: Send response to client
[ 55 ms ] worker_62385: Start wait for client data...
[ 55 ms ] worker_62385: 1448 bytes were received from client 4
[ 55 ms ] worker_62385: Start to process client request
[ 55 ms ] worker_62385: Request is not valid!
[ 55 ms ] worker_62385: Send response to client
[ 55 ms ] worker_62385: Start wait for client data...
[ 55 ms ] worker_62385: 1448 bytes were received from client 4
[ 55 ms ] worker_62385: Start to process client request
[ 55 ms ] worker_62385: Request is not valid!
[ 55 ms ] worker_62385: Send response to client
[ 55 ms ] worker_62385: Start wait for client data...
[ 55 ms ] worker_62385: 1448 bytes were received from client 4
[ 55 ms ] worker_62385: Start to process client request
[ 55 ms ] worker_62385: Request is not valid!
[ 55 ms ] worker_62385: Send response to client
[ 55 ms ] worker_62385: Start wait for client data...
[ 135 ms ] worker_62385: 1448 bytes were received from client 4
[ 135 ms ] worker_62385: Start to process client request
[ 135 ms ] worker_62385: Request is not valid!
[ 135 ms ] worker_62385: Send response to client
[ 135 ms ] worker_62385: Start wait for client data...
[ 135 ms ] worker_62385: 1448 bytes were received from client 4
[ 135 ms ] worker_62385: Start to process client request
[ 135 ms ] worker_62385: Request is not valid!
[ 135 ms ] worker_62385: Send response to client
[ 135 ms ] worker_62385: Start wait for client data...
[ 135 ms ] worker_62385: 1448 bytes were received from client 4
[ 135 ms ] worker_62385: Start to process client request
[ 135 ms ] worker_62385: Request is not valid!
[ 135 ms ] worker_62385: Send response to client
[ 135 ms ] worker_62385: Start wait for client data...
[ 135 ms ] worker_62385: 1184 bytes were received from client 4
[ 135 ms ] worker_62385: Start to process client request
[ 135 ms ] worker_62385: Request is not valid!
[ 135 ms ] worker_62385: Send response to client
[ 135 ms ] worker_62385: Start wait for client data...
[ 139 ms ] worker_62385: Receive 0 bytes. Client closed connection. Goodbye!
[ 139 ms ] worker_62385: Exit
[ 140 ms ] END
