[ 0 ms ] START
[ 0 ms ] worker_62386: Hello, I'm new worker!
[ 0 ms ] worker_62386: Incomming connection info: 0.0.0.0 : 0New client socket was created: 4

[ 0 ms ] worker_62386: Start wait for client data...
[ 100 ms ] worker_62386: 1448 bytes were received from client 4
[ 100 ms ] worker_62386: Start to process client request
[ 100 ms ] worker_62386: Request is not valid!
[ 100 ms ] worker_62386: Send response to client
[ 100 ms ] worker_62386: Start wait for client data...
[ 118 ms ] worker_62386: 1448 bytes were received from client 4
[ 118 ms ] worker_62386: Start to process client request
[ 118 ms ] worker_62386: Request is not valid!
[ 118 ms ] worker_62386: Send response to client
[ 118 ms ] worker_62386: Start wait for client data...
[ 118 ms ] worker_62386: 1448 bytes were received from client 4
[ 118 ms ] worker_62386: Start to process client request
[ 118 ms ] worker_62386: Request is not valid!
[ 118 ms ] worker_62386: Send response to client
[ 118 ms ] worker_62386: Start wait for client data...
[ 118 ms ] worker_62386: 2896 bytes were received from client 4
[ 118 ms ] worker_62386: Start to process client request
[ 118 ms ] worker_62386: Request is not valid!
[ 118 ms ] worker_62386: Send response to client
[ 118 ms ] worker_62386: Start wait for client data...
[ 118 ms ] worker_62386: 1448 bytes were received from client 4
[ 118 ms ] worker_62386: Start to process client request
[ 118 ms ] worker_62386: Request is not valid!
[ 118 ms ] worker_62386: Send response to client
[ 118 ms ] worker_62386: Start wait for client data...
[ 118 ms ] worker_62386: 2896 bytes were received from client 4
[ 118 ms ] worker_62386: Start to process client request
[ 118 ms ] worker_62386: Request is not valid!
[ 118 ms ] worker_62386: Send response to client
[ 118 ms ] worker_62386: Start wait for client data...
[ 119 ms ] worker_62386: 1448 bytes were received from client 4
[ 119 ms ] worker_62386: Start to process client request
[ 119 ms ] worker_62386: Request is not valid!
[ 119 ms ] worker_62386: Send response to client
[ 119 ms ] worker_62386: Start wait for client data...
[ 119 ms ] worker_62386: 1448 bytes were received from client 4
[ 119 ms ] worker_62386: Start to process client request
[ 119 ms ] worker_62386: Request is not valid!
[ 119 ms ] worker_62386: Send response to client
[ 119 ms ] worker_62386: Start wait for client data...
[ 152 ms ] worker_62386: 1448 bytes were received from client 4
[ 152 ms ] worker_62386: Start to process client request
[ 152 ms ] worker_62386: Request is not valid!
[ 152 ms ] worker_62386: Send response to client
[ 152 ms ] worker_62386: Start wait for client data...
[ 152 ms ] worker_62386: 1448 bytes were received from client 4
[ 152 ms ] worker_62386: Start to process client request
[ 152 ms ] worker_62386: Request is not valid!
[ 152 ms ] worker_62386: Send response to client
[ 152 ms ] worker_62386: Start wait for client data...
[ 187 ms ] worker_62386: Error was occurred while receiving data from client
[ 187 ms ] worker_62386: Exit
[ 187 ms ] END
