[ 0 ms ] START
[ 0 ms ] worker_62347: Hello, I'm new worker!
[ 0 ms ] worker_62347: Incomming connection info: 0.0.0.0 : 0New client socket was created: 4

[ 0 ms ] worker_62347: Start wait for client data...
[ 76 ms ] worker_62347: 1448 bytes were received from client 4
[ 76 ms ] worker_62347: Start to process client request
[ 76 ms ] worker_62347: Request is not valid!
[ 76 ms ] worker_62347: Send response to client
[ 76 ms ] worker_62347: Start wait for client data...
[ 76 ms ] worker_62347: 1448 bytes were received from client 4
[ 76 ms ] worker_62347: Start to process client request
[ 76 ms ] worker_62347: Request is not valid!
[ 76 ms ] worker_62347: Send response to client
[ 76 ms ] worker_62347: Start wait for client data...
[ 76 ms ] worker_62347: 1448 bytes were received from client 4
[ 76 ms ] worker_62347: Start to process client request
[ 76 ms ] worker_62347: Request is not valid!
[ 76 ms ] worker_62347: Send response to client
[ 76 ms ] worker_62347: Start wait for client data...
[ 88 ms ] worker_62347: 2896 bytes were received from client 4
[ 88 ms ] worker_62347: Start to process client request
[ 89 ms ] worker_62347: Request is not valid!
[ 89 ms ] worker_62347: Send response to client
[ 89 ms ] worker_62347: Start wait for client data...
[ 89 ms ] worker_62347: 1448 bytes were received from client 4
[ 89 ms ] worker_62347: Start to process client request
[ 89 ms ] worker_62347: Request is not valid!
[ 89 ms ] worker_62347: Send response to client
[ 89 ms ] worker_62347: Start wait for client data...
[ 89 ms ] worker_62347: 1448 bytes were received from client 4
[ 89 ms ] worker_62347: Start to process client request
[ 89 ms ] worker_62347: Request is not valid!
[ 89 ms ] worker_62347: Send response to client
[ 89 ms ] worker_62347: Start wait for client data...
[ 89 ms ] worker_62347: 1448 bytes were received from client 4
[ 89 ms ] worker_62347: Start to process client request
[ 89 ms ] worker_62347: Request is not valid!
[ 89 ms ] worker_62347: Send response to client
[ 89 ms ] worker_62347: Start wait for client data...
[ 89 ms ] worker_62347: 1448 bytes were received from client 4
[ 89 ms ] worker_62347: Start to process client request
[ 89 ms ] worker_62347: Request is not valid!
[ 89 ms ] worker_62347: Send response to client
[ 89 ms ] worker_62347: Start wait for client data...
[ 89 ms ] worker_62347: 1448 bytes were received from client 4
[ 89 ms ] worker_62347: Start to process client request
[ 89 ms ] worker_62347: Request is not valid!
[ 89 ms ] worker_62347: Send response to client
[ 89 ms ] worker_62347: Start wait for client data...
[ 92 ms ] worker_62347: 1448 bytes were received from client 4
[ 92 ms ] worker_62347: Start to process client request
[ 92 ms ] worker_62347: Request is not valid!
[ 92 ms ] worker_62347: Send response to client
[ 92 ms ] worker_62347: Start wait for client data...
[ 179 ms ] worker_62347: 1448 bytes were received from client 4
[ 179 ms ] worker_62347: Start to process client request
[ 179 ms ] worker_62347: Request is not valid!
[ 179 ms ] worker_62347: Send response to client
[ 179 ms ] worker_62347: Start wait for client data...
[ 179 ms ] worker_62347: 1448 bytes were received from client 4
[ 179 ms ] worker_62347: Start to process client request
[ 179 ms ] worker_62347: Request is not valid!
[ 179 ms ] worker_62347: Send response to client
[ 179 ms ] worker_62347: Start wait for client data...
[ 180 ms ] worker_62347: 1184 bytes were received from client 4
[ 180 ms ] worker_62347: Start to process client request
[ 180 ms ] worker_62347: Request is not valid!
[ 180 ms ] worker_62347: Send response to client
[ 180 ms ] worker_62347: Start wait for client data...
[ 235 ms ] worker_62347: Error was occurred while receiving data from client
[ 235 ms ] worker_62347: Exit
[ 235 ms ] END
