[ 0 ms ] START
[ 0 ms ] worker_62395: Hello, I'm new worker!
[ 0 ms ] worker_62395: Incomming connection info: 0.0.0.0 : 0New client socket was created: 4

[ 0 ms ] worker_62395: Start wait for client data...
[ 53 ms ] worker_62395: 1448 bytes were received from client 4
[ 53 ms ] worker_62395: Start to process client request
[ 53 ms ] worker_62395: Request is not valid!
[ 53 ms ] worker_62395: Send response to client
[ 53 ms ] worker_62395: Start wait for client data...
[ 54 ms ] worker_62395: 1448 bytes were received from client 4
[ 54 ms ] worker_62395: Start to process client request
[ 54 ms ] worker_62395: Request is not valid!
[ 54 ms ] worker_62395: Send response to client
[ 54 ms ] worker_62395: Start wait for client data...
[ 56 ms ] worker_62395: 1448 bytes were received from client 4
[ 56 ms ] worker_62395: Start to process client request
[ 56 ms ] worker_62395: Request is not valid!
[ 56 ms ] worker_62395: Send response to client
[ 56 ms ] worker_62395: Start wait for client data...
[ 59 ms ] worker_62395: 2896 bytes were received from client 4
[ 59 ms ] worker_62395: Start to process client request
[ 59 ms ] worker_62395: Request is not valid!
[ 59 ms ] worker_62395: Send response to client
[ 59 ms ] worker_62395: Start wait for client data...
[ 59 ms ] worker_62395: 2896 bytes were received from client 4
[ 59 ms ] worker_62395: Start to process client request
[ 59 ms ] worker_62395: Request is not valid!
[ 59 ms ] worker_62395: Send response to client
[ 59 ms ] worker_62395: Start wait for client data...
[ 60 ms ] worker_62395: 2896 bytes were received from client 4
[ 60 ms ] worker_62395: Start to process client request
[ 60 ms ] worker_62395: Request is not valid!
[ 60 ms ] worker_62395: Send response to client
[ 60 ms ] worker_62395: Start wait for client data...
[ 61 ms ] worker_62395: 1448 bytes were received from client 4
[ 61 ms ] worker_62395: Start to process client request
[ 61 ms ] worker_62395: Request is not valid!
[ 61 ms ] worker_62395: Send response to client
[ 61 ms ] worker_62395: Start wait for client data...
[ 274 ms ] worker_62395: 1448 bytes were received from client 4
[ 274 ms ] worker_62395: Start to process client request
[ 274 ms ] worker_62395: Request is not valid!
[ 274 ms ] worker_62395: Send response to client
[ 274 ms ] worker_62395: Start wait for client data...
[ 275 ms ] worker_62395: 1448 bytes were received from client 4
[ 275 ms ] worker_62395: Start to process client request
[ 275 ms ] worker_62395: Request is not valid!
[ 275 ms ] worker_62395: Send response to client
[ 275 ms ] worker_62395: Start wait for client data...
[ 275 ms ] worker_62395: 1448 bytes were received from client 4
[ 275 ms ] worker_62395: Start to process client request
[ 275 ms ] worker_62395: Request is not valid!
[ 275 ms ] worker_62395: Send response to client
[ 275 ms ] worker_62395: Start wait for client data...
[ 277 ms ] worker_62395: 1184 bytes were received from client 4
[ 277 ms ] worker_62395: Start to process client request
[ 277 ms ] worker_62395: Request is not valid!
[ 277 ms ] worker_62395: Send response to client
[ 277 ms ] worker_62395: Start wait for client data...
[ 280 ms ] worker_62395: Error was occurred while receiving data from client
[ 280 ms ] worker_62395: Exit
[ 280 ms ] END
