[ 0 ms ] START
[ 0 ms ] worker_62383: Hello, I'm new worker!
[ 0 ms ] worker_62383: Incomming connection info: 0.0.0.0 : 0New client socket was created: 4

[ 0 ms ] worker_62383: Start wait for client data...
[ 123 ms ] worker_62383: 2896 bytes were received from client 4
[ 123 ms ] worker_62383: Start to process client request
[ 123 ms ] worker_62383: Request is not valid!
[ 123 ms ] worker_62383: Send response to client
[ 123 ms ] worker_62383: Start wait for client data...
[ 123 ms ] worker_62383: 1448 bytes were received from client 4
[ 123 ms ] worker_62383: Start to process client request
[ 123 ms ] worker_62383: Request is not valid!
[ 123 ms ] worker_62383: Send response to client
[ 123 ms ] worker_62383: Start wait for client data...
[ 123 ms ] worker_62383: 1448 bytes were received from client 4
[ 123 ms ] worker_62383: Start to process client request
[ 123 ms ] worker_62383: Request is not valid!
[ 123 ms ] worker_62383: Send response to client
[ 123 ms ] worker_62383: Start wait for client data...
[ 123 ms ] worker_62383: 1448 bytes were received from client 4
[ 123 ms ] worker_62383: Start to process client request
[ 123 ms ] worker_62383: Request is not valid!
[ 123 ms ] worker_62383: Send response to client
[ 123 ms ] worker_62383: Start wait for client data...
[ 123 ms ] worker_62383: 1448 bytes were received from client 4
[ 123 ms ] worker_62383: Start to process client request
[ 123 ms ] worker_62383: Request is not valid!
[ 123 ms ] worker_62383: Send response to client
[ 123 ms ] worker_62383: Start wait for client data...
[ 123 ms ] worker_62383: 2896 bytes were received from client 4
[ 123 ms ] worker_62383: Start to process client request
[ 123 ms ] worker_62383: Request is not valid!
[ 123 ms ] worker_62383: Send response to client
[ 123 ms ] worker_62383: Start wait for client data...
[ 124 ms ] worker_62383: 1448 bytes were received from client 4
[ 124 ms ] worker_62383: Start to process client request
[ 124 ms ] worker_62383: Request is not valid!
[ 124 ms ] worker_62383: Send response to client
[ 124 ms ] worker_62383: Start wait for client data...
[ 124 ms ] worker_62383: 1448 bytes were received from client 4
[ 124 ms ] worker_62383: Start to process client request
[ 124 ms ] worker_62383: Request is not valid!
[ 124 ms ] worker_62383: Send response to client
[ 124 ms ] worker_62383: Start wait for client data...
[ 159 ms ] worker_62383: 1448 bytes were received from client 4
[ 159 ms ] worker_62383: Start to process client request
[ 159 ms ] worker_62383: Request is not valid!
[ 159 ms ] worker_62383: Send response to client
[ 159 ms ] worker_62383: Start wait for client data...
[ 166 ms ] worker_62383: 1448 bytes were received from client 4
[ 166 ms ] worker_62383: Start to process client request
[ 166 ms ] worker_62383: Request is not valid!
[ 166 ms ] worker_62383: Send response to client
[ 166 ms ] worker_62383: Start wait for client data...
[ 166 ms ] worker_62383: 1448 bytes were received from client 4
[ 166 ms ] worker_62383: Start to process client request
[ 166 ms ] worker_62383: Request is not valid!
[ 166 ms ] worker_62383: Send response to client
[ 166 ms ] worker_62383: Start wait for client data...
[ 169 ms ] worker_62383: 1184 bytes were received from client 4
[ 169 ms ] worker_62383: Start to process client request
[ 169 ms ] worker_62383: Request is not valid!
[ 169 ms ] worker_62383: Send response to client
[ 169 ms ] worker_62383: Start wait for client data...
[ 175 ms ] worker_62383: Receive 0 bytes. Client closed connection. Goodbye!
[ 175 ms ] worker_62383: Exit
[ 175 ms ] END
