[ 0 ms ] START
[ 0 ms ] worker_62419: Hello, I'm new worker!
[ 0 ms ] worker_62419: Incomming connection info: 0.0.0.0 : 0New client socket was created: 4

[ 0 ms ] worker_62419: Start wait for client data...
[ 70 ms ] worker_62419: 4344 bytes were received from client 4
[ 71 ms ] worker_62419: Start to process client request
[ 71 ms ] worker_62419: Request is not valid!
[ 71 ms ] worker_62419: Send response to client
[ 71 ms ] worker_62419: Start wait for client data...
[ 76 ms ] worker_62419: 1448 bytes were received from client 4
[ 76 ms ] worker_62419: Start to process client request
[ 76 ms ] worker_62419: Request is not valid!
[ 76 ms ] worker_62419: Send response to client
[ 76 ms ] worker_62419: Start wait for client data...
[ 76 ms ] worker_62419: 1448 bytes were received from client 4
[ 76 ms ] worker_62419: Start to process client request
[ 76 ms ] worker_62419: Request is not valid!
[ 76 ms ] worker_62419: Send response to client
[ 76 ms ] worker_62419: Start wait for client data...
[ 76 ms ] worker_62419: 1448 bytes were received from client 4
[ 76 ms ] worker_62419: Start to process client request
[ 76 ms ] worker_62419: Request is not valid!
[ 76 ms ] worker_62419: Send response to client
[ 76 ms ] worker_62419: Start wait for client data...
[ 86 ms ] worker_62419: 1448 bytes were received from client 4
[ 86 ms ] worker_62419: Start to process client request
[ 86 ms ] worker_62419: Request is not valid!
[ 86 ms ] worker_62419: Send response to client
[ 86 ms ] worker_62419: Start wait for client data...
[ 87 ms ] worker_62419: 2896 bytes were received from client 4
[ 87 ms ] worker_62419: Start to process client request
[ 87 ms ] worker_62419: Request is not valid!
[ 87 ms ] worker_62419: Send response to client
[ 87 ms ] worker_62419: Start wait for client data...
[ 88 ms ] worker_62419: 1448 bytes were received from client 4
[ 88 ms ] worker_62419: Start to process client request
[ 88 ms ] worker_62419: Request is not valid!
[ 88 ms ] worker_62419: Send response to client
[ 88 ms ] worker_62419: Start wait for client data...
[ 258 ms ] worker_62419: 1448 bytes were received from client 4
[ 258 ms ] worker_62419: Start to process client request
[ 258 ms ] worker_62419: Request is not valid!
[ 258 ms ] worker_62419: Send response to client
[ 258 ms ] worker_62419: Start wait for client data...
[ 259 ms ] worker_62419: 1448 bytes were received from client 4
[ 259 ms ] worker_62419: Start to process client request
[ 259 ms ] worker_62419: Request is not valid!
[ 259 ms ] worker_62419: Send response to client
[ 259 ms ] worker_62419: Start wait for client data...
[ 259 ms ] worker_62419: 1448 bytes were received from client 4
[ 259 ms ] worker_62419: Start to process client request
[ 259 ms ] worker_62419: Request is not valid!
[ 259 ms ] worker_62419: Send response to client
[ 259 ms ] worker_62419: Start wait for client data...
[ 261 ms ] worker_62419: 1184 bytes were received from client 4
[ 261 ms ] worker_62419: Start to process client request
[ 261 ms ] worker_62419: Request is not valid!
[ 261 ms ] worker_62419: Send response to client
[ 261 ms ] worker_62419: Start wait for client data...
[ 261 ms ] worker_62419: Receive 0 bytes. Client closed connection. Goodbye!
[ 261 ms ] worker_62419: Exit
[ 261 ms ] END
