[ 0 ms ] START
[ 0 ms ] worker_62387: Hello, I'm new worker!
[ 0 ms ] worker_62387: Incomming connection info: 0.0.0.0 : 0New client socket was created: 4

[ 0 ms ] worker_62387: Start wait for client data...
[ 86 ms ] worker_62387: 1448 bytes were received from client 4
[ 86 ms ] worker_62387: Start to process client request
[ 86 ms ] worker_62387: Request is not valid!
[ 86 ms ] worker_62387: Send response to client
[ 86 ms ] worker_62387: Start wait for client data...
[ 86 ms ] worker_62387: 1448 bytes were received from client 4
[ 86 ms ] worker_62387: Start to process client request
[ 86 ms ] worker_62387: Request is not valid!
[ 86 ms ] worker_62387: Send response to client
[ 86 ms ] worker_62387: Start wait for client data...
[ 86 ms ] worker_62387: 1448 bytes were received from client 4
[ 86 ms ] worker_62387: Start to process client request
[ 86 ms ] worker_62387: Request is not valid!
[ 86 ms ] worker_62387: Send response to client
[ 86 ms ] worker_62387: Start wait for client data...
[ 86 ms ] worker_62387: 1448 bytes were received from client 4
[ 86 ms ] worker_62387: Start to process client request
[ 86 ms ] worker_62387: Request is not valid!
[ 86 ms ] worker_62387: Send response to client
[ 86 ms ] worker_62387: Start wait for client data...
[ 86 ms ] worker_62387: 1448 bytes were received from client 4
[ 86 ms ] worker_62387: Start to process client request
[ 86 ms ] worker_62387: Request is not valid!
[ 86 ms ] worker_62387: Send response to client
[ 87 ms ] worker_62387: Start wait for client data...
[ 87 ms ] worker_62387: 1448 bytes were received from client 4
[ 87 ms ] worker_62387: Start to process client request
[ 87 ms ] worker_62387: Request is not valid!
[ 87 ms ] worker_62387: Send response to client
[ 87 ms ] worker_62387: Start wait for client data...
[ 87 ms ] worker_62387: 1448 bytes were received from client 4
[ 87 ms ] worker_62387: Start to process client request
[ 87 ms ] worker_62387: Request is not valid!
[ 87 ms ] worker_62387: Send response to client
[ 87 ms ] worker_62387: Start wait for client data...
[ 87 ms ] worker_62387: 1448 bytes were received from client 4
[ 87 ms ] worker_62387: Start to process client request
[ 87 ms ] worker_62387: Request is not valid!
[ 87 ms ] worker_62387: Send response to client
[ 87 ms ] worker_62387: Start wait for client data...
[ 87 ms ] worker_62387: 1448 bytes were received from client 4
[ 87 ms ] worker_62387: Start to process client request
[ 87 ms ] worker_62387: Request is not valid!
[ 87 ms ] worker_62387: Send response to client
[ 87 ms ] worker_62387: Start wait for client data...
[ 94 ms ] worker_62387: 1448 bytes were received from client 4
[ 94 ms ] worker_62387: Start to process client request
[ 94 ms ] worker_62387: Request is not valid!
[ 94 ms ] worker_62387: Send response to client
[ 94 ms ] worker_62387: Start wait for client data...
[ 150 ms ] worker_62387: 1448 bytes were received from client 4
[ 150 ms ] worker_62387: Start to process client request
[ 150 ms ] worker_62387: Request is not valid!
[ 150 ms ] worker_62387: Send response to client
[ 150 ms ] worker_62387: Start wait for client data...
[ 150 ms ] worker_62387: 1448 bytes were received from client 4
[ 150 ms ] worker_62387: Start to process client request
[ 150 ms ] worker_62387: Request is not valid!
[ 150 ms ] worker_62387: Send response to client
[ 150 ms ] worker_62387: Start wait for client data...
[ 150 ms ] worker_62387: 1448 bytes were received from client 4
[ 150 ms ] worker_62387: Start to process client request
[ 150 ms ] worker_62387: Request is not valid!
[ 150 ms ] worker_62387: Send response to client
[ 150 ms ] worker_62387: Start wait for client data...
[ 150 ms ] worker_62387: 1184 bytes were received from client 4
[ 150 ms ] worker_62387: Start to process client request
[ 150 ms ] worker_62387: Request is not valid!
[ 150 ms ] worker_62387: Send response to client
[ 150 ms ] worker_62387: Start wait for client data...
[ 151 ms ] worker_62387: Receive 0 bytes. Client closed connection. Goodbye!
[ 151 ms ] worker_62387: Exit
[ 151 ms ] END
