[ 0 ms ] START
[ 0 ms ] worker_62405: Hello, I'm new worker!
[ 0 ms ] worker_62405: Incomming connection info: 0.0.0.0 : 0New client socket was created: 4

[ 0 ms ] worker_62405: Start wait for client data...
[ 11 ms ] worker_62405: 1448 bytes were received from client 4
[ 11 ms ] worker_62405: Start to process client request
[ 11 ms ] worker_62405: Request is not valid!
[ 11 ms ] worker_62405: Send response to client
[ 11 ms ] worker_62405: Start wait for client data...
[ 13 ms ] worker_62405: 2896 bytes were received from client 4
[ 13 ms ] worker_62405: Start to process client request
[ 13 ms ] worker_62405: Request is not valid!
[ 13 ms ] worker_62405: Send response to client
[ 13 ms ] worker_62405: Start wait for client data...
[ 14 ms ] worker_62405: 1448 bytes were received from client 4
[ 14 ms ] worker_62405: Start to process client request
[ 14 ms ] worker_62405: Request is not valid!
[ 14 ms ] worker_62405: Send response to client
[ 14 ms ] worker_62405: Start wait for client data...
[ 15 ms ] worker_62405: 1448 bytes were received from client 4
[ 15 ms ] worker_62405: Start to process client request
[ 15 ms ] worker_62405: Request is not valid!
[ 15 ms ] worker_62405: Send response to client
[ 15 ms ] worker_62405: Start wait for client data...
[ 15 ms ] worker_62405: 1448 bytes were received from client 4
[ 15 ms ] worker_62405: Start to process client request
[ 15 ms ] worker_62405: Request is not valid!
[ 15 ms ] worker_62405: Send response to client
[ 15 ms ] worker_62405: Start wait for client data...
[ 19 ms ] worker_62405: 1448 bytes were received from client 4
[ 19 ms ] worker_62405: Start to process client request
[ 19 ms ] worker_62405: Request is not valid!
[ 19 ms ] worker_62405: Send response to client
[ 19 ms ] worker_62405: Start wait for client data...
[ 20 ms ] worker_62405: 1448 bytes were received from client 4
[ 20 ms ] worker_62405: Start to process client request
[ 20 ms ] worker_62405: Request is not valid!
[ 20 ms ] worker_62405: Send response to client
[ 20 ms ] worker_62405: Start wait for client data...
[ 20 ms ] worker_62405: 1448 bytes were received from client 4
[ 20 ms ] worker_62405: Start to process client request
[ 20 ms ] worker_62405: Request is not valid!
[ 20 ms ] worker_62405: Send response to client
[ 20 ms ] worker_62405: Start wait for client data...
[ 23 ms ] worker_62405: 1448 bytes were received from client 4
[ 23 ms ] worker_62405: Start to process client request
[ 23 ms ] worker_62405: Request is not valid!
[ 23 ms ] worker_62405: Send response to client
[ 23 ms ] worker_62405: Start wait for client data...
[ 183 ms ] worker_62405: 1448 bytes were received from client 4
[ 183 ms ] worker_62405: Start to process client request
[ 183 ms ] worker_62405: Request is not valid!
[ 183 ms ] worker_62405: Send response to client
[ 183 ms ] worker_62405: Start wait for client data...
[ 185 ms ] worker_62405: 1448 bytes were received from client 4
[ 185 ms ] worker_62405: Start to process client request
[ 185 ms ] worker_62405: Request is not valid!
[ 185 ms ] worker_62405: Send response to client
[ 185 ms ] worker_62405: Start wait for client data...
[ 186 ms ] worker_62405: 1448 bytes were received from client 4
[ 186 ms ] worker_62405: Start to process client request
[ 186 ms ] worker_62405: Request is not valid!
[ 186 ms ] worker_62405: Send response to client
[ 186 ms ] worker_62405: Start wait for client data...
[ 245 ms ] worker_62405: 1184 bytes were received from client 4
[ 245 ms ] worker_62405: Start to process client request
[ 245 ms ] worker_62405: Request is not valid!
[ 245 ms ] worker_62405: Send response to client
[ 245 ms ] worker_62405: Start wait for client data...
[ 245 ms ] worker_62405: Receive 0 bytes. Client closed connection. Goodbye!
[ 245 ms ] worker_62405: Exit
[ 246 ms ] END
