[ 0 ms ] START
[ 0 ms ] worker_62365: Hello, I'm new worker!
[ 0 ms ] worker_62365: Incomming connection info: 0.0.0.0 : 0New client socket was created: 4

[ 0 ms ] worker_62365: Start wait for client data...
[ 10 ms ] worker_62365: 2896 bytes were received from client 4
[ 10 ms ] worker_62365: Start to process client request
[ 10 ms ] worker_62365: Request is not valid!
[ 10 ms ] worker_62365: Send response to client
[ 10 ms ] worker_62365: Start wait for client data...
[ 12 ms ] worker_62365: 2896 bytes were received from client 4
[ 12 ms ] worker_62365: Start to process client request
[ 12 ms ] worker_62365: Request is not valid!
[ 12 ms ] worker_62365: Send response to client
[ 12 ms ] worker_62365: Start wait for client data...
[ 12 ms ] worker_62365: 1448 bytes were received from client 4
[ 12 ms ] worker_62365: Start to process client request
[ 12 ms ] worker_62365: Request is not valid!
[ 12 ms ] worker_62365: Send response to client
[ 12 ms ] worker_62365: Start wait for client data...
[ 16 ms ] worker_62365: 2896 bytes were received from client 4
[ 16 ms ] worker_62365: Start to process client request
[ 16 ms ] worker_62365: Request is not valid!
[ 16 ms ] worker_62365: Send response to client
[ 16 ms ] worker_62365: Start wait for client data...
[ 16 ms ] worker_62365: 1448 bytes were received from client 4
[ 16 ms ] worker_62365: Start to process client request
[ 16 ms ] worker_62365: Request is not valid!
[ 16 ms ] worker_62365: Send response to client
[ 16 ms ] worker_62365: Start wait for client data...
[ 16 ms ] worker_62365: 1448 bytes were received from client 4
[ 16 ms ] worker_62365: Start to process client request
[ 16 ms ] worker_62365: Request is not valid!
[ 16 ms ] worker_62365: Send response to client
[ 16 ms ] worker_62365: Start wait for client data...
[ 16 ms ] worker_62365: 1448 bytes were received from client 4
[ 16 ms ] worker_62365: Start to process client request
[ 16 ms ] worker_62365: Request is not valid!
[ 16 ms ] worker_62365: Send response to client
[ 16 ms ] worker_62365: Start wait for client data...
[ 71 ms ] worker_62365: 1448 bytes were received from client 4
[ 71 ms ] worker_62365: Start to process client request
[ 71 ms ] worker_62365: Request is not valid!
[ 71 ms ] worker_62365: Send response to client
[ 71 ms ] worker_62365: Start wait for client data...
[ 72 ms ] worker_62365: 1448 bytes were received from client 4
[ 72 ms ] worker_62365: Start to process client request
[ 72 ms ] worker_62365: Request is not valid!
[ 72 ms ] worker_62365: Send response to client
[ 72 ms ] worker_62365: Start wait for client data...
[ 72 ms ] worker_62365: 1448 bytes were received from client 4
[ 72 ms ] worker_62365: Start to process client request
[ 72 ms ] worker_62365: Request is not valid!
[ 72 ms ] worker_62365: Send response to client
[ 73 ms ] worker_62365: Start wait for client data...
[ 73 ms ] worker_62365: 1184 bytes were received from client 4
[ 73 ms ] worker_62365: Start to process client request
[ 73 ms ] worker_62365: Request is not valid!
[ 73 ms ] worker_62365: Send response to client
[ 73 ms ] worker_62365: Start wait for client data...
[ 74 ms ] worker_62365: Receive 0 bytes. Client closed connection. Goodbye!
[ 74 ms ] worker_62365: Exit
[ 74 ms ] END
