[ 0 ms ] START
[ 0 ms ] worker_62382: Hello, I'm new worker!
[ 0 ms ] worker_62382: Incomming connection info: 0.0.0.0 : 0New client socket was created: 4

[ 0 ms ] worker_62382: Start wait for client data...
[ 27 ms ] worker_62382: 2896 bytes were received from client 4
[ 27 ms ] worker_62382: Start to process client request
[ 27 ms ] worker_62382: Request is not valid!
[ 27 ms ] worker_62382: Send response to client
[ 27 ms ] worker_62382: Start wait for client data...
[ 27 ms ] worker_62382: 1448 bytes were received from client 4
[ 27 ms ] worker_62382: Start to process client request
[ 27 ms ] worker_62382: Request is not valid!
[ 27 ms ] worker_62382: Send response to client
[ 27 ms ] worker_62382: Start wait for client data...
[ 28 ms ] worker_62382: 1448 bytes were received from client 4
[ 28 ms ] worker_62382: Start to process client request
[ 28 ms ] worker_62382: Request is not valid!
[ 28 ms ] worker_62382: Send response to client
[ 28 ms ] worker_62382: Start wait for client data...
[ 28 ms ] worker_62382: 1448 bytes were received from client 4
[ 28 ms ] worker_62382: Start to process client request
[ 28 ms ] worker_62382: Request is not valid!
[ 28 ms ] worker_62382: Send response to client
[ 28 ms ] worker_62382: Start wait for client data...
[ 28 ms ] worker_62382: 1448 bytes were received from client 4
[ 28 ms ] worker_62382: Start to process client request
[ 28 ms ] worker_62382: Request is not valid!
[ 28 ms ] worker_62382: Send response to client
[ 28 ms ] worker_62382: Start wait for client data...
[ 28 ms ] worker_62382: 1448 bytes were received from client 4
[ 28 ms ] worker_62382: Start to process client request
[ 28 ms ] worker_62382: Request is not valid!
[ 28 ms ] worker_62382: Send response to client
[ 28 ms ] worker_62382: Start wait for client data...
[ 29 ms ] worker_62382: 1448 bytes were received from client 4
[ 29 ms ] worker_62382: Start to process client request
[ 29 ms ] worker_62382: Request is not valid!
[ 29 ms ] worker_62382: Send response to client
[ 29 ms ] worker_62382: Start wait for client data...
[ 29 ms ] worker_62382: 1448 bytes were received from client 4
[ 29 ms ] worker_62382: Start to process client request
[ 29 ms ] worker_62382: Request is not valid!
[ 29 ms ] worker_62382: Send response to client
[ 29 ms ] worker_62382: Start wait for client data...
[ 29 ms ] worker_62382: 1448 bytes were received from client 4
[ 29 ms ] worker_62382: Start to process client request
[ 29 ms ] worker_62382: Request is not valid!
[ 29 ms ] worker_62382: Send response to client
[ 29 ms ] worker_62382: Start wait for client data...
[ 133 ms ] worker_62382: 1448 bytes were received from client 4
[ 133 ms ] worker_62382: Start to process client request
[ 133 ms ] worker_62382: Request is not valid!
[ 133 ms ] worker_62382: Send response to client
[ 133 ms ] worker_62382: Start wait for client data...
[ 133 ms ] worker_62382: 1448 bytes were received from client 4
[ 133 ms ] worker_62382: Start to process client request
[ 133 ms ] worker_62382: Request is not valid!
[ 133 ms ] worker_62382: Send response to client
[ 133 ms ] worker_62382: Start wait for client data...
[ 133 ms ] worker_62382: 1448 bytes were received from client 4
[ 133 ms ] worker_62382: Start to process client request
[ 133 ms ] worker_62382: Request is not valid!
[ 133 ms ] worker_62382: Send response to client
[ 133 ms ] worker_62382: Start wait for client data...
[ 133 ms ] worker_62382: 1184 bytes were received from client 4
[ 133 ms ] worker_62382: Start to process client request
[ 133 ms ] worker_62382: Request is not valid!
[ 133 ms ] worker_62382: Send response to client
[ 133 ms ] worker_62382: Start wait for client data...
[ 137 ms ] worker_62382: Receive 0 bytes. Client closed connection. Goodbye!
[ 137 ms ] worker_62382: Exit
[ 137 ms ] END
