[ 0 ms ] START
[ 0 ms ] worker_62396: Hello, I'm new worker!
[ 0 ms ] worker_62396: Incomming connection info: 0.0.0.0 : 0New client socket was created: 4

[ 0 ms ] worker_62396: Start wait for client data...
[ 102 ms ] worker_62396: 2896 bytes were received from client 4
[ 102 ms ] worker_62396: Start to process client request
[ 102 ms ] worker_62396: Request is not valid!
[ 102 ms ] worker_62396: Send response to client
[ 102 ms ] worker_62396: Start wait for client data...
[ 103 ms ] worker_62396: 1448 bytes were received from client 4
[ 103 ms ] worker_62396: Start to process client request
[ 103 ms ] worker_62396: Request is not valid!
[ 103 ms ] worker_62396: Send response to client
[ 103 ms ] worker_62396: Start wait for client data...
[ 105 ms ] worker_62396: 1448 bytes were received from client 4
[ 105 ms ] worker_62396: Start to process client request
[ 105 ms ] worker_62396: Request is not valid!
[ 105 ms ] worker_62396: Send response to client
[ 105 ms ] worker_62396: Start wait for client data...
[ 105 ms ] worker_62396: 1448 bytes were received from client 4
[ 105 ms ] worker_62396: Start to process client request
[ 105 ms ] worker_62396: Request is not valid!
[ 105 ms ] worker_62396: Send response to client
[ 105 ms ] worker_62396: Start wait for client data...
[ 106 ms ] worker_62396: 1448 bytes were received from client 4
[ 106 ms ] worker_62396: Start to process client request
[ 106 ms ] worker_62396: Request is not valid!
[ 106 ms ] worker_62396: Send response to client
[ 106 ms ] worker_62396: Start wait for client data...
[ 106 ms ] worker_62396: 1448 bytes were received from client 4
[ 106 ms ] worker_62396: Start to process client request
[ 106 ms ] worker_62396: Request is not valid!
[ 106 ms ] worker_62396: Send response to client
[ 106 ms ] worker_62396: Start wait for client data...
[ 108 ms ] worker_62396: 1448 bytes were received from client 4
[ 108 ms ] worker_62396: Start to process client request
[ 108 ms ] worker_62396: Request is not valid!
[ 108 ms ] worker_62396: Send response to client
[ 108 ms ] worker_62396: Start wait for client data...
[ 108 ms ] worker_62396: 1448 bytes were received from client 4
[ 108 ms ] worker_62396: Start to process client request
[ 108 ms ] worker_62396: Request is not valid!
[ 108 ms ] worker_62396: Send response to client
[ 108 ms ] worker_62396: Start wait for client data...
[ 110 ms ] worker_62396: 1448 bytes were received from client 4
[ 111 ms ] worker_62396: Start to process client request
[ 111 ms ] worker_62396: Request is not valid!
[ 111 ms ] worker_62396: Send response to client
[ 111 ms ] worker_62396: Start wait for client data...
[ 297 ms ] worker_62396: 1448 bytes were received from client 4
[ 297 ms ] worker_62396: Start to process client request
[ 297 ms ] worker_62396: Request is not valid!
[ 297 ms ] worker_62396: Send response to client
[ 297 ms ] worker_62396: Start wait for client data...
[ 299 ms ] worker_62396: 1448 bytes were received from client 4
[ 299 ms ] worker_62396: Start to process client request
[ 299 ms ] worker_62396: Request is not valid!
[ 299 ms ] worker_62396: Send response to client
[ 299 ms ] worker_62396: Start wait for client data...
[ 374 ms ] worker_62396: Error was occurred while receiving data from client
[ 374 ms ] worker_62396: Exit
[ 375 ms ] END
