[ 0 ms ] START
[ 0 ms ] worker_62357: Hello, I'm new worker!
[ 0 ms ] worker_62357: Incomming connection info: 0.0.0.0 : 0New client socket was created: 4

[ 0 ms ] worker_62357: Start wait for client data...
[ 5 ms ] worker_62357: 1448 bytes were received from client 4
[ 5 ms ] worker_62357: Start to process client request
[ 5 ms ] worker_62357: Request is not valid!
[ 5 ms ] worker_62357: Send response to client
[ 5 ms ] worker_62357: Start wait for client data...
[ 5 ms ] worker_62357: 1448 bytes were received from client 4
[ 5 ms ] worker_62357: Start to process client request
[ 5 ms ] worker_62357: Request is not valid!
[ 5 ms ] worker_62357: Send response to client
[ 5 ms ] worker_62357: Start wait for client data...
[ 5 ms ] worker_62357: 1448 bytes were received from client 4
[ 5 ms ] worker_62357: Start to process client request
[ 5 ms ] worker_62357: Request is not valid!
[ 5 ms ] worker_62357: Send response to client
[ 5 ms ] worker_62357: Start wait for client data...
[ 5 ms ] worker_62357: 1448 bytes were received from client 4
[ 5 ms ] worker_62357: Start to process client request
[ 5 ms ] worker_62357: Request is not valid!
[ 5 ms ] worker_62357: Send response to client
[ 5 ms ] worker_62357: Start wait for client data...
[ 5 ms ] worker_62357: 1448 bytes were received from client 4
[ 5 ms ] worker_62357: Start to process client request
[ 5 ms ] worker_62357: Request is not valid!
[ 5 ms ] worker_62357: Send response to client
[ 5 ms ] worker_62357: Start wait for client data...
[ 5 ms ] worker_62357: 1448 bytes were received from client 4
[ 5 ms ] worker_62357: Start to process client request
[ 5 ms ] worker_62357: Request is not valid!
[ 5 ms ] worker_62357: Send response to client
[ 5 ms ] worker_62357: Start wait for client data...
[ 5 ms ] worker_62357: 1448 bytes were received from client 4
[ 5 ms ] worker_62357: Start to process client request
[ 5 ms ] worker_62357: Request is not valid!
[ 5 ms ] worker_62357: Send response to client
[ 5 ms ] worker_62357: Start wait for client data...
[ 5 ms ] worker_62357: 1448 bytes were received from client 4
[ 5 ms ] worker_62357: Start to process client request
[ 5 ms ] worker_62357: Request is not valid!
[ 5 ms ] worker_62357: Send response to client
[ 5 ms ] worker_62357: Start wait for client data...
[ 6 ms ] worker_62357: 2896 bytes were received from client 4
[ 6 ms ] worker_62357: Start to process client request
[ 6 ms ] worker_62357: Request is not valid!
[ 6 ms ] worker_62357: Send response to client
[ 6 ms ] worker_62357: Start wait for client data...
[ 42 ms ] worker_62357: 1448 bytes were received from client 4
[ 42 ms ] worker_62357: Start to process client request
[ 42 ms ] worker_62357: Request is not valid!
[ 42 ms ] worker_62357: Send response to client
[ 42 ms ] worker_62357: Start wait for client data...
[ 90 ms ] worker_62357: 1448 bytes were received from client 4
[ 90 ms ] worker_62357: Start to process client request
[ 90 ms ] worker_62357: Request is not valid!
[ 90 ms ] worker_62357: Send response to client
[ 90 ms ] worker_62357: Start wait for client data...
[ 143 ms ] worker_62357: Error was occurred while receiving data from client
[ 143 ms ] worker_62357: Exit
[ 143 ms ] END
