[ 0 ms ] START
[ 0 ms ] worker_62380: Hello, I'm new worker!
[ 0 ms ] worker_62380: Incomming connection info: 0.0.0.0 : 0New client socket was created: 4

[ 0 ms ] worker_62380: Start wait for client data...
[ 92 ms ] worker_62380: 1448 bytes were received from client 4
[ 92 ms ] worker_62380: Start to process client request
[ 92 ms ] worker_62380: Request is not valid!
[ 92 ms ] worker_62380: Send response to client
[ 92 ms ] worker_62380: Start wait for client data...
[ 93 ms ] worker_62380: 1448 bytes were received from client 4
[ 93 ms ] worker_62380: Start to process client request
[ 93 ms ] worker_62380: Request is not valid!
[ 93 ms ] worker_62380: Send response to client
[ 93 ms ] worker_62380: Start wait for client data...
[ 93 ms ] worker_62380: 1448 bytes were received from client 4
[ 93 ms ] worker_62380: Start to process client request
[ 93 ms ] worker_62380: Request is not valid!
[ 93 ms ] worker_62380: Send response to client
[ 93 ms ] worker_62380: Start wait for client data...
[ 93 ms ] worker_62380: 1448 bytes were received from client 4
[ 93 ms ] worker_62380: Start to process client request
[ 93 ms ] worker_62380: Request is not valid!
[ 93 ms ] worker_62380: Send response to client
[ 93 ms ] worker_62380: Start wait for client data...
[ 93 ms ] worker_62380: 1448 bytes were received from client 4
[ 93 ms ] worker_62380: Start to process client request
[ 93 ms ] worker_62380: Request is not valid!
[ 93 ms ] worker_62380: Send response to client
[ 93 ms ] worker_62380: Start wait for client data...
[ 93 ms ] worker_62380: 1448 bytes were received from client 4
[ 93 ms ] worker_62380: Start to process client request
[ 93 ms ] worker_62380: Request is not valid!
[ 93 ms ] worker_62380: Send response to client
[ 93 ms ] worker_62380: Start wait for client data...
[ 94 ms ] worker_62380: 1448 bytes were received from client 4
[ 94 ms ] worker_62380: Start to process client request
[ 94 ms ] worker_62380: Request is not valid!
[ 94 ms ] worker_62380: Send response to client
[ 94 ms ] worker_62380: Start wait for client data...
[ 94 ms ] worker_62380: 1448 bytes were received from client 4
[ 94 ms ] worker_62380: Start to process client request
[ 94 ms ] worker_62380: Request is not valid!
[ 94 ms ] worker_62380: Send response to client
[ 94 ms ] worker_62380: Start wait for client data...
[ 94 ms ] worker_62380: 1448 bytes were received from client 4
[ 94 ms ] worker_62380: Start to process client request
[ 94 ms ] worker_62380: Request is not valid!
[ 94 ms ] worker_62380: Send response to client
[ 94 ms ] worker_62380: Start wait for client data...
[ 94 ms ] worker_62380: 1448 bytes were received from client 4
[ 94 ms ] worker_62380: Start to process client request
[ 94 ms ] worker_62380: Request is not valid!
[ 94 ms ] worker_62380: Send response to client
[ 94 ms ] worker_62380: Start wait for client data...
[ 157 ms ] worker_62380: 1448 bytes were received from client 4
[ 157 ms ] worker_62380: Start to process client request
[ 157 ms ] worker_62380: Request is not valid!
[ 157 ms ] worker_62380: Send response to client
[ 157 ms ] worker_62380: Start wait for client data...
[ 157 ms ] worker_62380: 1448 bytes were received from client 4
[ 158 ms ] worker_62380: Start to process client request
[ 158 ms ] worker_62380: Request is not valid!
[ 158 ms ] worker_62380: Send response to client
[ 158 ms ] worker_62380: Start wait for client data...
[ 158 ms ] worker_62380: 1448 bytes were received from client 4
[ 158 ms ] worker_62380: Start to process client request
[ 158 ms ] worker_62380: Request is not valid!
[ 158 ms ] worker_62380: Send response to client
[ 158 ms ] worker_62380: Start wait for client data...
[ 158 ms ] worker_62380: 1184 bytes were received from client 4
[ 158 ms ] worker_62380: Start to process client request
[ 158 ms ] worker_62380: Request is not valid!
[ 158 ms ] worker_62380: Send response to client
[ 158 ms ] worker_62380: Start wait for client data...
[ 160 ms ] worker_62380: Receive 0 bytes. Client closed connection. Goodbye!
[ 160 ms ] worker_62380: Exit
[ 160 ms ] END
