[ 0 ms ] START
[ 0 ms ] worker_62400: Hello, I'm new worker!
[ 0 ms ] worker_62400: Incomming connection info: 0.0.0.0 : 0New client socket was created: 4

[ 0 ms ] worker_62400: Start wait for client data...
[ 8 ms ] worker_62400: 1448 bytes were received from client 4
[ 8 ms ] worker_62400: Start to process client request
[ 8 ms ] worker_62400: Request is not valid!
[ 8 ms ] worker_62400: Send response to client
[ 8 ms ] worker_62400: Start wait for client data...
[ 8 ms ] worker_62400: 1448 bytes were received from client 4
[ 8 ms ] worker_62400: Start to process client request
[ 8 ms ] worker_62400: Request is not valid!
[ 8 ms ] worker_62400: Send response to client
[ 8 ms ] worker_62400: Start wait for client data...
[ 9 ms ] worker_62400: 1448 bytes were received from client 4
[ 9 ms ] worker_62400: Start to process client request
[ 9 ms ] worker_62400: Request is not valid!
[ 9 ms ] worker_62400: Send response to client
[ 9 ms ] worker_62400: Start wait for client data...
[ 11 ms ] worker_62400: 1448 bytes were received from client 4
[ 11 ms ] worker_62400: Start to process client request
[ 11 ms ] worker_62400: Request is not valid!
[ 11 ms ] worker_62400: Send response to client
[ 11 ms ] worker_62400: Start wait for client data...
[ 11 ms ] worker_62400: 1448 bytes were received from client 4
[ 11 ms ] worker_62400: Start to process client request
[ 11 ms ] worker_62400: Request is not valid!
[ 11 ms ] worker_62400: Send response to client
[ 11 ms ] worker_62400: Start wait for client data...
[ 12 ms ] worker_62400: 2896 bytes were received from client 4
[ 12 ms ] worker_62400: Start to process client request
[ 12 ms ] worker_62400: Request is not valid!
[ 12 ms ] worker_62400: Send response to client
[ 12 ms ] worker_62400: Start wait for client data...
[ 15 ms ] worker_62400: 1448 bytes were received from client 4
[ 15 ms ] worker_62400: Start to process client request
[ 15 ms ] worker_62400: Request is not valid!
[ 15 ms ] worker_62400: Send response to client
[ 15 ms ] worker_62400: Start wait for client data...
[ 16 ms ] worker_62400: 1448 bytes were received from client 4
[ 16 ms ] worker_62400: Start to process client request
[ 16 ms ] worker_62400: Request is not valid!
[ 16 ms ] worker_62400: Send response to client
[ 16 ms ] worker_62400: Start wait for client data...
[ 17 ms ] worker_62400: 1448 bytes were received from client 4
[ 17 ms ] worker_62400: Start to process client request
[ 17 ms ] worker_62400: Request is not valid!
[ 17 ms ] worker_62400: Send response to client
[ 17 ms ] worker_62400: Start wait for client data...
[ 18 ms ] worker_62400: 1448 bytes were received from client 4
[ 18 ms ] worker_62400: Start to process client request
[ 18 ms ] worker_62400: Request is not valid!
[ 18 ms ] worker_62400: Send response to client
[ 18 ms ] worker_62400: Start wait for client data...
[ 19 ms ] worker_62400: 1448 bytes were received from client 4
[ 19 ms ] worker_62400: Start to process client request
[ 19 ms ] worker_62400: Request is not valid!
[ 19 ms ] worker_62400: Send response to client
[ 19 ms ] worker_62400: Start wait for client data...
[ 31 ms ] worker_62400: 1448 bytes were received from client 4
[ 31 ms ] worker_62400: Start to process client request
[ 31 ms ] worker_62400: Request is not valid!
[ 31 ms ] worker_62400: Send response to client
[ 31 ms ] worker_62400: Start wait for client data...
[ 38 ms ] worker_62400: 1184 bytes were received from client 4
[ 38 ms ] worker_62400: Start to process client request
[ 38 ms ] worker_62400: Request is not valid!
[ 38 ms ] worker_62400: Send response to client
[ 38 ms ] worker_62400: Start wait for client data...
[ 253 ms ] worker_62400: Error was occurred while receiving data from client
[ 253 ms ] worker_62400: Exit
[ 254 ms ] END
