[ 0 ms ] START
[ 0 ms ] worker_62356: Hello, I'm new worker!
[ 0 ms ] worker_62356: Incomming connection info: 0.0.0.0 : 0New client socket was created: 4

[ 0 ms ] worker_62356: Start wait for client data...
[ 1 ms ] worker_62356: 1448 bytes were received from client 4
[ 1 ms ] worker_62356: Start to process client request
[ 1 ms ] worker_62356: Request is not valid!
[ 1 ms ] worker_62356: Send response to client
[ 1 ms ] worker_62356: Start wait for client data...
[ 1 ms ] worker_62356: 1448 bytes were received from client 4
[ 1 ms ] worker_62356: Start to process client request
[ 1 ms ] worker_62356: Request is not valid!
[ 1 ms ] worker_62356: Send response to client
[ 1 ms ] worker_62356: Start wait for client data...
[ 1 ms ] worker_62356: 1448 bytes were received from client 4
[ 1 ms ] worker_62356: Start to process client request
[ 1 ms ] worker_62356: Request is not valid!
[ 1 ms ] worker_62356: Send response to client
[ 1 ms ] worker_62356: Start wait for client data...
[ 1 ms ] worker_62356: 1448 bytes were received from client 4
[ 1 ms ] worker_62356: Start to process client request
[ 1 ms ] worker_62356: Request is not valid!
[ 1 ms ] worker_62356: Send response to client
[ 1 ms ] worker_62356: Start wait for client data...
[ 1 ms ] worker_62356: 1448 bytes were received from client 4
[ 1 ms ] worker_62356: Start to process client request
[ 1 ms ] worker_62356: Request is not valid!
[ 1 ms ] worker_62356: Send response to client
[ 1 ms ] worker_62356: Start wait for client data...
[ 1 ms ] worker_62356: 1448 bytes were received from client 4
[ 1 ms ] worker_62356: Start to process client request
[ 1 ms ] worker_62356: Request is not valid!
[ 1 ms ] worker_62356: Send response to client
[ 1 ms ] worker_62356: Start wait for client data...
[ 1 ms ] worker_62356: 1448 bytes were received from client 4
[ 1 ms ] worker_62356: Start to process client request
[ 1 ms ] worker_62356: Request is not valid!
[ 1 ms ] worker_62356: Send response to client
[ 1 ms ] worker_62356: Start wait for client data...
[ 2 ms ] worker_62356: 1448 bytes were received from client 4
[ 2 ms ] worker_62356: Start to process client request
[ 2 ms ] worker_62356: Request is not valid!
[ 2 ms ] worker_62356: Send response to client
[ 2 ms ] worker_62356: Start wait for client data...
[ 2 ms ] worker_62356: 1448 bytes were received from client 4
[ 2 ms ] worker_62356: Start to process client request
[ 2 ms ] worker_62356: Request is not valid!
[ 2 ms ] worker_62356: Send response to client
[ 2 ms ] worker_62356: Start wait for client data...
[ 2 ms ] worker_62356: 1448 bytes were received from client 4
[ 2 ms ] worker_62356: Start to process client request
[ 2 ms ] worker_62356: Request is not valid!
[ 2 ms ] worker_62356: Send response to client
[ 2 ms ] worker_62356: Start wait for client data...
[ 43 ms ] worker_62356: 1448 bytes were received from client 4
[ 43 ms ] worker_62356: Start to process client request
[ 43 ms ] worker_62356: Request is not valid!
[ 43 ms ] worker_62356: Send response to client
[ 43 ms ] worker_62356: Start wait for client data...
[ 90 ms ] worker_62356: 1448 bytes were received from client 4
[ 90 ms ] worker_62356: Start to process client request
[ 90 ms ] worker_62356: Request is not valid!
[ 90 ms ] worker_62356: Send response to client
[ 90 ms ] worker_62356: Start wait for client data...
[ 90 ms ] worker_62356: 1448 bytes were received from client 4
[ 90 ms ] worker_62356: Start to process client request
[ 90 ms ] worker_62356: Request is not valid!
[ 90 ms ] worker_62356: Send response to client
[ 90 ms ] worker_62356: Start wait for client data...
[ 90 ms ] worker_62356: 1184 bytes were received from client 4
[ 90 ms ] worker_62356: Start to process client request
[ 90 ms ] worker_62356: Request is not valid!
[ 90 ms ] worker_62356: Send response to client
[ 90 ms ] worker_62356: Start wait for client data...
[ 91 ms ] worker_62356: Receive 0 bytes. Client closed connection. Goodbye!
[ 91 ms ] worker_62356: Exit
[ 91 ms ] END
