[ 0 ms ] START
[ 0 ms ] worker_62369: Hello, I'm new worker!
[ 0 ms ] worker_62369: Incomming connection info: 0.0.0.0 : 0New client socket was created: 4

[ 0 ms ] worker_62369: Start wait for client data...
[ 1 ms ] worker_62369: 1448 bytes were received from client 4
[ 1 ms ] worker_62369: Start to process client request
[ 1 ms ] worker_62369: Request is not valid!
[ 1 ms ] worker_62369: Send response to client
[ 1 ms ] worker_62369: Start wait for client data...
[ 1 ms ] worker_62369: 1448 bytes were received from client 4
[ 1 ms ] worker_62369: Start to process client request
[ 1 ms ] worker_62369: Request is not valid!
[ 1 ms ] worker_62369: Send response to client
[ 1 ms ] worker_62369: Start wait for client data...
[ 1 ms ] worker_62369: 1448 bytes were received from client 4
[ 1 ms ] worker_62369: Start to process client request
[ 1 ms ] worker_62369: Request is not valid!
[ 1 ms ] worker_62369: Send response to client
[ 1 ms ] worker_62369: Start wait for client data...
[ 2 ms ] worker_62369: 1448 bytes were received from client 4
[ 2 ms ] worker_62369: Start to process client request
[ 2 ms ] worker_62369: Request is not valid!
[ 2 ms ] worker_62369: Send response to client
[ 2 ms ] worker_62369: Start wait for client data...
[ 2 ms ] worker_62369: 1448 bytes were received from client 4
[ 2 ms ] worker_62369: Start to process client request
[ 2 ms ] worker_62369: Request is not valid!
[ 2 ms ] worker_62369: Send response to client
[ 2 ms ] worker_62369: Start wait for client data...
[ 2 ms ] worker_62369: 1448 bytes were received from client 4
[ 2 ms ] worker_62369: Start to process client request
[ 2 ms ] worker_62369: Request is not valid!
[ 2 ms ] worker_62369: Send response to client
[ 2 ms ] worker_62369: Start wait for client data...
[ 2 ms ] worker_62369: 1448 bytes were received from client 4
[ 2 ms ] worker_62369: Start to process client request
[ 2 ms ] worker_62369: Request is not valid!
[ 2 ms ] worker_62369: Send response to client
[ 2 ms ] worker_62369: Start wait for client data...
[ 2 ms ] worker_62369: 2896 bytes were received from client 4
[ 2 ms ] worker_62369: Start to process client request
[ 2 ms ] worker_62369: Request is not valid!
[ 2 ms ] worker_62369: Send response to client
[ 2 ms ] worker_62369: Start wait for client data...
[ 2 ms ] worker_62369: 1448 bytes were received from client 4
[ 2 ms ] worker_62369: Start to process client request
[ 2 ms ] worker_62369: Request is not valid!
[ 2 ms ] worker_62369: Send response to client
[ 2 ms ] worker_62369: Start wait for client data...
[ 56 ms ] worker_62369: 1448 bytes were received from client 4
[ 56 ms ] worker_62369: Start to process client request
[ 56 ms ] worker_62369: Request is not valid!
[ 56 ms ] worker_62369: Send response to client
[ 56 ms ] worker_62369: Start wait for client data...
[ 56 ms ] worker_62369: 1448 bytes were received from client 4
[ 56 ms ] worker_62369: Start to process client request
[ 56 ms ] worker_62369: Request is not valid!
[ 56 ms ] worker_62369: Send response to client
[ 56 ms ] worker_62369: Start wait for client data...
[ 57 ms ] worker_62369: 1448 bytes were received from client 4
[ 57 ms ] worker_62369: Start to process client request
[ 57 ms ] worker_62369: Request is not valid!
[ 57 ms ] worker_62369: Send response to client
[ 57 ms ] worker_62369: Start wait for client data...
[ 57 ms ] worker_62369: 1184 bytes were received from client 4
[ 57 ms ] worker_62369: Start to process client request
[ 57 ms ] worker_62369: Request is not valid!
[ 57 ms ] worker_62369: Send response to client
[ 57 ms ] worker_62369: Start wait for client data...
[ 65 ms ] worker_62369: Error was occurred while receiving data from client
[ 65 ms ] worker_62369: Exit
[ 66 ms ] END
