[ 0 ms ] START
[ 0 ms ] worker_62350: Hello, I'm new worker!
[ 0 ms ] worker_62350: Incomming connection info: 0.0.0.0 : 0New client socket was created: 4

[ 0 ms ] worker_62350: Start wait for client data...
[ 87 ms ] worker_62350: 1448 bytes were received from client 4
[ 87 ms ] worker_62350: Start to process client request
[ 87 ms ] worker_62350: Request is not valid!
[ 87 ms ] worker_62350: Send response to client
[ 87 ms ] worker_62350: Start wait for client data...
[ 87 ms ] worker_62350: 1448 bytes were received from client 4
[ 87 ms ] worker_62350: Start to process client request
[ 87 ms ] worker_62350: Request is not valid!
[ 87 ms ] worker_62350: Send response to client
[ 87 ms ] worker_62350: Start wait for client data...
[ 87 ms ] worker_62350: 1448 bytes were received from client 4
[ 87 ms ] worker_62350: Start to process client request
[ 87 ms ] worker_62350: Request is not valid!
[ 87 ms ] worker_62350: Send response to client
[ 87 ms ] worker_62350: Start wait for client data...
[ 87 ms ] worker_62350: 1448 bytes were received from client 4
[ 87 ms ] worker_62350: Start to process client request
[ 87 ms ] worker_62350: Request is not valid!
[ 87 ms ] worker_62350: Send response to client
[ 87 ms ] worker_62350: Start wait for client data...
[ 88 ms ] worker_62350: 2896 bytes were received from client 4
[ 88 ms ] worker_62350: Start to process client request
[ 88 ms ] worker_62350: Request is not valid!
[ 88 ms ] worker_62350: Send response to client
[ 88 ms ] worker_62350: Start wait for client data...
[ 88 ms ] worker_62350: 1448 bytes were received from client 4
[ 88 ms ] worker_62350: Start to process client request
[ 88 ms ] worker_62350: Request is not valid!
[ 88 ms ] worker_62350: Send response to client
[ 88 ms ] worker_62350: Start wait for client data...
[ 88 ms ] worker_62350: 1448 bytes were received from client 4
[ 88 ms ] worker_62350: Start to process client request
[ 88 ms ] worker_62350: Request is not valid!
[ 88 ms ] worker_62350: Send response to client
[ 88 ms ] worker_62350: Start wait for client data...
[ 88 ms ] worker_62350: 1448 bytes were received from client 4
[ 88 ms ] worker_62350: Start to process client request
[ 88 ms ] worker_62350: Request is not valid!
[ 88 ms ] worker_62350: Send response to client
[ 88 ms ] worker_62350: Start wait for client data...
[ 88 ms ] worker_62350: 1448 bytes were received from client 4
[ 88 ms ] worker_62350: Start to process client request
[ 88 ms ] worker_62350: Request is not valid!
[ 88 ms ] worker_62350: Send response to client
[ 88 ms ] worker_62350: Start wait for client data...
[ 90 ms ] worker_62350: 1448 bytes were received from client 4
[ 90 ms ] worker_62350: Start to process client request
[ 90 ms ] worker_62350: Request is not valid!
[ 90 ms ] worker_62350: Send response to client
[ 90 ms ] worker_62350: Start wait for client data...
[ 179 ms ] worker_62350: 1448 bytes were received from client 4
[ 179 ms ] worker_62350: Start to process client request
[ 179 ms ] worker_62350: Request is not valid!
[ 179 ms ] worker_62350: Send response to client
[ 179 ms ] worker_62350: Start wait for client data...
[ 179 ms ] worker_62350: 2632 bytes were received from client 4
[ 179 ms ] worker_62350: Start to process client request
[ 179 ms ] worker_62350: Request is not valid!
[ 179 ms ] worker_62350: Send response to client
[ 179 ms ] worker_62350: Start wait for client data...
[ 233 ms ] worker_62350: Error was occurred while receiving data from client
[ 233 ms ] worker_62350: Exit
[ 234 ms ] END
