[ 0 ms ] START
[ 0 ms ] worker_62411: Hello, I'm new worker!
[ 0 ms ] worker_62411: Incomming connection info: 0.0.0.0 : 0New client socket was created: 4

[ 0 ms ] worker_62411: Start wait for client data...
[ 32 ms ] worker_62411: 1448 bytes were received from client 4
[ 32 ms ] worker_62411: Start to process client request
[ 32 ms ] worker_62411: Request is not valid!
[ 32 ms ] worker_62411: Send response to client
[ 32 ms ] worker_62411: Start wait for client data...
[ 33 ms ] worker_62411: 2896 bytes were received from client 4
[ 33 ms ] worker_62411: Start to process client request
[ 33 ms ] worker_62411: Request is not valid!
[ 33 ms ] worker_62411: Send response to client
[ 33 ms ] worker_62411: Start wait for client data...
[ 34 ms ] worker_62411: 2896 bytes were received from client 4
[ 34 ms ] worker_62411: Start to process client request
[ 34 ms ] worker_62411: Request is not valid!
[ 34 ms ] worker_62411: Send response to client
[ 34 ms ] worker_62411: Start wait for client data...
[ 36 ms ] worker_62411: 2896 bytes were received from client 4
[ 36 ms ] worker_62411: Start to process client request
[ 36 ms ] worker_62411: Request is not valid!
[ 36 ms ] worker_62411: Send response to client
[ 36 ms ] worker_62411: Start wait for client data...
[ 37 ms ] worker_62411: 2896 bytes were received from client 4
[ 37 ms ] worker_62411: Start to process client request
[ 37 ms ] worker_62411: Request is not valid!
[ 37 ms ] worker_62411: Send response to client
[ 37 ms ] worker_62411: Start wait for client data...
[ 38 ms ] worker_62411: 1448 bytes were received from client 4
[ 38 ms ] worker_62411: Start to process client request
[ 38 ms ] worker_62411: Request is not valid!
[ 38 ms ] worker_62411: Send response to client
[ 38 ms ] worker_62411: Start wait for client data...
[ 248 ms ] worker_62411: 1448 bytes were received from client 4
[ 248 ms ] worker_62411: Start to process client request
[ 248 ms ] worker_62411: Request is not valid!
[ 248 ms ] worker_62411: Send response to client
[ 248 ms ] worker_62411: Start wait for client data...
[ 251 ms ] worker_62411: 1448 bytes were received from client 4
[ 251 ms ] worker_62411: Start to process client request
[ 251 ms ] worker_62411: Request is not valid!
[ 251 ms ] worker_62411: Send response to client
[ 251 ms ] worker_62411: Start wait for client data...
[ 251 ms ] worker_62411: 1448 bytes were received from client 4
[ 251 ms ] worker_62411: Start to process client request
[ 251 ms ] worker_62411: Request is not valid!
[ 251 ms ] worker_62411: Send response to client
[ 251 ms ] worker_62411: Start wait for client data...
[ 252 ms ] worker_62411: 1184 bytes were received from client 4
[ 252 ms ] worker_62411: Start to process client request
[ 252 ms ] worker_62411: Request is not valid!
[ 252 ms ] worker_62411: Send response to client
[ 252 ms ] worker_62411: Start wait for client data...
[ 254 ms ] worker_62411: Error was occurred while receiving data from client
[ 254 ms ] worker_62411: Exit
[ 254 ms ] END
