[ 0 ms ] START
[ 0 ms ] worker_62381: Hello, I'm new worker!
[ 0 ms ] worker_62381: Incomming connection info: 0.0.0.0 : 0New client socket was created: 4

[ 0 ms ] worker_62381: Start wait for client data...
[ 69 ms ] worker_62381: 1448 bytes were received from client 4
[ 69 ms ] worker_62381: Start to process client request
[ 69 ms ] worker_62381: Request is not valid!
[ 69 ms ] worker_62381: Send response to client
[ 69 ms ] worker_62381: Start wait for client data...
[ 69 ms ] worker_62381: 1448 bytes were received from client 4
[ 69 ms ] worker_62381: Start to process client request
[ 69 ms ] worker_62381: Request is not valid!
[ 69 ms ] worker_62381: Send response to client
[ 69 ms ] worker_62381: Start wait for client data...
[ 69 ms ] worker_62381: 1448 bytes were received from client 4
[ 69 ms ] worker_62381: Start to process client request
[ 69 ms ] worker_62381: Request is not valid!
[ 69 ms ] worker_62381: Send response to client
[ 69 ms ] worker_62381: Start wait for client data...
[ 69 ms ] worker_62381: 2896 bytes were received from client 4
[ 69 ms ] worker_62381: Start to process client request
[ 69 ms ] worker_62381: Request is not valid!
[ 69 ms ] worker_62381: Send response to client
[ 69 ms ] worker_62381: Start wait for client data...
[ 69 ms ] worker_62381: 1448 bytes were received from client 4
[ 69 ms ] worker_62381: Start to process client request
[ 69 ms ] worker_62381: Request is not valid!
[ 69 ms ] worker_62381: Send response to client
[ 69 ms ] worker_62381: Start wait for client data...
[ 69 ms ] worker_62381: 1448 bytes were received from client 4
[ 69 ms ] worker_62381: Start to process client request
[ 69 ms ] worker_62381: Request is not valid!
[ 69 ms ] worker_62381: Send response to client
[ 69 ms ] worker_62381: Start wait for client data...
[ 69 ms ] worker_62381: 2896 bytes were received from client 4
[ 69 ms ] worker_62381: Start to process client request
[ 69 ms ] worker_62381: Request is not valid!
[ 69 ms ] worker_62381: Send response to client
[ 69 ms ] worker_62381: Start wait for client data...
[ 70 ms ] worker_62381: 1448 bytes were received from client 4
[ 70 ms ] worker_62381: Start to process client request
[ 70 ms ] worker_62381: Request is not valid!
[ 70 ms ] worker_62381: Send response to client
[ 70 ms ] worker_62381: Start wait for client data...
[ 150 ms ] worker_62381: 1448 bytes were received from client 4
[ 150 ms ] worker_62381: Start to process client request
[ 150 ms ] worker_62381: Request is not valid!
[ 150 ms ] worker_62381: Send response to client
[ 150 ms ] worker_62381: Start wait for client data...
[ 150 ms ] worker_62381: 1448 bytes were received from client 4
[ 150 ms ] worker_62381: Start to process client request
[ 150 ms ] worker_62381: Request is not valid!
[ 150 ms ] worker_62381: Send response to client
[ 150 ms ] worker_62381: Start wait for client data...
[ 150 ms ] worker_62381: 1448 bytes were received from client 4
[ 150 ms ] worker_62381: Start to process client request
[ 150 ms ] worker_62381: Request is not valid!
[ 150 ms ] worker_62381: Send response to client
[ 150 ms ] worker_62381: Start wait for client data...
[ 150 ms ] worker_62381: 1184 bytes were received from client 4
[ 150 ms ] worker_62381: Start to process client request
[ 150 ms ] worker_62381: Request is not valid!
[ 150 ms ] worker_62381: Send response to client
[ 150 ms ] worker_62381: Start wait for client data...
[ 150 ms ] worker_62381: Receive 0 bytes. Client closed connection. Goodbye!
[ 151 ms ] worker_62381: Exit
[ 151 ms ] END
