[ 0 ms ] START
[ 0 ms ] worker_62414: Hello, I'm new worker!
[ 0 ms ] worker_62414: Incomming connection info: 0.0.0.0 : 0New client socket was created: 4

[ 0 ms ] worker_62414: Start wait for client data...
[ 88 ms ] worker_62414: 2896 bytes were received from client 4
[ 88 ms ] worker_62414: Start to process client request
[ 88 ms ] worker_62414: Request is not valid!
[ 88 ms ] worker_62414: Send response to client
[ 88 ms ] worker_62414: Start wait for client data...
[ 90 ms ] worker_62414: 1448 bytes were received from client 4
[ 90 ms ] worker_62414: Start to process client request
[ 90 ms ] worker_62414: Request is not valid!
[ 90 ms ] worker_62414: Send response to client
[ 90 ms ] worker_62414: Start wait for client data...
[ 90 ms ] worker_62414: 1448 bytes were received from client 4
[ 90 ms ] worker_62414: Start to process client request
[ 90 ms ] worker_62414: Request is not valid!
[ 90 ms ] worker_62414: Send response to client
[ 90 ms ] worker_62414: Start wait for client data...
[ 91 ms ] worker_62414: 1448 bytes were received from client 4
[ 91 ms ] worker_62414: Start to process client request
[ 91 ms ] worker_62414: Request is not valid!
[ 91 ms ] worker_62414: Send response to client
[ 91 ms ] worker_62414: Start wait for client data...
[ 92 ms ] worker_62414: 2896 bytes were received from client 4
[ 92 ms ] worker_62414: Start to process client request
[ 92 ms ] worker_62414: Request is not valid!
[ 92 ms ] worker_62414: Send response to client
[ 92 ms ] worker_62414: Start wait for client data...
[ 96 ms ] worker_62414: 4344 bytes were received from client 4
[ 96 ms ] worker_62414: Start to process client request
[ 96 ms ] worker_62414: Request is not valid!
[ 96 ms ] worker_62414: Send response to client
[ 96 ms ] worker_62414: Start wait for client data...
[ 273 ms ] worker_62414: 1448 bytes were received from client 4
[ 273 ms ] worker_62414: Start to process client request
[ 273 ms ] worker_62414: Request is not valid!
[ 273 ms ] worker_62414: Send response to client
[ 273 ms ] worker_62414: Start wait for client data...
[ 274 ms ] worker_62414: 1448 bytes were received from client 4
[ 274 ms ] worker_62414: Start to process client request
[ 274 ms ] worker_62414: Request is not valid!
[ 274 ms ] worker_62414: Send response to client
[ 274 ms ] worker_62414: Start wait for client data...
[ 344 ms ] worker_62414: Error was occurred while receiving data from client
[ 344 ms ] worker_62414: Exit
[ 344 ms ] END
