[ 0 ms ] START
[ 0 ms ] worker_62384: Hello, I'm new worker!
[ 0 ms ] worker_62384: Incomming connection info: 0.0.0.0 : 0New client socket was created: 4

[ 0 ms ] worker_62384: Start wait for client data...
[ 85 ms ] worker_62384: 1448 bytes were received from client 4
[ 85 ms ] worker_62384: Start to process client request
[ 85 ms ] worker_62384: Request is not valid!
[ 85 ms ] worker_62384: Send response to client
[ 85 ms ] worker_62384: Start wait for client data...
[ 86 ms ] worker_62384: 1448 bytes were received from client 4
[ 86 ms ] worker_62384: Start to process client request
[ 86 ms ] worker_62384: Request is not valid!
[ 86 ms ] worker_62384: Send response to client
[ 86 ms ] worker_62384: Start wait for client data...
[ 86 ms ] worker_62384: 1448 bytes were received from client 4
[ 86 ms ] worker_62384: Start to process client request
[ 86 ms ] worker_62384: Request is not valid!
[ 86 ms ] worker_62384: Send response to client
[ 86 ms ] worker_62384: Start wait for client data...
[ 86 ms ] worker_62384: 1448 bytes were received from client 4
[ 86 ms ] worker_62384: Start to process client request
[ 86 ms ] worker_62384: Request is not valid!
[ 86 ms ] worker_62384: Send response to client
[ 86 ms ] worker_62384: Start wait for client data...
[ 86 ms ] worker_62384: 1448 bytes were received from client 4
[ 86 ms ] worker_62384: Start to process client request
[ 86 ms ] worker_62384: Request is not valid!
[ 86 ms ] worker_62384: Send response to client
[ 86 ms ] worker_62384: Start wait for client data...
[ 86 ms ] worker_62384: 1448 bytes were received from client 4
[ 86 ms ] worker_62384: Start to process client request
[ 86 ms ] worker_62384: Request is not valid!
[ 86 ms ] worker_62384: Send response to client
[ 86 ms ] worker_62384: Start wait for client data...
[ 87 ms ] worker_62384: 1448 bytes were received from client 4
[ 87 ms ] worker_62384: Start to process client request
[ 87 ms ] worker_62384: Request is not valid!
[ 87 ms ] worker_62384: Send response to client
[ 87 ms ] worker_62384: Start wait for client data...
[ 87 ms ] worker_62384: 1448 bytes were received from client 4
[ 87 ms ] worker_62384: Start to process client request
[ 87 ms ] worker_62384: Request is not valid!
[ 87 ms ] worker_62384: Send response to client
[ 87 ms ] worker_62384: Start wait for client data...
[ 87 ms ] worker_62384: 1448 bytes were received from client 4
[ 87 ms ] worker_62384: Start to process client request
[ 87 ms ] worker_62384: Request is not valid!
[ 87 ms ] worker_62384: Send response to client
[ 87 ms ] worker_62384: Start wait for client data...
[ 87 ms ] worker_62384: 1448 bytes were received from client 4
[ 87 ms ] worker_62384: Start to process client request
[ 87 ms ] worker_62384: Request is not valid!
[ 87 ms ] worker_62384: Send response to client
[ 87 ms ] worker_62384: Start wait for client data...
[ 147 ms ] worker_62384: 1448 bytes were received from client 4
[ 147 ms ] worker_62384: Start to process client request
[ 147 ms ] worker_62384: Request is not valid!
[ 147 ms ] worker_62384: Send response to client
[ 147 ms ] worker_62384: Start wait for client data...
[ 152 ms ] worker_62384: 1448 bytes were received from client 4
[ 152 ms ] worker_62384: Start to process client request
[ 152 ms ] worker_62384: Request is not valid!
[ 152 ms ] worker_62384: Send response to client
[ 152 ms ] worker_62384: Start wait for client data...
[ 152 ms ] worker_62384: 1448 bytes were received from client 4
[ 152 ms ] worker_62384: Start to process client request
[ 152 ms ] worker_62384: Request is not valid!
[ 152 ms ] worker_62384: Send response to client
[ 152 ms ] worker_62384: Start wait for client data...
[ 152 ms ] worker_62384: 1184 bytes were received from client 4
[ 152 ms ] worker_62384: Start to process client request
[ 152 ms ] worker_62384: Request is not valid!
[ 152 ms ] worker_62384: Send response to client
[ 152 ms ] worker_62384: Start wait for client data...
[ 155 ms ] worker_62384: Receive 0 bytes. Client closed connection. Goodbye!
[ 155 ms ] worker_62384: Exit
[ 155 ms ] END
