[ 0 ms ] START
[ 0 ms ] worker_61571: Hello, I'm new worker!
[ 0 ms ] worker_61571: Incomming connection info: 0.0.0.0 : 0New client socket was created: 4

[ 0 ms ] worker_61571: Start wait for client data...
[ 18 ms ] worker_61571: 1448 bytes were received from client 4
[ 18 ms ] worker_61571: Start to process client request
[ 18 ms ] worker_61571: Request is not valid!
[ 18 ms ] worker_61571: Send response to client
[ 18 ms ] worker_61571: Start wait for client data...
[ 20 ms ] worker_61571: 2896 bytes were received from client 4
[ 20 ms ] worker_61571: Start to process client request
[ 20 ms ] worker_61571: Request is not valid!
[ 20 ms ] worker_61571: Send response to client
[ 20 ms ] worker_61571: Start wait for client data...
[ 20 ms ] worker_61571: 1448 bytes were received from client 4
[ 20 ms ] worker_61571: Start to process client request
[ 20 ms ] worker_61571: Request is not valid!
[ 20 ms ] worker_61571: Send response to client
[ 20 ms ] worker_61571: Start wait for client data...
[ 21 ms ] worker_61571: 1448 bytes were received from client 4
[ 21 ms ] worker_61571: Start to process client request
[ 21 ms ] worker_61571: Request is not valid!
[ 21 ms ] worker_61571: Send response to client
[ 21 ms ] worker_61571: Start wait for client data...
[ 22 ms ] worker_61571: 1448 bytes were received from client 4
[ 22 ms ] worker_61571: Start to process client request
[ 22 ms ] worker_61571: Request is not valid!
[ 22 ms ] worker_61571: Send response to client
[ 22 ms ] worker_61571: Start wait for client data...
[ 24 ms ] worker_61571: 1448 bytes were received from client 4
[ 24 ms ] worker_61571: Start to process client request
[ 24 ms ] worker_61571: Request is not valid!
[ 24 ms ] worker_61571: Send response to client
[ 24 ms ] worker_61571: Start wait for client data...
[ 32 ms ] worker_61571: 1448 bytes were received from client 4
[ 32 ms ] worker_61571: Start to process client request
[ 32 ms ] worker_61571: Request is not valid!
[ 32 ms ] worker_61571: Send response to client
[ 32 ms ] worker_61571: Start wait for client data...
[ 34 ms ] worker_61571: 928 bytes were received from client 4
[ 34 ms ] worker_61571: Start to process client request
[ 34 ms ] worker_61571: Request is not valid!
[ 34 ms ] worker_61571: Send response to client
[ 34 ms ] worker_61571: Start wait for client data...
[ 43 ms ] worker_61571: Receive 0 bytes. Client closed connection. Goodbye!
[ 43 ms ] worker_61571: Exit
[ 43 ms ] END
