[ 0 ms ] START
[ 0 ms ] worker_61573: Hello, I'm new worker!
[ 0 ms ] worker_61573: Incomming connection info: 0.0.0.0 : 0New client socket was created: 4

[ 0 ms ] worker_61573: Start wait for client data...
[ 21 ms ] worker_61573: 1448 bytes were received from client 4
[ 21 ms ] worker_61573: Start to process client request
[ 21 ms ] worker_61573: Request is not valid!
[ 21 ms ] worker_61573: Send response to client
[ 21 ms ] worker_61573: Start wait for client data...
[ 23 ms ] worker_61573: 2896 bytes were received from client 4
[ 23 ms ] worker_61573: Start to process client request
[ 23 ms ] worker_61573: Request is not valid!
[ 23 ms ] worker_61573: Send response to client
[ 23 ms ] worker_61573: Start wait for client data...
[ 23 ms ] worker_61573: 1448 bytes were received from client 4
[ 23 ms ] worker_61573: Start to process client request
[ 23 ms ] worker_61573: Request is not valid!
[ 23 ms ] worker_61573: Send response to client
[ 23 ms ] worker_61573: Start wait for client data...
[ 24 ms ] worker_61573: 2896 bytes were received from client 4
[ 24 ms ] worker_61573: Start to process client request
[ 24 ms ] worker_61573: Request is not valid!
[ 24 ms ] worker_61573: Send response to client
[ 25 ms ] worker_61573: Start wait for client data...
[ 25 ms ] worker_61573: 1448 bytes were received from client 4
[ 25 ms ] worker_61573: Start to process client request
[ 25 ms ] worker_61573: Request is not valid!
[ 25 ms ] worker_61573: Send response to client
[ 25 ms ] worker_61573: Start wait for client data...
[ 26 ms ] worker_61573: 1448 bytes were received from client 4
[ 26 ms ] worker_61573: Start to process client request
[ 26 ms ] worker_61573: Request is not valid!
[ 26 ms ] worker_61573: Send response to client
[ 26 ms ] worker_61573: Start wait for client data...
[ 26 ms ] worker_61573: 1448 bytes were received from client 4
[ 26 ms ] worker_61573: Start to process client request
[ 26 ms ] worker_61573: Request is not valid!
[ 26 ms ] worker_61573: Send response to client
[ 26 ms ] worker_61573: Start wait for client data...
[ 28 ms ] worker_61573: 1448 bytes were received from client 4
[ 28 ms ] worker_61573: Start to process client request
[ 28 ms ] worker_61573: Request is not valid!
[ 28 ms ] worker_61573: Send response to client
[ 28 ms ] worker_61573: Start wait for client data...
[ 41 ms ] worker_61573: 1448 bytes were received from client 4
[ 41 ms ] worker_61573: Start to process client request
[ 41 ms ] worker_61573: Request is not valid!
[ 41 ms ] worker_61573: Send response to client
[ 41 ms ] worker_61573: Start wait for client data...
[ 41 ms ] worker_61573: 1308 bytes were received from client 4
[ 41 ms ] worker_61573: Start to process client request
[ 41 ms ] worker_61573: Request is not valid!
[ 41 ms ] worker_61573: Send response to client
[ 41 ms ] worker_61573: Start wait for client data...
[ 42 ms ] worker_61573: Receive 0 bytes. Client closed connection. Goodbye!
[ 42 ms ] worker_61573: Exit
[ 43 ms ] END
