[ 0 ms ] START
[ 0 ms ] worker_61578: Hello, I'm new worker!
[ 0 ms ] worker_61578: Incomming connection info: 0.0.0.0 : 0New client socket was created: 4

[ 0 ms ] worker_61578: Start wait for client data...
[ 4 ms ] worker_61578: 1448 bytes were received from client 4
[ 4 ms ] worker_61578: Start to process client request
[ 4 ms ] worker_61578: Request is not valid!
[ 4 ms ] worker_61578: Send response to client
[ 4 ms ] worker_61578: Start wait for client data...
[ 5 ms ] worker_61578: 1448 bytes were received from client 4
[ 5 ms ] worker_61578: Start to process client request
[ 5 ms ] worker_61578: Request is not valid!
[ 5 ms ] worker_61578: Send response to client
[ 5 ms ] worker_61578: Start wait for client data...
[ 6 ms ] worker_61578: 1448 bytes were received from client 4
[ 6 ms ] worker_61578: Start to process client request
[ 6 ms ] worker_61578: Request is not valid!
[ 6 ms ] worker_61578: Send response to client
[ 6 ms ] worker_61578: Start wait for client data...
[ 6 ms ] worker_61578: 1448 bytes were received from client 4
[ 6 ms ] worker_61578: Start to process client request
[ 6 ms ] worker_61578: Request is not valid!
[ 6 ms ] worker_61578: Send response to client
[ 6 ms ] worker_61578: Start wait for client data...
[ 7 ms ] worker_61578: 458 bytes were received from client 4
[ 7 ms ] worker_61578: Start to process client request
[ 7 ms ] worker_61578: Request is not valid!
[ 7 ms ] worker_61578: Send response to client
[ 7 ms ] worker_61578: Start wait for client data...
[ 31 ms ] worker_61578: Receive 0 bytes. Client closed connection. Goodbye!
[ 31 ms ] worker_61578: Exit
[ 31 ms ] END
